/opt/conda/envs/gdf/lib/python3.9/site-packages/distributed/node.py:182: UserWarning: Port 8787 is already in use.
Perhaps you already have a cluster running?
Hosting the HTTP server on port 38529 instead
  warnings.warn(
2024-03-28 06:14:16,492 - distributed.comm.ucx - ERROR - std::bad_alloc: out_of_memory: RMM failure at:/opt/conda/conda-bld/work/include/rmm/mr/device/pool_memory_resource.hpp:424: Maximum pool size exceeded
Traceback (most recent call last):
  File "/opt/conda/envs/gdf/lib/python3.9/site-packages/distributed/utils.py", line 832, in wrapper
    return await func(*args, **kwargs)
  File "/opt/conda/envs/gdf/lib/python3.9/site-packages/distributed/comm/ucx.py", line 373, in read
    frames = [
  File "/opt/conda/envs/gdf/lib/python3.9/site-packages/distributed/comm/ucx.py", line 374, in <listcomp>
    device_array(each_size) if is_cuda else host_array(each_size)
  File "/opt/conda/envs/gdf/lib/python3.9/site-packages/distributed/comm/ucx.py", line 167, in device_array
    return rmm.DeviceBuffer(size=n)
  File "device_buffer.pyx", line 85, in rmm._lib.device_buffer.DeviceBuffer.__cinit__
MemoryError: std::bad_alloc: out_of_memory: RMM failure at:/opt/conda/conda-bld/work/include/rmm/mr/device/pool_memory_resource.hpp:424: Maximum pool size exceeded
2024-03-28 06:14:16,494 - distributed.worker - ERROR - std::bad_alloc: out_of_memory: RMM failure at:/opt/conda/conda-bld/work/include/rmm/mr/device/pool_memory_resource.hpp:424: Maximum pool size exceeded
Traceback (most recent call last):
  File "/opt/conda/envs/gdf/lib/python3.9/site-packages/distributed/worker.py", line 2059, in gather_dep
    response = await get_data_from_worker(
  File "/opt/conda/envs/gdf/lib/python3.9/site-packages/distributed/worker.py", line 2863, in get_data_from_worker
    response = await send_recv(
  File "/opt/conda/envs/gdf/lib/python3.9/site-packages/distributed/core.py", line 1154, in send_recv
    response = await comm.read(deserializers=deserializers)
  File "/opt/conda/envs/gdf/lib/python3.9/site-packages/distributed/utils.py", line 832, in wrapper
    return await func(*args, **kwargs)
  File "/opt/conda/envs/gdf/lib/python3.9/site-packages/distributed/comm/ucx.py", line 373, in read
    frames = [
  File "/opt/conda/envs/gdf/lib/python3.9/site-packages/distributed/comm/ucx.py", line 374, in <listcomp>
    device_array(each_size) if is_cuda else host_array(each_size)
  File "/opt/conda/envs/gdf/lib/python3.9/site-packages/distributed/comm/ucx.py", line 167, in device_array
    return rmm.DeviceBuffer(size=n)
  File "device_buffer.pyx", line 85, in rmm._lib.device_buffer.DeviceBuffer.__cinit__
MemoryError: std::bad_alloc: out_of_memory: RMM failure at:/opt/conda/conda-bld/work/include/rmm/mr/device/pool_memory_resource.hpp:424: Maximum pool size exceeded
2024-03-28 06:14:16,724 - distributed.comm.ucx - ERROR - std::bad_alloc: out_of_memory: RMM failure at:/opt/conda/conda-bld/work/include/rmm/mr/device/pool_memory_resource.hpp:424: Maximum pool size exceeded
Traceback (most recent call last):
  File "/opt/conda/envs/gdf/lib/python3.9/site-packages/distributed/utils.py", line 832, in wrapper
    return await func(*args, **kwargs)
  File "/opt/conda/envs/gdf/lib/python3.9/site-packages/distributed/comm/ucx.py", line 373, in read
    frames = [
  File "/opt/conda/envs/gdf/lib/python3.9/site-packages/distributed/comm/ucx.py", line 374, in <listcomp>
    device_array(each_size) if is_cuda else host_array(each_size)
  File "/opt/conda/envs/gdf/lib/python3.9/site-packages/distributed/comm/ucx.py", line 167, in device_array
    return rmm.DeviceBuffer(size=n)
  File "device_buffer.pyx", line 85, in rmm._lib.device_buffer.DeviceBuffer.__cinit__
MemoryError: std::bad_alloc: out_of_memory: RMM failure at:/opt/conda/conda-bld/work/include/rmm/mr/device/pool_memory_resource.hpp:424: Maximum pool size exceeded
2024-03-28 06:14:16,724 - distributed.worker - ERROR - std::bad_alloc: out_of_memory: RMM failure at:/opt/conda/conda-bld/work/include/rmm/mr/device/pool_memory_resource.hpp:424: Maximum pool size exceeded
Traceback (most recent call last):
  File "/opt/conda/envs/gdf/lib/python3.9/site-packages/distributed/worker.py", line 2059, in gather_dep
    response = await get_data_from_worker(
  File "/opt/conda/envs/gdf/lib/python3.9/site-packages/distributed/worker.py", line 2863, in get_data_from_worker
    response = await send_recv(
  File "/opt/conda/envs/gdf/lib/python3.9/site-packages/distributed/core.py", line 1154, in send_recv
    response = await comm.read(deserializers=deserializers)
  File "/opt/conda/envs/gdf/lib/python3.9/site-packages/distributed/utils.py", line 832, in wrapper
    return await func(*args, **kwargs)
  File "/opt/conda/envs/gdf/lib/python3.9/site-packages/distributed/comm/ucx.py", line 373, in read
    frames = [
  File "/opt/conda/envs/gdf/lib/python3.9/site-packages/distributed/comm/ucx.py", line 374, in <listcomp>
    device_array(each_size) if is_cuda else host_array(each_size)
  File "/opt/conda/envs/gdf/lib/python3.9/site-packages/distributed/comm/ucx.py", line 167, in device_array
    return rmm.DeviceBuffer(size=n)
  File "device_buffer.pyx", line 85, in rmm._lib.device_buffer.DeviceBuffer.__cinit__
MemoryError: std::bad_alloc: out_of_memory: RMM failure at:/opt/conda/conda-bld/work/include/rmm/mr/device/pool_memory_resource.hpp:424: Maximum pool size exceeded
2024-03-28 06:14:17,564 - distributed.worker - ERROR - ('Unexpected response', {'op': 'get_data', 'keys': {('split-simple-shuffle-03749b6a67db4b27e3fb569a3f534480', 0, 4)}, 'who': 'ucx://127.0.0.1:60507', 'reply': True})
Traceback (most recent call last):
  File "/opt/conda/envs/gdf/lib/python3.9/site-packages/distributed/worker.py", line 2872, in get_data_from_worker
    status = response["status"]
KeyError: 'status'

During handling of the above exception, another exception occurred:

Traceback (most recent call last):
  File "/opt/conda/envs/gdf/lib/python3.9/site-packages/distributed/worker.py", line 2059, in gather_dep
    response = await get_data_from_worker(
  File "/opt/conda/envs/gdf/lib/python3.9/site-packages/distributed/worker.py", line 2874, in get_data_from_worker
    raise ValueError("Unexpected response", response)
ValueError: ('Unexpected response', {'op': 'get_data', 'keys': {('split-simple-shuffle-03749b6a67db4b27e3fb569a3f534480', 0, 4)}, 'who': 'ucx://127.0.0.1:60507', 'reply': True})
2024-03-28 06:14:17,566 - distributed.worker - ERROR - ('Unexpected response', {'op': 'get_data', 'keys': {('split-simple-shuffle-03749b6a67db4b27e3fb569a3f534480', 0, 4)}, 'who': 'ucx://127.0.0.1:60507', 'reply': True})
Traceback (most recent call last):
  File "/opt/conda/envs/gdf/lib/python3.9/site-packages/distributed/worker.py", line 2872, in get_data_from_worker
    status = response["status"]
KeyError: 'status'

During handling of the above exception, another exception occurred:

Traceback (most recent call last):
  File "/opt/conda/envs/gdf/lib/python3.9/site-packages/distributed/worker.py", line 2059, in gather_dep
    response = await get_data_from_worker(
  File "/opt/conda/envs/gdf/lib/python3.9/site-packages/distributed/worker.py", line 2874, in get_data_from_worker
    raise ValueError("Unexpected response", response)
ValueError: ('Unexpected response', {'op': 'get_data', 'keys': {('split-simple-shuffle-03749b6a67db4b27e3fb569a3f534480', 0, 4)}, 'who': 'ucx://127.0.0.1:60507', 'reply': True})
2024-03-28 06:14:21,784 - distributed.comm.ucx - ERROR - std::bad_alloc: out_of_memory: RMM failure at:/opt/conda/conda-bld/work/include/rmm/mr/device/pool_memory_resource.hpp:424: Maximum pool size exceeded
Traceback (most recent call last):
  File "/opt/conda/envs/gdf/lib/python3.9/site-packages/distributed/utils.py", line 832, in wrapper
    return await func(*args, **kwargs)
  File "/opt/conda/envs/gdf/lib/python3.9/site-packages/distributed/comm/ucx.py", line 373, in read
    frames = [
  File "/opt/conda/envs/gdf/lib/python3.9/site-packages/distributed/comm/ucx.py", line 374, in <listcomp>
    device_array(each_size) if is_cuda else host_array(each_size)
  File "/opt/conda/envs/gdf/lib/python3.9/site-packages/distributed/comm/ucx.py", line 167, in device_array
    return rmm.DeviceBuffer(size=n)
  File "device_buffer.pyx", line 85, in rmm._lib.device_buffer.DeviceBuffer.__cinit__
MemoryError: std::bad_alloc: out_of_memory: RMM failure at:/opt/conda/conda-bld/work/include/rmm/mr/device/pool_memory_resource.hpp:424: Maximum pool size exceeded
2024-03-28 06:14:21,785 - distributed.worker - ERROR - std::bad_alloc: out_of_memory: RMM failure at:/opt/conda/conda-bld/work/include/rmm/mr/device/pool_memory_resource.hpp:424: Maximum pool size exceeded
Traceback (most recent call last):
  File "/opt/conda/envs/gdf/lib/python3.9/site-packages/distributed/worker.py", line 2059, in gather_dep
    response = await get_data_from_worker(
  File "/opt/conda/envs/gdf/lib/python3.9/site-packages/distributed/worker.py", line 2863, in get_data_from_worker
    response = await send_recv(
  File "/opt/conda/envs/gdf/lib/python3.9/site-packages/distributed/core.py", line 1154, in send_recv
    response = await comm.read(deserializers=deserializers)
  File "/opt/conda/envs/gdf/lib/python3.9/site-packages/distributed/utils.py", line 832, in wrapper
    return await func(*args, **kwargs)
  File "/opt/conda/envs/gdf/lib/python3.9/site-packages/distributed/comm/ucx.py", line 373, in read
    frames = [
  File "/opt/conda/envs/gdf/lib/python3.9/site-packages/distributed/comm/ucx.py", line 374, in <listcomp>
    device_array(each_size) if is_cuda else host_array(each_size)
  File "/opt/conda/envs/gdf/lib/python3.9/site-packages/distributed/comm/ucx.py", line 167, in device_array
    return rmm.DeviceBuffer(size=n)
  File "device_buffer.pyx", line 85, in rmm._lib.device_buffer.DeviceBuffer.__cinit__
MemoryError: std::bad_alloc: out_of_memory: RMM failure at:/opt/conda/conda-bld/work/include/rmm/mr/device/pool_memory_resource.hpp:424: Maximum pool size exceeded
2024-03-28 06:14:22,593 - distributed.comm.ucx - ERROR - std::bad_alloc: out_of_memory: RMM failure at:/opt/conda/conda-bld/work/include/rmm/mr/device/pool_memory_resource.hpp:424: Maximum pool size exceeded
Traceback (most recent call last):
  File "/opt/conda/envs/gdf/lib/python3.9/site-packages/distributed/utils.py", line 832, in wrapper
    return await func(*args, **kwargs)
  File "/opt/conda/envs/gdf/lib/python3.9/site-packages/distributed/comm/ucx.py", line 373, in read
    frames = [
  File "/opt/conda/envs/gdf/lib/python3.9/site-packages/distributed/comm/ucx.py", line 374, in <listcomp>
    device_array(each_size) if is_cuda else host_array(each_size)
  File "/opt/conda/envs/gdf/lib/python3.9/site-packages/distributed/comm/ucx.py", line 167, in device_array
    return rmm.DeviceBuffer(size=n)
  File "device_buffer.pyx", line 85, in rmm._lib.device_buffer.DeviceBuffer.__cinit__
MemoryError: std::bad_alloc: out_of_memory: RMM failure at:/opt/conda/conda-bld/work/include/rmm/mr/device/pool_memory_resource.hpp:424: Maximum pool size exceeded
2024-03-28 06:14:22,593 - distributed.worker - ERROR - std::bad_alloc: out_of_memory: RMM failure at:/opt/conda/conda-bld/work/include/rmm/mr/device/pool_memory_resource.hpp:424: Maximum pool size exceeded
Traceback (most recent call last):
  File "/opt/conda/envs/gdf/lib/python3.9/site-packages/distributed/worker.py", line 2059, in gather_dep
    response = await get_data_from_worker(
  File "/opt/conda/envs/gdf/lib/python3.9/site-packages/distributed/worker.py", line 2863, in get_data_from_worker
    response = await send_recv(
  File "/opt/conda/envs/gdf/lib/python3.9/site-packages/distributed/core.py", line 1154, in send_recv
    response = await comm.read(deserializers=deserializers)
  File "/opt/conda/envs/gdf/lib/python3.9/site-packages/distributed/utils.py", line 832, in wrapper
    return await func(*args, **kwargs)
  File "/opt/conda/envs/gdf/lib/python3.9/site-packages/distributed/comm/ucx.py", line 373, in read
    frames = [
  File "/opt/conda/envs/gdf/lib/python3.9/site-packages/distributed/comm/ucx.py", line 374, in <listcomp>
    device_array(each_size) if is_cuda else host_array(each_size)
  File "/opt/conda/envs/gdf/lib/python3.9/site-packages/distributed/comm/ucx.py", line 167, in device_array
    return rmm.DeviceBuffer(size=n)
  File "device_buffer.pyx", line 85, in rmm._lib.device_buffer.DeviceBuffer.__cinit__
MemoryError: std::bad_alloc: out_of_memory: RMM failure at:/opt/conda/conda-bld/work/include/rmm/mr/device/pool_memory_resource.hpp:424: Maximum pool size exceeded
2024-03-28 06:14:22,611 - distributed.comm.ucx - ERROR - std::bad_alloc: out_of_memory: RMM failure at:/opt/conda/conda-bld/work/include/rmm/mr/device/pool_memory_resource.hpp:424: Maximum pool size exceeded
Traceback (most recent call last):
  File "/opt/conda/envs/gdf/lib/python3.9/site-packages/distributed/utils.py", line 832, in wrapper
    return await func(*args, **kwargs)
  File "/opt/conda/envs/gdf/lib/python3.9/site-packages/distributed/comm/ucx.py", line 373, in read
    frames = [
  File "/opt/conda/envs/gdf/lib/python3.9/site-packages/distributed/comm/ucx.py", line 374, in <listcomp>
    device_array(each_size) if is_cuda else host_array(each_size)
  File "/opt/conda/envs/gdf/lib/python3.9/site-packages/distributed/comm/ucx.py", line 167, in device_array
    return rmm.DeviceBuffer(size=n)
  File "device_buffer.pyx", line 85, in rmm._lib.device_buffer.DeviceBuffer.__cinit__
MemoryError: std::bad_alloc: out_of_memory: RMM failure at:/opt/conda/conda-bld/work/include/rmm/mr/device/pool_memory_resource.hpp:424: Maximum pool size exceeded
2024-03-28 06:14:22,612 - distributed.worker - ERROR - std::bad_alloc: out_of_memory: RMM failure at:/opt/conda/conda-bld/work/include/rmm/mr/device/pool_memory_resource.hpp:424: Maximum pool size exceeded
Traceback (most recent call last):
  File "/opt/conda/envs/gdf/lib/python3.9/site-packages/distributed/worker.py", line 2059, in gather_dep
    response = await get_data_from_worker(
  File "/opt/conda/envs/gdf/lib/python3.9/site-packages/distributed/worker.py", line 2863, in get_data_from_worker
    response = await send_recv(
  File "/opt/conda/envs/gdf/lib/python3.9/site-packages/distributed/core.py", line 1154, in send_recv
    response = await comm.read(deserializers=deserializers)
  File "/opt/conda/envs/gdf/lib/python3.9/site-packages/distributed/utils.py", line 832, in wrapper
    return await func(*args, **kwargs)
  File "/opt/conda/envs/gdf/lib/python3.9/site-packages/distributed/comm/ucx.py", line 373, in read
    frames = [
  File "/opt/conda/envs/gdf/lib/python3.9/site-packages/distributed/comm/ucx.py", line 374, in <listcomp>
    device_array(each_size) if is_cuda else host_array(each_size)
  File "/opt/conda/envs/gdf/lib/python3.9/site-packages/distributed/comm/ucx.py", line 167, in device_array
    return rmm.DeviceBuffer(size=n)
  File "device_buffer.pyx", line 85, in rmm._lib.device_buffer.DeviceBuffer.__cinit__
MemoryError: std::bad_alloc: out_of_memory: RMM failure at:/opt/conda/conda-bld/work/include/rmm/mr/device/pool_memory_resource.hpp:424: Maximum pool size exceeded
2024-03-28 06:14:23,685 - distributed.comm.ucx - ERROR - std::bad_alloc: out_of_memory: RMM failure at:/opt/conda/conda-bld/work/include/rmm/mr/device/pool_memory_resource.hpp:424: Maximum pool size exceeded
Traceback (most recent call last):
  File "/opt/conda/envs/gdf/lib/python3.9/site-packages/distributed/utils.py", line 832, in wrapper
    return await func(*args, **kwargs)
  File "/opt/conda/envs/gdf/lib/python3.9/site-packages/distributed/comm/ucx.py", line 373, in read
    frames = [
  File "/opt/conda/envs/gdf/lib/python3.9/site-packages/distributed/comm/ucx.py", line 374, in <listcomp>
    device_array(each_size) if is_cuda else host_array(each_size)
  File "/opt/conda/envs/gdf/lib/python3.9/site-packages/distributed/comm/ucx.py", line 167, in device_array
    return rmm.DeviceBuffer(size=n)
  File "device_buffer.pyx", line 85, in rmm._lib.device_buffer.DeviceBuffer.__cinit__
MemoryError: std::bad_alloc: out_of_memory: RMM failure at:/opt/conda/conda-bld/work/include/rmm/mr/device/pool_memory_resource.hpp:424: Maximum pool size exceeded
2024-03-28 06:14:23,685 - distributed.worker - ERROR - std::bad_alloc: out_of_memory: RMM failure at:/opt/conda/conda-bld/work/include/rmm/mr/device/pool_memory_resource.hpp:424: Maximum pool size exceeded
Traceback (most recent call last):
  File "/opt/conda/envs/gdf/lib/python3.9/site-packages/distributed/worker.py", line 2059, in gather_dep
    response = await get_data_from_worker(
  File "/opt/conda/envs/gdf/lib/python3.9/site-packages/distributed/worker.py", line 2863, in get_data_from_worker
    response = await send_recv(
  File "/opt/conda/envs/gdf/lib/python3.9/site-packages/distributed/core.py", line 1154, in send_recv
    response = await comm.read(deserializers=deserializers)
  File "/opt/conda/envs/gdf/lib/python3.9/site-packages/distributed/utils.py", line 832, in wrapper
    return await func(*args, **kwargs)
  File "/opt/conda/envs/gdf/lib/python3.9/site-packages/distributed/comm/ucx.py", line 373, in read
    frames = [
  File "/opt/conda/envs/gdf/lib/python3.9/site-packages/distributed/comm/ucx.py", line 374, in <listcomp>
    device_array(each_size) if is_cuda else host_array(each_size)
  File "/opt/conda/envs/gdf/lib/python3.9/site-packages/distributed/comm/ucx.py", line 167, in device_array
    return rmm.DeviceBuffer(size=n)
  File "device_buffer.pyx", line 85, in rmm._lib.device_buffer.DeviceBuffer.__cinit__
MemoryError: std::bad_alloc: out_of_memory: RMM failure at:/opt/conda/conda-bld/work/include/rmm/mr/device/pool_memory_resource.hpp:424: Maximum pool size exceeded
2024-03-28 06:14:25,631 - distributed.comm.ucx - ERROR - std::bad_alloc: out_of_memory: RMM failure at:/opt/conda/conda-bld/work/include/rmm/mr/device/pool_memory_resource.hpp:424: Maximum pool size exceeded
Traceback (most recent call last):
  File "/opt/conda/envs/gdf/lib/python3.9/site-packages/distributed/utils.py", line 832, in wrapper
    return await func(*args, **kwargs)
  File "/opt/conda/envs/gdf/lib/python3.9/site-packages/distributed/comm/ucx.py", line 373, in read
    frames = [
  File "/opt/conda/envs/gdf/lib/python3.9/site-packages/distributed/comm/ucx.py", line 374, in <listcomp>
    device_array(each_size) if is_cuda else host_array(each_size)
  File "/opt/conda/envs/gdf/lib/python3.9/site-packages/distributed/comm/ucx.py", line 167, in device_array
    return rmm.DeviceBuffer(size=n)
  File "device_buffer.pyx", line 85, in rmm._lib.device_buffer.DeviceBuffer.__cinit__
MemoryError: std::bad_alloc: out_of_memory: RMM failure at:/opt/conda/conda-bld/work/include/rmm/mr/device/pool_memory_resource.hpp:424: Maximum pool size exceeded
2024-03-28 06:14:25,631 - distributed.worker - ERROR - std::bad_alloc: out_of_memory: RMM failure at:/opt/conda/conda-bld/work/include/rmm/mr/device/pool_memory_resource.hpp:424: Maximum pool size exceeded
Traceback (most recent call last):
  File "/opt/conda/envs/gdf/lib/python3.9/site-packages/distributed/worker.py", line 2059, in gather_dep
    response = await get_data_from_worker(
  File "/opt/conda/envs/gdf/lib/python3.9/site-packages/distributed/worker.py", line 2863, in get_data_from_worker
    response = await send_recv(
  File "/opt/conda/envs/gdf/lib/python3.9/site-packages/distributed/core.py", line 1154, in send_recv
    response = await comm.read(deserializers=deserializers)
  File "/opt/conda/envs/gdf/lib/python3.9/site-packages/distributed/utils.py", line 832, in wrapper
    return await func(*args, **kwargs)
  File "/opt/conda/envs/gdf/lib/python3.9/site-packages/distributed/comm/ucx.py", line 373, in read
    frames = [
  File "/opt/conda/envs/gdf/lib/python3.9/site-packages/distributed/comm/ucx.py", line 374, in <listcomp>
    device_array(each_size) if is_cuda else host_array(each_size)
  File "/opt/conda/envs/gdf/lib/python3.9/site-packages/distributed/comm/ucx.py", line 167, in device_array
    return rmm.DeviceBuffer(size=n)
  File "device_buffer.pyx", line 85, in rmm._lib.device_buffer.DeviceBuffer.__cinit__
MemoryError: std::bad_alloc: out_of_memory: RMM failure at:/opt/conda/conda-bld/work/include/rmm/mr/device/pool_memory_resource.hpp:424: Maximum pool size exceeded
/opt/conda/envs/gdf/lib/python3.9/multiprocessing/resource_tracker.py:216: UserWarning: resource_tracker: There appear to be 48 leaked semaphore objects to clean up at shutdown
  warnings.warn('resource_tracker: There appear to be %d '
