<!DOCTYPE html>
<html lang="en">
<head>
    <meta charset="UTF-8">
    <title>junit-xarray.xml</title>
    <style type="text/css">
        body {
    background-color: white;
    padding-bottom: 20em;
    margin: 0;
    min-height: 15cm;
}

h1, h2, h3, h4, h5, h6, h7 {
    font-family: sans-serif;
}

h1 {
    background-color: #007acc;
    color: white;
    padding: 3mm;
    margin-top: 0;
    margin-bottom: 1mm;
}

.footer {
    font-style: italic;
    font-size: small;
    text-align: right;
    padding: 1em;
}

.testsuite {
    padding-bottom: 2em;
    margin-left: 1em;
}

.proplist {
    width: 100%;
    margin-bottom: 2em;
    border-collapse: collapse;
    border: 1px solid grey;
}

.proplist th {
    background-color: silver;
    width: 5em;
    padding: 2px;
    padding-right: 1em;
    text-align: left;
}

.proplist td {
    padding: 2px;
}

.index-table {
    width: 90%;
    margin-left: 1em;
}

.index-table td {
    vertical-align: top;
    width: 50%;
}

.failure-index {

}

.toc {
    margin-bottom: 2em;
    font-family: monospace;
}

.stdio, pre {
    min-height: 1em;
    background-color: #1e1e1e;
    color: silver;
    padding: 0.5em;
}
.tdpre {
    background-color: #1e1e1e;
}

.test {
    margin-left: 0.5cm;
}

.outcome {
    border-left: 1em;
    padding: 2px;
}

.outcome-failed {
    border-left: 1em solid lightcoral;
}

.stats-table {
}

.stats-table td {
    min-width: 4em;
    text-align: right;
}

.stats-table .failed {
    background-color: lightcoral;
}

.stats-table .passed {
    background-color: lightgreen;
}

.matrix-table {
    table-layout: fixed;
    border-spacing: 0;
    width: available;
    margin-left: 1em;
}

.matrix-table td {
    vertical-align: center;
}

.matrix-table td:last-child {
    width: 0;
}

.matrix-table tr:hover {
    background-color: yellow;
}

.matrix-axis-name {
    white-space: nowrap;
    padding-right: 0.5em;
    border-left: 1px solid black;
    border-top: 1px solid black;
    text-align: right;
}

.matrix-axis-line {
    border-left: 1px solid black;
    width: 0.5em;
}

.matrix-classname {
    text-align: left;
    width: 100%;
    border-top: 2px solid grey;
    border-bottom: 1px solid silver;
}

.matrix-casename {
    text-align: left;
    font-weight: normal;
    font-style: italic;
    padding-left: 1em;
    border-bottom: 1px solid silver;
}

.matrix-result {
    display: block;
    width: 1em;
    text-align: center;
    padding: 1mm;
    margin: 0;
}

.matrix-result-combined {
    white-space: nowrap;
    padding-right: 0.2em;
    text-align: right;
}

.matrix-result-failed {
    background-color: lightcoral;
}

.matrix-result-passed {
    background-color: lightgreen;
}

.matrix-result-skipped {
    background-color: lightyellow;
}

.matrix-even {
    background-color: lightgray;
}
    </style>
</head>
<body>
    
<h1>
    Test Report : junit-xarray.xml
</h1>
<a id="toc"></a>
<table class="index-table">
    <tr>
        <td>
            <ul class="toc">
            
                
                <li>xarray.tests.test_cupy
                <ul>
                    
                    <li><a href="#e1674b16-e563-4099-ae36-fcb94d328c38">test_cupy_import</a></li>
                    
                    <li><a href="#e50c7a99-4f93-4b3c-bc40-f44e9d80a1d0">test_check_data_stays_on_gpu</a></li>
                    
                    <li><a href="#15e90e51-e43d-4358-a86e-46e4860b8eb2">test_where</a></li>
                    
                </ul>
                </li>
                
            
            </ul>
        </td>
        <td class="failure-index">
            <ul class="toc">
            
                
                    
                    
                    
                    
                    <li><a href="#e50c7a99-4f93-4b3c-bc40-f44e9d80a1d0">[F] xarray.tests.test_cupy : test_check_data_stays_on_gpu</a></li>
                    
                    
                    
                    <li><a href="#15e90e51-e43d-4358-a86e-46e4860b8eb2">[F] xarray.tests.test_cupy : test_where</a></li>
                    
                    
                
            
            </ul>
        </td>
    </tr>
</table>


    <div class="testsuite">
        <h2>Test Suite: pytest</h2>
        <a id="f6bef324-c90d-48d4-8d71-5a21dfdc0a56"></a>
        
        
        <h3>Results</h3>
        <table class="proplist">
            <tr>
                <th>Duration</th><td>1.1 sec</td>
            </tr>
            <tr>
                <th>Tests</th><td>3</td>
            </tr>
            <tr>
                <th>Failures</th><td>2</td>
            </tr>
        </table>

        <div class="testclasses">
            <h3>Tests</h3>
            
            <div class="testclass">
                <h4>xarray.tests.test_cupy</h4>
                <div class="testcases">
                
                    <div class="test outcome outcome-passed">
                        <a id="e1674b16-e563-4099-ae36-fcb94d328c38"></a>
                        <table class="proplist">
                            <tr><th>Test case:</th><td><b>test_cupy_import</b></td></tr>
                            <tr><th>Outcome:</th><td>Passed</td></tr>
                            <tr><th>Duration:</th><td>0.0 sec</td></tr>
                        
                            <tr><th>Failed</th><td>None</td></tr>
                        
                        
                        </table>

                        
                        <pre>None</pre>
                        
                        

                        
                        
                        
                    </div>
                
                    <div class="test outcome outcome-failed">
                        <a id="e50c7a99-4f93-4b3c-bc40-f44e9d80a1d0"></a>
                        <table class="proplist">
                            <tr><th>Test case:</th><td><b>test_check_data_stays_on_gpu</b></td></tr>
                            <tr><th>Outcome:</th><td>Failed</td></tr>
                            <tr><th>Duration:</th><td>0.7 sec</td></tr>
                        
                            <tr><th>Failed</th><td>cupy.cuda.compiler.CompileException: /datasets/pentschev/miniconda3/envs/gdf/lib/python3.8/site-packages/cupy/_core/include/cupy/carray.cuh(39): catastrophic error: cannot open source file &#34;cuda_fp16.h&#34;

1 catastrophic error detected in the compilation of &#34;/tmp/tmpw9awmlg2/085e5aad59d4ec1dc4347562082cb06f_2.cubin.cu&#34;.
Compilation terminated.</td></tr>
                        
                        
                        </table>

                        
                        <pre>self = &lt;cupy.cuda.compiler._NVRTCProgram object at 0x7fb8c937aa30&gt;
options = (&#39;-I/datasets/pentschev/miniconda3/envs/gdf/lib/python3.8/site-packages/cupy/_core/include&#39;, &#39;-I/datasets/pentschev/miniconda3/envs/gdf/include&#39;, &#39;-ftz=true&#39;, &#39;-arch=compute_70&#39;)
log_stream = None

    def compile(self, options=(), log_stream=None):
        try:
            if self.name_expressions:
                for ker in self.name_expressions:
                    nvrtc.addAddNameExpression(self.ptr, ker)
&gt;           nvrtc.compileProgram(self.ptr, options)

/datasets/pentschev/miniconda3/envs/gdf/lib/python3.8/site-packages/cupy/cuda/compiler.py:623: 
_ _ _ _ _ _ _ _ _ _ _ _ _ _ _ _ _ _ _ _ _ _ _ _ _ _ _ _ _ _ _ _ _ _ _ _ _ _ _ _ 

&gt;   ???

cupy_backends/cuda/libs/nvrtc.pyx:133: 
_ _ _ _ _ _ _ _ _ _ _ _ _ _ _ _ _ _ _ _ _ _ _ _ _ _ _ _ _ _ _ _ _ _ _ _ _ _ _ _ 

&gt;   ???

cupy_backends/cuda/libs/nvrtc.pyx:145: 
_ _ _ _ _ _ _ _ _ _ _ _ _ _ _ _ _ _ _ _ _ _ _ _ _ _ _ _ _ _ _ _ _ _ _ _ _ _ _ _ 

&gt;   ???
E   cupy_backends.cuda.libs.nvrtc.NVRTCError: NVRTC_ERROR_COMPILATION (6)

cupy_backends/cuda/libs/nvrtc.pyx:64: NVRTCError

During handling of the above exception, another exception occurred:

toy_weather_data = &lt;xarray.Dataset&gt;
Dimensions:   (time: 731, location: 3)
Coordinates:
  * time      (time) datetime64[ns] 2000-01-01 20...ay([[ -8.03736932,  -1.78844117,  -...
    tmax      (time, location) float64 array([[12.98054898,  3.31040942,  6.7...

    def test_check_data_stays_on_gpu(toy_weather_data):
        &#34;&#34;&#34;Perform some operations and check the data stays on the GPU.&#34;&#34;&#34;
&gt;       freeze = (toy_weather_data[&#34;tmin&#34;] &lt;= 0).groupby(&#34;time.month&#34;).mean(&#34;time&#34;)

/datasets/pentschev/simple-ci/src/xarray/xarray/tests/test_cupy.py:49: 
_ _ _ _ _ _ _ _ _ _ _ _ _ _ _ _ _ _ _ _ _ _ _ _ _ _ _ _ _ _ _ _ _ _ _ _ _ _ _ _ 
/datasets/pentschev/simple-ci/src/xarray/xarray/core/_typed_ops.py:239: in __le__
    return self._binary_op(other, operator.le)
/datasets/pentschev/simple-ci/src/xarray/xarray/core/dataarray.py:3064: in _binary_op
    f(self.variable, other_variable)
/datasets/pentschev/simple-ci/src/xarray/xarray/core/_typed_ops.py:429: in __le__
    return self._binary_op(other, operator.le)
/datasets/pentschev/simple-ci/src/xarray/xarray/core/variable.py:2370: in _binary_op
    f(self_data, other_data) if not reflexive else f(other_data, self_data)
cupy/_core/core.pyx:1025: in cupy._core.core.ndarray.__richcmp__
    ???
cupy/_core/core.pyx:1466: in cupy._core.core.ndarray.__array_ufunc__
    ???
cupy/_core/_kernel.pyx:1104: in cupy._core._kernel.ufunc.__call__
    ???
cupy/_core/_kernel.pyx:1127: in cupy._core._kernel.ufunc._get_ufunc_kernel
    ???
cupy/_core/_kernel.pyx:901: in cupy._core._kernel._get_ufunc_kernel
    ???
cupy/_core/_kernel.pyx:61: in cupy._core._kernel._get_simple_elementwise_kernel
    ???
cupy/_core/core.pyx:1995: in cupy._core.core.compile_with_cache
    ???
/datasets/pentschev/miniconda3/envs/gdf/lib/python3.8/site-packages/cupy/cuda/compiler.py:432: in compile_with_cache
    return _compile_with_cache_cuda(
/datasets/pentschev/miniconda3/envs/gdf/lib/python3.8/site-packages/cupy/cuda/compiler.py:509: in _compile_with_cache_cuda
    ptx, mapping = compile_using_nvrtc(
/datasets/pentschev/miniconda3/envs/gdf/lib/python3.8/site-packages/cupy/cuda/compiler.py:271: in compile_using_nvrtc
    return _compile(source, options, cu_path,
/datasets/pentschev/miniconda3/envs/gdf/lib/python3.8/site-packages/cupy/cuda/compiler.py:255: in _compile
    ptx, mapping = prog.compile(options, log_stream)
_ _ _ _ _ _ _ _ _ _ _ _ _ _ _ _ _ _ _ _ _ _ _ _ _ _ _ _ _ _ _ _ _ _ _ _ _ _ _ _ 

self = &lt;cupy.cuda.compiler._NVRTCProgram object at 0x7fb8c937aa30&gt;
options = (&#39;-I/datasets/pentschev/miniconda3/envs/gdf/lib/python3.8/site-packages/cupy/_core/include&#39;, &#39;-I/datasets/pentschev/miniconda3/envs/gdf/include&#39;, &#39;-ftz=true&#39;, &#39;-arch=compute_70&#39;)
log_stream = None

    def compile(self, options=(), log_stream=None):
        try:
            if self.name_expressions:
                for ker in self.name_expressions:
                    nvrtc.addAddNameExpression(self.ptr, ker)
            nvrtc.compileProgram(self.ptr, options)
            mapping = None
            if self.name_expressions:
                mapping = {}
                for ker in self.name_expressions:
                    mapping[ker] = nvrtc.getLoweredName(self.ptr, ker)
            if log_stream is not None:
                log_stream.write(nvrtc.getProgramLog(self.ptr))
            # TODO(leofang): use getCUBIN() for _cuda_version &gt;= 11010?
            return nvrtc.getPTX(self.ptr), mapping
        except nvrtc.NVRTCError:
            log = nvrtc.getProgramLog(self.ptr)
&gt;           raise CompileException(log, self.src, self.name, options,
                                   &#39;nvrtc&#39; if not runtime.is_hip else &#39;hiprtc&#39;)
E           cupy.cuda.compiler.CompileException: /datasets/pentschev/miniconda3/envs/gdf/lib/python3.8/site-packages/cupy/_core/include/cupy/carray.cuh(39): catastrophic error: cannot open source file &#34;cuda_fp16.h&#34;
E           
E           1 catastrophic error detected in the compilation of &#34;/tmp/tmpw9awmlg2/085e5aad59d4ec1dc4347562082cb06f_2.cubin.cu&#34;.
E           Compilation terminated.

/datasets/pentschev/miniconda3/envs/gdf/lib/python3.8/site-packages/cupy/cuda/compiler.py:635: CompileException</pre>
                        
                        

                        
                        
                        
                    </div>
                
                    <div class="test outcome outcome-failed">
                        <a id="15e90e51-e43d-4358-a86e-46e4860b8eb2"></a>
                        <table class="proplist">
                            <tr><th>Test case:</th><td><b>test_where</b></td></tr>
                            <tr><th>Outcome:</th><td>Failed</td></tr>
                            <tr><th>Duration:</th><td>0.1 sec</td></tr>
                        
                            <tr><th>Failed</th><td>cupy.cuda.compiler.CompileException: /datasets/pentschev/miniconda3/envs/gdf/lib/python3.8/site-packages/cupy/_core/include/cupy/carray.cuh(39): catastrophic error: cannot open source file &#34;cuda_fp16.h&#34;

1 catastrophic error detected in the compilation of &#34;/tmp/tmpx0qugwsv/d8682518a93acf769ccb130a41aa5e60_2.cubin.cu&#34;.
Compilation terminated.</td></tr>
                        
                        
                        </table>

                        
                        <pre>self = &lt;cupy.cuda.compiler._NVRTCProgram object at 0x7fbbd21e64f0&gt;
options = (&#39;-I/datasets/pentschev/miniconda3/envs/gdf/lib/python3.8/site-packages/cupy/_core/include&#39;, &#39;-I/datasets/pentschev/miniconda3/envs/gdf/include&#39;, &#39;-ftz=true&#39;, &#39;-arch=compute_70&#39;)
log_stream = None

    def compile(self, options=(), log_stream=None):
        try:
            if self.name_expressions:
                for ker in self.name_expressions:
                    nvrtc.addAddNameExpression(self.ptr, ker)
&gt;           nvrtc.compileProgram(self.ptr, options)

/datasets/pentschev/miniconda3/envs/gdf/lib/python3.8/site-packages/cupy/cuda/compiler.py:623: 
_ _ _ _ _ _ _ _ _ _ _ _ _ _ _ _ _ _ _ _ _ _ _ _ _ _ _ _ _ _ _ _ _ _ _ _ _ _ _ _ 

&gt;   ???

cupy_backends/cuda/libs/nvrtc.pyx:133: 
_ _ _ _ _ _ _ _ _ _ _ _ _ _ _ _ _ _ _ _ _ _ _ _ _ _ _ _ _ _ _ _ _ _ _ _ _ _ _ _ 

&gt;   ???

cupy_backends/cuda/libs/nvrtc.pyx:145: 
_ _ _ _ _ _ _ _ _ _ _ _ _ _ _ _ _ _ _ _ _ _ _ _ _ _ _ _ _ _ _ _ _ _ _ _ _ _ _ _ 

&gt;   ???
E   cupy_backends.cuda.libs.nvrtc.NVRTCError: NVRTC_ERROR_COMPILATION (6)

cupy_backends/cuda/libs/nvrtc.pyx:64: NVRTCError

During handling of the above exception, another exception occurred:

    def test_where():
        from xarray.core.duck_array_ops import where
    
        data = cp.zeros(10)
    
&gt;       output = where(data &lt; 1, 1, data).all()

/datasets/pentschev/simple-ci/src/xarray/xarray/tests/test_cupy.py:58: 
_ _ _ _ _ _ _ _ _ _ _ _ _ _ _ _ _ _ _ _ _ _ _ _ _ _ _ _ _ _ _ _ _ _ _ _ _ _ _ _ 
cupy/_core/core.pyx:1023: in cupy._core.core.ndarray.__richcmp__
    ???
cupy/_core/core.pyx:1466: in cupy._core.core.ndarray.__array_ufunc__
    ???
cupy/_core/_kernel.pyx:1104: in cupy._core._kernel.ufunc.__call__
    ???
cupy/_core/_kernel.pyx:1127: in cupy._core._kernel.ufunc._get_ufunc_kernel
    ???
cupy/_core/_kernel.pyx:901: in cupy._core._kernel._get_ufunc_kernel
    ???
cupy/_core/_kernel.pyx:61: in cupy._core._kernel._get_simple_elementwise_kernel
    ???
cupy/_core/core.pyx:1995: in cupy._core.core.compile_with_cache
    ???
/datasets/pentschev/miniconda3/envs/gdf/lib/python3.8/site-packages/cupy/cuda/compiler.py:432: in compile_with_cache
    return _compile_with_cache_cuda(
/datasets/pentschev/miniconda3/envs/gdf/lib/python3.8/site-packages/cupy/cuda/compiler.py:509: in _compile_with_cache_cuda
    ptx, mapping = compile_using_nvrtc(
/datasets/pentschev/miniconda3/envs/gdf/lib/python3.8/site-packages/cupy/cuda/compiler.py:271: in compile_using_nvrtc
    return _compile(source, options, cu_path,
/datasets/pentschev/miniconda3/envs/gdf/lib/python3.8/site-packages/cupy/cuda/compiler.py:255: in _compile
    ptx, mapping = prog.compile(options, log_stream)
_ _ _ _ _ _ _ _ _ _ _ _ _ _ _ _ _ _ _ _ _ _ _ _ _ _ _ _ _ _ _ _ _ _ _ _ _ _ _ _ 

self = &lt;cupy.cuda.compiler._NVRTCProgram object at 0x7fbbd21e64f0&gt;
options = (&#39;-I/datasets/pentschev/miniconda3/envs/gdf/lib/python3.8/site-packages/cupy/_core/include&#39;, &#39;-I/datasets/pentschev/miniconda3/envs/gdf/include&#39;, &#39;-ftz=true&#39;, &#39;-arch=compute_70&#39;)
log_stream = None

    def compile(self, options=(), log_stream=None):
        try:
            if self.name_expressions:
                for ker in self.name_expressions:
                    nvrtc.addAddNameExpression(self.ptr, ker)
            nvrtc.compileProgram(self.ptr, options)
            mapping = None
            if self.name_expressions:
                mapping = {}
                for ker in self.name_expressions:
                    mapping[ker] = nvrtc.getLoweredName(self.ptr, ker)
            if log_stream is not None:
                log_stream.write(nvrtc.getProgramLog(self.ptr))
            # TODO(leofang): use getCUBIN() for _cuda_version &gt;= 11010?
            return nvrtc.getPTX(self.ptr), mapping
        except nvrtc.NVRTCError:
            log = nvrtc.getProgramLog(self.ptr)
&gt;           raise CompileException(log, self.src, self.name, options,
                                   &#39;nvrtc&#39; if not runtime.is_hip else &#39;hiprtc&#39;)
E           cupy.cuda.compiler.CompileException: /datasets/pentschev/miniconda3/envs/gdf/lib/python3.8/site-packages/cupy/_core/include/cupy/carray.cuh(39): catastrophic error: cannot open source file &#34;cuda_fp16.h&#34;
E           
E           1 catastrophic error detected in the compilation of &#34;/tmp/tmpx0qugwsv/d8682518a93acf769ccb130a41aa5e60_2.cubin.cu&#34;.
E           Compilation terminated.

/datasets/pentschev/miniconda3/envs/gdf/lib/python3.8/site-packages/cupy/cuda/compiler.py:635: CompileException</pre>
                        
                        

                        
                        
                        
                    </div>
                
                </div>
            </div>
            
        </div>
    </div>
    



<p class="footer">
    Generated by junit2html
</p>
</body>
</html>