[dgx13:79229:0:79229] Caught signal 11 (Segmentation fault: address not mapped to object at address 0x448)
==== backtrace (tid:  79229) ====
 0  /opt/conda/envs/gdf/lib/libucs.so.0(ucs_handle_error+0x2fd) [0x7f6b7f0300cd]
 1  /opt/conda/envs/gdf/lib/libucs.so.0(+0x2a2c4) [0x7f6b7f0302c4]
 2  /opt/conda/envs/gdf/lib/libucs.so.0(+0x2a48a) [0x7f6b7f03048a]
 3  /usr/lib/x86_64-linux-gnu/libpthread.so.0(+0x14420) [0x7f6c2f7b1420]
 4  /opt/conda/envs/gdf/lib/libucp.so.0(ucp_mem_type_unpack+0x14) [0x7f6b7f0af674]
 5  /opt/conda/envs/gdf/lib/libucp.so.0(ucp_rndv_data_handler+0x4e9) [0x7f6b7f0d87f9]
 6  /opt/conda/envs/gdf/lib/libuct.so.0(+0x203df) [0x7f6b7efea3df]
 7  /opt/conda/envs/gdf/lib/libuct.so.0(+0x23838) [0x7f6b7efed838]
 8  /opt/conda/envs/gdf/lib/libucs.so.0(ucs_event_set_wait+0xb9) [0x7f6b7f0394f9]
 9  /opt/conda/envs/gdf/lib/libuct.so.0(uct_tcp_iface_progress+0x7d) [0x7f6b7efec5dd]
10  /opt/conda/envs/gdf/lib/libucp.so.0(ucp_worker_progress+0x5a) [0x7f6b7f0ac89a]
11  /opt/conda/envs/gdf/lib/python3.9/site-packages/ucp/_libs/ucx_api.cpython-39-x86_64-linux-gnu.so(+0x3a5fa) [0x7f6b7f16d5fa]
12  /opt/conda/envs/gdf/bin/python(_PyEval_EvalFrameDefault+0x37cb) [0x55e514e8a6fb]
13  /opt/conda/envs/gdf/bin/python(+0x12f094) [0x55e514e86094]
14  /opt/conda/envs/gdf/bin/python(_PyFunction_Vectorcall+0xd9) [0x55e514e97519]
15  /opt/conda/envs/gdf/bin/python(_PyEval_EvalFrameDefault+0x696) [0x55e514e875c6]
16  /opt/conda/envs/gdf/bin/python(+0x1407c2) [0x55e514e977c2]
17  /opt/conda/envs/gdf/bin/python(+0x14de83) [0x55e514ea4e83]
18  /opt/conda/envs/gdf/bin/python(+0x258b2c) [0x55e514fafb2c]
19  /opt/conda/envs/gdf/bin/python(+0xead05) [0x55e514e41d05]
20  /opt/conda/envs/gdf/bin/python(+0x1377f3) [0x55e514e8e7f3]
21  /opt/conda/envs/gdf/bin/python(_PyEval_EvalFrameDefault+0x59f9) [0x55e514e8c929]
22  /opt/conda/envs/gdf/bin/python(+0x1407c2) [0x55e514e977c2]
23  /opt/conda/envs/gdf/bin/python(_PyEval_EvalFrameDefault+0x696) [0x55e514e875c6]
24  /opt/conda/envs/gdf/bin/python(+0x1407c2) [0x55e514e977c2]
25  /opt/conda/envs/gdf/bin/python(_PyEval_EvalFrameDefault+0x696) [0x55e514e875c6]
26  /opt/conda/envs/gdf/bin/python(+0x1407c2) [0x55e514e977c2]
27  /opt/conda/envs/gdf/bin/python(_PyEval_EvalFrameDefault+0x696) [0x55e514e875c6]
28  /opt/conda/envs/gdf/bin/python(+0x1407c2) [0x55e514e977c2]
29  /opt/conda/envs/gdf/bin/python(_PyEval_EvalFrameDefault+0x696) [0x55e514e875c6]
30  /opt/conda/envs/gdf/bin/python(+0x12f094) [0x55e514e86094]
31  /opt/conda/envs/gdf/bin/python(_PyFunction_Vectorcall+0xd9) [0x55e514e97519]
32  /opt/conda/envs/gdf/bin/python(_PyEval_EvalFrameDefault+0x11f8) [0x55e514e88128]
33  /opt/conda/envs/gdf/bin/python(+0x12f094) [0x55e514e86094]
34  /opt/conda/envs/gdf/bin/python(+0x14dccb) [0x55e514ea4ccb]
35  /opt/conda/envs/gdf/bin/python(PyObject_Call+0xbc) [0x55e514ea544c]
36  /opt/conda/envs/gdf/bin/python(+0x21110e) [0x55e514f6810e]
37  /opt/conda/envs/gdf/bin/python(_PyObject_MakeTpCall+0x2ec) [0x55e514e8f77c]
38  /opt/conda/envs/gdf/bin/python(_PyEval_EvalFrameDefault+0x37cb) [0x55e514e8a6fb]
39  /opt/conda/envs/gdf/bin/python(+0x1407c2) [0x55e514e977c2]
40  /opt/conda/envs/gdf/bin/python(+0x14ddac) [0x55e514ea4dac]
41  /opt/conda/envs/gdf/bin/python(_PyEval_EvalFrameDefault+0x37cb) [0x55e514e8a6fb]
42  /opt/conda/envs/gdf/bin/python(+0x1407c2) [0x55e514e977c2]
43  /opt/conda/envs/gdf/bin/python(_PyEval_EvalFrameDefault+0x696) [0x55e514e875c6]
44  /opt/conda/envs/gdf/bin/python(+0x12f094) [0x55e514e86094]
45  /opt/conda/envs/gdf/bin/python(_PyFunction_Vectorcall+0xd9) [0x55e514e97519]
46  /opt/conda/envs/gdf/bin/python(_PyEval_EvalFrameDefault+0x696) [0x55e514e875c6]
47  /opt/conda/envs/gdf/bin/python(+0x1407c2) [0x55e514e977c2]
48  /opt/conda/envs/gdf/bin/python(_PyEval_EvalFrameDefault+0x3e2) [0x55e514e87312]
49  /opt/conda/envs/gdf/bin/python(+0x12f094) [0x55e514e86094]
50  /opt/conda/envs/gdf/bin/python(_PyFunction_Vectorcall+0xd9) [0x55e514e97519]
51  /opt/conda/envs/gdf/bin/python(_PyEval_EvalFrameDefault+0x11f8) [0x55e514e88128]
52  /opt/conda/envs/gdf/bin/python(+0x12f094) [0x55e514e86094]
53  /opt/conda/envs/gdf/bin/python(_PyEval_EvalCodeWithName+0x48) [0x55e514e85d68]
54  /opt/conda/envs/gdf/bin/python(PyEval_EvalCodeEx+0x39) [0x55e514e85d19]
55  /opt/conda/envs/gdf/bin/python(PyEval_EvalCode+0x1b) [0x55e514f3307b]
56  /opt/conda/envs/gdf/bin/python(+0x208fca) [0x55e514f5ffca]
57  /opt/conda/envs/gdf/bin/python(+0x205353) [0x55e514f5c353]
58  /opt/conda/envs/gdf/bin/python(PyRun_StringFlags+0x9a) [0x55e514f5416a]
59  /opt/conda/envs/gdf/bin/python(PyRun_SimpleStringFlags+0x3c) [0x55e514f5405c]
60  /opt/conda/envs/gdf/bin/python(Py_RunMain+0x267) [0x55e514f53297]
61  /opt/conda/envs/gdf/bin/python(Py_BytesMain+0x37) [0x55e514f26f07]
=================================
[dgx13:79227:0:79227] Caught signal 11 (Segmentation fault: address not mapped to object at address 0x448)
==== backtrace (tid:  79227) ====
 0  /opt/conda/envs/gdf/lib/libucs.so.0(ucs_handle_error+0x2fd) [0x7f46fd2460cd]
 1  /opt/conda/envs/gdf/lib/libucs.so.0(+0x2a2c4) [0x7f46fd2462c4]
 2  /opt/conda/envs/gdf/lib/libucs.so.0(+0x2a48a) [0x7f46fd24648a]
 3  /usr/lib/x86_64-linux-gnu/libpthread.so.0(+0x14420) [0x7f47a1863420]
 4  /opt/conda/envs/gdf/lib/libucp.so.0(ucp_mem_type_unpack+0x14) [0x7f46fd2c5674]
 5  /opt/conda/envs/gdf/lib/libucp.so.0(ucp_rndv_data_handler+0x4e9) [0x7f46fd2ee7f9]
 6  /opt/conda/envs/gdf/lib/libuct.so.0(+0x203df) [0x7f46fd2003df]
 7  /opt/conda/envs/gdf/lib/libuct.so.0(+0x23838) [0x7f46fd203838]
 8  /opt/conda/envs/gdf/lib/libucs.so.0(ucs_event_set_wait+0xb9) [0x7f46fd24f4f9]
 9  /opt/conda/envs/gdf/lib/libuct.so.0(uct_tcp_iface_progress+0x7d) [0x7f46fd2025dd]
10  /opt/conda/envs/gdf/lib/libucp.so.0(ucp_worker_progress+0x5a) [0x7f46fd2c289a]
11  /opt/conda/envs/gdf/lib/python3.9/site-packages/ucp/_libs/ucx_api.cpython-39-x86_64-linux-gnu.so(+0x3a5fa) [0x7f46fd3835fa]
12  /opt/conda/envs/gdf/bin/python(_PyEval_EvalFrameDefault+0x37cb) [0x561a7800f6fb]
13  /opt/conda/envs/gdf/bin/python(+0x12f094) [0x561a7800b094]
14  /opt/conda/envs/gdf/bin/python(_PyFunction_Vectorcall+0xd9) [0x561a7801c519]
15  /opt/conda/envs/gdf/bin/python(_PyEval_EvalFrameDefault+0x696) [0x561a7800c5c6]
16  /opt/conda/envs/gdf/bin/python(+0x1e3162) [0x561a780bf162]
17  /opt/conda/envs/gdf/lib/python3.9/lib-dynload/_asyncio.cpython-39-x86_64-linux-gnu.so(+0x81e9) [0x7f47222e51e9]
18  /opt/conda/envs/gdf/bin/python(_PyObject_MakeTpCall+0x2ec) [0x561a7801477c]
19  /opt/conda/envs/gdf/bin/python(+0xead05) [0x561a77fc6d05]
20  /opt/conda/envs/gdf/bin/python(+0x1377f3) [0x561a780137f3]
21  /opt/conda/envs/gdf/bin/python(_PyEval_EvalFrameDefault+0x59f9) [0x561a78011929]
22  /opt/conda/envs/gdf/bin/python(+0x1407c2) [0x561a7801c7c2]
23  /opt/conda/envs/gdf/bin/python(_PyEval_EvalFrameDefault+0x696) [0x561a7800c5c6]
24  /opt/conda/envs/gdf/bin/python(+0x1407c2) [0x561a7801c7c2]
25  /opt/conda/envs/gdf/bin/python(_PyEval_EvalFrameDefault+0x696) [0x561a7800c5c6]
26  /opt/conda/envs/gdf/bin/python(+0x1407c2) [0x561a7801c7c2]
27  /opt/conda/envs/gdf/bin/python(_PyEval_EvalFrameDefault+0x696) [0x561a7800c5c6]
28  /opt/conda/envs/gdf/bin/python(+0x1407c2) [0x561a7801c7c2]
29  /opt/conda/envs/gdf/bin/python(_PyEval_EvalFrameDefault+0x696) [0x561a7800c5c6]
30  /opt/conda/envs/gdf/bin/python(+0x12f094) [0x561a7800b094]
31  /opt/conda/envs/gdf/bin/python(_PyFunction_Vectorcall+0xd9) [0x561a7801c519]
32  /opt/conda/envs/gdf/bin/python(_PyEval_EvalFrameDefault+0x11f8) [0x561a7800d128]
33  /opt/conda/envs/gdf/bin/python(+0x12f094) [0x561a7800b094]
34  /opt/conda/envs/gdf/bin/python(+0x14dccb) [0x561a78029ccb]
35  /opt/conda/envs/gdf/bin/python(PyObject_Call+0xbc) [0x561a7802a44c]
36  /opt/conda/envs/gdf/bin/python(+0x21110e) [0x561a780ed10e]
37  /opt/conda/envs/gdf/bin/python(_PyObject_MakeTpCall+0x2ec) [0x561a7801477c]
38  /opt/conda/envs/gdf/bin/python(_PyEval_EvalFrameDefault+0x37cb) [0x561a7800f6fb]
39  /opt/conda/envs/gdf/bin/python(+0x1407c2) [0x561a7801c7c2]
40  /opt/conda/envs/gdf/bin/python(+0x14ddac) [0x561a78029dac]
41  /opt/conda/envs/gdf/bin/python(_PyEval_EvalFrameDefault+0x37cb) [0x561a7800f6fb]
42  /opt/conda/envs/gdf/bin/python(+0x1407c2) [0x561a7801c7c2]
43  /opt/conda/envs/gdf/bin/python(_PyEval_EvalFrameDefault+0x696) [0x561a7800c5c6]
44  /opt/conda/envs/gdf/bin/python(+0x12f094) [0x561a7800b094]
45  /opt/conda/envs/gdf/bin/python(_PyFunction_Vectorcall+0xd9) [0x561a7801c519]
46  /opt/conda/envs/gdf/bin/python(_PyEval_EvalFrameDefault+0x696) [0x561a7800c5c6]
47  /opt/conda/envs/gdf/bin/python(+0x1407c2) [0x561a7801c7c2]
48  /opt/conda/envs/gdf/bin/python(_PyEval_EvalFrameDefault+0x3e2) [0x561a7800c312]
49  /opt/conda/envs/gdf/bin/python(+0x12f094) [0x561a7800b094]
50  /opt/conda/envs/gdf/bin/python(_PyFunction_Vectorcall+0xd9) [0x561a7801c519]
51  /opt/conda/envs/gdf/bin/python(_PyEval_EvalFrameDefault+0x11f8) [0x561a7800d128]
52  /opt/conda/envs/gdf/bin/python(+0x12f094) [0x561a7800b094]
53  /opt/conda/envs/gdf/bin/python(_PyEval_EvalCodeWithName+0x48) [0x561a7800ad68]
54  /opt/conda/envs/gdf/bin/python(PyEval_EvalCodeEx+0x39) [0x561a7800ad19]
55  /opt/conda/envs/gdf/bin/python(PyEval_EvalCode+0x1b) [0x561a780b807b]
56  /opt/conda/envs/gdf/bin/python(+0x208fca) [0x561a780e4fca]
57  /opt/conda/envs/gdf/bin/python(+0x205353) [0x561a780e1353]
58  /opt/conda/envs/gdf/bin/python(PyRun_StringFlags+0x9a) [0x561a780d916a]
59  /opt/conda/envs/gdf/bin/python(PyRun_SimpleStringFlags+0x3c) [0x561a780d905c]
60  /opt/conda/envs/gdf/bin/python(Py_RunMain+0x267) [0x561a780d8297]
61  /opt/conda/envs/gdf/bin/python(Py_BytesMain+0x37) [0x561a780abf07]
=================================
[dgx13:79235:0:79235] Caught signal 11 (Segmentation fault: address not mapped to object at address 0x448)
==== backtrace (tid:  79235) ====
 0  /opt/conda/envs/gdf/lib/libucs.so.0(ucs_handle_error+0x2fd) [0x7f6a6804b0cd]
 1  /opt/conda/envs/gdf/lib/libucs.so.0(+0x2a2c4) [0x7f6a6804b2c4]
 2  /opt/conda/envs/gdf/lib/libucs.so.0(+0x2a48a) [0x7f6a6804b48a]
 3  /usr/lib/x86_64-linux-gnu/libpthread.so.0(+0x14420) [0x7f6b087cd420]
 4  /opt/conda/envs/gdf/lib/libucp.so.0(ucp_mem_type_unpack+0x14) [0x7f6a680ca674]
 5  /opt/conda/envs/gdf/lib/libucp.so.0(ucp_rndv_data_handler+0x4e9) [0x7f6a680f37f9]
 6  /opt/conda/envs/gdf/lib/libuct.so.0(+0x203df) [0x7f6a61fe43df]
 7  /opt/conda/envs/gdf/lib/libuct.so.0(+0x23838) [0x7f6a61fe7838]
 8  /opt/conda/envs/gdf/lib/libucs.so.0(ucs_event_set_wait+0xb9) [0x7f6a680544f9]
 9  /opt/conda/envs/gdf/lib/libuct.so.0(uct_tcp_iface_progress+0x7d) [0x7f6a61fe65dd]
10  /opt/conda/envs/gdf/lib/libucp.so.0(ucp_worker_progress+0x5a) [0x7f6a680c789a]
11  /opt/conda/envs/gdf/lib/python3.9/site-packages/ucp/_libs/ucx_api.cpython-39-x86_64-linux-gnu.so(+0x3a5fa) [0x7f6a681885fa]
12  /opt/conda/envs/gdf/bin/python(_PyEval_EvalFrameDefault+0x37cb) [0x55688bf2b6fb]
13  /opt/conda/envs/gdf/bin/python(+0x12f094) [0x55688bf27094]
14  /opt/conda/envs/gdf/bin/python(_PyFunction_Vectorcall+0xd9) [0x55688bf38519]
15  /opt/conda/envs/gdf/bin/python(_PyEval_EvalFrameDefault+0x696) [0x55688bf285c6]
16  /opt/conda/envs/gdf/bin/python(+0x1407c2) [0x55688bf387c2]
17  /opt/conda/envs/gdf/bin/python(+0x14de83) [0x55688bf45e83]
18  /opt/conda/envs/gdf/bin/python(+0x258b2c) [0x55688c050b2c]
19  /opt/conda/envs/gdf/bin/python(+0xead05) [0x55688bee2d05]
20  /opt/conda/envs/gdf/bin/python(+0x1377f3) [0x55688bf2f7f3]
21  /opt/conda/envs/gdf/bin/python(_PyEval_EvalFrameDefault+0x59f9) [0x55688bf2d929]
22  /opt/conda/envs/gdf/bin/python(+0x1407c2) [0x55688bf387c2]
23  /opt/conda/envs/gdf/bin/python(_PyEval_EvalFrameDefault+0x696) [0x55688bf285c6]
24  /opt/conda/envs/gdf/bin/python(+0x1407c2) [0x55688bf387c2]
25  /opt/conda/envs/gdf/bin/python(_PyEval_EvalFrameDefault+0x696) [0x55688bf285c6]
26  /opt/conda/envs/gdf/bin/python(+0x1407c2) [0x55688bf387c2]
27  /opt/conda/envs/gdf/bin/python(_PyEval_EvalFrameDefault+0x696) [0x55688bf285c6]
28  /opt/conda/envs/gdf/bin/python(+0x1407c2) [0x55688bf387c2]
29  /opt/conda/envs/gdf/bin/python(_PyEval_EvalFrameDefault+0x696) [0x55688bf285c6]
30  /opt/conda/envs/gdf/bin/python(+0x12f094) [0x55688bf27094]
31  /opt/conda/envs/gdf/bin/python(_PyFunction_Vectorcall+0xd9) [0x55688bf38519]
32  /opt/conda/envs/gdf/bin/python(_PyEval_EvalFrameDefault+0x11f8) [0x55688bf29128]
33  /opt/conda/envs/gdf/bin/python(+0x12f094) [0x55688bf27094]
34  /opt/conda/envs/gdf/bin/python(+0x14dccb) [0x55688bf45ccb]
35  /opt/conda/envs/gdf/bin/python(PyObject_Call+0xbc) [0x55688bf4644c]
36  /opt/conda/envs/gdf/bin/python(+0x21110e) [0x55688c00910e]
37  /opt/conda/envs/gdf/bin/python(_PyObject_MakeTpCall+0x2ec) [0x55688bf3077c]
38  /opt/conda/envs/gdf/bin/python(_PyEval_EvalFrameDefault+0x37cb) [0x55688bf2b6fb]
39  /opt/conda/envs/gdf/bin/python(+0x1407c2) [0x55688bf387c2]
40  /opt/conda/envs/gdf/bin/python(+0x14ddac) [0x55688bf45dac]
41  /opt/conda/envs/gdf/bin/python(_PyEval_EvalFrameDefault+0x37cb) [0x55688bf2b6fb]
42  /opt/conda/envs/gdf/bin/python(+0x1407c2) [0x55688bf387c2]
43  /opt/conda/envs/gdf/bin/python(_PyEval_EvalFrameDefault+0x696) [0x55688bf285c6]
44  /opt/conda/envs/gdf/bin/python(+0x12f094) [0x55688bf27094]
45  /opt/conda/envs/gdf/bin/python(_PyFunction_Vectorcall+0xd9) [0x55688bf38519]
46  /opt/conda/envs/gdf/bin/python(_PyEval_EvalFrameDefault+0x696) [0x55688bf285c6]
47  /opt/conda/envs/gdf/bin/python(+0x1407c2) [0x55688bf387c2]
48  /opt/conda/envs/gdf/bin/python(_PyEval_EvalFrameDefault+0x3e2) [0x55688bf28312]
49  /opt/conda/envs/gdf/bin/python(+0x12f094) [0x55688bf27094]
50  /opt/conda/envs/gdf/bin/python(_PyFunction_Vectorcall+0xd9) [0x55688bf38519]
51  /opt/conda/envs/gdf/bin/python(_PyEval_EvalFrameDefault+0x11f8) [0x55688bf29128]
52  /opt/conda/envs/gdf/bin/python(+0x12f094) [0x55688bf27094]
53  /opt/conda/envs/gdf/bin/python(_PyEval_EvalCodeWithName+0x48) [0x55688bf26d68]
54  /opt/conda/envs/gdf/bin/python(PyEval_EvalCodeEx+0x39) [0x55688bf26d19]
55  /opt/conda/envs/gdf/bin/python(PyEval_EvalCode+0x1b) [0x55688bfd407b]
56  /opt/conda/envs/gdf/bin/python(+0x208fca) [0x55688c000fca]
57  /opt/conda/envs/gdf/bin/python(+0x205353) [0x55688bffd353]
58  /opt/conda/envs/gdf/bin/python(PyRun_StringFlags+0x9a) [0x55688bff516a]
59  /opt/conda/envs/gdf/bin/python(PyRun_SimpleStringFlags+0x3c) [0x55688bff505c]
60  /opt/conda/envs/gdf/bin/python(Py_RunMain+0x267) [0x55688bff4297]
61  /opt/conda/envs/gdf/bin/python(Py_BytesMain+0x37) [0x55688bfc7f07]
=================================
[dgx13:79222:0:79222] Caught signal 11 (Segmentation fault: address not mapped to object at address 0x448)
[dgx13:79232:0:79232] Caught signal 11 (Segmentation fault: address not mapped to object at address 0x448)
==== backtrace (tid:  79222) ====
 0  /opt/conda/envs/gdf/lib/libucs.so.0(ucs_handle_error+0x2fd) [0x7f0e03ca40cd]
 1  /opt/conda/envs/gdf/lib/libucs.so.0(+0x2a2c4) [0x7f0e03ca42c4]
 2  /opt/conda/envs/gdf/lib/libucs.so.0(+0x2a48a) [0x7f0e03ca448a]
 3  /usr/lib/x86_64-linux-gnu/libpthread.so.0(+0x14420) [0x7f0eaa40b420]
 4  /opt/conda/envs/gdf/lib/libucp.so.0(ucp_mem_type_unpack+0x14) [0x7f0e03d23674]
 5  /opt/conda/envs/gdf/lib/libucp.so.0(ucp_rndv_data_handler+0x4e9) [0x7f0e03d4c7f9]
 6  /opt/conda/envs/gdf/lib/libuct.so.0(+0x203df) [0x7f0e03c5e3df]
 7  /opt/conda/envs/gdf/lib/libuct.so.0(+0x23838) [0x7f0e03c61838]
 8  /opt/conda/envs/gdf/lib/libucs.so.0(ucs_event_set_wait+0xb9) [0x7f0e03cad4f9]
 9  /opt/conda/envs/gdf/lib/libuct.so.0(uct_tcp_iface_progress+0x7d) [0x7f0e03c605dd]
10  /opt/conda/envs/gdf/lib/libucp.so.0(ucp_worker_progress+0x5a) [0x7f0e03d2089a]
11  /opt/conda/envs/gdf/lib/python3.9/site-packages/ucp/_libs/ucx_api.cpython-39-x86_64-linux-gnu.so(+0x3a5fa) [0x7f0e03de15fa]
12  /opt/conda/envs/gdf/bin/python(_PyEval_EvalFrameDefault+0x37cb) [0x560a263c16fb]
13  /opt/conda/envs/gdf/bin/python(+0x12f094) [0x560a263bd094]
14  /opt/conda/envs/gdf/bin/python(_PyFunction_Vectorcall+0xd9) [0x560a263ce519]
15  /opt/conda/envs/gdf/bin/python(_PyEval_EvalFrameDefault+0x696) [0x560a263be5c6]
16  /opt/conda/envs/gdf/bin/python(+0x1407c2) [0x560a263ce7c2]
17  /opt/conda/envs/gdf/bin/python(+0x14de83) [0x560a263dbe83]
18  /opt/conda/envs/gdf/bin/python(+0x258b2c) [0x560a264e6b2c]
19  /opt/conda/envs/gdf/bin/python(+0xead05) [0x560a26378d05]
20  /opt/conda/envs/gdf/bin/python(+0x1377f3) [0x560a263c57f3]
21  /opt/conda/envs/gdf/bin/python(_PyEval_EvalFrameDefault+0x59f9) [0x560a263c3929]
22  /opt/conda/envs/gdf/bin/python(+0x1407c2) [0x560a263ce7c2]
23  /opt/conda/envs/gdf/bin/python(_PyEval_EvalFrameDefault+0x696) [0x560a263be5c6]
24  /opt/conda/envs/gdf/bin/python(+0x1407c2) [0x560a263ce7c2]
25  /opt/conda/envs/gdf/bin/python(_PyEval_EvalFrameDefault+0x696) [0x560a263be5c6]
26  /opt/conda/envs/gdf/bin/python(+0x1407c2) [0x560a263ce7c2]
27  /opt/conda/envs/gdf/bin/python(_PyEval_EvalFrameDefault+0x696) [0x560a263be5c6]
28  /opt/conda/envs/gdf/bin/python(+0x1407c2) [0x560a263ce7c2]
29  /opt/conda/envs/gdf/bin/python(_PyEval_EvalFrameDefault+0x696) [0x560a263be5c6]
30  /opt/conda/envs/gdf/bin/python(+0x12f094) [0x560a263bd094]
31  /opt/conda/envs/gdf/bin/python(_PyFunction_Vectorcall+0xd9) [0x560a263ce519]
32  /opt/conda/envs/gdf/bin/python(_PyEval_EvalFrameDefault+0x11f8) [0x560a263bf128]
33  /opt/conda/envs/gdf/bin/python(+0x12f094) [0x560a263bd094]
34  /opt/conda/envs/gdf/bin/python(+0x14dccb) [0x560a263dbccb]
35  /opt/conda/envs/gdf/bin/python(PyObject_Call+0xbc) [0x560a263dc44c]
36  /opt/conda/envs/gdf/bin/python(+0x21110e) [0x560a2649f10e]
37  /opt/conda/envs/gdf/bin/python(_PyObject_MakeTpCall+0x2ec) [0x560a263c677c]
38  /opt/conda/envs/gdf/bin/python(_PyEval_EvalFrameDefault+0x37cb) [0x560a263c16fb]
39  /opt/conda/envs/gdf/bin/python(+0x1407c2) [0x560a263ce7c2]
40  /opt/conda/envs/gdf/bin/python(+0x14ddac) [0x560a263dbdac]
41  /opt/conda/envs/gdf/bin/python(_PyEval_EvalFrameDefault+0x37cb) [0x560a263c16fb]
42  /opt/conda/envs/gdf/bin/python(+0x1407c2) [0x560a263ce7c2]
43  /opt/conda/envs/gdf/bin/python(_PyEval_EvalFrameDefault+0x696) [0x560a263be5c6]
44  /opt/conda/envs/gdf/bin/python(+0x12f094) [0x560a263bd094]
45  /opt/conda/envs/gdf/bin/python(_PyFunction_Vectorcall+0xd9) [0x560a263ce519]
46  /opt/conda/envs/gdf/bin/python(_PyEval_EvalFrameDefault+0x696) [0x560a263be5c6]
47  /opt/conda/envs/gdf/bin/python(+0x1407c2) [0x560a263ce7c2]
48  /opt/conda/envs/gdf/bin/python(_PyEval_EvalFrameDefault+0x3e2) [0x560a263be312]
49  /opt/conda/envs/gdf/bin/python(+0x12f094) [0x560a263bd094]
50  /opt/conda/envs/gdf/bin/python(_PyFunction_Vectorcall+0xd9) [0x560a263ce519]
51  /opt/conda/envs/gdf/bin/python(_PyEval_EvalFrameDefault+0x11f8) [0x560a263bf128]
52  /opt/conda/envs/gdf/bin/python(+0x12f094) [0x560a263bd094]
53  /opt/conda/envs/gdf/bin/python(_PyEval_EvalCodeWithName+0x48) [0x560a263bcd68]
54  /opt/conda/envs/gdf/bin/python(PyEval_EvalCodeEx+0x39) [0x560a263bcd19]
55  /opt/conda/envs/gdf/bin/python(PyEval_EvalCode+0x1b) [0x560a2646a07b]
56  /opt/conda/envs/gdf/bin/python(+0x208fca) [0x560a26496fca]
57  /opt/conda/envs/gdf/bin/python(+0x205353) [0x560a26493353]
58  /opt/conda/envs/gdf/bin/python(PyRun_StringFlags+0x9a) [0x560a2648b16a]
59  /opt/conda/envs/gdf/bin/python(PyRun_SimpleStringFlags+0x3c) [0x560a2648b05c]
60  /opt/conda/envs/gdf/bin/python(Py_RunMain+0x267) [0x560a2648a297]
61  /opt/conda/envs/gdf/bin/python(Py_BytesMain+0x37) [0x560a2645df07]
=================================
==== backtrace (tid:  79232) ====
 0  /opt/conda/envs/gdf/lib/libucs.so.0(ucs_handle_error+0x2fd) [0x7f8f2d2e30cd]
 1  /opt/conda/envs/gdf/lib/libucs.so.0(+0x2a2c4) [0x7f8f2d2e32c4]
 2  /opt/conda/envs/gdf/lib/libucs.so.0(+0x2a48a) [0x7f8f2d2e348a]
 3  /usr/lib/x86_64-linux-gnu/libpthread.so.0(+0x14420) [0x7f8fd1a7a420]
 4  /opt/conda/envs/gdf/lib/libucp.so.0(ucp_mem_type_unpack+0x14) [0x7f8f2d362674]
 5  /opt/conda/envs/gdf/lib/libucp.so.0(ucp_rndv_data_handler+0x4e9) [0x7f8f2d38b7f9]
 6  /opt/conda/envs/gdf/lib/libuct.so.0(+0x203df) [0x7f8f2d29d3df]
 7  /opt/conda/envs/gdf/lib/libuct.so.0(+0x23838) [0x7f8f2d2a0838]
 8  /opt/conda/envs/gdf/lib/libucs.so.0(ucs_event_set_wait+0xb9) [0x7f8f2d2ec4f9]
 9  /opt/conda/envs/gdf/lib/libuct.so.0(uct_tcp_iface_progress+0x7d) [0x7f8f2d29f5dd]
10  /opt/conda/envs/gdf/lib/libucp.so.0(ucp_worker_progress+0x5a) [0x7f8f2d35f89a]
11  /opt/conda/envs/gdf/lib/python3.9/site-packages/ucp/_libs/ucx_api.cpython-39-x86_64-linux-gnu.so(+0x3a5fa) [0x7f8f2d4205fa]
12  /opt/conda/envs/gdf/bin/python(_PyEval_EvalFrameDefault+0x37cb) [0x56138f9386fb]
13  /opt/conda/envs/gdf/bin/python(+0x12f094) [0x56138f934094]
14  /opt/conda/envs/gdf/bin/python(_PyFunction_Vectorcall+0xd9) [0x56138f945519]
15  /opt/conda/envs/gdf/bin/python(_PyEval_EvalFrameDefault+0x696) [0x56138f9355c6]
16  /opt/conda/envs/gdf/bin/python(+0x1e3162) [0x56138f9e8162]
17  /opt/conda/envs/gdf/lib/python3.9/lib-dynload/_asyncio.cpython-39-x86_64-linux-gnu.so(+0x81e9) [0x7f8f525051e9]
18  /opt/conda/envs/gdf/bin/python(_PyObject_MakeTpCall+0x2ec) [0x56138f93d77c]
19  /opt/conda/envs/gdf/bin/python(+0xead05) [0x56138f8efd05]
20  /opt/conda/envs/gdf/bin/python(+0x1377f3) [0x56138f93c7f3]
21  /opt/conda/envs/gdf/bin/python(_PyEval_EvalFrameDefault+0x59f9) [0x56138f93a929]
22  /opt/conda/envs/gdf/bin/python(+0x1407c2) [0x56138f9457c2]
23  /opt/conda/envs/gdf/bin/python(_PyEval_EvalFrameDefault+0x696) [0x56138f9355c6]
24  /opt/conda/envs/gdf/bin/python(+0x1407c2) [0x56138f9457c2]
25  /opt/conda/envs/gdf/bin/python(_PyEval_EvalFrameDefault+0x696) [0x56138f9355c6]
26  /opt/conda/envs/gdf/bin/python(+0x1407c2) [0x56138f9457c2]
27  /opt/conda/envs/gdf/bin/python(_PyEval_EvalFrameDefault+0x696) [0x56138f9355c6]
28  /opt/conda/envs/gdf/bin/python(+0x1407c2) [0x56138f9457c2]
29  /opt/conda/envs/gdf/bin/python(_PyEval_EvalFrameDefault+0x696) [0x56138f9355c6]
30  /opt/conda/envs/gdf/bin/python(+0x12f094) [0x56138f934094]
31  /opt/conda/envs/gdf/bin/python(_PyFunction_Vectorcall+0xd9) [0x56138f945519]
32  /opt/conda/envs/gdf/bin/python(_PyEval_EvalFrameDefault+0x11f8) [0x56138f936128]
33  /opt/conda/envs/gdf/bin/python(+0x12f094) [0x56138f934094]
34  /opt/conda/envs/gdf/bin/python(+0x14dccb) [0x56138f952ccb]
35  /opt/conda/envs/gdf/bin/python(PyObject_Call+0xbc) [0x56138f95344c]
36  /opt/conda/envs/gdf/bin/python(+0x21110e) [0x56138fa1610e]
37  /opt/conda/envs/gdf/bin/python(_PyObject_MakeTpCall+0x2ec) [0x56138f93d77c]
38  /opt/conda/envs/gdf/bin/python(_PyEval_EvalFrameDefault+0x37cb) [0x56138f9386fb]
39  /opt/conda/envs/gdf/bin/python(+0x1407c2) [0x56138f9457c2]
40  /opt/conda/envs/gdf/bin/python(+0x14ddac) [0x56138f952dac]
41  /opt/conda/envs/gdf/bin/python(_PyEval_EvalFrameDefault+0x37cb) [0x56138f9386fb]
42  /opt/conda/envs/gdf/bin/python(+0x1407c2) [0x56138f9457c2]
43  /opt/conda/envs/gdf/bin/python(_PyEval_EvalFrameDefault+0x696) [0x56138f9355c6]
44  /opt/conda/envs/gdf/bin/python(+0x12f094) [0x56138f934094]
45  /opt/conda/envs/gdf/bin/python(_PyFunction_Vectorcall+0xd9) [0x56138f945519]
46  /opt/conda/envs/gdf/bin/python(_PyEval_EvalFrameDefault+0x696) [0x56138f9355c6]
47  /opt/conda/envs/gdf/bin/python(+0x1407c2) [0x56138f9457c2]
48  /opt/conda/envs/gdf/bin/python(_PyEval_EvalFrameDefault+0x3e2) [0x56138f935312]
49  /opt/conda/envs/gdf/bin/python(+0x12f094) [0x56138f934094]
50  /opt/conda/envs/gdf/bin/python(_PyFunction_Vectorcall+0xd9) [0x56138f945519]
51  /opt/conda/envs/gdf/bin/python(_PyEval_EvalFrameDefault+0x11f8) [0x56138f936128]
52  /opt/conda/envs/gdf/bin/python(+0x12f094) [0x56138f934094]
53  /opt/conda/envs/gdf/bin/python(_PyEval_EvalCodeWithName+0x48) [0x56138f933d68]
54  /opt/conda/envs/gdf/bin/python(PyEval_EvalCodeEx+0x39) [0x56138f933d19]
55  /opt/conda/envs/gdf/bin/python(PyEval_EvalCode+0x1b) [0x56138f9e107b]
56  /opt/conda/envs/gdf/bin/python(+0x208fca) [0x56138fa0dfca]
57  /opt/conda/envs/gdf/bin/python(+0x205353) [0x56138fa0a353]
58  /opt/conda/envs/gdf/bin/python(PyRun_StringFlags+0x9a) [0x56138fa0216a]
59  /opt/conda/envs/gdf/bin/python(PyRun_SimpleStringFlags+0x3c) [0x56138fa0205c]
60  /opt/conda/envs/gdf/bin/python(Py_RunMain+0x267) [0x56138fa01297]
61  /opt/conda/envs/gdf/bin/python(Py_BytesMain+0x37) [0x56138f9d4f07]
=================================
[dgx13:79218:0:79218] Caught signal 11 (Segmentation fault: address not mapped to object at address 0x448)
==== backtrace (tid:  79218) ====
 0  /opt/conda/envs/gdf/lib/libucs.so.0(ucs_handle_error+0x2fd) [0x7f6e25efd0cd]
 1  /opt/conda/envs/gdf/lib/libucs.so.0(+0x2a2c4) [0x7f6e25efd2c4]
 2  /opt/conda/envs/gdf/lib/libucs.so.0(+0x2a48a) [0x7f6e25efd48a]
 3  /usr/lib/x86_64-linux-gnu/libpthread.so.0(+0x14420) [0x7f6ecc6d4420]
 4  /opt/conda/envs/gdf/lib/libucp.so.0(ucp_mem_type_unpack+0x14) [0x7f6e25f7c674]
 5  /opt/conda/envs/gdf/lib/libucp.so.0(ucp_rndv_data_handler+0x4e9) [0x7f6e25fa57f9]
 6  /opt/conda/envs/gdf/lib/libuct.so.0(+0x203df) [0x7f6e2c0323df]
 7  /opt/conda/envs/gdf/lib/libuct.so.0(+0x23838) [0x7f6e2c035838]
 8  /opt/conda/envs/gdf/lib/libucs.so.0(ucs_event_set_wait+0xb9) [0x7f6e25f064f9]
 9  /opt/conda/envs/gdf/lib/libuct.so.0(uct_tcp_iface_progress+0x7d) [0x7f6e2c0345dd]
10  /opt/conda/envs/gdf/lib/libucp.so.0(ucp_worker_progress+0x5a) [0x7f6e25f7989a]
11  /opt/conda/envs/gdf/lib/python3.9/site-packages/ucp/_libs/ucx_api.cpython-39-x86_64-linux-gnu.so(+0x3a5fa) [0x7f6e2c0885fa]
12  /opt/conda/envs/gdf/bin/python(_PyEval_EvalFrameDefault+0x37cb) [0x55623c4566fb]
13  /opt/conda/envs/gdf/bin/python(+0x12f094) [0x55623c452094]
14  /opt/conda/envs/gdf/bin/python(_PyFunction_Vectorcall+0xd9) [0x55623c463519]
15  /opt/conda/envs/gdf/bin/python(_PyEval_EvalFrameDefault+0x696) [0x55623c4535c6]
16  /opt/conda/envs/gdf/bin/python(+0x1407c2) [0x55623c4637c2]
17  /opt/conda/envs/gdf/bin/python(+0x14de83) [0x55623c470e83]
18  /opt/conda/envs/gdf/bin/python(+0x258b2c) [0x55623c57bb2c]
19  /opt/conda/envs/gdf/bin/python(+0xead05) [0x55623c40dd05]
20  /opt/conda/envs/gdf/bin/python(+0x1377f3) [0x55623c45a7f3]
21  /opt/conda/envs/gdf/bin/python(_PyEval_EvalFrameDefault+0x59f9) [0x55623c458929]
22  /opt/conda/envs/gdf/bin/python(+0x1407c2) [0x55623c4637c2]
23  /opt/conda/envs/gdf/bin/python(_PyEval_EvalFrameDefault+0x696) [0x55623c4535c6]
24  /opt/conda/envs/gdf/bin/python(+0x1407c2) [0x55623c4637c2]
25  /opt/conda/envs/gdf/bin/python(_PyEval_EvalFrameDefault+0x696) [0x55623c4535c6]
26  /opt/conda/envs/gdf/bin/python(+0x1407c2) [0x55623c4637c2]
27  /opt/conda/envs/gdf/bin/python(_PyEval_EvalFrameDefault+0x696) [0x55623c4535c6]
28  /opt/conda/envs/gdf/bin/python(+0x1407c2) [0x55623c4637c2]
29  /opt/conda/envs/gdf/bin/python(_PyEval_EvalFrameDefault+0x696) [0x55623c4535c6]
30  /opt/conda/envs/gdf/bin/python(+0x12f094) [0x55623c452094]
31  /opt/conda/envs/gdf/bin/python(_PyFunction_Vectorcall+0xd9) [0x55623c463519]
32  /opt/conda/envs/gdf/bin/python(_PyEval_EvalFrameDefault+0x11f8) [0x55623c454128]
33  /opt/conda/envs/gdf/bin/python(+0x12f094) [0x55623c452094]
34  /opt/conda/envs/gdf/bin/python(+0x14dccb) [0x55623c470ccb]
35  /opt/conda/envs/gdf/bin/python(PyObject_Call+0xbc) [0x55623c47144c]
36  /opt/conda/envs/gdf/bin/python(+0x21110e) [0x55623c53410e]
37  /opt/conda/envs/gdf/bin/python(_PyObject_MakeTpCall+0x2ec) [0x55623c45b77c]
38  /opt/conda/envs/gdf/bin/python(_PyEval_EvalFrameDefault+0x37cb) [0x55623c4566fb]
39  /opt/conda/envs/gdf/bin/python(+0x1407c2) [0x55623c4637c2]
40  /opt/conda/envs/gdf/bin/python(+0x14ddac) [0x55623c470dac]
41  /opt/conda/envs/gdf/bin/python(_PyEval_EvalFrameDefault+0x37cb) [0x55623c4566fb]
42  /opt/conda/envs/gdf/bin/python(+0x1407c2) [0x55623c4637c2]
43  /opt/conda/envs/gdf/bin/python(_PyEval_EvalFrameDefault+0x696) [0x55623c4535c6]
44  /opt/conda/envs/gdf/bin/python(+0x12f094) [0x55623c452094]
45  /opt/conda/envs/gdf/bin/python(_PyFunction_Vectorcall+0xd9) [0x55623c463519]
46  /opt/conda/envs/gdf/bin/python(_PyEval_EvalFrameDefault+0x696) [0x55623c4535c6]
47  /opt/conda/envs/gdf/bin/python(+0x1407c2) [0x55623c4637c2]
48  /opt/conda/envs/gdf/bin/python(_PyEval_EvalFrameDefault+0x3e2) [0x55623c453312]
49  /opt/conda/envs/gdf/bin/python(+0x12f094) [0x55623c452094]
50  /opt/conda/envs/gdf/bin/python(_PyFunction_Vectorcall+0xd9) [0x55623c463519]
51  /opt/conda/envs/gdf/bin/python(_PyEval_EvalFrameDefault+0x11f8) [0x55623c454128]
52  /opt/conda/envs/gdf/bin/python(+0x12f094) [0x55623c452094]
53  /opt/conda/envs/gdf/bin/python(_PyEval_EvalCodeWithName+0x48) [0x55623c451d68]
54  /opt/conda/envs/gdf/bin/python(PyEval_EvalCodeEx+0x39) [0x55623c451d19]
55  /opt/conda/envs/gdf/bin/python(PyEval_EvalCode+0x1b) [0x55623c4ff07b]
56  /opt/conda/envs/gdf/bin/python(+0x208fca) [0x55623c52bfca]
57  /opt/conda/envs/gdf/bin/python(+0x205353) [0x55623c528353]
58  /opt/conda/envs/gdf/bin/python(PyRun_StringFlags+0x9a) [0x55623c52016a]
59  /opt/conda/envs/gdf/bin/python(PyRun_SimpleStringFlags+0x3c) [0x55623c52005c]
60  /opt/conda/envs/gdf/bin/python(Py_RunMain+0x267) [0x55623c51f297]
61  /opt/conda/envs/gdf/bin/python(Py_BytesMain+0x37) [0x55623c4f2f07]
=================================
2023-09-18 07:35:12,878 - distributed.worker - ERROR - Worker stream died during communication: ucx://127.0.0.1:41883
Traceback (most recent call last):
  File "/opt/conda/envs/gdf/lib/python3.9/site-packages/distributed/comm/ucx.py", line 354, in read
    await self.ep.recv(msg)
  File "/opt/conda/envs/gdf/lib/python3.9/site-packages/ucp/core.py", line 725, in recv
    ret = await comm.tag_recv(self._ep, buffer, nbytes, tag, name=log)
ucp._libs.exceptions.UCXCanceled: <[Recv #003] ep: 0x7f6d51634240, tag: 0x8374a164691bf46d, nbytes: 16, type: <class 'numpy.ndarray'>>: 

During handling of the above exception, another exception occurred:

Traceback (most recent call last):
  File "/opt/conda/envs/gdf/lib/python3.9/site-packages/distributed/worker.py", line 2059, in gather_dep
    response = await get_data_from_worker(
  File "/opt/conda/envs/gdf/lib/python3.9/site-packages/distributed/worker.py", line 2852, in get_data_from_worker
    response = await send_recv(
  File "/opt/conda/envs/gdf/lib/python3.9/site-packages/distributed/core.py", line 1106, in send_recv
    response = await comm.read(deserializers=deserializers)
  File "/opt/conda/envs/gdf/lib/python3.9/site-packages/distributed/utils.py", line 803, in wrapper
    return await func(*args, **kwargs)
  File "/opt/conda/envs/gdf/lib/python3.9/site-packages/distributed/comm/ucx.py", line 372, in read
    raise CommClosedError(
distributed.comm.core.CommClosedError: Connection closed by writer.
Inner exception: UCXCanceled("<[Recv #003] ep: 0x7f6d51634240, tag: 0x8374a164691bf46d, nbytes: 16, type: <class 'numpy.ndarray'>>: ")
2023-09-18 07:35:12,881 - distributed.worker - ERROR - Worker stream died during communication: ucx://127.0.0.1:48383
Traceback (most recent call last):
  File "/opt/conda/envs/gdf/lib/python3.9/site-packages/distributed/comm/ucx.py", line 354, in read
    await self.ep.recv(msg)
  File "/opt/conda/envs/gdf/lib/python3.9/site-packages/ucp/core.py", line 725, in recv
    ret = await comm.tag_recv(self._ep, buffer, nbytes, tag, name=log)
ucp._libs.exceptions.UCXCanceled: <[Recv #008] ep: 0x7f14fd5cd140, tag: 0x31dcf3129f8aae4d, nbytes: 16, type: <class 'numpy.ndarray'>>: 

During handling of the above exception, another exception occurred:

Traceback (most recent call last):
  File "/opt/conda/envs/gdf/lib/python3.9/site-packages/distributed/worker.py", line 2059, in gather_dep
    response = await get_data_from_worker(
  File "/opt/conda/envs/gdf/lib/python3.9/site-packages/distributed/worker.py", line 2852, in get_data_from_worker
    response = await send_recv(
  File "/opt/conda/envs/gdf/lib/python3.9/site-packages/distributed/core.py", line 1106, in send_recv
    response = await comm.read(deserializers=deserializers)
  File "/opt/conda/envs/gdf/lib/python3.9/site-packages/distributed/utils.py", line 803, in wrapper
    return await func(*args, **kwargs)
  File "/opt/conda/envs/gdf/lib/python3.9/site-packages/distributed/comm/ucx.py", line 372, in read
    raise CommClosedError(
distributed.comm.core.CommClosedError: Connection closed by writer.
Inner exception: UCXCanceled("<[Recv #008] ep: 0x7f14fd5cd140, tag: 0x31dcf3129f8aae4d, nbytes: 16, type: <class 'numpy.ndarray'>>: ")
2023-09-18 07:35:12,890 - distributed.worker - ERROR - failed during get data with ucx://127.0.0.1:36399 -> ucx://127.0.0.1:46127
Traceback (most recent call last):
  File "/opt/conda/envs/gdf/lib/python3.9/site-packages/distributed/comm/ucx.py", line 338, in write
    await self.ep.send(each_frame)
  File "/opt/conda/envs/gdf/lib/python3.9/site-packages/ucp/core.py", line 650, in send
    return await comm.tag_send(self._ep, buffer, nbytes, tag, name=log)
ucp._libs.exceptions.UCXError: <[Send #007] ep: 0x7f6d51634100, tag: 0x5ab1e1cb1491f81c, nbytes: 50000000, type: <class 'cupy.ndarray'>>: Connection reset by remote peer

During handling of the above exception, another exception occurred:

Traceback (most recent call last):
  File "/opt/conda/envs/gdf/lib/python3.9/site-packages/distributed/worker.py", line 1782, in get_data
    compressed = await comm.write(msg, serializers=serializers)
  File "/opt/conda/envs/gdf/lib/python3.9/site-packages/distributed/utils.py", line 803, in wrapper
    return await func(*args, **kwargs)
  File "/opt/conda/envs/gdf/lib/python3.9/site-packages/distributed/comm/ucx.py", line 342, in write
    raise CommClosedError("While writing, the connection was closed")
distributed.comm.core.CommClosedError: While writing, the connection was closed
2023-09-18 07:35:12,890 - distributed.worker - ERROR - Worker stream died during communication: ucx://127.0.0.1:46127
Traceback (most recent call last):
  File "/opt/conda/envs/gdf/lib/python3.9/site-packages/distributed/comm/ucx.py", line 354, in read
    await self.ep.recv(msg)
  File "/opt/conda/envs/gdf/lib/python3.9/site-packages/ucp/core.py", line 725, in recv
    ret = await comm.tag_recv(self._ep, buffer, nbytes, tag, name=log)
ucp._libs.exceptions.UCXCanceled: <[Recv #003] ep: 0x7f6d51634140, tag: 0x8df886fda38054d4, nbytes: 16, type: <class 'numpy.ndarray'>>: 

During handling of the above exception, another exception occurred:

Traceback (most recent call last):
  File "/opt/conda/envs/gdf/lib/python3.9/site-packages/distributed/worker.py", line 2059, in gather_dep
    response = await get_data_from_worker(
  File "/opt/conda/envs/gdf/lib/python3.9/site-packages/distributed/worker.py", line 2852, in get_data_from_worker
    response = await send_recv(
  File "/opt/conda/envs/gdf/lib/python3.9/site-packages/distributed/core.py", line 1106, in send_recv
    response = await comm.read(deserializers=deserializers)
  File "/opt/conda/envs/gdf/lib/python3.9/site-packages/distributed/utils.py", line 803, in wrapper
    return await func(*args, **kwargs)
  File "/opt/conda/envs/gdf/lib/python3.9/site-packages/distributed/comm/ucx.py", line 372, in read
    raise CommClosedError(
distributed.comm.core.CommClosedError: Connection closed by writer.
Inner exception: UCXCanceled("<[Recv #003] ep: 0x7f6d51634140, tag: 0x8df886fda38054d4, nbytes: 16, type: <class 'numpy.ndarray'>>: ")
2023-09-18 07:35:12,899 - distributed.worker - ERROR - Worker stream died during communication: ucx://127.0.0.1:50173
Traceback (most recent call last):
  File "/opt/conda/envs/gdf/lib/python3.9/site-packages/distributed/comm/ucx.py", line 354, in read
    await self.ep.recv(msg)
  File "/opt/conda/envs/gdf/lib/python3.9/site-packages/ucp/core.py", line 725, in recv
    ret = await comm.tag_recv(self._ep, buffer, nbytes, tag, name=log)
ucp._libs.exceptions.UCXCanceled: <[Recv #003] ep: 0x7f6d51634180, tag: 0xfd1083fb5222523f, nbytes: 16, type: <class 'numpy.ndarray'>>: 

During handling of the above exception, another exception occurred:

Traceback (most recent call last):
  File "/opt/conda/envs/gdf/lib/python3.9/site-packages/distributed/worker.py", line 2059, in gather_dep
    response = await get_data_from_worker(
  File "/opt/conda/envs/gdf/lib/python3.9/site-packages/distributed/worker.py", line 2852, in get_data_from_worker
    response = await send_recv(
  File "/opt/conda/envs/gdf/lib/python3.9/site-packages/distributed/core.py", line 1106, in send_recv
    response = await comm.read(deserializers=deserializers)
  File "/opt/conda/envs/gdf/lib/python3.9/site-packages/distributed/utils.py", line 803, in wrapper
    return await func(*args, **kwargs)
  File "/opt/conda/envs/gdf/lib/python3.9/site-packages/distributed/comm/ucx.py", line 372, in read
    raise CommClosedError(
distributed.comm.core.CommClosedError: Connection closed by writer.
Inner exception: UCXCanceled("<[Recv #003] ep: 0x7f6d51634180, tag: 0xfd1083fb5222523f, nbytes: 16, type: <class 'numpy.ndarray'>>: ")
2023-09-18 07:35:12,960 - distributed.nanny - WARNING - Restarting worker
2023-09-18 07:35:13,006 - distributed.nanny - WARNING - Restarting worker
2023-09-18 07:35:13,012 - distributed.worker - ERROR - Worker stream died during communication: ucx://127.0.0.1:53263
Traceback (most recent call last):
  File "/opt/conda/envs/gdf/lib/python3.9/site-packages/distributed/comm/ucx.py", line 354, in read
    await self.ep.recv(msg)
  File "/opt/conda/envs/gdf/lib/python3.9/site-packages/ucp/core.py", line 725, in recv
    ret = await comm.tag_recv(self._ep, buffer, nbytes, tag, name=log)
ucp._libs.exceptions.UCXCanceled: <[Recv #003] ep: 0x7f14fd5cd1c0, tag: 0xceaf3992ebfb03e, nbytes: 16, type: <class 'numpy.ndarray'>>: 

During handling of the above exception, another exception occurred:

Traceback (most recent call last):
  File "/opt/conda/envs/gdf/lib/python3.9/site-packages/distributed/worker.py", line 2059, in gather_dep
    response = await get_data_from_worker(
  File "/opt/conda/envs/gdf/lib/python3.9/site-packages/distributed/worker.py", line 2852, in get_data_from_worker
    response = await send_recv(
  File "/opt/conda/envs/gdf/lib/python3.9/site-packages/distributed/core.py", line 1106, in send_recv
    response = await comm.read(deserializers=deserializers)
  File "/opt/conda/envs/gdf/lib/python3.9/site-packages/distributed/utils.py", line 803, in wrapper
    return await func(*args, **kwargs)
  File "/opt/conda/envs/gdf/lib/python3.9/site-packages/distributed/comm/ucx.py", line 372, in read
    raise CommClosedError(
distributed.comm.core.CommClosedError: Connection closed by writer.
Inner exception: UCXCanceled("<[Recv #003] ep: 0x7f14fd5cd1c0, tag: 0xceaf3992ebfb03e, nbytes: 16, type: <class 'numpy.ndarray'>>: ")
2023-09-18 07:35:13,013 - distributed.worker - ERROR - failed during get data with ucx://127.0.0.1:35097 -> ucx://127.0.0.1:53263
Traceback (most recent call last):
  File "/opt/conda/envs/gdf/lib/python3.9/site-packages/distributed/comm/ucx.py", line 338, in write
    await self.ep.send(each_frame)
  File "/opt/conda/envs/gdf/lib/python3.9/site-packages/ucp/core.py", line 650, in send
    return await comm.tag_send(self._ep, buffer, nbytes, tag, name=log)
ucp._libs.exceptions.UCXError: <[Send #007] ep: 0x7f14fd5cd200, tag: 0xfa0ad414f7e47c56, nbytes: 50000000, type: <class 'cupy.ndarray'>>: Connection reset by remote peer

During handling of the above exception, another exception occurred:

Traceback (most recent call last):
  File "/opt/conda/envs/gdf/lib/python3.9/site-packages/distributed/worker.py", line 1782, in get_data
    compressed = await comm.write(msg, serializers=serializers)
  File "/opt/conda/envs/gdf/lib/python3.9/site-packages/distributed/utils.py", line 803, in wrapper
    return await func(*args, **kwargs)
  File "/opt/conda/envs/gdf/lib/python3.9/site-packages/distributed/comm/ucx.py", line 342, in write
    raise CommClosedError("While writing, the connection was closed")
distributed.comm.core.CommClosedError: While writing, the connection was closed
2023-09-18 07:35:13,080 - distributed.nanny - WARNING - Restarting worker
2023-09-18 07:35:13,081 - distributed.nanny - WARNING - Restarting worker
2023-09-18 07:35:13,130 - distributed.nanny - WARNING - Restarting worker
2023-09-18 07:35:13,169 - distributed.nanny - WARNING - Restarting worker
[dgx13:79370:0:79370] Caught signal 11 (Segmentation fault: address not mapped to object at address 0x448)
==== backtrace (tid:  79370) ====
 0  /opt/conda/envs/gdf/lib/libucs.so.0(ucs_handle_error+0x2fd) [0x7fa8649c60cd]
 1  /opt/conda/envs/gdf/lib/libucs.so.0(+0x2a2c4) [0x7fa8649c62c4]
 2  /opt/conda/envs/gdf/lib/libucs.so.0(+0x2a48a) [0x7fa8649c648a]
 3  /usr/lib/x86_64-linux-gnu/libpthread.so.0(+0x14420) [0x7fa8f714a420]
 4  /opt/conda/envs/gdf/lib/libucp.so.0(ucp_mem_type_unpack+0x14) [0x7fa864a45674]
 5  /opt/conda/envs/gdf/lib/libucp.so.0(ucp_rndv_data_handler+0x4e9) [0x7fa864a6e7f9]
 6  /opt/conda/envs/gdf/lib/libuct.so.0(+0x203df) [0x7fa8649803df]
 7  /opt/conda/envs/gdf/lib/libuct.so.0(+0x23838) [0x7fa864983838]
 8  /opt/conda/envs/gdf/lib/libucs.so.0(ucs_event_set_wait+0xb9) [0x7fa8649cf4f9]
 9  /opt/conda/envs/gdf/lib/libuct.so.0(uct_tcp_iface_progress+0x7d) [0x7fa8649825dd]
10  /opt/conda/envs/gdf/lib/libucp.so.0(ucp_worker_progress+0x5a) [0x7fa864a4289a]
11  /opt/conda/envs/gdf/lib/python3.9/site-packages/ucp/_libs/ucx_api.cpython-39-x86_64-linux-gnu.so(+0x3a5fa) [0x7fa864b035fa]
12  /opt/conda/envs/gdf/bin/python(_PyEval_EvalFrameDefault+0x37cb) [0x55b76afd16fb]
13  /opt/conda/envs/gdf/bin/python(+0x12f094) [0x55b76afcd094]
14  /opt/conda/envs/gdf/bin/python(_PyFunction_Vectorcall+0xd9) [0x55b76afde519]
15  /opt/conda/envs/gdf/bin/python(_PyEval_EvalFrameDefault+0x696) [0x55b76afce5c6]
16  /opt/conda/envs/gdf/bin/python(+0x1407c2) [0x55b76afde7c2]
17  /opt/conda/envs/gdf/bin/python(+0x14de83) [0x55b76afebe83]
18  /opt/conda/envs/gdf/bin/python(+0x258b2c) [0x55b76b0f6b2c]
19  /opt/conda/envs/gdf/bin/python(+0xead05) [0x55b76af88d05]
20  /opt/conda/envs/gdf/bin/python(+0x1377f3) [0x55b76afd57f3]
21  /opt/conda/envs/gdf/bin/python(_PyEval_EvalFrameDefault+0x59f9) [0x55b76afd3929]
22  /opt/conda/envs/gdf/bin/python(+0x1407c2) [0x55b76afde7c2]
23  /opt/conda/envs/gdf/bin/python(_PyEval_EvalFrameDefault+0x696) [0x55b76afce5c6]
24  /opt/conda/envs/gdf/bin/python(+0x1407c2) [0x55b76afde7c2]
25  /opt/conda/envs/gdf/bin/python(_PyEval_EvalFrameDefault+0x696) [0x55b76afce5c6]
26  /opt/conda/envs/gdf/bin/python(+0x1407c2) [0x55b76afde7c2]
27  /opt/conda/envs/gdf/bin/python(_PyEval_EvalFrameDefault+0x696) [0x55b76afce5c6]
28  /opt/conda/envs/gdf/bin/python(+0x1407c2) [0x55b76afde7c2]
29  /opt/conda/envs/gdf/bin/python(_PyEval_EvalFrameDefault+0x696) [0x55b76afce5c6]
30  /opt/conda/envs/gdf/bin/python(+0x12f094) [0x55b76afcd094]
31  /opt/conda/envs/gdf/bin/python(_PyFunction_Vectorcall+0xd9) [0x55b76afde519]
32  /opt/conda/envs/gdf/bin/python(_PyEval_EvalFrameDefault+0x11f8) [0x55b76afcf128]
33  /opt/conda/envs/gdf/bin/python(+0x12f094) [0x55b76afcd094]
34  /opt/conda/envs/gdf/bin/python(+0x14dccb) [0x55b76afebccb]
35  /opt/conda/envs/gdf/bin/python(PyObject_Call+0xbc) [0x55b76afec44c]
36  /opt/conda/envs/gdf/bin/python(+0x21110e) [0x55b76b0af10e]
37  /opt/conda/envs/gdf/bin/python(_PyObject_MakeTpCall+0x2ec) [0x55b76afd677c]
38  /opt/conda/envs/gdf/bin/python(_PyEval_EvalFrameDefault+0x37cb) [0x55b76afd16fb]
39  /opt/conda/envs/gdf/bin/python(+0x1407c2) [0x55b76afde7c2]
40  /opt/conda/envs/gdf/bin/python(+0x14ddac) [0x55b76afebdac]
41  /opt/conda/envs/gdf/bin/python(_PyEval_EvalFrameDefault+0x37cb) [0x55b76afd16fb]
42  /opt/conda/envs/gdf/bin/python(+0x1407c2) [0x55b76afde7c2]
43  /opt/conda/envs/gdf/bin/python(_PyEval_EvalFrameDefault+0x696) [0x55b76afce5c6]
44  /opt/conda/envs/gdf/bin/python(+0x12f094) [0x55b76afcd094]
45  /opt/conda/envs/gdf/bin/python(_PyFunction_Vectorcall+0xd9) [0x55b76afde519]
46  /opt/conda/envs/gdf/bin/python(_PyEval_EvalFrameDefault+0x696) [0x55b76afce5c6]
47  /opt/conda/envs/gdf/bin/python(+0x1407c2) [0x55b76afde7c2]
48  /opt/conda/envs/gdf/bin/python(_PyEval_EvalFrameDefault+0x3e2) [0x55b76afce312]
49  /opt/conda/envs/gdf/bin/python(+0x12f094) [0x55b76afcd094]
50  /opt/conda/envs/gdf/bin/python(_PyFunction_Vectorcall+0xd9) [0x55b76afde519]
51  /opt/conda/envs/gdf/bin/python(_PyEval_EvalFrameDefault+0x11f8) [0x55b76afcf128]
52  /opt/conda/envs/gdf/bin/python(+0x12f094) [0x55b76afcd094]
53  /opt/conda/envs/gdf/bin/python(_PyEval_EvalCodeWithName+0x48) [0x55b76afccd68]
54  /opt/conda/envs/gdf/bin/python(PyEval_EvalCodeEx+0x39) [0x55b76afccd19]
55  /opt/conda/envs/gdf/bin/python(PyEval_EvalCode+0x1b) [0x55b76b07a07b]
56  /opt/conda/envs/gdf/bin/python(+0x208fca) [0x55b76b0a6fca]
57  /opt/conda/envs/gdf/bin/python(+0x205353) [0x55b76b0a3353]
58  /opt/conda/envs/gdf/bin/python(PyRun_StringFlags+0x9a) [0x55b76b09b16a]
59  /opt/conda/envs/gdf/bin/python(PyRun_SimpleStringFlags+0x3c) [0x55b76b09b05c]
60  /opt/conda/envs/gdf/bin/python(Py_RunMain+0x267) [0x55b76b09a297]
61  /opt/conda/envs/gdf/bin/python(Py_BytesMain+0x37) [0x55b76b06df07]
=================================
[dgx13:79373:0:79373] Caught signal 11 (Segmentation fault: address not mapped to object at address 0x448)
==== backtrace (tid:  79373) ====
 0  /opt/conda/envs/gdf/lib/libucs.so.0(ucs_handle_error+0x2fd) [0x7f0159efd0cd]
 1  /opt/conda/envs/gdf/lib/libucs.so.0(+0x2a2c4) [0x7f0159efd2c4]
 2  /opt/conda/envs/gdf/lib/libucs.so.0(+0x2a48a) [0x7f0159efd48a]
 3  /usr/lib/x86_64-linux-gnu/libpthread.so.0(+0x14420) [0x7f01fe690420]
 4  /opt/conda/envs/gdf/lib/libucp.so.0(ucp_mem_type_unpack+0x14) [0x7f0159f7c674]
 5  /opt/conda/envs/gdf/lib/libucp.so.0(ucp_rndv_data_handler+0x4e9) [0x7f0159fa57f9]
 6  /opt/conda/envs/gdf/lib/libuct.so.0(+0x203df) [0x7f0159eb73df]
 7  /opt/conda/envs/gdf/lib/libuct.so.0(+0x23838) [0x7f0159eba838]
 8  /opt/conda/envs/gdf/lib/libucs.so.0(ucs_event_set_wait+0xb9) [0x7f0159f064f9]
 9  /opt/conda/envs/gdf/lib/libuct.so.0(uct_tcp_iface_progress+0x7d) [0x7f0159eb95dd]
10  /opt/conda/envs/gdf/lib/libucp.so.0(ucp_worker_progress+0x5a) [0x7f0159f7989a]
11  /opt/conda/envs/gdf/lib/python3.9/site-packages/ucp/_libs/ucx_api.cpython-39-x86_64-linux-gnu.so(+0x3a5fa) [0x7f016c04f5fa]
12  /opt/conda/envs/gdf/bin/python(_PyEval_EvalFrameDefault+0x37cb) [0x561f8aa4a6fb]
13  /opt/conda/envs/gdf/bin/python(+0x12f094) [0x561f8aa46094]
14  /opt/conda/envs/gdf/bin/python(_PyFunction_Vectorcall+0xd9) [0x561f8aa57519]
15  /opt/conda/envs/gdf/bin/python(_PyEval_EvalFrameDefault+0x696) [0x561f8aa475c6]
16  /opt/conda/envs/gdf/bin/python(+0x1407c2) [0x561f8aa577c2]
17  /opt/conda/envs/gdf/bin/python(+0x14de83) [0x561f8aa64e83]
18  /opt/conda/envs/gdf/bin/python(+0x258b2c) [0x561f8ab6fb2c]
19  /opt/conda/envs/gdf/bin/python(+0xead05) [0x561f8aa01d05]
20  /opt/conda/envs/gdf/bin/python(+0x1377f3) [0x561f8aa4e7f3]
21  /opt/conda/envs/gdf/bin/python(_PyEval_EvalFrameDefault+0x59f9) [0x561f8aa4c929]
22  /opt/conda/envs/gdf/bin/python(+0x1407c2) [0x561f8aa577c2]
23  /opt/conda/envs/gdf/bin/python(_PyEval_EvalFrameDefault+0x696) [0x561f8aa475c6]
24  /opt/conda/envs/gdf/bin/python(+0x1407c2) [0x561f8aa577c2]
25  /opt/conda/envs/gdf/bin/python(_PyEval_EvalFrameDefault+0x696) [0x561f8aa475c6]
26  /opt/conda/envs/gdf/bin/python(+0x1407c2) [0x561f8aa577c2]
27  /opt/conda/envs/gdf/bin/python(_PyEval_EvalFrameDefault+0x696) [0x561f8aa475c6]
28  /opt/conda/envs/gdf/bin/python(+0x1407c2) [0x561f8aa577c2]
29  /opt/conda/envs/gdf/bin/python(_PyEval_EvalFrameDefault+0x696) [0x561f8aa475c6]
30  /opt/conda/envs/gdf/bin/python(+0x12f094) [0x561f8aa46094]
31  /opt/conda/envs/gdf/bin/python(_PyFunction_Vectorcall+0xd9) [0x561f8aa57519]
32  /opt/conda/envs/gdf/bin/python(_PyEval_EvalFrameDefault+0x11f8) [0x561f8aa48128]
33  /opt/conda/envs/gdf/bin/python(+0x12f094) [0x561f8aa46094]
34  /opt/conda/envs/gdf/bin/python(+0x14dccb) [0x561f8aa64ccb]
35  /opt/conda/envs/gdf/bin/python(PyObject_Call+0xbc) [0x561f8aa6544c]
36  /opt/conda/envs/gdf/bin/python(+0x21110e) [0x561f8ab2810e]
37  /opt/conda/envs/gdf/bin/python(_PyObject_MakeTpCall+0x2ec) [0x561f8aa4f77c]
38  /opt/conda/envs/gdf/bin/python(_PyEval_EvalFrameDefault+0x37cb) [0x561f8aa4a6fb]
39  /opt/conda/envs/gdf/bin/python(+0x1407c2) [0x561f8aa577c2]
40  /opt/conda/envs/gdf/bin/python(+0x14ddac) [0x561f8aa64dac]
41  /opt/conda/envs/gdf/bin/python(_PyEval_EvalFrameDefault+0x37cb) [0x561f8aa4a6fb]
42  /opt/conda/envs/gdf/bin/python(+0x1407c2) [0x561f8aa577c2]
43  /opt/conda/envs/gdf/bin/python(_PyEval_EvalFrameDefault+0x696) [0x561f8aa475c6]
44  /opt/conda/envs/gdf/bin/python(+0x12f094) [0x561f8aa46094]
45  /opt/conda/envs/gdf/bin/python(_PyFunction_Vectorcall+0xd9) [0x561f8aa57519]
46  /opt/conda/envs/gdf/bin/python(_PyEval_EvalFrameDefault+0x696) [0x561f8aa475c6]
47  /opt/conda/envs/gdf/bin/python(+0x1407c2) [0x561f8aa577c2]
48  /opt/conda/envs/gdf/bin/python(_PyEval_EvalFrameDefault+0x3e2) [0x561f8aa47312]
49  /opt/conda/envs/gdf/bin/python(+0x12f094) [0x561f8aa46094]
50  /opt/conda/envs/gdf/bin/python(_PyFunction_Vectorcall+0xd9) [0x561f8aa57519]
51  /opt/conda/envs/gdf/bin/python(_PyEval_EvalFrameDefault+0x11f8) [0x561f8aa48128]
52  /opt/conda/envs/gdf/bin/python(+0x12f094) [0x561f8aa46094]
53  /opt/conda/envs/gdf/bin/python(_PyEval_EvalCodeWithName+0x48) [0x561f8aa45d68]
54  /opt/conda/envs/gdf/bin/python(PyEval_EvalCodeEx+0x39) [0x561f8aa45d19]
55  /opt/conda/envs/gdf/bin/python(PyEval_EvalCode+0x1b) [0x561f8aaf307b]
56  /opt/conda/envs/gdf/bin/python(+0x208fca) [0x561f8ab1ffca]
57  /opt/conda/envs/gdf/bin/python(+0x205353) [0x561f8ab1c353]
58  /opt/conda/envs/gdf/bin/python(PyRun_StringFlags+0x9a) [0x561f8ab1416a]
59  /opt/conda/envs/gdf/bin/python(PyRun_SimpleStringFlags+0x3c) [0x561f8ab1405c]
60  /opt/conda/envs/gdf/bin/python(Py_RunMain+0x267) [0x561f8ab13297]
61  /opt/conda/envs/gdf/bin/python(Py_BytesMain+0x37) [0x561f8aae6f07]
=================================
[dgx13:79382:0:79382] Caught signal 11 (Segmentation fault: address not mapped to object at address 0x448)
==== backtrace (tid:  79382) ====
 0  /opt/conda/envs/gdf/lib/libucs.so.0(ucs_handle_error+0x2fd) [0x7fe5f35c70cd]
 1  /opt/conda/envs/gdf/lib/libucs.so.0(+0x2a2c4) [0x7fe5f35c72c4]
 2  /opt/conda/envs/gdf/lib/libucs.so.0(+0x2a48a) [0x7fe5f35c748a]
 3  /usr/lib/x86_64-linux-gnu/libpthread.so.0(+0x14420) [0x7fe693d4f420]
 4  /opt/conda/envs/gdf/lib/libucp.so.0(ucp_mem_type_unpack+0x14) [0x7fe5f3646674]
 5  /opt/conda/envs/gdf/lib/libucp.so.0(ucp_rndv_data_handler+0x4e9) [0x7fe5f366f7f9]
 6  /opt/conda/envs/gdf/lib/libuct.so.0(+0x203df) [0x7fe5f35813df]
 7  /opt/conda/envs/gdf/lib/libuct.so.0(+0x23838) [0x7fe5f3584838]
 8  /opt/conda/envs/gdf/lib/libucs.so.0(ucs_event_set_wait+0xb9) [0x7fe5f35d04f9]
 9  /opt/conda/envs/gdf/lib/libuct.so.0(uct_tcp_iface_progress+0x7d) [0x7fe5f35835dd]
10  /opt/conda/envs/gdf/lib/libucp.so.0(ucp_worker_progress+0x5a) [0x7fe5f364389a]
11  /opt/conda/envs/gdf/lib/python3.9/site-packages/ucp/_libs/ucx_api.cpython-39-x86_64-linux-gnu.so(+0x3a5fa) [0x7fe5f37045fa]
12  /opt/conda/envs/gdf/bin/python(_PyEval_EvalFrameDefault+0x37cb) [0x55c7783576fb]
13  /opt/conda/envs/gdf/bin/python(+0x12f094) [0x55c778353094]
14  /opt/conda/envs/gdf/bin/python(_PyFunction_Vectorcall+0xd9) [0x55c778364519]
15  /opt/conda/envs/gdf/bin/python(_PyEval_EvalFrameDefault+0x696) [0x55c7783545c6]
16  /opt/conda/envs/gdf/bin/python(+0x1407c2) [0x55c7783647c2]
17  /opt/conda/envs/gdf/bin/python(+0x14de83) [0x55c778371e83]
18  /opt/conda/envs/gdf/bin/python(+0x258b2c) [0x55c77847cb2c]
19  /opt/conda/envs/gdf/bin/python(+0xead05) [0x55c77830ed05]
20  /opt/conda/envs/gdf/bin/python(+0x1377f3) [0x55c77835b7f3]
21  /opt/conda/envs/gdf/bin/python(_PyEval_EvalFrameDefault+0x59f9) [0x55c778359929]
22  /opt/conda/envs/gdf/bin/python(+0x1407c2) [0x55c7783647c2]
23  /opt/conda/envs/gdf/bin/python(_PyEval_EvalFrameDefault+0x696) [0x55c7783545c6]
24  /opt/conda/envs/gdf/bin/python(+0x1407c2) [0x55c7783647c2]
25  /opt/conda/envs/gdf/bin/python(_PyEval_EvalFrameDefault+0x696) [0x55c7783545c6]
26  /opt/conda/envs/gdf/bin/python(+0x1407c2) [0x55c7783647c2]
27  /opt/conda/envs/gdf/bin/python(_PyEval_EvalFrameDefault+0x696) [0x55c7783545c6]
28  /opt/conda/envs/gdf/bin/python(+0x1407c2) [0x55c7783647c2]
29  /opt/conda/envs/gdf/bin/python(_PyEval_EvalFrameDefault+0x696) [0x55c7783545c6]
30  /opt/conda/envs/gdf/bin/python(+0x12f094) [0x55c778353094]
31  /opt/conda/envs/gdf/bin/python(_PyFunction_Vectorcall+0xd9) [0x55c778364519]
32  /opt/conda/envs/gdf/bin/python(_PyEval_EvalFrameDefault+0x11f8) [0x55c778355128]
33  /opt/conda/envs/gdf/bin/python(+0x12f094) [0x55c778353094]
34  /opt/conda/envs/gdf/bin/python(+0x14dccb) [0x55c778371ccb]
35  /opt/conda/envs/gdf/bin/python(PyObject_Call+0xbc) [0x55c77837244c]
36  /opt/conda/envs/gdf/bin/python(+0x21110e) [0x55c77843510e]
37  /opt/conda/envs/gdf/bin/python(_PyObject_MakeTpCall+0x2ec) [0x55c77835c77c]
38  /opt/conda/envs/gdf/bin/python(_PyEval_EvalFrameDefault+0x37cb) [0x55c7783576fb]
39  /opt/conda/envs/gdf/bin/python(+0x1407c2) [0x55c7783647c2]
40  /opt/conda/envs/gdf/bin/python(+0x14ddac) [0x55c778371dac]
41  /opt/conda/envs/gdf/bin/python(_PyEval_EvalFrameDefault+0x37cb) [0x55c7783576fb]
42  /opt/conda/envs/gdf/bin/python(+0x1407c2) [0x55c7783647c2]
43  /opt/conda/envs/gdf/bin/python(_PyEval_EvalFrameDefault+0x696) [0x55c7783545c6]
44  /opt/conda/envs/gdf/bin/python(+0x12f094) [0x55c778353094]
45  /opt/conda/envs/gdf/bin/python(_PyFunction_Vectorcall+0xd9) [0x55c778364519]
46  /opt/conda/envs/gdf/bin/python(_PyEval_EvalFrameDefault+0x696) [0x55c7783545c6]
47  /opt/conda/envs/gdf/bin/python(+0x1407c2) [0x55c7783647c2]
48  /opt/conda/envs/gdf/bin/python(_PyEval_EvalFrameDefault+0x3e2) [0x55c778354312]
49  /opt/conda/envs/gdf/bin/python(+0x12f094) [0x55c778353094]
50  /opt/conda/envs/gdf/bin/python(_PyFunction_Vectorcall+0xd9) [0x55c778364519]
51  /opt/conda/envs/gdf/bin/python(_PyEval_EvalFrameDefault+0x11f8) [0x55c778355128]
52  /opt/conda/envs/gdf/bin/python(+0x12f094) [0x55c778353094]
53  /opt/conda/envs/gdf/bin/python(_PyEval_EvalCodeWithName+0x48) [0x55c778352d68]
54  /opt/conda/envs/gdf/bin/python(PyEval_EvalCodeEx+0x39) [0x55c778352d19]
55  /opt/conda/envs/gdf/bin/python(PyEval_EvalCode+0x1b) [0x55c77840007b]
56  /opt/conda/envs/gdf/bin/python(+0x208fca) [0x55c77842cfca]
57  /opt/conda/envs/gdf/bin/python(+0x205353) [0x55c778429353]
58  /opt/conda/envs/gdf/bin/python(PyRun_StringFlags+0x9a) [0x55c77842116a]
59  /opt/conda/envs/gdf/bin/python(PyRun_SimpleStringFlags+0x3c) [0x55c77842105c]
60  /opt/conda/envs/gdf/bin/python(Py_RunMain+0x267) [0x55c778420297]
61  /opt/conda/envs/gdf/bin/python(Py_BytesMain+0x37) [0x55c7783f3f07]
=================================
[dgx13:79379:0:79379] Caught signal 11 (Segmentation fault: address not mapped to object at address 0x448)
==== backtrace (tid:  79379) ====
 0  /opt/conda/envs/gdf/lib/libucs.so.0(ucs_handle_error+0x2fd) [0x7ff4583d80cd]
 1  /opt/conda/envs/gdf/lib/libucs.so.0(+0x2a2c4) [0x7ff4583d82c4]
 2  /opt/conda/envs/gdf/lib/libucs.so.0(+0x2a48a) [0x7ff4583d848a]
 3  /usr/lib/x86_64-linux-gnu/libpthread.so.0(+0x14420) [0x7ff4eab3e420]
 4  /opt/conda/envs/gdf/lib/libucp.so.0(ucp_mem_type_unpack+0x14) [0x7ff458457674]
 5  /opt/conda/envs/gdf/lib/libucp.so.0(ucp_rndv_data_handler+0x4e9) [0x7ff4584807f9]
 6  /opt/conda/envs/gdf/lib/libuct.so.0(+0x203df) [0x7ff4583923df]
 7  /opt/conda/envs/gdf/lib/libuct.so.0(+0x23838) [0x7ff458395838]
 8  /opt/conda/envs/gdf/lib/libucs.so.0(ucs_event_set_wait+0xb9) [0x7ff4583e14f9]
 9  /opt/conda/envs/gdf/lib/libuct.so.0(uct_tcp_iface_progress+0x7d) [0x7ff4583945dd]
10  /opt/conda/envs/gdf/lib/libucp.so.0(ucp_worker_progress+0x5a) [0x7ff45845489a]
11  /opt/conda/envs/gdf/lib/python3.9/site-packages/ucp/_libs/ucx_api.cpython-39-x86_64-linux-gnu.so(+0x3a5fa) [0x7ff4585155fa]
12  /opt/conda/envs/gdf/bin/python(_PyEval_EvalFrameDefault+0x37cb) [0x55e12b9986fb]
13  /opt/conda/envs/gdf/bin/python(+0x12f094) [0x55e12b994094]
14  /opt/conda/envs/gdf/bin/python(_PyFunction_Vectorcall+0xd9) [0x55e12b9a5519]
15  /opt/conda/envs/gdf/bin/python(_PyEval_EvalFrameDefault+0x696) [0x55e12b9955c6]
16  /opt/conda/envs/gdf/bin/python(+0x1e3162) [0x55e12ba48162]
17  /opt/conda/envs/gdf/lib/python3.9/lib-dynload/_asyncio.cpython-39-x86_64-linux-gnu.so(+0x81e9) [0x7ff46b5c51e9]
18  /opt/conda/envs/gdf/bin/python(_PyObject_MakeTpCall+0x2ec) [0x55e12b99d77c]
19  /opt/conda/envs/gdf/bin/python(+0xead05) [0x55e12b94fd05]
20  /opt/conda/envs/gdf/bin/python(+0x1377f3) [0x55e12b99c7f3]
21  /opt/conda/envs/gdf/bin/python(_PyEval_EvalFrameDefault+0x59f9) [0x55e12b99a929]
22  /opt/conda/envs/gdf/bin/python(+0x1407c2) [0x55e12b9a57c2]
23  /opt/conda/envs/gdf/bin/python(_PyEval_EvalFrameDefault+0x696) [0x55e12b9955c6]
24  /opt/conda/envs/gdf/bin/python(+0x1407c2) [0x55e12b9a57c2]
25  /opt/conda/envs/gdf/bin/python(_PyEval_EvalFrameDefault+0x696) [0x55e12b9955c6]
26  /opt/conda/envs/gdf/bin/python(+0x1407c2) [0x55e12b9a57c2]
27  /opt/conda/envs/gdf/bin/python(_PyEval_EvalFrameDefault+0x696) [0x55e12b9955c6]
28  /opt/conda/envs/gdf/bin/python(+0x1407c2) [0x55e12b9a57c2]
29  /opt/conda/envs/gdf/bin/python(_PyEval_EvalFrameDefault+0x696) [0x55e12b9955c6]
30  /opt/conda/envs/gdf/bin/python(+0x12f094) [0x55e12b994094]
31  /opt/conda/envs/gdf/bin/python(_PyFunction_Vectorcall+0xd9) [0x55e12b9a5519]
32  /opt/conda/envs/gdf/bin/python(_PyEval_EvalFrameDefault+0x11f8) [0x55e12b996128]
33  /opt/conda/envs/gdf/bin/python(+0x12f094) [0x55e12b994094]
34  /opt/conda/envs/gdf/bin/python(+0x14dccb) [0x55e12b9b2ccb]
35  /opt/conda/envs/gdf/bin/python(PyObject_Call+0xbc) [0x55e12b9b344c]
36  /opt/conda/envs/gdf/bin/python(+0x21110e) [0x55e12ba7610e]
37  /opt/conda/envs/gdf/bin/python(_PyObject_MakeTpCall+0x2ec) [0x55e12b99d77c]
38  /opt/conda/envs/gdf/bin/python(_PyEval_EvalFrameDefault+0x37cb) [0x55e12b9986fb]
39  /opt/conda/envs/gdf/bin/python(+0x1407c2) [0x55e12b9a57c2]
40  /opt/conda/envs/gdf/bin/python(+0x14ddac) [0x55e12b9b2dac]
41  /opt/conda/envs/gdf/bin/python(_PyEval_EvalFrameDefault+0x37cb) [0x55e12b9986fb]
42  /opt/conda/envs/gdf/bin/python(+0x1407c2) [0x55e12b9a57c2]
43  /opt/conda/envs/gdf/bin/python(_PyEval_EvalFrameDefault+0x696) [0x55e12b9955c6]
44  /opt/conda/envs/gdf/bin/python(+0x12f094) [0x55e12b994094]
45  /opt/conda/envs/gdf/bin/python(_PyFunction_Vectorcall+0xd9) [0x55e12b9a5519]
46  /opt/conda/envs/gdf/bin/python(_PyEval_EvalFrameDefault+0x696) [0x55e12b9955c6]
47  /opt/conda/envs/gdf/bin/python(+0x1407c2) [0x55e12b9a57c2]
48  /opt/conda/envs/gdf/bin/python(_PyEval_EvalFrameDefault+0x3e2) [0x55e12b995312]
49  /opt/conda/envs/gdf/bin/python(+0x12f094) [0x55e12b994094]
50  /opt/conda/envs/gdf/bin/python(_PyFunction_Vectorcall+0xd9) [0x55e12b9a5519]
51  /opt/conda/envs/gdf/bin/python(_PyEval_EvalFrameDefault+0x11f8) [0x55e12b996128]
52  /opt/conda/envs/gdf/bin/python(+0x12f094) [0x55e12b994094]
53  /opt/conda/envs/gdf/bin/python(_PyEval_EvalCodeWithName+0x48) [0x55e12b993d68]
54  /opt/conda/envs/gdf/bin/python(PyEval_EvalCodeEx+0x39) [0x55e12b993d19]
55  /opt/conda/envs/gdf/bin/python(PyEval_EvalCode+0x1b) [0x55e12ba4107b]
56  /opt/conda/envs/gdf/bin/python(+0x208fca) [0x55e12ba6dfca]
57  /opt/conda/envs/gdf/bin/python(+0x205353) [0x55e12ba6a353]
58  /opt/conda/envs/gdf/bin/python(PyRun_StringFlags+0x9a) [0x55e12ba6216a]
59  /opt/conda/envs/gdf/bin/python(PyRun_SimpleStringFlags+0x3c) [0x55e12ba6205c]
60  /opt/conda/envs/gdf/bin/python(Py_RunMain+0x267) [0x55e12ba61297]
61  /opt/conda/envs/gdf/bin/python(Py_BytesMain+0x37) [0x55e12ba34f07]
=================================
2023-09-18 07:35:16,678 - distributed.worker - ERROR - failed during get data with ucx://127.0.0.1:60949 -> ucx://127.0.0.1:32811
Traceback (most recent call last):
  File "/opt/conda/envs/gdf/lib/python3.9/site-packages/distributed/comm/ucx.py", line 338, in write
    await self.ep.send(each_frame)
  File "/opt/conda/envs/gdf/lib/python3.9/site-packages/ucp/core.py", line 650, in send
    return await comm.tag_send(self._ep, buffer, nbytes, tag, name=log)
ucp._libs.exceptions.UCXError: <[Send #007] ep: 0x7ff483502100, tag: 0x8cb06562e6e95b4f, nbytes: 50000000, type: <class 'cupy.ndarray'>>: Connection reset by remote peer

During handling of the above exception, another exception occurred:

Traceback (most recent call last):
  File "/opt/conda/envs/gdf/lib/python3.9/site-packages/distributed/worker.py", line 1782, in get_data
    compressed = await comm.write(msg, serializers=serializers)
  File "/opt/conda/envs/gdf/lib/python3.9/site-packages/distributed/utils.py", line 803, in wrapper
    return await func(*args, **kwargs)
  File "/opt/conda/envs/gdf/lib/python3.9/site-packages/distributed/comm/ucx.py", line 342, in write
    raise CommClosedError("While writing, the connection was closed")
distributed.comm.core.CommClosedError: While writing, the connection was closed
2023-09-18 07:35:16,732 - distributed.nanny - WARNING - Restarting worker
[dgx13:79376:0:79376] Caught signal 11 (Segmentation fault: address not mapped to object at address 0x448)
==== backtrace (tid:  79376) ====
 0  /opt/conda/envs/gdf/lib/libucs.so.0(ucs_handle_error+0x2fd) [0x7f5e14d690cd]
 1  /opt/conda/envs/gdf/lib/libucs.so.0(+0x2a2c4) [0x7f5e14d692c4]
 2  /opt/conda/envs/gdf/lib/libucs.so.0(+0x2a48a) [0x7f5e14d6948a]
 3  /usr/lib/x86_64-linux-gnu/libpthread.so.0(+0x14420) [0x7f5ea74e7420]
 4  /opt/conda/envs/gdf/lib/libucp.so.0(ucp_mem_type_unpack+0x14) [0x7f5e14de8674]
 5  /opt/conda/envs/gdf/lib/libucp.so.0(ucp_rndv_data_handler+0x4e9) [0x7f5e14e117f9]
 6  /opt/conda/envs/gdf/lib/libuct.so.0(+0x203df) [0x7f5e14d233df]
 7  /opt/conda/envs/gdf/lib/libuct.so.0(+0x23838) [0x7f5e14d26838]
 8  /opt/conda/envs/gdf/lib/libucs.so.0(ucs_event_set_wait+0xb9) [0x7f5e14d724f9]
 9  /opt/conda/envs/gdf/lib/libuct.so.0(uct_tcp_iface_progress+0x7d) [0x7f5e14d255dd]
10  /opt/conda/envs/gdf/lib/libucp.so.0(ucp_worker_progress+0x5a) [0x7f5e14de589a]
11  /opt/conda/envs/gdf/lib/python3.9/site-packages/ucp/_libs/ucx_api.cpython-39-x86_64-linux-gnu.so(+0x3a5fa) [0x7f5e14ea65fa]
12  /opt/conda/envs/gdf/bin/python(_PyEval_EvalFrameDefault+0x37cb) [0x55dd438716fb]
13  /opt/conda/envs/gdf/bin/python(+0x12f094) [0x55dd4386d094]
14  /opt/conda/envs/gdf/bin/python(_PyFunction_Vectorcall+0xd9) [0x55dd4387e519]
15  /opt/conda/envs/gdf/bin/python(_PyEval_EvalFrameDefault+0x696) [0x55dd4386e5c6]
16  /opt/conda/envs/gdf/bin/python(+0x1407c2) [0x55dd4387e7c2]
17  /opt/conda/envs/gdf/bin/python(+0x14de83) [0x55dd4388be83]
18  /opt/conda/envs/gdf/bin/python(+0x258b2c) [0x55dd43996b2c]
19  /opt/conda/envs/gdf/bin/python(+0xead05) [0x55dd43828d05]
20  /opt/conda/envs/gdf/bin/python(+0x1377f3) [0x55dd438757f3]
21  /opt/conda/envs/gdf/bin/python(_PyEval_EvalFrameDefault+0x59f9) [0x55dd43873929]
22  /opt/conda/envs/gdf/bin/python(+0x1407c2) [0x55dd4387e7c2]
23  /opt/conda/envs/gdf/bin/python(_PyEval_EvalFrameDefault+0x696) [0x55dd4386e5c6]
24  /opt/conda/envs/gdf/bin/python(+0x1407c2) [0x55dd4387e7c2]
25  /opt/conda/envs/gdf/bin/python(_PyEval_EvalFrameDefault+0x696) [0x55dd4386e5c6]
26  /opt/conda/envs/gdf/bin/python(+0x1407c2) [0x55dd4387e7c2]
27  /opt/conda/envs/gdf/bin/python(_PyEval_EvalFrameDefault+0x696) [0x55dd4386e5c6]
28  /opt/conda/envs/gdf/bin/python(+0x1407c2) [0x55dd4387e7c2]
29  /opt/conda/envs/gdf/bin/python(_PyEval_EvalFrameDefault+0x696) [0x55dd4386e5c6]
30  /opt/conda/envs/gdf/bin/python(+0x12f094) [0x55dd4386d094]
31  /opt/conda/envs/gdf/bin/python(_PyFunction_Vectorcall+0xd9) [0x55dd4387e519]
32  /opt/conda/envs/gdf/bin/python(_PyEval_EvalFrameDefault+0x11f8) [0x55dd4386f128]
33  /opt/conda/envs/gdf/bin/python(+0x12f094) [0x55dd4386d094]
34  /opt/conda/envs/gdf/bin/python(+0x14dccb) [0x55dd4388bccb]
35  /opt/conda/envs/gdf/bin/python(PyObject_Call+0xbc) [0x55dd4388c44c]
36  /opt/conda/envs/gdf/bin/python(+0x21110e) [0x55dd4394f10e]
37  /opt/conda/envs/gdf/bin/python(_PyObject_MakeTpCall+0x2ec) [0x55dd4387677c]
38  /opt/conda/envs/gdf/bin/python(_PyEval_EvalFrameDefault+0x37cb) [0x55dd438716fb]
39  /opt/conda/envs/gdf/bin/python(+0x1407c2) [0x55dd4387e7c2]
40  /opt/conda/envs/gdf/bin/python(+0x14ddac) [0x55dd4388bdac]
41  /opt/conda/envs/gdf/bin/python(_PyEval_EvalFrameDefault+0x37cb) [0x55dd438716fb]
42  /opt/conda/envs/gdf/bin/python(+0x1407c2) [0x55dd4387e7c2]
43  /opt/conda/envs/gdf/bin/python(_PyEval_EvalFrameDefault+0x696) [0x55dd4386e5c6]
44  /opt/conda/envs/gdf/bin/python(+0x12f094) [0x55dd4386d094]
45  /opt/conda/envs/gdf/bin/python(_PyFunction_Vectorcall+0xd9) [0x55dd4387e519]
46  /opt/conda/envs/gdf/bin/python(_PyEval_EvalFrameDefault+0x696) [0x55dd4386e5c6]
47  /opt/conda/envs/gdf/bin/python(+0x1407c2) [0x55dd4387e7c2]
48  /opt/conda/envs/gdf/bin/python(_PyEval_EvalFrameDefault+0x3e2) [0x55dd4386e312]
49  /opt/conda/envs/gdf/bin/python(+0x12f094) [0x55dd4386d094]
50  /opt/conda/envs/gdf/bin/python(_PyFunction_Vectorcall+0xd9) [0x55dd4387e519]
51  /opt/conda/envs/gdf/bin/python(_PyEval_EvalFrameDefault+0x11f8) [0x55dd4386f128]
52  /opt/conda/envs/gdf/bin/python(+0x12f094) [0x55dd4386d094]
53  /opt/conda/envs/gdf/bin/python(_PyEval_EvalCodeWithName+0x48) [0x55dd4386cd68]
54  /opt/conda/envs/gdf/bin/python(PyEval_EvalCodeEx+0x39) [0x55dd4386cd19]
55  /opt/conda/envs/gdf/bin/python(PyEval_EvalCode+0x1b) [0x55dd4391a07b]
56  /opt/conda/envs/gdf/bin/python(+0x208fca) [0x55dd43946fca]
57  /opt/conda/envs/gdf/bin/python(+0x205353) [0x55dd43943353]
58  /opt/conda/envs/gdf/bin/python(PyRun_StringFlags+0x9a) [0x55dd4393b16a]
59  /opt/conda/envs/gdf/bin/python(PyRun_SimpleStringFlags+0x3c) [0x55dd4393b05c]
60  /opt/conda/envs/gdf/bin/python(Py_RunMain+0x267) [0x55dd4393a297]
61  /opt/conda/envs/gdf/bin/python(Py_BytesMain+0x37) [0x55dd4390df07]
=================================
2023-09-18 07:35:16,821 - distributed.worker - ERROR - failed during get data with ucx://127.0.0.1:36399 -> ucx://127.0.0.1:51009
Traceback (most recent call last):
  File "/opt/conda/envs/gdf/lib/python3.9/site-packages/distributed/comm/ucx.py", line 338, in write
    await self.ep.send(each_frame)
  File "/opt/conda/envs/gdf/lib/python3.9/site-packages/ucp/core.py", line 650, in send
    return await comm.tag_send(self._ep, buffer, nbytes, tag, name=log)
ucp._libs.exceptions.UCXError: <[Send #007] ep: 0x7f6d51634280, tag: 0x4e19be3741d52cee, nbytes: 50000000, type: <class 'cupy.ndarray'>>: Connection reset by remote peer

During handling of the above exception, another exception occurred:

Traceback (most recent call last):
  File "/opt/conda/envs/gdf/lib/python3.9/site-packages/distributed/worker.py", line 1782, in get_data
    compressed = await comm.write(msg, serializers=serializers)
  File "/opt/conda/envs/gdf/lib/python3.9/site-packages/distributed/utils.py", line 803, in wrapper
    return await func(*args, **kwargs)
  File "/opt/conda/envs/gdf/lib/python3.9/site-packages/distributed/comm/ucx.py", line 342, in write
    raise CommClosedError("While writing, the connection was closed")
distributed.comm.core.CommClosedError: While writing, the connection was closed
2023-09-18 07:35:16,836 - distributed.worker - ERROR - failed during get data with ucx://127.0.0.1:35097 -> ucx://127.0.0.1:58917
Traceback (most recent call last):
  File "/opt/conda/envs/gdf/lib/python3.9/site-packages/distributed/comm/ucx.py", line 338, in write
    await self.ep.send(each_frame)
  File "/opt/conda/envs/gdf/lib/python3.9/site-packages/ucp/core.py", line 650, in send
    return await comm.tag_send(self._ep, buffer, nbytes, tag, name=log)
ucp._libs.exceptions.UCXError: <[Send #007] ep: 0x7f14fd5cd180, tag: 0xf6de24e7e94f81f8, nbytes: 50000000, type: <class 'cupy.ndarray'>>: Connection reset by remote peer

During handling of the above exception, another exception occurred:

Traceback (most recent call last):
  File "/opt/conda/envs/gdf/lib/python3.9/site-packages/distributed/worker.py", line 1782, in get_data
    compressed = await comm.write(msg, serializers=serializers)
  File "/opt/conda/envs/gdf/lib/python3.9/site-packages/distributed/utils.py", line 803, in wrapper
    return await func(*args, **kwargs)
  File "/opt/conda/envs/gdf/lib/python3.9/site-packages/distributed/comm/ucx.py", line 342, in write
    raise CommClosedError("While writing, the connection was closed")
distributed.comm.core.CommClosedError: While writing, the connection was closed
2023-09-18 07:35:16,863 - distributed.nanny - WARNING - Restarting worker
Task exception was never retrieved
future: <Task finished name='Task-218' coro=<_listener_handler_coroutine() done, defined at /opt/conda/envs/gdf/lib/python3.9/site-packages/ucp/core.py:128> exception=UCXError('<stream_send>: Connection reset by remote peer')>
Traceback (most recent call last):
  File "/opt/conda/envs/gdf/lib/python3.9/site-packages/ucp/core.py", line 143, in _listener_handler_coroutine
    peer_info = await exchange_peer_info(
  File "/opt/conda/envs/gdf/lib/python3.9/site-packages/ucp/core.py", line 51, in exchange_peer_info
    await comm.stream_send(endpoint, my_info_arr, my_info_arr.nbytes)
ucp._libs.exceptions.UCXError: <stream_send>: Connection reset by remote peer
2023-09-18 07:35:16,904 - distributed.nanny - WARNING - Restarting worker
2023-09-18 07:35:16,943 - distributed.nanny - WARNING - Restarting worker
2023-09-18 07:35:17,021 - distributed.worker - ERROR - failed during get data with ucx://127.0.0.1:36399 -> ucx://127.0.0.1:51253
Traceback (most recent call last):
  File "/opt/conda/envs/gdf/lib/python3.9/site-packages/distributed/comm/ucx.py", line 338, in write
    await self.ep.send(each_frame)
  File "/opt/conda/envs/gdf/lib/python3.9/site-packages/ucp/core.py", line 650, in send
    return await comm.tag_send(self._ep, buffer, nbytes, tag, name=log)
ucp._libs.exceptions.UCXError: <[Send #007] ep: 0x7f6d51634180, tag: 0xa064c98e18271e28, nbytes: 50000000, type: <class 'cupy.ndarray'>>: Connection reset by remote peer

During handling of the above exception, another exception occurred:

Traceback (most recent call last):
  File "/opt/conda/envs/gdf/lib/python3.9/site-packages/distributed/worker.py", line 1782, in get_data
    compressed = await comm.write(msg, serializers=serializers)
  File "/opt/conda/envs/gdf/lib/python3.9/site-packages/distributed/utils.py", line 803, in wrapper
    return await func(*args, **kwargs)
  File "/opt/conda/envs/gdf/lib/python3.9/site-packages/distributed/comm/ucx.py", line 342, in write
    raise CommClosedError("While writing, the connection was closed")
distributed.comm.core.CommClosedError: While writing, the connection was closed
2023-09-18 07:35:17,066 - distributed.nanny - WARNING - Restarting worker
[dgx13:79477:0:79477] Caught signal 11 (Segmentation fault: address not mapped to object at address 0x448)
==== backtrace (tid:  79477) ====
 0  /opt/conda/envs/gdf/lib/libucs.so.0(ucs_handle_error+0x2fd) [0x7f3d245a60cd]
 1  /opt/conda/envs/gdf/lib/libucs.so.0(+0x2a2c4) [0x7f3d245a62c4]
 2  /opt/conda/envs/gdf/lib/libucs.so.0(+0x2a48a) [0x7f3d245a648a]
 3  /usr/lib/x86_64-linux-gnu/libpthread.so.0(+0x14420) [0x7f3db6b7c420]
 4  /opt/conda/envs/gdf/lib/libucp.so.0(ucp_mem_type_unpack+0x14) [0x7f3d24625674]
 5  /opt/conda/envs/gdf/lib/libucp.so.0(ucp_rndv_data_handler+0x4e9) [0x7f3d2464e7f9]
 6  /opt/conda/envs/gdf/lib/libuct.so.0(+0x203df) [0x7f3d245603df]
 7  /opt/conda/envs/gdf/lib/libuct.so.0(+0x23838) [0x7f3d24563838]
 8  /opt/conda/envs/gdf/lib/libucs.so.0(ucs_event_set_wait+0xb9) [0x7f3d245af4f9]
 9  /opt/conda/envs/gdf/lib/libuct.so.0(uct_tcp_iface_progress+0x7d) [0x7f3d245625dd]
10  /opt/conda/envs/gdf/lib/libucp.so.0(ucp_worker_progress+0x5a) [0x7f3d2462289a]
11  /opt/conda/envs/gdf/lib/python3.9/site-packages/ucp/_libs/ucx_api.cpython-39-x86_64-linux-gnu.so(+0x3a5fa) [0x7f3d246e35fa]
12  /opt/conda/envs/gdf/bin/python(_PyEval_EvalFrameDefault+0x37cb) [0x558f384616fb]
13  /opt/conda/envs/gdf/bin/python(+0x12f094) [0x558f3845d094]
14  /opt/conda/envs/gdf/bin/python(_PyFunction_Vectorcall+0xd9) [0x558f3846e519]
15  /opt/conda/envs/gdf/bin/python(_PyEval_EvalFrameDefault+0x696) [0x558f3845e5c6]
16  /opt/conda/envs/gdf/bin/python(+0x1407c2) [0x558f3846e7c2]
17  /opt/conda/envs/gdf/bin/python(+0x14de83) [0x558f3847be83]
18  /opt/conda/envs/gdf/bin/python(+0x258b2c) [0x558f38586b2c]
19  /opt/conda/envs/gdf/bin/python(+0xead05) [0x558f38418d05]
20  /opt/conda/envs/gdf/bin/python(+0x1377f3) [0x558f384657f3]
21  /opt/conda/envs/gdf/bin/python(_PyEval_EvalFrameDefault+0x59f9) [0x558f38463929]
22  /opt/conda/envs/gdf/bin/python(+0x1407c2) [0x558f3846e7c2]
23  /opt/conda/envs/gdf/bin/python(_PyEval_EvalFrameDefault+0x696) [0x558f3845e5c6]
24  /opt/conda/envs/gdf/bin/python(+0x1407c2) [0x558f3846e7c2]
25  /opt/conda/envs/gdf/bin/python(_PyEval_EvalFrameDefault+0x696) [0x558f3845e5c6]
26  /opt/conda/envs/gdf/bin/python(+0x1407c2) [0x558f3846e7c2]
27  /opt/conda/envs/gdf/bin/python(_PyEval_EvalFrameDefault+0x696) [0x558f3845e5c6]
28  /opt/conda/envs/gdf/bin/python(+0x1407c2) [0x558f3846e7c2]
29  /opt/conda/envs/gdf/bin/python(_PyEval_EvalFrameDefault+0x696) [0x558f3845e5c6]
30  /opt/conda/envs/gdf/bin/python(+0x12f094) [0x558f3845d094]
31  /opt/conda/envs/gdf/bin/python(_PyFunction_Vectorcall+0xd9) [0x558f3846e519]
32  /opt/conda/envs/gdf/bin/python(_PyEval_EvalFrameDefault+0x11f8) [0x558f3845f128]
33  /opt/conda/envs/gdf/bin/python(+0x12f094) [0x558f3845d094]
34  /opt/conda/envs/gdf/bin/python(+0x14dccb) [0x558f3847bccb]
35  /opt/conda/envs/gdf/bin/python(PyObject_Call+0xbc) [0x558f3847c44c]
36  /opt/conda/envs/gdf/bin/python(+0x21110e) [0x558f3853f10e]
37  /opt/conda/envs/gdf/bin/python(_PyObject_MakeTpCall+0x2ec) [0x558f3846677c]
38  /opt/conda/envs/gdf/bin/python(_PyEval_EvalFrameDefault+0x37cb) [0x558f384616fb]
39  /opt/conda/envs/gdf/bin/python(+0x1407c2) [0x558f3846e7c2]
40  /opt/conda/envs/gdf/bin/python(+0x14ddac) [0x558f3847bdac]
41  /opt/conda/envs/gdf/bin/python(_PyEval_EvalFrameDefault+0x37cb) [0x558f384616fb]
42  /opt/conda/envs/gdf/bin/python(+0x1407c2) [0x558f3846e7c2]
43  /opt/conda/envs/gdf/bin/python(_PyEval_EvalFrameDefault+0x696) [0x558f3845e5c6]
44  /opt/conda/envs/gdf/bin/python(+0x12f094) [0x558f3845d094]
45  /opt/conda/envs/gdf/bin/python(_PyFunction_Vectorcall+0xd9) [0x558f3846e519]
46  /opt/conda/envs/gdf/bin/python(_PyEval_EvalFrameDefault+0x696) [0x558f3845e5c6]
47  /opt/conda/envs/gdf/bin/python(+0x1407c2) [0x558f3846e7c2]
48  /opt/conda/envs/gdf/bin/python(_PyEval_EvalFrameDefault+0x3e2) [0x558f3845e312]
49  /opt/conda/envs/gdf/bin/python(+0x12f094) [0x558f3845d094]
50  /opt/conda/envs/gdf/bin/python(_PyFunction_Vectorcall+0xd9) [0x558f3846e519]
51  /opt/conda/envs/gdf/bin/python(_PyEval_EvalFrameDefault+0x11f8) [0x558f3845f128]
52  /opt/conda/envs/gdf/bin/python(+0x12f094) [0x558f3845d094]
53  /opt/conda/envs/gdf/bin/python(_PyEval_EvalCodeWithName+0x48) [0x558f3845cd68]
54  /opt/conda/envs/gdf/bin/python(PyEval_EvalCodeEx+0x39) [0x558f3845cd19]
55  /opt/conda/envs/gdf/bin/python(PyEval_EvalCode+0x1b) [0x558f3850a07b]
56  /opt/conda/envs/gdf/bin/python(+0x208fca) [0x558f38536fca]
57  /opt/conda/envs/gdf/bin/python(+0x205353) [0x558f38533353]
58  /opt/conda/envs/gdf/bin/python(PyRun_StringFlags+0x9a) [0x558f3852b16a]
59  /opt/conda/envs/gdf/bin/python(PyRun_SimpleStringFlags+0x3c) [0x558f3852b05c]
60  /opt/conda/envs/gdf/bin/python(Py_RunMain+0x267) [0x558f3852a297]
61  /opt/conda/envs/gdf/bin/python(Py_BytesMain+0x37) [0x558f384fdf07]
=================================
2023-09-18 07:35:19,895 - distributed.worker - ERROR - failed during get data with ucx://127.0.0.1:60949 -> ucx://127.0.0.1:41935
Traceback (most recent call last):
  File "/opt/conda/envs/gdf/lib/python3.9/site-packages/distributed/comm/ucx.py", line 338, in write
    await self.ep.send(each_frame)
  File "/opt/conda/envs/gdf/lib/python3.9/site-packages/ucp/core.py", line 650, in send
    return await comm.tag_send(self._ep, buffer, nbytes, tag, name=log)
ucp._libs.exceptions.UCXError: <[Send #007] ep: 0x7ff483502140, tag: 0x922651395c213aba, nbytes: 50000000, type: <class 'cupy.ndarray'>>: Connection reset by remote peer

During handling of the above exception, another exception occurred:

Traceback (most recent call last):
  File "/opt/conda/envs/gdf/lib/python3.9/site-packages/distributed/worker.py", line 1782, in get_data
    compressed = await comm.write(msg, serializers=serializers)
  File "/opt/conda/envs/gdf/lib/python3.9/site-packages/distributed/utils.py", line 803, in wrapper
    return await func(*args, **kwargs)
  File "/opt/conda/envs/gdf/lib/python3.9/site-packages/distributed/comm/ucx.py", line 342, in write
    raise CommClosedError("While writing, the connection was closed")
distributed.comm.core.CommClosedError: While writing, the connection was closed
2023-09-18 07:35:19,949 - distributed.nanny - WARNING - Restarting worker
[dgx13:79483:0:79483] Caught signal 11 (Segmentation fault: address not mapped to object at address 0x448)
[dgx13:79367:0:79367] Caught signal 11 (Segmentation fault: address not mapped to object at address 0x448)
==== backtrace (tid:  79483) ====
 0  /opt/conda/envs/gdf/lib/libucs.so.0(ucs_handle_error+0x2fd) [0x7f7d4c8e30cd]
 1  /opt/conda/envs/gdf/lib/libucs.so.0(+0x2a2c4) [0x7f7d4c8e32c4]
 2  /opt/conda/envs/gdf/lib/libucs.so.0(+0x2a48a) [0x7f7d4c8e348a]
 3  /usr/lib/x86_64-linux-gnu/libpthread.so.0(+0x14420) [0x7f7decee1420]
 4  /opt/conda/envs/gdf/lib/libucp.so.0(ucp_mem_type_unpack+0x14) [0x7f7d4c962674]
 5  /opt/conda/envs/gdf/lib/libucp.so.0(ucp_rndv_data_handler+0x4e9) [0x7f7d4c98b7f9]
 6  /opt/conda/envs/gdf/lib/libuct.so.0(+0x203df) [0x7f7d4c89d3df]
 7  /opt/conda/envs/gdf/lib/libuct.so.0(+0x23838) [0x7f7d4c8a0838]
 8  /opt/conda/envs/gdf/lib/libucs.so.0(ucs_event_set_wait+0xb9) [0x7f7d4c8ec4f9]
 9  /opt/conda/envs/gdf/lib/libuct.so.0(uct_tcp_iface_progress+0x7d) [0x7f7d4c89f5dd]
10  /opt/conda/envs/gdf/lib/libucp.so.0(ucp_worker_progress+0x5a) [0x7f7d4c95f89a]
11  /opt/conda/envs/gdf/lib/python3.9/site-packages/ucp/_libs/ucx_api.cpython-39-x86_64-linux-gnu.so(+0x3a5fa) [0x7f7d4ca205fa]
12  /opt/conda/envs/gdf/bin/python(_PyEval_EvalFrameDefault+0x37cb) [0x560272a2b6fb]
13  /opt/conda/envs/gdf/bin/python(+0x12f094) [0x560272a27094]
14  /opt/conda/envs/gdf/bin/python(_PyFunction_Vectorcall+0xd9) [0x560272a38519]
15  /opt/conda/envs/gdf/bin/python(_PyEval_EvalFrameDefault+0x696) [0x560272a285c6]
16  /opt/conda/envs/gdf/bin/python(+0x1e3162) [0x560272adb162]
17  /opt/conda/envs/gdf/lib/python3.9/lib-dynload/_asyncio.cpython-39-x86_64-linux-gnu.so(+0x81e9) [0x7f7de000e1e9]
18  /opt/conda/envs/gdf/bin/python(_PyObject_MakeTpCall+0x2ec) [0x560272a3077c]
19  /opt/conda/envs/gdf/bin/python(+0xead05) [0x5602729e2d05]
20  /opt/conda/envs/gdf/bin/python(+0x1377f3) [0x560272a2f7f3]
21  /opt/conda/envs/gdf/bin/python(_PyEval_EvalFrameDefault+0x59f9) [0x560272a2d929]
22  /opt/conda/envs/gdf/bin/python(+0x1407c2) [0x560272a387c2]
23  /opt/conda/envs/gdf/bin/python(_PyEval_EvalFrameDefault+0x696) [0x560272a285c6]
24  /opt/conda/envs/gdf/bin/python(+0x1407c2) [0x560272a387c2]
25  /opt/conda/envs/gdf/bin/python(_PyEval_EvalFrameDefault+0x696) [0x560272a285c6]
26  /opt/conda/envs/gdf/bin/python(+0x1407c2) [0x560272a387c2]
27  /opt/conda/envs/gdf/bin/python(_PyEval_EvalFrameDefault+0x696) [0x560272a285c6]
28  /opt/conda/envs/gdf/bin/python(+0x1407c2) [0x560272a387c2]
29  /opt/conda/envs/gdf/bin/python(_PyEval_EvalFrameDefault+0x696) [0x560272a285c6]
30  /opt/conda/envs/gdf/bin/python(+0x12f094) [0x560272a27094]
31  /opt/conda/envs/gdf/bin/python(_PyFunction_Vectorcall+0xd9) [0x560272a38519]
32  /opt/conda/envs/gdf/bin/python(_PyEval_EvalFrameDefault+0x11f8) [0x560272a29128]
33  /opt/conda/envs/gdf/bin/python(+0x12f094) [0x560272a27094]
34  /opt/conda/envs/gdf/bin/python(+0x14dccb) [0x560272a45ccb]
35  /opt/conda/envs/gdf/bin/python(PyObject_Call+0xbc) [0x560272a4644c]
36  /opt/conda/envs/gdf/bin/python(+0x21110e) [0x560272b0910e]
37  /opt/conda/envs/gdf/bin/python(_PyObject_MakeTpCall+0x2ec) [0x560272a3077c]
38  /opt/conda/envs/gdf/bin/python(_PyEval_EvalFrameDefault+0x37cb) [0x560272a2b6fb]
39  /opt/conda/envs/gdf/bin/python(+0x1407c2) [0x560272a387c2]
40  /opt/conda/envs/gdf/bin/python(+0x14ddac) [0x560272a45dac]
41  /opt/conda/envs/gdf/bin/python(_PyEval_EvalFrameDefault+0x37cb) [0x560272a2b6fb]
42  /opt/conda/envs/gdf/bin/python(+0x1407c2) [0x560272a387c2]
43  /opt/conda/envs/gdf/bin/python(_PyEval_EvalFrameDefault+0x696) [0x560272a285c6]
44  /opt/conda/envs/gdf/bin/python(+0x12f094) [0x560272a27094]
45  /opt/conda/envs/gdf/bin/python(_PyFunction_Vectorcall+0xd9) [0x560272a38519]
46  /opt/conda/envs/gdf/bin/python(_PyEval_EvalFrameDefault+0x696) [0x560272a285c6]
47  /opt/conda/envs/gdf/bin/python(+0x1407c2) [0x560272a387c2]
48  /opt/conda/envs/gdf/bin/python(_PyEval_EvalFrameDefault+0x3e2) [0x560272a28312]
49  /opt/conda/envs/gdf/bin/python(+0x12f094) [0x560272a27094]
50  /opt/conda/envs/gdf/bin/python(_PyFunction_Vectorcall+0xd9) [0x560272a38519]
51  /opt/conda/envs/gdf/bin/python(_PyEval_EvalFrameDefault+0x11f8) [0x560272a29128]
52  /opt/conda/envs/gdf/bin/python(+0x12f094) [0x560272a27094]
53  /opt/conda/envs/gdf/bin/python(_PyEval_EvalCodeWithName+0x48) [0x560272a26d68]
54  /opt/conda/envs/gdf/bin/python(PyEval_EvalCodeEx+0x39) [0x560272a26d19]
55  /opt/conda/envs/gdf/bin/python(PyEval_EvalCode+0x1b) [0x560272ad407b]
56  /opt/conda/envs/gdf/bin/python(+0x208fca) [0x560272b00fca]
57  /opt/conda/envs/gdf/bin/python(+0x205353) [0x560272afd353]
58  /opt/conda/envs/gdf/bin/python(PyRun_StringFlags+0x9a) [0x560272af516a]
59  /opt/conda/envs/gdf/bin/python(PyRun_SimpleStringFlags+0x3c) [0x560272af505c]
60  /opt/conda/envs/gdf/bin/python(Py_RunMain+0x267) [0x560272af4297]
61  /opt/conda/envs/gdf/bin/python(Py_BytesMain+0x37) [0x560272ac7f07]
=================================
==== backtrace (tid:  79367) ====
 0  /opt/conda/envs/gdf/lib/libucs.so.0(ucs_handle_error+0x2fd) [0x7ff4837af0cd]
 1  /opt/conda/envs/gdf/lib/libucs.so.0(+0x2a2c4) [0x7ff4837af2c4]
 2  /opt/conda/envs/gdf/lib/libucs.so.0(+0x2a48a) [0x7ff4837af48a]
 3  /usr/lib/x86_64-linux-gnu/libpthread.so.0(+0x14420) [0x7ff527dc3420]
 4  /opt/conda/envs/gdf/lib/libucp.so.0(ucp_mem_type_unpack+0x14) [0x7ff48382e674]
 5  /opt/conda/envs/gdf/lib/libucp.so.0(ucp_rndv_data_handler+0x4e9) [0x7ff4838577f9]
 6  /opt/conda/envs/gdf/lib/libuct.so.0(+0x203df) [0x7ff4837693df]
 7  /opt/conda/envs/gdf/lib/libuct.so.0(+0x23838) [0x7ff48376c838]
 8  /opt/conda/envs/gdf/lib/libucs.so.0(ucs_event_set_wait+0xb9) [0x7ff4837b84f9]
 9  /opt/conda/envs/gdf/lib/libuct.so.0(uct_tcp_iface_progress+0x7d) [0x7ff48376b5dd]
10  /opt/conda/envs/gdf/lib/libucp.so.0(ucp_worker_progress+0x5a) [0x7ff48382b89a]
11  /opt/conda/envs/gdf/lib/python3.9/site-packages/ucp/_libs/ucx_api.cpython-39-x86_64-linux-gnu.so(+0x3a5fa) [0x7ff4838ec5fa]
12  /opt/conda/envs/gdf/bin/python(_PyEval_EvalFrameDefault+0x37cb) [0x558c827f96fb]
13  /opt/conda/envs/gdf/bin/python(+0x12f094) [0x558c827f5094]
14  /opt/conda/envs/gdf/bin/python(_PyFunction_Vectorcall+0xd9) [0x558c82806519]
15  /opt/conda/envs/gdf/bin/python(_PyEval_EvalFrameDefault+0x696) [0x558c827f65c6]
16  /opt/conda/envs/gdf/bin/python(+0x1407c2) [0x558c828067c2]
17  /opt/conda/envs/gdf/bin/python(+0x14de83) [0x558c82813e83]
18  /opt/conda/envs/gdf/bin/python(+0x258b2c) [0x558c8291eb2c]
19  /opt/conda/envs/gdf/bin/python(+0xead05) [0x558c827b0d05]
20  /opt/conda/envs/gdf/bin/python(+0x1377f3) [0x558c827fd7f3]
21  /opt/conda/envs/gdf/bin/python(_PyEval_EvalFrameDefault+0x59f9) [0x558c827fb929]
22  /opt/conda/envs/gdf/bin/python(+0x1407c2) [0x558c828067c2]
23  /opt/conda/envs/gdf/bin/python(_PyEval_EvalFrameDefault+0x696) [0x558c827f65c6]
24  /opt/conda/envs/gdf/bin/python(+0x1407c2) [0x558c828067c2]
25  /opt/conda/envs/gdf/bin/python(_PyEval_EvalFrameDefault+0x696) [0x558c827f65c6]
26  /opt/conda/envs/gdf/bin/python(+0x1407c2) [0x558c828067c2]
27  /opt/conda/envs/gdf/bin/python(_PyEval_EvalFrameDefault+0x696) [0x558c827f65c6]
28  /opt/conda/envs/gdf/bin/python(+0x1407c2) [0x558c828067c2]
29  /opt/conda/envs/gdf/bin/python(_PyEval_EvalFrameDefault+0x696) [0x558c827f65c6]
30  /opt/conda/envs/gdf/bin/python(+0x12f094) [0x558c827f5094]
31  /opt/conda/envs/gdf/bin/python(_PyFunction_Vectorcall+0xd9) [0x558c82806519]
32  /opt/conda/envs/gdf/bin/python(_PyEval_EvalFrameDefault+0x11f8) [0x558c827f7128]
33  /opt/conda/envs/gdf/bin/python(+0x12f094) [0x558c827f5094]
34  /opt/conda/envs/gdf/bin/python(+0x14dccb) [0x558c82813ccb]
35  /opt/conda/envs/gdf/bin/python(PyObject_Call+0xbc) [0x558c8281444c]
36  /opt/conda/envs/gdf/bin/python(+0x21110e) [0x558c828d710e]
37  /opt/conda/envs/gdf/bin/python(_PyObject_MakeTpCall+0x2ec) [0x558c827fe77c]
38  /opt/conda/envs/gdf/bin/python(_PyEval_EvalFrameDefault+0x37cb) [0x558c827f96fb]
39  /opt/conda/envs/gdf/bin/python(+0x1407c2) [0x558c828067c2]
40  /opt/conda/envs/gdf/bin/python(+0x14ddac) [0x558c82813dac]
41  /opt/conda/envs/gdf/bin/python(_PyEval_EvalFrameDefault+0x37cb) [0x558c827f96fb]
42  /opt/conda/envs/gdf/bin/python(+0x1407c2) [0x558c828067c2]
43  /opt/conda/envs/gdf/bin/python(_PyEval_EvalFrameDefault+0x696) [0x558c827f65c6]
44  /opt/conda/envs/gdf/bin/python(+0x12f094) [0x558c827f5094]
45  /opt/conda/envs/gdf/bin/python(_PyFunction_Vectorcall+0xd9) [0x558c82806519]
46  /opt/conda/envs/gdf/bin/python(_PyEval_EvalFrameDefault+0x696) [0x558c827f65c6]
47  /opt/conda/envs/gdf/bin/python(+0x1407c2) [0x558c828067c2]
48  /opt/conda/envs/gdf/bin/python(_PyEval_EvalFrameDefault+0x3e2) [0x558c827f6312]
49  /opt/conda/envs/gdf/bin/python(+0x12f094) [0x558c827f5094]
50  /opt/conda/envs/gdf/bin/python(_PyFunction_Vectorcall+0xd9) [0x558c82806519]
51  /opt/conda/envs/gdf/bin/python(_PyEval_EvalFrameDefault+0x11f8) [0x558c827f7128]
52  /opt/conda/envs/gdf/bin/python(+0x12f094) [0x558c827f5094]
53  /opt/conda/envs/gdf/bin/python(_PyEval_EvalCodeWithName+0x48) [0x558c827f4d68]
54  /opt/conda/envs/gdf/bin/python(PyEval_EvalCodeEx+0x39) [0x558c827f4d19]
55  /opt/conda/envs/gdf/bin/python(PyEval_EvalCode+0x1b) [0x558c828a207b]
56  /opt/conda/envs/gdf/bin/python(+0x208fca) [0x558c828cefca]
57  /opt/conda/envs/gdf/bin/python(+0x205353) [0x558c828cb353]
58  /opt/conda/envs/gdf/bin/python(PyRun_StringFlags+0x9a) [0x558c828c316a]
59  /opt/conda/envs/gdf/bin/python(PyRun_SimpleStringFlags+0x3c) [0x558c828c305c]
60  /opt/conda/envs/gdf/bin/python(Py_RunMain+0x267) [0x558c828c2297]
61  /opt/conda/envs/gdf/bin/python(Py_BytesMain+0x37) [0x558c82895f07]
=================================
2023-09-18 07:35:20,219 - distributed.nanny - WARNING - Restarting worker
2023-09-18 07:35:20,218 - distributed.worker - ERROR - Worker stream died during communication: ucx://127.0.0.1:60949
Traceback (most recent call last):
  File "/opt/conda/envs/gdf/lib/python3.9/site-packages/distributed/comm/ucx.py", line 471, in connect
    ep = await ucp.create_endpoint(ip, port)
  File "/opt/conda/envs/gdf/lib/python3.9/site-packages/ucp/core.py", line 1004, in create_endpoint
    return await _get_ctx().create_endpoint(
  File "/opt/conda/envs/gdf/lib/python3.9/site-packages/ucp/core.py", line 316, in create_endpoint
    peer_info = await exchange_peer_info(
  File "/opt/conda/envs/gdf/lib/python3.9/site-packages/ucp/core.py", line 54, in exchange_peer_info
    await comm.stream_recv(endpoint, peer_info_arr, peer_info_arr.nbytes)
ucp._libs.exceptions.UCXError: <stream_recv>: Connection reset by remote peer

During handling of the above exception, another exception occurred:

Traceback (most recent call last):
  File "/opt/conda/envs/gdf/lib/python3.9/site-packages/distributed/comm/core.py", line 342, in connect
    comm = await wait_for(
  File "/opt/conda/envs/gdf/lib/python3.9/site-packages/distributed/utils.py", line 1920, in wait_for
    return await asyncio.wait_for(fut, timeout)
  File "/opt/conda/envs/gdf/lib/python3.9/asyncio/tasks.py", line 479, in wait_for
    return fut.result()
  File "/opt/conda/envs/gdf/lib/python3.9/site-packages/distributed/comm/ucx.py", line 473, in connect
    raise CommClosedError("Connection closed before handshake completed")
distributed.comm.core.CommClosedError: Connection closed before handshake completed

During handling of the above exception, another exception occurred:

Traceback (most recent call last):
  File "/opt/conda/envs/gdf/lib/python3.9/site-packages/distributed/core.py", line 1516, in _connect
    comm = await connect(
  File "/opt/conda/envs/gdf/lib/python3.9/site-packages/distributed/comm/core.py", line 366, in connect
    await asyncio.sleep(backoff)
  File "/opt/conda/envs/gdf/lib/python3.9/asyncio/tasks.py", line 652, in sleep
    return await future
asyncio.exceptions.CancelledError

During handling of the above exception, another exception occurred:

Traceback (most recent call last):
  File "/opt/conda/envs/gdf/lib/python3.9/site-packages/distributed/core.py", line 1626, in connect
    return connect_attempt.result()
asyncio.exceptions.CancelledError

During handling of the above exception, another exception occurred:

Traceback (most recent call last):
  File "/opt/conda/envs/gdf/lib/python3.9/site-packages/distributed/worker.py", line 2059, in gather_dep
    response = await get_data_from_worker(
  File "/opt/conda/envs/gdf/lib/python3.9/site-packages/distributed/worker.py", line 2849, in get_data_from_worker
    comm = await rpc.connect(worker)
  File "/opt/conda/envs/gdf/lib/python3.9/site-packages/distributed/core.py", line 1628, in connect
    raise CommClosedError(reason)
distributed.comm.core.CommClosedError: Address removed.
2023-09-18 07:35:20,221 - distributed.worker - ERROR - Worker stream died during communication: ucx://127.0.0.1:60949
Traceback (most recent call last):
  File "/opt/conda/envs/gdf/lib/python3.9/site-packages/distributed/core.py", line 1510, in _connect
    async def _connect(self, addr: str, timeout: float | None = None) -> Comm:
asyncio.exceptions.CancelledError

During handling of the above exception, another exception occurred:

Traceback (most recent call last):
  File "/opt/conda/envs/gdf/lib/python3.9/site-packages/distributed/core.py", line 1626, in connect
    return connect_attempt.result()
asyncio.exceptions.CancelledError

During handling of the above exception, another exception occurred:

Traceback (most recent call last):
  File "/opt/conda/envs/gdf/lib/python3.9/site-packages/distributed/worker.py", line 2059, in gather_dep
    response = await get_data_from_worker(
  File "/opt/conda/envs/gdf/lib/python3.9/site-packages/distributed/worker.py", line 2849, in get_data_from_worker
    comm = await rpc.connect(worker)
  File "/opt/conda/envs/gdf/lib/python3.9/site-packages/distributed/core.py", line 1628, in connect
    raise CommClosedError(reason)
distributed.comm.core.CommClosedError: Address removed.
2023-09-18 07:35:20,276 - distributed.nanny - WARNING - Restarting worker
[dgx13:79490:0:79490] Caught signal 11 (Segmentation fault: address not mapped to object at address 0x448)
==== backtrace (tid:  79490) ====
 0  /opt/conda/envs/gdf/lib/libucs.so.0(ucs_handle_error+0x2fd) [0x7fab247f90cd]
 1  /opt/conda/envs/gdf/lib/libucs.so.0(+0x2a2c4) [0x7fab247f92c4]
 2  /opt/conda/envs/gdf/lib/libucs.so.0(+0x2a48a) [0x7fab247f948a]
 3  /usr/lib/x86_64-linux-gnu/libpthread.so.0(+0x14420) [0x7fabb6de3420]
 4  /opt/conda/envs/gdf/lib/libucp.so.0(ucp_mem_type_unpack+0x14) [0x7fab24878674]
 5  /opt/conda/envs/gdf/lib/libucp.so.0(ucp_rndv_data_handler+0x4e9) [0x7fab248a17f9]
 6  /opt/conda/envs/gdf/lib/libuct.so.0(+0x203df) [0x7fab247b33df]
 7  /opt/conda/envs/gdf/lib/libuct.so.0(+0x23838) [0x7fab247b6838]
 8  /opt/conda/envs/gdf/lib/libucs.so.0(ucs_event_set_wait+0xb9) [0x7fab248024f9]
 9  /opt/conda/envs/gdf/lib/libuct.so.0(uct_tcp_iface_progress+0x7d) [0x7fab247b55dd]
10  /opt/conda/envs/gdf/lib/libucp.so.0(ucp_worker_progress+0x5a) [0x7fab2487589a]
11  /opt/conda/envs/gdf/lib/python3.9/site-packages/ucp/_libs/ucx_api.cpython-39-x86_64-linux-gnu.so(+0x3a5fa) [0x7fab249365fa]
12  /opt/conda/envs/gdf/bin/python(_PyEval_EvalFrameDefault+0x37cb) [0x55846ab156fb]
13  /opt/conda/envs/gdf/bin/python(+0x12f094) [0x55846ab11094]
14  /opt/conda/envs/gdf/bin/python(_PyFunction_Vectorcall+0xd9) [0x55846ab22519]
15  /opt/conda/envs/gdf/bin/python(_PyEval_EvalFrameDefault+0x696) [0x55846ab125c6]
16  /opt/conda/envs/gdf/bin/python(+0x1e3162) [0x55846abc5162]
17  /opt/conda/envs/gdf/lib/python3.9/lib-dynload/_asyncio.cpython-39-x86_64-linux-gnu.so(+0x81e9) [0x7fab3786b1e9]
18  /opt/conda/envs/gdf/bin/python(_PyObject_MakeTpCall+0x2ec) [0x55846ab1a77c]
19  /opt/conda/envs/gdf/bin/python(+0xead05) [0x55846aaccd05]
20  /opt/conda/envs/gdf/bin/python(+0x1377f3) [0x55846ab197f3]
21  /opt/conda/envs/gdf/bin/python(_PyEval_EvalFrameDefault+0x59f9) [0x55846ab17929]
22  /opt/conda/envs/gdf/bin/python(+0x1407c2) [0x55846ab227c2]
23  /opt/conda/envs/gdf/bin/python(_PyEval_EvalFrameDefault+0x696) [0x55846ab125c6]
24  /opt/conda/envs/gdf/bin/python(+0x1407c2) [0x55846ab227c2]
25  /opt/conda/envs/gdf/bin/python(_PyEval_EvalFrameDefault+0x696) [0x55846ab125c6]
26  /opt/conda/envs/gdf/bin/python(+0x1407c2) [0x55846ab227c2]
27  /opt/conda/envs/gdf/bin/python(_PyEval_EvalFrameDefault+0x696) [0x55846ab125c6]
28  /opt/conda/envs/gdf/bin/python(+0x1407c2) [0x55846ab227c2]
29  /opt/conda/envs/gdf/bin/python(_PyEval_EvalFrameDefault+0x696) [0x55846ab125c6]
30  /opt/conda/envs/gdf/bin/python(+0x12f094) [0x55846ab11094]
31  /opt/conda/envs/gdf/bin/python(_PyFunction_Vectorcall+0xd9) [0x55846ab22519]
32  /opt/conda/envs/gdf/bin/python(_PyEval_EvalFrameDefault+0x11f8) [0x55846ab13128]
33  /opt/conda/envs/gdf/bin/python(+0x12f094) [0x55846ab11094]
34  /opt/conda/envs/gdf/bin/python(+0x14dccb) [0x55846ab2fccb]
35  /opt/conda/envs/gdf/bin/python(PyObject_Call+0xbc) [0x55846ab3044c]
36  /opt/conda/envs/gdf/bin/python(+0x21110e) [0x55846abf310e]
37  /opt/conda/envs/gdf/bin/python(_PyObject_MakeTpCall+0x2ec) [0x55846ab1a77c]
38  /opt/conda/envs/gdf/bin/python(_PyEval_EvalFrameDefault+0x37cb) [0x55846ab156fb]
39  /opt/conda/envs/gdf/bin/python(+0x1407c2) [0x55846ab227c2]
40  /opt/conda/envs/gdf/bin/python(+0x14ddac) [0x55846ab2fdac]
41  /opt/conda/envs/gdf/bin/python(_PyEval_EvalFrameDefault+0x37cb) [0x55846ab156fb]
42  /opt/conda/envs/gdf/bin/python(+0x1407c2) [0x55846ab227c2]
43  /opt/conda/envs/gdf/bin/python(_PyEval_EvalFrameDefault+0x696) [0x55846ab125c6]
44  /opt/conda/envs/gdf/bin/python(+0x12f094) [0x55846ab11094]
45  /opt/conda/envs/gdf/bin/python(_PyFunction_Vectorcall+0xd9) [0x55846ab22519]
46  /opt/conda/envs/gdf/bin/python(_PyEval_EvalFrameDefault+0x696) [0x55846ab125c6]
47  /opt/conda/envs/gdf/bin/python(+0x1407c2) [0x55846ab227c2]
48  /opt/conda/envs/gdf/bin/python(_PyEval_EvalFrameDefault+0x3e2) [0x55846ab12312]
49  /opt/conda/envs/gdf/bin/python(+0x12f094) [0x55846ab11094]
50  /opt/conda/envs/gdf/bin/python(_PyFunction_Vectorcall+0xd9) [0x55846ab22519]
51  /opt/conda/envs/gdf/bin/python(_PyEval_EvalFrameDefault+0x11f8) [0x55846ab13128]
52  /opt/conda/envs/gdf/bin/python(+0x12f094) [0x55846ab11094]
53  /opt/conda/envs/gdf/bin/python(_PyEval_EvalCodeWithName+0x48) [0x55846ab10d68]
54  /opt/conda/envs/gdf/bin/python(PyEval_EvalCodeEx+0x39) [0x55846ab10d19]
55  /opt/conda/envs/gdf/bin/python(PyEval_EvalCode+0x1b) [0x55846abbe07b]
56  /opt/conda/envs/gdf/bin/python(+0x208fca) [0x55846abeafca]
57  /opt/conda/envs/gdf/bin/python(+0x205353) [0x55846abe7353]
58  /opt/conda/envs/gdf/bin/python(PyRun_StringFlags+0x9a) [0x55846abdf16a]
59  /opt/conda/envs/gdf/bin/python(PyRun_SimpleStringFlags+0x3c) [0x55846abdf05c]
60  /opt/conda/envs/gdf/bin/python(Py_RunMain+0x267) [0x55846abde297]
61  /opt/conda/envs/gdf/bin/python(Py_BytesMain+0x37) [0x55846abb1f07]
=================================
2023-09-18 07:35:20,567 - distributed.worker - ERROR - failed during get data with ucx://127.0.0.1:55105 -> ucx://127.0.0.1:51723
Traceback (most recent call last):
  File "/opt/conda/envs/gdf/lib/python3.9/site-packages/distributed/comm/ucx.py", line 338, in write
    await self.ep.send(each_frame)
  File "/opt/conda/envs/gdf/lib/python3.9/site-packages/ucp/core.py", line 650, in send
    return await comm.tag_send(self._ep, buffer, nbytes, tag, name=log)
ucp._libs.exceptions.UCXError: <[Send #007] ep: 0x7f174531e140, tag: 0x3c9bb7d6d0f350f9, nbytes: 50000000, type: <class 'cupy.ndarray'>>: Connection reset by remote peer

During handling of the above exception, another exception occurred:

Traceback (most recent call last):
  File "/opt/conda/envs/gdf/lib/python3.9/site-packages/distributed/worker.py", line 1782, in get_data
    compressed = await comm.write(msg, serializers=serializers)
  File "/opt/conda/envs/gdf/lib/python3.9/site-packages/distributed/utils.py", line 803, in wrapper
    return await func(*args, **kwargs)
  File "/opt/conda/envs/gdf/lib/python3.9/site-packages/distributed/comm/ucx.py", line 342, in write
    raise CommClosedError("While writing, the connection was closed")
distributed.comm.core.CommClosedError: While writing, the connection was closed
2023-09-18 07:35:20,568 - distributed.worker - ERROR - Worker stream died during communication: ucx://127.0.0.1:51723
Traceback (most recent call last):
  File "/opt/conda/envs/gdf/lib/python3.9/site-packages/distributed/comm/ucx.py", line 354, in read
    await self.ep.recv(msg)
  File "/opt/conda/envs/gdf/lib/python3.9/site-packages/ucp/core.py", line 725, in recv
    ret = await comm.tag_recv(self._ep, buffer, nbytes, tag, name=log)
ucp._libs.exceptions.UCXCanceled: <[Recv #003] ep: 0x7f174531e100, tag: 0xf175a2598afadee1, nbytes: 16, type: <class 'numpy.ndarray'>>: 

During handling of the above exception, another exception occurred:

Traceback (most recent call last):
  File "/opt/conda/envs/gdf/lib/python3.9/site-packages/distributed/worker.py", line 2059, in gather_dep
    response = await get_data_from_worker(
  File "/opt/conda/envs/gdf/lib/python3.9/site-packages/distributed/worker.py", line 2852, in get_data_from_worker
    response = await send_recv(
  File "/opt/conda/envs/gdf/lib/python3.9/site-packages/distributed/core.py", line 1106, in send_recv
    response = await comm.read(deserializers=deserializers)
  File "/opt/conda/envs/gdf/lib/python3.9/site-packages/distributed/utils.py", line 803, in wrapper
    return await func(*args, **kwargs)
  File "/opt/conda/envs/gdf/lib/python3.9/site-packages/distributed/comm/ucx.py", line 372, in read
    raise CommClosedError(
distributed.comm.core.CommClosedError: Connection closed by writer.
Inner exception: UCXCanceled("<[Recv #003] ep: 0x7f174531e100, tag: 0xf175a2598afadee1, nbytes: 16, type: <class 'numpy.ndarray'>>: ")
2023-09-18 07:35:20,567 - distributed.worker - ERROR - Worker stream died during communication: ucx://127.0.0.1:51723
Traceback (most recent call last):
  File "/opt/conda/envs/gdf/lib/python3.9/site-packages/distributed/comm/ucx.py", line 354, in read
    await self.ep.recv(msg)
  File "/opt/conda/envs/gdf/lib/python3.9/site-packages/ucp/core.py", line 725, in recv
    ret = await comm.tag_recv(self._ep, buffer, nbytes, tag, name=log)
ucp._libs.exceptions.UCXCanceled: <[Recv #003] ep: 0x7fc1285db180, tag: 0x989071e0cfcb1eed, nbytes: 16, type: <class 'numpy.ndarray'>>: 

During handling of the above exception, another exception occurred:

Traceback (most recent call last):
  File "/opt/conda/envs/gdf/lib/python3.9/site-packages/distributed/worker.py", line 2059, in gather_dep
    response = await get_data_from_worker(
  File "/opt/conda/envs/gdf/lib/python3.9/site-packages/distributed/worker.py", line 2852, in get_data_from_worker
    response = await send_recv(
  File "/opt/conda/envs/gdf/lib/python3.9/site-packages/distributed/core.py", line 1106, in send_recv
    response = await comm.read(deserializers=deserializers)
  File "/opt/conda/envs/gdf/lib/python3.9/site-packages/distributed/utils.py", line 803, in wrapper
    return await func(*args, **kwargs)
  File "/opt/conda/envs/gdf/lib/python3.9/site-packages/distributed/comm/ucx.py", line 372, in read
    raise CommClosedError(
distributed.comm.core.CommClosedError: Connection closed by writer.
Inner exception: UCXCanceled("<[Recv #003] ep: 0x7fc1285db180, tag: 0x989071e0cfcb1eed, nbytes: 16, type: <class 'numpy.ndarray'>>: ")
2023-09-18 07:35:20,614 - distributed.nanny - WARNING - Restarting worker
[dgx13:79480:0:79480] Caught signal 11 (Segmentation fault: address not mapped to object at address 0x448)
==== backtrace (tid:  79480) ====
 0  /opt/conda/envs/gdf/lib/libucs.so.0(ucs_handle_error+0x2fd) [0x7fc1288880cd]
 1  /opt/conda/envs/gdf/lib/libucs.so.0(+0x2a2c4) [0x7fc1288882c4]
 2  /opt/conda/envs/gdf/lib/libucs.so.0(+0x2a48a) [0x7fc12888848a]
 3  /usr/lib/x86_64-linux-gnu/libpthread.so.0(+0x14420) [0x7fc1bae90420]
 4  /opt/conda/envs/gdf/lib/libucp.so.0(ucp_mem_type_unpack+0x14) [0x7fc128907674]
 5  /opt/conda/envs/gdf/lib/libucp.so.0(ucp_rndv_data_handler+0x4e9) [0x7fc1289307f9]
 6  /opt/conda/envs/gdf/lib/libuct.so.0(+0x203df) [0x7fc1288423df]
 7  /opt/conda/envs/gdf/lib/libuct.so.0(+0x23838) [0x7fc128845838]
 8  /opt/conda/envs/gdf/lib/libucs.so.0(ucs_event_set_wait+0xb9) [0x7fc1288914f9]
 9  /opt/conda/envs/gdf/lib/libuct.so.0(uct_tcp_iface_progress+0x7d) [0x7fc1288445dd]
10  /opt/conda/envs/gdf/lib/libucp.so.0(ucp_worker_progress+0x5a) [0x7fc12890489a]
11  /opt/conda/envs/gdf/lib/python3.9/site-packages/ucp/_libs/ucx_api.cpython-39-x86_64-linux-gnu.so(+0x3a5fa) [0x7fc1289c55fa]
12  /opt/conda/envs/gdf/bin/python(_PyEval_EvalFrameDefault+0x37cb) [0x559a916d06fb]
13  /opt/conda/envs/gdf/bin/python(+0x12f094) [0x559a916cc094]
14  /opt/conda/envs/gdf/bin/python(_PyFunction_Vectorcall+0xd9) [0x559a916dd519]
15  /opt/conda/envs/gdf/bin/python(_PyEval_EvalFrameDefault+0x696) [0x559a916cd5c6]
16  /opt/conda/envs/gdf/bin/python(+0x1407c2) [0x559a916dd7c2]
17  /opt/conda/envs/gdf/bin/python(+0x14de83) [0x559a916eae83]
18  /opt/conda/envs/gdf/bin/python(+0x258b2c) [0x559a917f5b2c]
19  /opt/conda/envs/gdf/bin/python(+0xead05) [0x559a91687d05]
20  /opt/conda/envs/gdf/bin/python(+0x1377f3) [0x559a916d47f3]
21  /opt/conda/envs/gdf/bin/python(_PyEval_EvalFrameDefault+0x59f9) [0x559a916d2929]
22  /opt/conda/envs/gdf/bin/python(+0x1407c2) [0x559a916dd7c2]
23  /opt/conda/envs/gdf/bin/python(_PyEval_EvalFrameDefault+0x696) [0x559a916cd5c6]
24  /opt/conda/envs/gdf/bin/python(+0x1407c2) [0x559a916dd7c2]
25  /opt/conda/envs/gdf/bin/python(_PyEval_EvalFrameDefault+0x696) [0x559a916cd5c6]
26  /opt/conda/envs/gdf/bin/python(+0x1407c2) [0x559a916dd7c2]
27  /opt/conda/envs/gdf/bin/python(_PyEval_EvalFrameDefault+0x696) [0x559a916cd5c6]
28  /opt/conda/envs/gdf/bin/python(+0x1407c2) [0x559a916dd7c2]
29  /opt/conda/envs/gdf/bin/python(_PyEval_EvalFrameDefault+0x696) [0x559a916cd5c6]
30  /opt/conda/envs/gdf/bin/python(+0x12f094) [0x559a916cc094]
31  /opt/conda/envs/gdf/bin/python(_PyFunction_Vectorcall+0xd9) [0x559a916dd519]
32  /opt/conda/envs/gdf/bin/python(_PyEval_EvalFrameDefault+0x11f8) [0x559a916ce128]
33  /opt/conda/envs/gdf/bin/python(+0x12f094) [0x559a916cc094]
34  /opt/conda/envs/gdf/bin/python(+0x14dccb) [0x559a916eaccb]
35  /opt/conda/envs/gdf/bin/python(PyObject_Call+0xbc) [0x559a916eb44c]
36  /opt/conda/envs/gdf/bin/python(+0x21110e) [0x559a917ae10e]
37  /opt/conda/envs/gdf/bin/python(_PyObject_MakeTpCall+0x2ec) [0x559a916d577c]
38  /opt/conda/envs/gdf/bin/python(_PyEval_EvalFrameDefault+0x37cb) [0x559a916d06fb]
39  /opt/conda/envs/gdf/bin/python(+0x1407c2) [0x559a916dd7c2]
40  /opt/conda/envs/gdf/bin/python(+0x14ddac) [0x559a916eadac]
41  /opt/conda/envs/gdf/bin/python(_PyEval_EvalFrameDefault+0x37cb) [0x559a916d06fb]
42  /opt/conda/envs/gdf/bin/python(+0x1407c2) [0x559a916dd7c2]
43  /opt/conda/envs/gdf/bin/python(_PyEval_EvalFrameDefault+0x696) [0x559a916cd5c6]
44  /opt/conda/envs/gdf/bin/python(+0x12f094) [0x559a916cc094]
45  /opt/conda/envs/gdf/bin/python(_PyFunction_Vectorcall+0xd9) [0x559a916dd519]
46  /opt/conda/envs/gdf/bin/python(_PyEval_EvalFrameDefault+0x696) [0x559a916cd5c6]
47  /opt/conda/envs/gdf/bin/python(+0x1407c2) [0x559a916dd7c2]
48  /opt/conda/envs/gdf/bin/python(_PyEval_EvalFrameDefault+0x3e2) [0x559a916cd312]
49  /opt/conda/envs/gdf/bin/python(+0x12f094) [0x559a916cc094]
50  /opt/conda/envs/gdf/bin/python(_PyFunction_Vectorcall+0xd9) [0x559a916dd519]
51  /opt/conda/envs/gdf/bin/python(_PyEval_EvalFrameDefault+0x11f8) [0x559a916ce128]
52  /opt/conda/envs/gdf/bin/python(+0x12f094) [0x559a916cc094]
53  /opt/conda/envs/gdf/bin/python(_PyEval_EvalCodeWithName+0x48) [0x559a916cbd68]
54  /opt/conda/envs/gdf/bin/python(PyEval_EvalCodeEx+0x39) [0x559a916cbd19]
55  /opt/conda/envs/gdf/bin/python(PyEval_EvalCode+0x1b) [0x559a9177907b]
56  /opt/conda/envs/gdf/bin/python(+0x208fca) [0x559a917a5fca]
57  /opt/conda/envs/gdf/bin/python(+0x205353) [0x559a917a2353]
58  /opt/conda/envs/gdf/bin/python(PyRun_StringFlags+0x9a) [0x559a9179a16a]
59  /opt/conda/envs/gdf/bin/python(PyRun_SimpleStringFlags+0x3c) [0x559a9179a05c]
60  /opt/conda/envs/gdf/bin/python(Py_RunMain+0x267) [0x559a91799297]
61  /opt/conda/envs/gdf/bin/python(Py_BytesMain+0x37) [0x559a9176cf07]
=================================
2023-09-18 07:35:21,072 - distributed.worker - ERROR - failed during get data with ucx://127.0.0.1:36399 -> ucx://127.0.0.1:52947
Traceback (most recent call last):
  File "/opt/conda/envs/gdf/lib/python3.9/site-packages/distributed/comm/ucx.py", line 338, in write
    await self.ep.send(each_frame)
  File "/opt/conda/envs/gdf/lib/python3.9/site-packages/ucp/core.py", line 650, in send
    return await comm.tag_send(self._ep, buffer, nbytes, tag, name=log)
ucp._libs.exceptions.UCXError: <[Send #017] ep: 0x7f6d51634180, tag: 0x74d00cbefced46f5, nbytes: 50000000, type: <class 'cupy.ndarray'>>: Connection reset by remote peer

During handling of the above exception, another exception occurred:

Traceback (most recent call last):
  File "/opt/conda/envs/gdf/lib/python3.9/site-packages/distributed/worker.py", line 1782, in get_data
    compressed = await comm.write(msg, serializers=serializers)
  File "/opt/conda/envs/gdf/lib/python3.9/site-packages/distributed/utils.py", line 803, in wrapper
    return await func(*args, **kwargs)
  File "/opt/conda/envs/gdf/lib/python3.9/site-packages/distributed/comm/ucx.py", line 342, in write
    raise CommClosedError("While writing, the connection was closed")
distributed.comm.core.CommClosedError: While writing, the connection was closed
2023-09-18 07:35:21,073 - distributed.worker - ERROR - Worker stream died during communication: ucx://127.0.0.1:52947
Traceback (most recent call last):
  File "/opt/conda/envs/gdf/lib/python3.9/site-packages/distributed/comm/ucx.py", line 354, in read
    await self.ep.recv(msg)
  File "/opt/conda/envs/gdf/lib/python3.9/site-packages/ucp/core.py", line 725, in recv
    ret = await comm.tag_recv(self._ep, buffer, nbytes, tag, name=log)
ucp._libs.exceptions.UCXCanceled: <[Recv #064] ep: 0x7f174531e0c0, tag: 0x23740147e5995b22, nbytes: 16, type: <class 'numpy.ndarray'>>: 

During handling of the above exception, another exception occurred:

Traceback (most recent call last):
  File "/opt/conda/envs/gdf/lib/python3.9/site-packages/distributed/worker.py", line 2059, in gather_dep
    response = await get_data_from_worker(
  File "/opt/conda/envs/gdf/lib/python3.9/site-packages/distributed/worker.py", line 2852, in get_data_from_worker
    response = await send_recv(
  File "/opt/conda/envs/gdf/lib/python3.9/site-packages/distributed/core.py", line 1106, in send_recv
    response = await comm.read(deserializers=deserializers)
  File "/opt/conda/envs/gdf/lib/python3.9/site-packages/distributed/utils.py", line 803, in wrapper
    return await func(*args, **kwargs)
  File "/opt/conda/envs/gdf/lib/python3.9/site-packages/distributed/comm/ucx.py", line 372, in read
    raise CommClosedError(
distributed.comm.core.CommClosedError: Connection closed by writer.
Inner exception: UCXCanceled("<[Recv #064] ep: 0x7f174531e0c0, tag: 0x23740147e5995b22, nbytes: 16, type: <class 'numpy.ndarray'>>: ")
2023-09-18 07:35:21,116 - distributed.nanny - WARNING - Restarting worker
[dgx13:79574:0:79574] Caught signal 11 (Segmentation fault: address not mapped to object at address 0x448)
==== backtrace (tid:  79574) ====
 0  /opt/conda/envs/gdf/lib/libucs.so.0(ucs_handle_error+0x2fd) [0x7fc8281680cd]
 1  /opt/conda/envs/gdf/lib/libucs.so.0(+0x2a2c4) [0x7fc8281682c4]
 2  /opt/conda/envs/gdf/lib/libucs.so.0(+0x2a48a) [0x7fc82816848a]
 3  /usr/lib/x86_64-linux-gnu/libpthread.so.0(+0x14420) [0x7fc8ba750420]
 4  /opt/conda/envs/gdf/lib/libucp.so.0(ucp_mem_type_unpack+0x14) [0x7fc8281e7674]
 5  /opt/conda/envs/gdf/lib/libucp.so.0(ucp_rndv_data_handler+0x4e9) [0x7fc8282107f9]
 6  /opt/conda/envs/gdf/lib/libuct.so.0(+0x203df) [0x7fc8281223df]
 7  /opt/conda/envs/gdf/lib/libuct.so.0(+0x23838) [0x7fc828125838]
 8  /opt/conda/envs/gdf/lib/libucs.so.0(ucs_event_set_wait+0xb9) [0x7fc8281714f9]
 9  /opt/conda/envs/gdf/lib/libuct.so.0(uct_tcp_iface_progress+0x7d) [0x7fc8281245dd]
10  /opt/conda/envs/gdf/lib/libucp.so.0(ucp_worker_progress+0x5a) [0x7fc8281e489a]
11  /opt/conda/envs/gdf/lib/python3.9/site-packages/ucp/_libs/ucx_api.cpython-39-x86_64-linux-gnu.so(+0x3a5fa) [0x7fc8282a55fa]
12  /opt/conda/envs/gdf/bin/python(_PyEval_EvalFrameDefault+0x37cb) [0x55c36daa96fb]
13  /opt/conda/envs/gdf/bin/python(+0x12f094) [0x55c36daa5094]
14  /opt/conda/envs/gdf/bin/python(_PyFunction_Vectorcall+0xd9) [0x55c36dab6519]
15  /opt/conda/envs/gdf/bin/python(_PyEval_EvalFrameDefault+0x696) [0x55c36daa65c6]
16  /opt/conda/envs/gdf/bin/python(+0x1407c2) [0x55c36dab67c2]
17  /opt/conda/envs/gdf/bin/python(+0x14de83) [0x55c36dac3e83]
18  /opt/conda/envs/gdf/bin/python(+0x258b2c) [0x55c36dbceb2c]
19  /opt/conda/envs/gdf/bin/python(+0xead05) [0x55c36da60d05]
20  /opt/conda/envs/gdf/bin/python(+0x1377f3) [0x55c36daad7f3]
21  /opt/conda/envs/gdf/bin/python(_PyEval_EvalFrameDefault+0x59f9) [0x55c36daab929]
22  /opt/conda/envs/gdf/bin/python(+0x1407c2) [0x55c36dab67c2]
23  /opt/conda/envs/gdf/bin/python(_PyEval_EvalFrameDefault+0x696) [0x55c36daa65c6]
24  /opt/conda/envs/gdf/bin/python(+0x1407c2) [0x55c36dab67c2]
25  /opt/conda/envs/gdf/bin/python(_PyEval_EvalFrameDefault+0x696) [0x55c36daa65c6]
26  /opt/conda/envs/gdf/bin/python(+0x1407c2) [0x55c36dab67c2]
27  /opt/conda/envs/gdf/bin/python(_PyEval_EvalFrameDefault+0x696) [0x55c36daa65c6]
28  /opt/conda/envs/gdf/bin/python(+0x1407c2) [0x55c36dab67c2]
29  /opt/conda/envs/gdf/bin/python(_PyEval_EvalFrameDefault+0x696) [0x55c36daa65c6]
30  /opt/conda/envs/gdf/bin/python(+0x12f094) [0x55c36daa5094]
31  /opt/conda/envs/gdf/bin/python(_PyFunction_Vectorcall+0xd9) [0x55c36dab6519]
32  /opt/conda/envs/gdf/bin/python(_PyEval_EvalFrameDefault+0x11f8) [0x55c36daa7128]
33  /opt/conda/envs/gdf/bin/python(+0x12f094) [0x55c36daa5094]
34  /opt/conda/envs/gdf/bin/python(+0x14dccb) [0x55c36dac3ccb]
35  /opt/conda/envs/gdf/bin/python(PyObject_Call+0xbc) [0x55c36dac444c]
36  /opt/conda/envs/gdf/bin/python(+0x21110e) [0x55c36db8710e]
37  /opt/conda/envs/gdf/bin/python(_PyObject_MakeTpCall+0x2ec) [0x55c36daae77c]
38  /opt/conda/envs/gdf/bin/python(_PyEval_EvalFrameDefault+0x37cb) [0x55c36daa96fb]
39  /opt/conda/envs/gdf/bin/python(+0x1407c2) [0x55c36dab67c2]
40  /opt/conda/envs/gdf/bin/python(+0x14ddac) [0x55c36dac3dac]
41  /opt/conda/envs/gdf/bin/python(_PyEval_EvalFrameDefault+0x37cb) [0x55c36daa96fb]
42  /opt/conda/envs/gdf/bin/python(+0x1407c2) [0x55c36dab67c2]
43  /opt/conda/envs/gdf/bin/python(_PyEval_EvalFrameDefault+0x696) [0x55c36daa65c6]
44  /opt/conda/envs/gdf/bin/python(+0x12f094) [0x55c36daa5094]
45  /opt/conda/envs/gdf/bin/python(_PyFunction_Vectorcall+0xd9) [0x55c36dab6519]
46  /opt/conda/envs/gdf/bin/python(_PyEval_EvalFrameDefault+0x696) [0x55c36daa65c6]
47  /opt/conda/envs/gdf/bin/python(+0x1407c2) [0x55c36dab67c2]
48  /opt/conda/envs/gdf/bin/python(_PyEval_EvalFrameDefault+0x3e2) [0x55c36daa6312]
49  /opt/conda/envs/gdf/bin/python(+0x12f094) [0x55c36daa5094]
50  /opt/conda/envs/gdf/bin/python(_PyFunction_Vectorcall+0xd9) [0x55c36dab6519]
51  /opt/conda/envs/gdf/bin/python(_PyEval_EvalFrameDefault+0x11f8) [0x55c36daa7128]
52  /opt/conda/envs/gdf/bin/python(+0x12f094) [0x55c36daa5094]
53  /opt/conda/envs/gdf/bin/python(_PyEval_EvalCodeWithName+0x48) [0x55c36daa4d68]
54  /opt/conda/envs/gdf/bin/python(PyEval_EvalCodeEx+0x39) [0x55c36daa4d19]
55  /opt/conda/envs/gdf/bin/python(PyEval_EvalCode+0x1b) [0x55c36db5207b]
56  /opt/conda/envs/gdf/bin/python(+0x208fca) [0x55c36db7efca]
57  /opt/conda/envs/gdf/bin/python(+0x205353) [0x55c36db7b353]
58  /opt/conda/envs/gdf/bin/python(PyRun_StringFlags+0x9a) [0x55c36db7316a]
59  /opt/conda/envs/gdf/bin/python(PyRun_SimpleStringFlags+0x3c) [0x55c36db7305c]
60  /opt/conda/envs/gdf/bin/python(Py_RunMain+0x267) [0x55c36db72297]
61  /opt/conda/envs/gdf/bin/python(Py_BytesMain+0x37) [0x55c36db45f07]
=================================
[dgx13:79580:0:79580] Caught signal 11 (Segmentation fault: address not mapped to object at address 0x448)
==== backtrace (tid:  79580) ====
 0  /opt/conda/envs/gdf/lib/libucs.so.0(ucs_handle_error+0x2fd) [0x7f36547380cd]
 1  /opt/conda/envs/gdf/lib/libucs.so.0(+0x2a2c4) [0x7f36547382c4]
 2  /opt/conda/envs/gdf/lib/libucs.so.0(+0x2a48a) [0x7f365473848a]
 3  /usr/lib/x86_64-linux-gnu/libpthread.so.0(+0x14420) [0x7f36e6d21420]
 4  /opt/conda/envs/gdf/lib/libucp.so.0(ucp_mem_type_unpack+0x14) [0x7f36547b7674]
 5  /opt/conda/envs/gdf/lib/libucp.so.0(ucp_rndv_data_handler+0x4e9) [0x7f36547e07f9]
 6  /opt/conda/envs/gdf/lib/libuct.so.0(+0x203df) [0x7f36546f23df]
 7  /opt/conda/envs/gdf/lib/libuct.so.0(+0x23838) [0x7f36546f5838]
 8  /opt/conda/envs/gdf/lib/libucs.so.0(ucs_event_set_wait+0xb9) [0x7f36547414f9]
 9  /opt/conda/envs/gdf/lib/libuct.so.0(uct_tcp_iface_progress+0x7d) [0x7f36546f45dd]
10  /opt/conda/envs/gdf/lib/libucp.so.0(ucp_worker_progress+0x5a) [0x7f36547b489a]
11  /opt/conda/envs/gdf/lib/python3.9/site-packages/ucp/_libs/ucx_api.cpython-39-x86_64-linux-gnu.so(+0x3a5fa) [0x7f36548755fa]
12  /opt/conda/envs/gdf/bin/python(_PyEval_EvalFrameDefault+0x37cb) [0x55783ceb76fb]
13  /opt/conda/envs/gdf/bin/python(+0x12f094) [0x55783ceb3094]
14  /opt/conda/envs/gdf/bin/python(_PyFunction_Vectorcall+0xd9) [0x55783cec4519]
15  /opt/conda/envs/gdf/bin/python(_PyEval_EvalFrameDefault+0x696) [0x55783ceb45c6]
16  /opt/conda/envs/gdf/bin/python(+0x1407c2) [0x55783cec47c2]
17  /opt/conda/envs/gdf/bin/python(+0x14de83) [0x55783ced1e83]
18  /opt/conda/envs/gdf/bin/python(+0x258b2c) [0x55783cfdcb2c]
19  /opt/conda/envs/gdf/bin/python(+0xead05) [0x55783ce6ed05]
20  /opt/conda/envs/gdf/bin/python(+0x1377f3) [0x55783cebb7f3]
21  /opt/conda/envs/gdf/bin/python(_PyEval_EvalFrameDefault+0x59f9) [0x55783ceb9929]
22  /opt/conda/envs/gdf/bin/python(+0x1407c2) [0x55783cec47c2]
23  /opt/conda/envs/gdf/bin/python(_PyEval_EvalFrameDefault+0x696) [0x55783ceb45c6]
24  /opt/conda/envs/gdf/bin/python(+0x1407c2) [0x55783cec47c2]
25  /opt/conda/envs/gdf/bin/python(_PyEval_EvalFrameDefault+0x696) [0x55783ceb45c6]
26  /opt/conda/envs/gdf/bin/python(+0x1407c2) [0x55783cec47c2]
27  /opt/conda/envs/gdf/bin/python(_PyEval_EvalFrameDefault+0x696) [0x55783ceb45c6]
28  /opt/conda/envs/gdf/bin/python(+0x1407c2) [0x55783cec47c2]
29  /opt/conda/envs/gdf/bin/python(_PyEval_EvalFrameDefault+0x696) [0x55783ceb45c6]
30  /opt/conda/envs/gdf/bin/python(+0x12f094) [0x55783ceb3094]
31  /opt/conda/envs/gdf/bin/python(_PyFunction_Vectorcall+0xd9) [0x55783cec4519]
32  /opt/conda/envs/gdf/bin/python(_PyEval_EvalFrameDefault+0x11f8) [0x55783ceb5128]
33  /opt/conda/envs/gdf/bin/python(+0x12f094) [0x55783ceb3094]
34  /opt/conda/envs/gdf/bin/python(+0x14dccb) [0x55783ced1ccb]
35  /opt/conda/envs/gdf/bin/python(PyObject_Call+0xbc) [0x55783ced244c]
36  /opt/conda/envs/gdf/bin/python(+0x21110e) [0x55783cf9510e]
37  /opt/conda/envs/gdf/bin/python(_PyObject_MakeTpCall+0x2ec) [0x55783cebc77c]
38  /opt/conda/envs/gdf/bin/python(_PyEval_EvalFrameDefault+0x37cb) [0x55783ceb76fb]
39  /opt/conda/envs/gdf/bin/python(+0x1407c2) [0x55783cec47c2]
40  /opt/conda/envs/gdf/bin/python(+0x14ddac) [0x55783ced1dac]
41  /opt/conda/envs/gdf/bin/python(_PyEval_EvalFrameDefault+0x37cb) [0x55783ceb76fb]
42  /opt/conda/envs/gdf/bin/python(+0x1407c2) [0x55783cec47c2]
43  /opt/conda/envs/gdf/bin/python(_PyEval_EvalFrameDefault+0x696) [0x55783ceb45c6]
44  /opt/conda/envs/gdf/bin/python(+0x12f094) [0x55783ceb3094]
45  /opt/conda/envs/gdf/bin/python(_PyFunction_Vectorcall+0xd9) [0x55783cec4519]
46  /opt/conda/envs/gdf/bin/python(_PyEval_EvalFrameDefault+0x696) [0x55783ceb45c6]
47  /opt/conda/envs/gdf/bin/python(+0x1407c2) [0x55783cec47c2]
48  /opt/conda/envs/gdf/bin/python(_PyEval_EvalFrameDefault+0x3e2) [0x55783ceb4312]
49  /opt/conda/envs/gdf/bin/python(+0x12f094) [0x55783ceb3094]
50  /opt/conda/envs/gdf/bin/python(_PyFunction_Vectorcall+0xd9) [0x55783cec4519]
51  /opt/conda/envs/gdf/bin/python(_PyEval_EvalFrameDefault+0x11f8) [0x55783ceb5128]
52  /opt/conda/envs/gdf/bin/python(+0x12f094) [0x55783ceb3094]
53  /opt/conda/envs/gdf/bin/python(_PyEval_EvalCodeWithName+0x48) [0x55783ceb2d68]
54  /opt/conda/envs/gdf/bin/python(PyEval_EvalCodeEx+0x39) [0x55783ceb2d19]
55  /opt/conda/envs/gdf/bin/python(PyEval_EvalCode+0x1b) [0x55783cf6007b]
56  /opt/conda/envs/gdf/bin/python(+0x208fca) [0x55783cf8cfca]
57  /opt/conda/envs/gdf/bin/python(+0x205353) [0x55783cf89353]
58  /opt/conda/envs/gdf/bin/python(PyRun_StringFlags+0x9a) [0x55783cf8116a]
59  /opt/conda/envs/gdf/bin/python(PyRun_SimpleStringFlags+0x3c) [0x55783cf8105c]
60  /opt/conda/envs/gdf/bin/python(Py_RunMain+0x267) [0x55783cf80297]
61  /opt/conda/envs/gdf/bin/python(Py_BytesMain+0x37) [0x55783cf53f07]
=================================
2023-09-18 07:35:23,436 - distributed.worker - ERROR - failed during get data with ucx://127.0.0.1:55105 -> ucx://127.0.0.1:36203
Traceback (most recent call last):
  File "/opt/conda/envs/gdf/lib/python3.9/site-packages/distributed/comm/ucx.py", line 338, in write
    await self.ep.send(each_frame)
  File "/opt/conda/envs/gdf/lib/python3.9/site-packages/ucp/core.py", line 650, in send
    return await comm.tag_send(self._ep, buffer, nbytes, tag, name=log)
ucp._libs.exceptions.UCXError: <[Send #007] ep: 0x7f174531e280, tag: 0x952ad5c577b2b925, nbytes: 50000000, type: <class 'cupy.ndarray'>>: Connection reset by remote peer

During handling of the above exception, another exception occurred:

Traceback (most recent call last):
  File "/opt/conda/envs/gdf/lib/python3.9/site-packages/distributed/worker.py", line 1782, in get_data
    compressed = await comm.write(msg, serializers=serializers)
  File "/opt/conda/envs/gdf/lib/python3.9/site-packages/distributed/utils.py", line 803, in wrapper
    return await func(*args, **kwargs)
  File "/opt/conda/envs/gdf/lib/python3.9/site-packages/distributed/comm/ucx.py", line 342, in write
    raise CommClosedError("While writing, the connection was closed")
distributed.comm.core.CommClosedError: While writing, the connection was closed
2023-09-18 07:35:23,436 - distributed.worker - ERROR - Worker stream died during communication: ucx://127.0.0.1:36203
Traceback (most recent call last):
  File "/opt/conda/envs/gdf/lib/python3.9/site-packages/distributed/comm/ucx.py", line 354, in read
    await self.ep.recv(msg)
  File "/opt/conda/envs/gdf/lib/python3.9/site-packages/ucp/core.py", line 725, in recv
    ret = await comm.tag_recv(self._ep, buffer, nbytes, tag, name=log)
ucp._libs.exceptions.UCXCanceled: <[Recv #003] ep: 0x7f174531e240, tag: 0x1c9ff6f3df26c901, nbytes: 16, type: <class 'numpy.ndarray'>>: 

During handling of the above exception, another exception occurred:

Traceback (most recent call last):
  File "/opt/conda/envs/gdf/lib/python3.9/site-packages/distributed/worker.py", line 2059, in gather_dep
    response = await get_data_from_worker(
  File "/opt/conda/envs/gdf/lib/python3.9/site-packages/distributed/worker.py", line 2852, in get_data_from_worker
    response = await send_recv(
  File "/opt/conda/envs/gdf/lib/python3.9/site-packages/distributed/core.py", line 1106, in send_recv
    response = await comm.read(deserializers=deserializers)
  File "/opt/conda/envs/gdf/lib/python3.9/site-packages/distributed/utils.py", line 803, in wrapper
    return await func(*args, **kwargs)
  File "/opt/conda/envs/gdf/lib/python3.9/site-packages/distributed/comm/ucx.py", line 372, in read
    raise CommClosedError(
distributed.comm.core.CommClosedError: Connection closed by writer.
Inner exception: UCXCanceled("<[Recv #003] ep: 0x7f174531e240, tag: 0x1c9ff6f3df26c901, nbytes: 16, type: <class 'numpy.ndarray'>>: ")
2023-09-18 07:35:23,484 - distributed.nanny - WARNING - Restarting worker
2023-09-18 07:35:23,558 - distributed.worker - ERROR - failed during get data with ucx://127.0.0.1:55105 -> ucx://127.0.0.1:46427
Traceback (most recent call last):
  File "/opt/conda/envs/gdf/lib/python3.9/site-packages/distributed/comm/ucx.py", line 338, in write
    await self.ep.send(each_frame)
  File "/opt/conda/envs/gdf/lib/python3.9/site-packages/ucp/core.py", line 650, in send
    return await comm.tag_send(self._ep, buffer, nbytes, tag, name=log)
ucp._libs.exceptions.UCXError: <[Send #007] ep: 0x7f174531e300, tag: 0x38c7d0b910e4feae, nbytes: 50000000, type: <class 'cupy.ndarray'>>: Connection reset by remote peer

During handling of the above exception, another exception occurred:

Traceback (most recent call last):
  File "/opt/conda/envs/gdf/lib/python3.9/site-packages/distributed/worker.py", line 1782, in get_data
    compressed = await comm.write(msg, serializers=serializers)
  File "/opt/conda/envs/gdf/lib/python3.9/site-packages/distributed/utils.py", line 803, in wrapper
    return await func(*args, **kwargs)
  File "/opt/conda/envs/gdf/lib/python3.9/site-packages/distributed/comm/ucx.py", line 342, in write
    raise CommClosedError("While writing, the connection was closed")
distributed.comm.core.CommClosedError: While writing, the connection was closed
2023-09-18 07:35:23,598 - distributed.nanny - WARNING - Restarting worker
/opt/conda/envs/gdf/lib/python3.9/multiprocessing/resource_tracker.py:216: UserWarning: resource_tracker: There appear to be 48 leaked semaphore objects to clean up at shutdown
  warnings.warn('resource_tracker: There appear to be %d '
