[dgx13:83650:0:83650] Caught signal 11 (Segmentation fault: address not mapped to object at address 0x448)
==== backtrace (tid:  83650) ====
 0  /opt/conda/envs/gdf/lib/libucs.so.0(ucs_handle_error+0x2fd) [0x7f33c47a307d]
 1  /opt/conda/envs/gdf/lib/libucs.so.0(+0x2a274) [0x7f33c47a3274]
 2  /opt/conda/envs/gdf/lib/libucs.so.0(+0x2a43a) [0x7f33c47a343a]
 3  /usr/lib/x86_64-linux-gnu/libpthread.so.0(+0x14420) [0x7f34656f3420]
 4  /opt/conda/envs/gdf/lib/libucp.so.0(ucp_mem_type_unpack+0x14) [0x7f33c48226b4]
 5  /opt/conda/envs/gdf/lib/libucp.so.0(ucp_rndv_data_handler+0x4e9) [0x7f33c484b839]
 6  /opt/conda/envs/gdf/lib/libuct.so.0(+0x203df) [0x7f33c475d3df]
 7  /opt/conda/envs/gdf/lib/libuct.so.0(+0x23838) [0x7f33c4760838]
 8  /opt/conda/envs/gdf/lib/libucs.so.0(ucs_event_set_wait+0xb9) [0x7f33c47ac4a9]
 9  /opt/conda/envs/gdf/lib/libuct.so.0(uct_tcp_iface_progress+0x7d) [0x7f33c475f5dd]
10  /opt/conda/envs/gdf/lib/libucp.so.0(ucp_worker_progress+0x5a) [0x7f33c481f8da]
11  /opt/conda/envs/gdf/lib/python3.9/site-packages/ucp/_libs/ucx_api.cpython-39-x86_64-linux-gnu.so(+0x3206a) [0x7f33c48d806a]
12  /opt/conda/envs/gdf/bin/python(_PyEval_EvalFrameDefault+0x37cb) [0x556ff14186fb]
13  /opt/conda/envs/gdf/bin/python(+0x12f094) [0x556ff1414094]
14  /opt/conda/envs/gdf/bin/python(_PyFunction_Vectorcall+0xd9) [0x556ff1425519]
15  /opt/conda/envs/gdf/bin/python(_PyEval_EvalFrameDefault+0x696) [0x556ff14155c6]
16  /opt/conda/envs/gdf/bin/python(+0x1407c2) [0x556ff14257c2]
17  /opt/conda/envs/gdf/bin/python(+0x14de83) [0x556ff1432e83]
18  /opt/conda/envs/gdf/bin/python(+0x258b2c) [0x556ff153db2c]
19  /opt/conda/envs/gdf/bin/python(+0xead05) [0x556ff13cfd05]
20  /opt/conda/envs/gdf/bin/python(+0x1377f3) [0x556ff141c7f3]
21  /opt/conda/envs/gdf/bin/python(_PyEval_EvalFrameDefault+0x59f9) [0x556ff141a929]
22  /opt/conda/envs/gdf/bin/python(+0x1407c2) [0x556ff14257c2]
23  /opt/conda/envs/gdf/bin/python(_PyEval_EvalFrameDefault+0x696) [0x556ff14155c6]
24  /opt/conda/envs/gdf/bin/python(+0x1407c2) [0x556ff14257c2]
25  /opt/conda/envs/gdf/bin/python(_PyEval_EvalFrameDefault+0x696) [0x556ff14155c6]
26  /opt/conda/envs/gdf/bin/python(+0x1407c2) [0x556ff14257c2]
27  /opt/conda/envs/gdf/bin/python(_PyEval_EvalFrameDefault+0x696) [0x556ff14155c6]
28  /opt/conda/envs/gdf/bin/python(+0x1407c2) [0x556ff14257c2]
29  /opt/conda/envs/gdf/bin/python(_PyEval_EvalFrameDefault+0x696) [0x556ff14155c6]
30  /opt/conda/envs/gdf/bin/python(+0x12f094) [0x556ff1414094]
31  /opt/conda/envs/gdf/bin/python(_PyFunction_Vectorcall+0xd9) [0x556ff1425519]
32  /opt/conda/envs/gdf/bin/python(_PyEval_EvalFrameDefault+0x11f8) [0x556ff1416128]
33  /opt/conda/envs/gdf/bin/python(+0x12f094) [0x556ff1414094]
34  /opt/conda/envs/gdf/bin/python(+0x14dccb) [0x556ff1432ccb]
35  /opt/conda/envs/gdf/bin/python(PyObject_Call+0xbc) [0x556ff143344c]
36  /opt/conda/envs/gdf/bin/python(+0x21110e) [0x556ff14f610e]
37  /opt/conda/envs/gdf/bin/python(_PyObject_MakeTpCall+0x2ec) [0x556ff141d77c]
38  /opt/conda/envs/gdf/bin/python(_PyEval_EvalFrameDefault+0x37cb) [0x556ff14186fb]
39  /opt/conda/envs/gdf/bin/python(+0x1407c2) [0x556ff14257c2]
40  /opt/conda/envs/gdf/bin/python(+0x14ddac) [0x556ff1432dac]
41  /opt/conda/envs/gdf/bin/python(_PyEval_EvalFrameDefault+0x37cb) [0x556ff14186fb]
42  /opt/conda/envs/gdf/bin/python(+0x1407c2) [0x556ff14257c2]
43  /opt/conda/envs/gdf/bin/python(_PyEval_EvalFrameDefault+0x696) [0x556ff14155c6]
44  /opt/conda/envs/gdf/bin/python(+0x12f094) [0x556ff1414094]
45  /opt/conda/envs/gdf/bin/python(_PyFunction_Vectorcall+0xd9) [0x556ff1425519]
46  /opt/conda/envs/gdf/bin/python(_PyEval_EvalFrameDefault+0x696) [0x556ff14155c6]
47  /opt/conda/envs/gdf/bin/python(+0x1407c2) [0x556ff14257c2]
48  /opt/conda/envs/gdf/bin/python(_PyEval_EvalFrameDefault+0x3e2) [0x556ff1415312]
49  /opt/conda/envs/gdf/bin/python(+0x12f094) [0x556ff1414094]
50  /opt/conda/envs/gdf/bin/python(_PyFunction_Vectorcall+0xd9) [0x556ff1425519]
51  /opt/conda/envs/gdf/bin/python(_PyEval_EvalFrameDefault+0x11f8) [0x556ff1416128]
52  /opt/conda/envs/gdf/bin/python(+0x12f094) [0x556ff1414094]
53  /opt/conda/envs/gdf/bin/python(_PyEval_EvalCodeWithName+0x48) [0x556ff1413d68]
54  /opt/conda/envs/gdf/bin/python(PyEval_EvalCodeEx+0x39) [0x556ff1413d19]
55  /opt/conda/envs/gdf/bin/python(PyEval_EvalCode+0x1b) [0x556ff14c107b]
56  /opt/conda/envs/gdf/bin/python(+0x208fca) [0x556ff14edfca]
57  /opt/conda/envs/gdf/bin/python(+0x205353) [0x556ff14ea353]
58  /opt/conda/envs/gdf/bin/python(PyRun_StringFlags+0x9a) [0x556ff14e216a]
59  /opt/conda/envs/gdf/bin/python(PyRun_SimpleStringFlags+0x3c) [0x556ff14e205c]
60  /opt/conda/envs/gdf/bin/python(Py_RunMain+0x267) [0x556ff14e1297]
61  /opt/conda/envs/gdf/bin/python(Py_BytesMain+0x37) [0x556ff14b4f07]
=================================
[dgx13:83654:0:83654] Caught signal 11 (Segmentation fault: address not mapped to object at address 0x448)
==== backtrace (tid:  83654) ====
 0  /opt/conda/envs/gdf/lib/libucs.so.0(ucs_handle_error+0x2fd) [0x7f99c40c007d]
 1  /opt/conda/envs/gdf/lib/libucs.so.0(+0x2a274) [0x7f99c40c0274]
 2  /opt/conda/envs/gdf/lib/libucs.so.0(+0x2a43a) [0x7f99c40c043a]
 3  /usr/lib/x86_64-linux-gnu/libpthread.so.0(+0x14420) [0x7f9a65017420]
 4  /opt/conda/envs/gdf/lib/libucp.so.0(ucp_mem_type_unpack+0x14) [0x7f99c413f6b4]
 5  /opt/conda/envs/gdf/lib/libucp.so.0(ucp_rndv_data_handler+0x4e9) [0x7f99c4168839]
 6  /opt/conda/envs/gdf/lib/libuct.so.0(+0x203df) [0x7f99c407a3df]
 7  /opt/conda/envs/gdf/lib/libuct.so.0(+0x23838) [0x7f99c407d838]
 8  /opt/conda/envs/gdf/lib/libucs.so.0(ucs_event_set_wait+0xb9) [0x7f99c40c94a9]
 9  /opt/conda/envs/gdf/lib/libuct.so.0(uct_tcp_iface_progress+0x7d) [0x7f99c407c5dd]
10  /opt/conda/envs/gdf/lib/libucp.so.0(ucp_worker_progress+0x5a) [0x7f99c413c8da]
11  /opt/conda/envs/gdf/lib/python3.9/site-packages/ucp/_libs/ucx_api.cpython-39-x86_64-linux-gnu.so(+0x3206a) [0x7f99c41f506a]
12  /opt/conda/envs/gdf/bin/python(_PyEval_EvalFrameDefault+0x37cb) [0x55bf08e466fb]
13  /opt/conda/envs/gdf/bin/python(+0x12f094) [0x55bf08e42094]
14  /opt/conda/envs/gdf/bin/python(_PyFunction_Vectorcall+0xd9) [0x55bf08e53519]
15  /opt/conda/envs/gdf/bin/python(_PyEval_EvalFrameDefault+0x696) [0x55bf08e435c6]
16  /opt/conda/envs/gdf/bin/python(+0x1e3162) [0x55bf08ef6162]
17  /opt/conda/envs/gdf/lib/python3.9/lib-dynload/_asyncio.cpython-39-x86_64-linux-gnu.so(+0x81e9) [0x7f99e53451e9]
18  /opt/conda/envs/gdf/bin/python(_PyObject_MakeTpCall+0x2ec) [0x55bf08e4b77c]
19  /opt/conda/envs/gdf/bin/python(+0xead05) [0x55bf08dfdd05]
20  /opt/conda/envs/gdf/bin/python(+0x1377f3) [0x55bf08e4a7f3]
21  /opt/conda/envs/gdf/bin/python(_PyEval_EvalFrameDefault+0x59f9) [0x55bf08e48929]
22  /opt/conda/envs/gdf/bin/python(+0x1407c2) [0x55bf08e537c2]
23  /opt/conda/envs/gdf/bin/python(_PyEval_EvalFrameDefault+0x696) [0x55bf08e435c6]
24  /opt/conda/envs/gdf/bin/python(+0x1407c2) [0x55bf08e537c2]
25  /opt/conda/envs/gdf/bin/python(_PyEval_EvalFrameDefault+0x696) [0x55bf08e435c6]
26  /opt/conda/envs/gdf/bin/python(+0x1407c2) [0x55bf08e537c2]
27  /opt/conda/envs/gdf/bin/python(_PyEval_EvalFrameDefault+0x696) [0x55bf08e435c6]
28  /opt/conda/envs/gdf/bin/python(+0x1407c2) [0x55bf08e537c2]
29  /opt/conda/envs/gdf/bin/python(_PyEval_EvalFrameDefault+0x696) [0x55bf08e435c6]
30  /opt/conda/envs/gdf/bin/python(+0x12f094) [0x55bf08e42094]
31  /opt/conda/envs/gdf/bin/python(_PyFunction_Vectorcall+0xd9) [0x55bf08e53519]
32  /opt/conda/envs/gdf/bin/python(_PyEval_EvalFrameDefault+0x11f8) [0x55bf08e44128]
33  /opt/conda/envs/gdf/bin/python(+0x12f094) [0x55bf08e42094]
34  /opt/conda/envs/gdf/bin/python(+0x14dccb) [0x55bf08e60ccb]
35  /opt/conda/envs/gdf/bin/python(PyObject_Call+0xbc) [0x55bf08e6144c]
36  /opt/conda/envs/gdf/bin/python(+0x21110e) [0x55bf08f2410e]
37  /opt/conda/envs/gdf/bin/python(_PyObject_MakeTpCall+0x2ec) [0x55bf08e4b77c]
38  /opt/conda/envs/gdf/bin/python(_PyEval_EvalFrameDefault+0x37cb) [0x55bf08e466fb]
39  /opt/conda/envs/gdf/bin/python(+0x1407c2) [0x55bf08e537c2]
40  /opt/conda/envs/gdf/bin/python(+0x14ddac) [0x55bf08e60dac]
41  /opt/conda/envs/gdf/bin/python(_PyEval_EvalFrameDefault+0x37cb) [0x55bf08e466fb]
42  /opt/conda/envs/gdf/bin/python(+0x1407c2) [0x55bf08e537c2]
43  /opt/conda/envs/gdf/bin/python(_PyEval_EvalFrameDefault+0x696) [0x55bf08e435c6]
44  /opt/conda/envs/gdf/bin/python(+0x12f094) [0x55bf08e42094]
45  /opt/conda/envs/gdf/bin/python(_PyFunction_Vectorcall+0xd9) [0x55bf08e53519]
[dgx13:83639:0:83639] Caught signal 11 (Segmentation fault: address not mapped to object at address 0x448)
46  /opt/conda/envs/gdf/bin/python(_PyEval_EvalFrameDefault+0x696) [0x55bf08e435c6]
47  /opt/conda/envs/gdf/bin/python(+0x1407c2) [0x55bf08e537c2]
48  /opt/conda/envs/gdf/bin/python(_PyEval_EvalFrameDefault+0x3e2) [0x55bf08e43312]
49  /opt/conda/envs/gdf/bin/python(+0x12f094) [0x55bf08e42094]
50  /opt/conda/envs/gdf/bin/python(_PyFunction_Vectorcall+0xd9) [0x55bf08e53519]
51  /opt/conda/envs/gdf/bin/python(_PyEval_EvalFrameDefault+0x11f8) [0x55bf08e44128]
52  /opt/conda/envs/gdf/bin/python(+0x12f094) [0x55bf08e42094]
53  /opt/conda/envs/gdf/bin/python(_PyEval_EvalCodeWithName+0x48) [0x55bf08e41d68]
54  /opt/conda/envs/gdf/bin/python(PyEval_EvalCodeEx+0x39) [0x55bf08e41d19]
55  /opt/conda/envs/gdf/bin/python(PyEval_EvalCode+0x1b) [0x55bf08eef07b]
56  /opt/conda/envs/gdf/bin/python(+0x208fca) [0x55bf08f1bfca]
57  /opt/conda/envs/gdf/bin/python(+0x205353) [0x55bf08f18353]
58  /opt/conda/envs/gdf/bin/python(PyRun_StringFlags+0x9a) [0x55bf08f1016a]
59  /opt/conda/envs/gdf/bin/python(PyRun_SimpleStringFlags+0x3c) [0x55bf08f1005c]
60  /opt/conda/envs/gdf/bin/python(Py_RunMain+0x267) [0x55bf08f0f297]
61  /opt/conda/envs/gdf/bin/python(Py_BytesMain+0x37) [0x55bf08ee2f07]
=================================
==== backtrace (tid:  83639) ====
 0  /opt/conda/envs/gdf/lib/libucs.so.0(ucs_handle_error+0x2fd) [0x7f5fd1efd07d]
 1  /opt/conda/envs/gdf/lib/libucs.so.0(+0x2a274) [0x7f5fd1efd274]
 2  /opt/conda/envs/gdf/lib/libucs.so.0(+0x2a43a) [0x7f5fd1efd43a]
 3  /usr/lib/x86_64-linux-gnu/libpthread.so.0(+0x14420) [0x7f6074eaa420]
 4  /opt/conda/envs/gdf/lib/libucp.so.0(ucp_mem_type_unpack+0x14) [0x7f5fd1f7c6b4]
 5  /opt/conda/envs/gdf/lib/libucp.so.0(ucp_rndv_data_handler+0x4e9) [0x7f5fd1fa5839]
 6  /opt/conda/envs/gdf/lib/libuct.so.0(+0x203df) [0x7f5fd403e3df]
 7  /opt/conda/envs/gdf/lib/libuct.so.0(+0x23838) [0x7f5fd4041838]
 8  /opt/conda/envs/gdf/lib/libucs.so.0(ucs_event_set_wait+0xb9) [0x7f5fd1f064a9]
 9  /opt/conda/envs/gdf/lib/libuct.so.0(uct_tcp_iface_progress+0x7d) [0x7f5fd40405dd]
10  /opt/conda/envs/gdf/lib/libucp.so.0(ucp_worker_progress+0x5a) [0x7f5fd1f798da]
11  /opt/conda/envs/gdf/lib/python3.9/site-packages/ucp/_libs/ucx_api.cpython-39-x86_64-linux-gnu.so(+0x3206a) [0x7f5fd408c06a]
12  /opt/conda/envs/gdf/bin/python(_PyEval_EvalFrameDefault+0x37cb) [0x555d069b56fb]
13  /opt/conda/envs/gdf/bin/python(+0x12f094) [0x555d069b1094]
14  /opt/conda/envs/gdf/bin/python(_PyFunction_Vectorcall+0xd9) [0x555d069c2519]
15  /opt/conda/envs/gdf/bin/python(_PyEval_EvalFrameDefault+0x696) [0x555d069b25c6]
16  /opt/conda/envs/gdf/bin/python(+0x1407c2) [0x555d069c27c2]
17  /opt/conda/envs/gdf/bin/python(+0x14de83) [0x555d069cfe83]
18  /opt/conda/envs/gdf/bin/python(+0x258b2c) [0x555d06adab2c]
19  /opt/conda/envs/gdf/bin/python(+0xead05) [0x555d0696cd05]
20  /opt/conda/envs/gdf/bin/python(+0x1377f3) [0x555d069b97f3]
21  /opt/conda/envs/gdf/bin/python(_PyEval_EvalFrameDefault+0x59f9) [0x555d069b7929]
22  /opt/conda/envs/gdf/bin/python(+0x1407c2) [0x555d069c27c2]
23  /opt/conda/envs/gdf/bin/python(_PyEval_EvalFrameDefault+0x696) [0x555d069b25c6]
24  /opt/conda/envs/gdf/bin/python(+0x1407c2) [0x555d069c27c2]
25  /opt/conda/envs/gdf/bin/python(_PyEval_EvalFrameDefault+0x696) [0x555d069b25c6]
26  /opt/conda/envs/gdf/bin/python(+0x1407c2) [0x555d069c27c2]
27  /opt/conda/envs/gdf/bin/python(_PyEval_EvalFrameDefault+0x696) [0x555d069b25c6]
28  /opt/conda/envs/gdf/bin/python(+0x1407c2) [0x555d069c27c2]
29  /opt/conda/envs/gdf/bin/python(_PyEval_EvalFrameDefault+0x696) [0x555d069b25c6]
30  /opt/conda/envs/gdf/bin/python(+0x12f094) [0x555d069b1094]
31  /opt/conda/envs/gdf/bin/python(_PyFunction_Vectorcall+0xd9) [0x555d069c2519]
32  /opt/conda/envs/gdf/bin/python(_PyEval_EvalFrameDefault+0x11f8) [0x555d069b3128]
33  /opt/conda/envs/gdf/bin/python(+0x12f094) [0x555d069b1094]
34  /opt/conda/envs/gdf/bin/python(+0x14dccb) [0x555d069cfccb]
35  /opt/conda/envs/gdf/bin/python(PyObject_Call+0xbc) [0x555d069d044c]
36  /opt/conda/envs/gdf/bin/python(+0x21110e) [0x555d06a9310e]
37  /opt/conda/envs/gdf/bin/python(_PyObject_MakeTpCall+0x2ec) [0x555d069ba77c]
38  /opt/conda/envs/gdf/bin/python(_PyEval_EvalFrameDefault+0x37cb) [0x555d069b56fb]
39  /opt/conda/envs/gdf/bin/python(+0x1407c2) [0x555d069c27c2]
40  /opt/conda/envs/gdf/bin/python(+0x14ddac) [0x555d069cfdac]
41  /opt/conda/envs/gdf/bin/python(_PyEval_EvalFrameDefault+0x37cb) [0x555d069b56fb]
42  /opt/conda/envs/gdf/bin/python(+0x1407c2) [0x555d069c27c2]
43  /opt/conda/envs/gdf/bin/python(_PyEval_EvalFrameDefault+0x696) [0x555d069b25c6]
44  /opt/conda/envs/gdf/bin/python(+0x12f094) [0x555d069b1094]
45  /opt/conda/envs/gdf/bin/python(_PyFunction_Vectorcall+0xd9) [0x555d069c2519]
46  /opt/conda/envs/gdf/bin/python(_PyEval_EvalFrameDefault+0x696) [0x555d069b25c6]
47  /opt/conda/envs/gdf/bin/python(+0x1407c2) [0x555d069c27c2]
48  /opt/conda/envs/gdf/bin/python(_PyEval_EvalFrameDefault+0x3e2) [0x555d069b2312]
49  /opt/conda/envs/gdf/bin/python(+0x12f094) [0x555d069b1094]
50  /opt/conda/envs/gdf/bin/python(_PyFunction_Vectorcall+0xd9) [0x555d069c2519]
51  /opt/conda/envs/gdf/bin/python(_PyEval_EvalFrameDefault+0x11f8) [0x555d069b3128]
52  /opt/conda/envs/gdf/bin/python(+0x12f094) [0x555d069b1094]
53  /opt/conda/envs/gdf/bin/python(_PyEval_EvalCodeWithName+0x48) [0x555d069b0d68]
54  /opt/conda/envs/gdf/bin/python(PyEval_EvalCodeEx+0x39) [0x555d069b0d19]
55  /opt/conda/envs/gdf/bin/python(PyEval_EvalCode+0x1b) [0x555d06a5e07b]
56  /opt/conda/envs/gdf/bin/python(+0x208fca) [0x555d06a8afca]
57  /opt/conda/envs/gdf/bin/python(+0x205353) [0x555d06a87353]
58  /opt/conda/envs/gdf/bin/python(PyRun_StringFlags+0x9a) [0x555d06a7f16a]
59  /opt/conda/envs/gdf/bin/python(PyRun_SimpleStringFlags+0x3c) [0x555d06a7f05c]
60  /opt/conda/envs/gdf/bin/python(Py_RunMain+0x267) [0x555d06a7e297]
61  /opt/conda/envs/gdf/bin/python(Py_BytesMain+0x37) [0x555d06a51f07]
=================================
[dgx13:83663:0:83663] Caught signal 11 (Segmentation fault: address not mapped to object at address 0x448)
[dgx13:83648:0:83648] Caught signal 11 (Segmentation fault: address not mapped to object at address 0x448)
==== backtrace (tid:  83663) ====
 0  /opt/conda/envs/gdf/lib/libucs.so.0(ucs_handle_error+0x2fd) [0x7f806356a07d]
 1  /opt/conda/envs/gdf/lib/libucs.so.0(+0x2a274) [0x7f806356a274]
 2  /opt/conda/envs/gdf/lib/libucs.so.0(+0x2a43a) [0x7f806356a43a]
 3  /usr/lib/x86_64-linux-gnu/libpthread.so.0(+0x14420) [0x7f81044de420]
 4  /opt/conda/envs/gdf/lib/libucp.so.0(ucp_mem_type_unpack+0x14) [0x7f80635e96b4]
 5  /opt/conda/envs/gdf/lib/libucp.so.0(ucp_rndv_data_handler+0x4e9) [0x7f8063612839]
 6  /opt/conda/envs/gdf/lib/libuct.so.0(+0x203df) [0x7f80635243df]
 7  /opt/conda/envs/gdf/lib/libuct.so.0(+0x23838) [0x7f8063527838]
 8  /opt/conda/envs/gdf/lib/libucs.so.0(ucs_event_set_wait+0xb9) [0x7f80635734a9]
 9  /opt/conda/envs/gdf/lib/libuct.so.0(uct_tcp_iface_progress+0x7d) [0x7f80635265dd]
10  /opt/conda/envs/gdf/lib/libucp.so.0(ucp_worker_progress+0x5a) [0x7f80635e68da]
11  /opt/conda/envs/gdf/lib/python3.9/site-packages/ucp/_libs/ucx_api.cpython-39-x86_64-linux-gnu.so(+0x3206a) [0x7f806369f06a]
12  /opt/conda/envs/gdf/bin/python(_PyEval_EvalFrameDefault+0x37cb) [0x5616ce08e6fb]
13  /opt/conda/envs/gdf/bin/python(+0x12f094) [0x5616ce08a094]
14  /opt/conda/envs/gdf/bin/python(_PyFunction_Vectorcall+0xd9) [0x5616ce09b519]
15  /opt/conda/envs/gdf/bin/python(_PyEval_EvalFrameDefault+0x696) [0x5616ce08b5c6]
16  /opt/conda/envs/gdf/bin/python(+0x1e3162) [0x5616ce13e162]
17  /opt/conda/envs/gdf/lib/python3.9/lib-dynload/_asyncio.cpython-39-x86_64-linux-gnu.so(+0x81e9) [0x7f80848101e9]
18  /opt/conda/envs/gdf/bin/python(_PyObject_MakeTpCall+0x2ec) [0x5616ce09377c]
19  /opt/conda/envs/gdf/bin/python(+0xead05) [0x5616ce045d05]
20  /opt/conda/envs/gdf/bin/python(+0x1377f3) [0x5616ce0927f3]
21  /opt/conda/envs/gdf/bin/python(_PyEval_EvalFrameDefault+0x59f9) [0x5616ce090929]
22  /opt/conda/envs/gdf/bin/python(+0x1407c2) [0x5616ce09b7c2]
23  /opt/conda/envs/gdf/bin/python(_PyEval_EvalFrameDefault+0x696) [0x5616ce08b5c6]
24  /opt/conda/envs/gdf/bin/python(+0x1407c2) [0x5616ce09b7c2]
25  /opt/conda/envs/gdf/bin/python(_PyEval_EvalFrameDefault+0x696) [0x5616ce08b5c6]
26  /opt/conda/envs/gdf/bin/python(+0x1407c2) [0x5616ce09b7c2]
27  /opt/conda/envs/gdf/bin/python(_PyEval_EvalFrameDefault+0x696) [0x5616ce08b5c6]
28  /opt/conda/envs/gdf/bin/python(+0x1407c2) [0x5616ce09b7c2]
29  /opt/conda/envs/gdf/bin/python(_PyEval_EvalFrameDefault+0x696) [0x5616ce08b5c6]
30  /opt/conda/envs/gdf/bin/python(+0x12f094) [0x5616ce08a094]
31  /opt/conda/envs/gdf/bin/python(_PyFunction_Vectorcall+0xd9) [0x5616ce09b519]
32  /opt/conda/envs/gdf/bin/python(_PyEval_EvalFrameDefault+0x11f8) [0x5616ce08c128]
33  /opt/conda/envs/gdf/bin/python(+0x12f094) [0x5616ce08a094]
34  /opt/conda/envs/gdf/bin/python(+0x14dccb) [0x5616ce0a8ccb]
35  /opt/conda/envs/gdf/bin/python(PyObject_Call+0xbc) [0x5616ce0a944c]
36  /opt/conda/envs/gdf/bin/python(+0x21110e) [0x5616ce16c10e]
37  /opt/conda/envs/gdf/bin/python(_PyObject_MakeTpCall+0x2ec) [0x5616ce09377c]
38  /opt/conda/envs/gdf/bin/python(_PyEval_EvalFrameDefault+0x37cb) [0x5616ce08e6fb]
39  /opt/conda/envs/gdf/bin/python(+0x1407c2) [0x5616ce09b7c2]
40  /opt/conda/envs/gdf/bin/python(+0x14ddac) [0x5616ce0a8dac]
41  /opt/conda/envs/gdf/bin/python(_PyEval_EvalFrameDefault+0x37cb) [0x5616ce08e6fb]
42  /opt/conda/envs/gdf/bin/python(+0x1407c2) [0x5616ce09b7c2]
43  /opt/conda/envs/gdf/bin/python(_PyEval_EvalFrameDefault+0x696) [0x5616ce08b5c6]
44  /opt/conda/envs/gdf/bin/python(+0x12f094) [0x5616ce08a094]
45  /opt/conda/envs/gdf/bin/python(_PyFunction_Vectorcall+0xd9) [0x5616ce09b519]
46  /opt/conda/envs/gdf/bin/python(_PyEval_EvalFrameDefault+0x696) [0x5616ce08b5c6]
47  /opt/conda/envs/gdf/bin/python(+0x1407c2) [0x5616ce09b7c2]
48  /opt/conda/envs/gdf/bin/python(_PyEval_EvalFrameDefault+0x3e2) [0x5616ce08b312]
49  /opt/conda/envs/gdf/bin/python(+0x12f094) [0x5616ce08a094]
50  /opt/conda/envs/gdf/bin/python(_PyFunction_Vectorcall+0xd9) [0x5616ce09b519]
51  /opt/conda/envs/gdf/bin/python(_PyEval_EvalFrameDefault+0x11f8) [0x5616ce08c128]
52  /opt/conda/envs/gdf/bin/python(+0x12f094) [0x5616ce08a094]
53  /opt/conda/envs/gdf/bin/python(_PyEval_EvalCodeWithName+0x48) [0x5616ce089d68]
54  /opt/conda/envs/gdf/bin/python(PyEval_EvalCodeEx+0x39) [0x5616ce089d19]
55  /opt/conda/envs/gdf/bin/python(PyEval_EvalCode+0x1b) [0x5616ce13707b]
56  /opt/conda/envs/gdf/bin/python(+0x208fca) [0x5616ce163fca]
57  /opt/conda/envs/gdf/bin/python(+0x205353) [0x5616ce160353]
58  /opt/conda/envs/gdf/bin/python(PyRun_StringFlags+0x9a) [0x5616ce15816a]
59  /opt/conda/envs/gdf/bin/python(PyRun_SimpleStringFlags+0x3c) [0x5616ce15805c]
60  /opt/conda/envs/gdf/bin/python(Py_RunMain+0x267) [0x5616ce157297]
61  /opt/conda/envs/gdf/bin/python(Py_BytesMain+0x37) [0x5616ce12af07]
=================================
==== backtrace (tid:  83648) ====
 0  /opt/conda/envs/gdf/lib/libucs.so.0(ucs_handle_error+0x2fd) [0x7f3631ab007d]
 1  /opt/conda/envs/gdf/lib/libucs.so.0(+0x2a274) [0x7f3631ab0274]
 2  /opt/conda/envs/gdf/lib/libucs.so.0(+0x2a43a) [0x7f3631ab043a]
 3  /usr/lib/x86_64-linux-gnu/libpthread.so.0(+0x14420) [0x7f36d68c1420]
 4  /opt/conda/envs/gdf/lib/libucp.so.0(ucp_mem_type_unpack+0x14) [0x7f3631b2f6b4]
 5  /opt/conda/envs/gdf/lib/libucp.so.0(ucp_rndv_data_handler+0x4e9) [0x7f3631b58839]
 6  /opt/conda/envs/gdf/lib/libuct.so.0(+0x203df) [0x7f3631a6a3df]
 7  /opt/conda/envs/gdf/lib/libuct.so.0(+0x23838) [0x7f3631a6d838]
 8  /opt/conda/envs/gdf/lib/libucs.so.0(ucs_event_set_wait+0xb9) [0x7f3631ab94a9]
 9  /opt/conda/envs/gdf/lib/libuct.so.0(uct_tcp_iface_progress+0x7d) [0x7f3631a6c5dd]
10  /opt/conda/envs/gdf/lib/libucp.so.0(ucp_worker_progress+0x5a) [0x7f3631b2c8da]
11  /opt/conda/envs/gdf/lib/python3.9/site-packages/ucp/_libs/ucx_api.cpython-39-x86_64-linux-gnu.so(+0x3206a) [0x7f3631be506a]
12  /opt/conda/envs/gdf/bin/python(_PyEval_EvalFrameDefault+0x37cb) [0x55aa906636fb]
13  /opt/conda/envs/gdf/bin/python(+0x12f094) [0x55aa9065f094]
14  /opt/conda/envs/gdf/bin/python(_PyFunction_Vectorcall+0xd9) [0x55aa90670519]
15  /opt/conda/envs/gdf/bin/python(_PyEval_EvalFrameDefault+0x696) [0x55aa906605c6]
16  /opt/conda/envs/gdf/bin/python(+0x1407c2) [0x55aa906707c2]
17  /opt/conda/envs/gdf/bin/python(+0x14de83) [0x55aa9067de83]
18  /opt/conda/envs/gdf/bin/python(+0x258b2c) [0x55aa90788b2c]
19  /opt/conda/envs/gdf/bin/python(+0xead05) [0x55aa9061ad05]
20  /opt/conda/envs/gdf/bin/python(+0x1377f3) [0x55aa906677f3]
21  /opt/conda/envs/gdf/bin/python(_PyEval_EvalFrameDefault+0x59f9) [0x55aa90665929]
22  /opt/conda/envs/gdf/bin/python(+0x1407c2) [0x55aa906707c2]
23  /opt/conda/envs/gdf/bin/python(_PyEval_EvalFrameDefault+0x696) [0x55aa906605c6]
24  /opt/conda/envs/gdf/bin/python(+0x1407c2) [0x55aa906707c2]
25  /opt/conda/envs/gdf/bin/python(_PyEval_EvalFrameDefault+0x696) [0x55aa906605c6]
26  /opt/conda/envs/gdf/bin/python(+0x1407c2) [0x55aa906707c2]
27  /opt/conda/envs/gdf/bin/python(_PyEval_EvalFrameDefault+0x696) [0x55aa906605c6]
28  /opt/conda/envs/gdf/bin/python(+0x1407c2) [0x55aa906707c2]
29  /opt/conda/envs/gdf/bin/python(_PyEval_EvalFrameDefault+0x696) [0x55aa906605c6]
30  /opt/conda/envs/gdf/bin/python(+0x12f094) [0x55aa9065f094]
31  /opt/conda/envs/gdf/bin/python(_PyFunction_Vectorcall+0xd9) [0x55aa90670519]
32  /opt/conda/envs/gdf/bin/python(_PyEval_EvalFrameDefault+0x11f8) [0x55aa90661128]
33  /opt/conda/envs/gdf/bin/python(+0x12f094) [0x55aa9065f094]
34  /opt/conda/envs/gdf/bin/python(+0x14dccb) [0x55aa9067dccb]
35  /opt/conda/envs/gdf/bin/python(PyObject_Call+0xbc) [0x55aa9067e44c]
36  /opt/conda/envs/gdf/bin/python(+0x21110e) [0x55aa9074110e]
37  /opt/conda/envs/gdf/bin/python(_PyObject_MakeTpCall+0x2ec) [0x55aa9066877c]
38  /opt/conda/envs/gdf/bin/python(_PyEval_EvalFrameDefault+0x37cb) [0x55aa906636fb]
39  /opt/conda/envs/gdf/bin/python(+0x1407c2) [0x55aa906707c2]
40  /opt/conda/envs/gdf/bin/python(+0x14ddac) [0x55aa9067ddac]
41  /opt/conda/envs/gdf/bin/python(_PyEval_EvalFrameDefault+0x37cb) [0x55aa906636fb]
42  /opt/conda/envs/gdf/bin/python(+0x1407c2) [0x55aa906707c2]
43  /opt/conda/envs/gdf/bin/python(_PyEval_EvalFrameDefault+0x696) [0x55aa906605c6]
44  /opt/conda/envs/gdf/bin/python(+0x12f094) [0x55aa9065f094]
45  /opt/conda/envs/gdf/bin/python(_PyFunction_Vectorcall+0xd9) [0x55aa90670519]
46  /opt/conda/envs/gdf/bin/python(_PyEval_EvalFrameDefault+0x696) [0x55aa906605c6]
47  /opt/conda/envs/gdf/bin/python(+0x1407c2) [0x55aa906707c2]
48  /opt/conda/envs/gdf/bin/python(_PyEval_EvalFrameDefault+0x3e2) [0x55aa90660312]
49  /opt/conda/envs/gdf/bin/python(+0x12f094) [0x55aa9065f094]
50  /opt/conda/envs/gdf/bin/python(_PyFunction_Vectorcall+0xd9) [0x55aa90670519]
51  /opt/conda/envs/gdf/bin/python(_PyEval_EvalFrameDefault+0x11f8) [0x55aa90661128]
52  /opt/conda/envs/gdf/bin/python(+0x12f094) [0x55aa9065f094]
53  /opt/conda/envs/gdf/bin/python(_PyEval_EvalCodeWithName+0x48) [0x55aa9065ed68]
54  /opt/conda/envs/gdf/bin/python(PyEval_EvalCodeEx+0x39) [0x55aa9065ed19]
55  /opt/conda/envs/gdf/bin/python(PyEval_EvalCode+0x1b) [0x55aa9070c07b]
56  /opt/conda/envs/gdf/bin/python(+0x208fca) [0x55aa90738fca]
57  /opt/conda/envs/gdf/bin/python(+0x205353) [0x55aa90735353]
58  /opt/conda/envs/gdf/bin/python(PyRun_StringFlags+0x9a) [0x55aa9072d16a]
59  /opt/conda/envs/gdf/bin/python(PyRun_SimpleStringFlags+0x3c) [0x55aa9072d05c]
60  /opt/conda/envs/gdf/bin/python(Py_RunMain+0x267) [0x55aa9072c297]
61  /opt/conda/envs/gdf/bin/python(Py_BytesMain+0x37) [0x55aa906fff07]
=================================
[dgx13:83660:0:83660] Caught signal 11 (Segmentation fault: address not mapped to object at address 0x448)
==== backtrace (tid:  83660) ====
 0  /opt/conda/envs/gdf/lib/libucs.so.0(ucs_handle_error+0x2fd) [0x7fc0647c907d]
 1  /opt/conda/envs/gdf/lib/libucs.so.0(+0x2a274) [0x7fc0647c9274]
 2  /opt/conda/envs/gdf/lib/libucs.so.0(+0x2a43a) [0x7fc0647c943a]
 3  /usr/lib/x86_64-linux-gnu/libpthread.so.0(+0x14420) [0x7fc0f7721420]
 4  /opt/conda/envs/gdf/lib/libucp.so.0(ucp_mem_type_unpack+0x14) [0x7fc0648486b4]
 5  /opt/conda/envs/gdf/lib/libucp.so.0(ucp_rndv_data_handler+0x4e9) [0x7fc064871839]
 6  /opt/conda/envs/gdf/lib/libuct.so.0(+0x203df) [0x7fc0647833df]
 7  /opt/conda/envs/gdf/lib/libuct.so.0(+0x23838) [0x7fc064786838]
 8  /opt/conda/envs/gdf/lib/libucs.so.0(ucs_event_set_wait+0xb9) [0x7fc0647d24a9]
 9  /opt/conda/envs/gdf/lib/libuct.so.0(uct_tcp_iface_progress+0x7d) [0x7fc0647855dd]
10  /opt/conda/envs/gdf/lib/libucp.so.0(ucp_worker_progress+0x5a) [0x7fc0648458da]
11  /opt/conda/envs/gdf/lib/python3.9/site-packages/ucp/_libs/ucx_api.cpython-39-x86_64-linux-gnu.so(+0x3206a) [0x7fc0648fe06a]
12  /opt/conda/envs/gdf/bin/python(_PyEval_EvalFrameDefault+0x37cb) [0x55f21735d6fb]
13  /opt/conda/envs/gdf/bin/python(+0x12f094) [0x55f217359094]
14  /opt/conda/envs/gdf/bin/python(_PyFunction_Vectorcall+0xd9) [0x55f21736a519]
15  /opt/conda/envs/gdf/bin/python(_PyEval_EvalFrameDefault+0x696) [0x55f21735a5c6]
16  /opt/conda/envs/gdf/bin/python(+0x1e3162) [0x55f21740d162]
17  /opt/conda/envs/gdf/lib/python3.9/lib-dynload/_asyncio.cpython-39-x86_64-linux-gnu.so(+0x81e9) [0x7fc077a581e9]
18  /opt/conda/envs/gdf/bin/python(_PyObject_MakeTpCall+0x2ec) [0x55f21736277c]
19  /opt/conda/envs/gdf/bin/python(+0xead05) [0x55f217314d05]
20  /opt/conda/envs/gdf/bin/python(+0x1377f3) [0x55f2173617f3]
21  /opt/conda/envs/gdf/bin/python(_PyEval_EvalFrameDefault+0x59f9) [0x55f21735f929]
22  /opt/conda/envs/gdf/bin/python(+0x1407c2) [0x55f21736a7c2]
23  /opt/conda/envs/gdf/bin/python(_PyEval_EvalFrameDefault+0x696) [0x55f21735a5c6]
24  /opt/conda/envs/gdf/bin/python(+0x1407c2) [0x55f21736a7c2]
25  /opt/conda/envs/gdf/bin/python(_PyEval_EvalFrameDefault+0x696) [0x55f21735a5c6]
26  /opt/conda/envs/gdf/bin/python(+0x1407c2) [0x55f21736a7c2]
27  /opt/conda/envs/gdf/bin/python(_PyEval_EvalFrameDefault+0x696) [0x55f21735a5c6]
28  /opt/conda/envs/gdf/bin/python(+0x1407c2) [0x55f21736a7c2]
29  /opt/conda/envs/gdf/bin/python(_PyEval_EvalFrameDefault+0x696) [0x55f21735a5c6]
30  /opt/conda/envs/gdf/bin/python(+0x12f094) [0x55f217359094]
31  /opt/conda/envs/gdf/bin/python(_PyFunction_Vectorcall+0xd9) [0x55f21736a519]
32  /opt/conda/envs/gdf/bin/python(_PyEval_EvalFrameDefault+0x11f8) [0x55f21735b128]
33  /opt/conda/envs/gdf/bin/python(+0x12f094) [0x55f217359094]
34  /opt/conda/envs/gdf/bin/python(+0x14dccb) [0x55f217377ccb]
35  /opt/conda/envs/gdf/bin/python(PyObject_Call+0xbc) [0x55f21737844c]
36  /opt/conda/envs/gdf/bin/python(+0x21110e) [0x55f21743b10e]
37  /opt/conda/envs/gdf/bin/python(_PyObject_MakeTpCall+0x2ec) [0x55f21736277c]
38  /opt/conda/envs/gdf/bin/python(_PyEval_EvalFrameDefault+0x37cb) [0x55f21735d6fb]
39  /opt/conda/envs/gdf/bin/python(+0x1407c2) [0x55f21736a7c2]
40  /opt/conda/envs/gdf/bin/python(+0x14ddac) [0x55f217377dac]
41  /opt/conda/envs/gdf/bin/python(_PyEval_EvalFrameDefault+0x37cb) [0x55f21735d6fb]
42  /opt/conda/envs/gdf/bin/python(+0x1407c2) [0x55f21736a7c2]
43  /opt/conda/envs/gdf/bin/python(_PyEval_EvalFrameDefault+0x696) [0x55f21735a5c6]
44  /opt/conda/envs/gdf/bin/python(+0x12f094) [0x55f217359094]
45  /opt/conda/envs/gdf/bin/python(_PyFunction_Vectorcall+0xd9) [0x55f21736a519]
46  /opt/conda/envs/gdf/bin/python(_PyEval_EvalFrameDefault+0x696) [0x55f21735a5c6]
47  /opt/conda/envs/gdf/bin/python(+0x1407c2) [0x55f21736a7c2]
48  /opt/conda/envs/gdf/bin/python(_PyEval_EvalFrameDefault+0x3e2) [0x55f21735a312]
49  /opt/conda/envs/gdf/bin/python(+0x12f094) [0x55f217359094]
50  /opt/conda/envs/gdf/bin/python(_PyFunction_Vectorcall+0xd9) [0x55f21736a519]
51  /opt/conda/envs/gdf/bin/python(_PyEval_EvalFrameDefault+0x11f8) [0x55f21735b128]
52  /opt/conda/envs/gdf/bin/python(+0x12f094) [0x55f217359094]
53  /opt/conda/envs/gdf/bin/python(_PyEval_EvalCodeWithName+0x48) [0x55f217358d68]
54  /opt/conda/envs/gdf/bin/python(PyEval_EvalCodeEx+0x39) [0x55f217358d19]
55  /opt/conda/envs/gdf/bin/python(PyEval_EvalCode+0x1b) [0x55f21740607b]
56  /opt/conda/envs/gdf/bin/python(+0x208fca) [0x55f217432fca]
57  /opt/conda/envs/gdf/bin/python(+0x205353) [0x55f21742f353]
58  /opt/conda/envs/gdf/bin/python(PyRun_StringFlags+0x9a) [0x55f21742716a]
59  /opt/conda/envs/gdf/bin/python(PyRun_SimpleStringFlags+0x3c) [0x55f21742705c]
60  /opt/conda/envs/gdf/bin/python(Py_RunMain+0x267) [0x55f217426297]
61  /opt/conda/envs/gdf/bin/python(Py_BytesMain+0x37) [0x55f2173f9f07]
=================================
Task exception was never retrieved
future: <Task finished name='Task-277' coro=<_listener_handler_coroutine() done, defined at /opt/conda/envs/gdf/lib/python3.9/site-packages/ucp/core.py:128> exception=UCXError('<stream_recv>: Connection reset by remote peer')>
Traceback (most recent call last):
  File "/opt/conda/envs/gdf/lib/python3.9/site-packages/ucp/core.py", line 143, in _listener_handler_coroutine
    peer_info = await exchange_peer_info(
  File "/opt/conda/envs/gdf/lib/python3.9/site-packages/ucp/core.py", line 52, in exchange_peer_info
    await comm.stream_recv(endpoint, peer_info_arr, peer_info_arr.nbytes)
ucp._libs.exceptions.UCXError: <stream_recv>: Connection reset by remote peer
2023-10-20 06:32:37,560 - distributed.worker - ERROR - Worker stream died during communication: ucx://127.0.0.1:59585
Traceback (most recent call last):
  File "/opt/conda/envs/gdf/lib/python3.9/site-packages/distributed/comm/ucx.py", line 471, in connect
    ep = await ucp.create_endpoint(ip, port)
  File "/opt/conda/envs/gdf/lib/python3.9/site-packages/ucp/core.py", line 1004, in create_endpoint
    return await _get_ctx().create_endpoint(
  File "/opt/conda/envs/gdf/lib/python3.9/site-packages/ucp/core.py", line 316, in create_endpoint
    peer_info = await exchange_peer_info(
  File "/opt/conda/envs/gdf/lib/python3.9/site-packages/ucp/core.py", line 54, in exchange_peer_info
    await comm.stream_recv(endpoint, peer_info_arr, peer_info_arr.nbytes)
ucp._libs.exceptions.UCXError: <stream_recv>: Connection reset by remote peer

During handling of the above exception, another exception occurred:

Traceback (most recent call last):
  File "/opt/conda/envs/gdf/lib/python3.9/site-packages/distributed/comm/core.py", line 342, in connect
    comm = await wait_for(
  File "/opt/conda/envs/gdf/lib/python3.9/site-packages/distributed/utils.py", line 1920, in wait_for
    return await asyncio.wait_for(fut, timeout)
  File "/opt/conda/envs/gdf/lib/python3.9/asyncio/tasks.py", line 479, in wait_for
    return fut.result()
  File "/opt/conda/envs/gdf/lib/python3.9/site-packages/distributed/comm/ucx.py", line 473, in connect
    raise CommClosedError("Connection closed before handshake completed")
distributed.comm.core.CommClosedError: Connection closed before handshake completed

During handling of the above exception, another exception occurred:

Traceback (most recent call last):
  File "/opt/conda/envs/gdf/lib/python3.9/site-packages/distributed/core.py", line 1516, in _connect
    comm = await connect(
  File "/opt/conda/envs/gdf/lib/python3.9/site-packages/distributed/comm/core.py", line 366, in connect
    await asyncio.sleep(backoff)
  File "/opt/conda/envs/gdf/lib/python3.9/asyncio/tasks.py", line 652, in sleep
    return await future
asyncio.exceptions.CancelledError

During handling of the above exception, another exception occurred:

Traceback (most recent call last):
  File "/opt/conda/envs/gdf/lib/python3.9/site-packages/distributed/core.py", line 1626, in connect
    return connect_attempt.result()
asyncio.exceptions.CancelledError

During handling of the above exception, another exception occurred:

Traceback (most recent call last):
  File "/opt/conda/envs/gdf/lib/python3.9/site-packages/distributed/worker.py", line 2059, in gather_dep
    response = await get_data_from_worker(
  File "/opt/conda/envs/gdf/lib/python3.9/site-packages/distributed/worker.py", line 2849, in get_data_from_worker
    comm = await rpc.connect(worker)
  File "/opt/conda/envs/gdf/lib/python3.9/site-packages/distributed/core.py", line 1628, in connect
    raise CommClosedError(reason)
distributed.comm.core.CommClosedError: Address removed.
2023-10-20 06:32:37,561 - distributed.worker - ERROR - Worker stream died during communication: ucx://127.0.0.1:59585
Traceback (most recent call last):
  File "/opt/conda/envs/gdf/lib/python3.9/site-packages/distributed/comm/ucx.py", line 471, in connect
    ep = await ucp.create_endpoint(ip, port)
  File "/opt/conda/envs/gdf/lib/python3.9/site-packages/ucp/core.py", line 1004, in create_endpoint
    return await _get_ctx().create_endpoint(
  File "/opt/conda/envs/gdf/lib/python3.9/site-packages/ucp/core.py", line 316, in create_endpoint
    peer_info = await exchange_peer_info(
  File "/opt/conda/envs/gdf/lib/python3.9/site-packages/ucp/core.py", line 54, in exchange_peer_info
    await comm.stream_recv(endpoint, peer_info_arr, peer_info_arr.nbytes)
ucp._libs.exceptions.UCXNotConnected: <stream_recv>: 

During handling of the above exception, another exception occurred:

Traceback (most recent call last):
  File "/opt/conda/envs/gdf/lib/python3.9/site-packages/distributed/comm/core.py", line 342, in connect
    comm = await wait_for(
  File "/opt/conda/envs/gdf/lib/python3.9/site-packages/distributed/utils.py", line 1920, in wait_for
    return await asyncio.wait_for(fut, timeout)
  File "/opt/conda/envs/gdf/lib/python3.9/asyncio/tasks.py", line 479, in wait_for
    return fut.result()
  File "/opt/conda/envs/gdf/lib/python3.9/site-packages/distributed/comm/ucx.py", line 473, in connect
    raise CommClosedError("Connection closed before handshake completed")
distributed.comm.core.CommClosedError: Connection closed before handshake completed

During handling of the above exception, another exception occurred:

Traceback (most recent call last):
  File "/opt/conda/envs/gdf/lib/python3.9/site-packages/distributed/core.py", line 1516, in _connect
    comm = await connect(
  File "/opt/conda/envs/gdf/lib/python3.9/site-packages/distributed/comm/core.py", line 366, in connect
    await asyncio.sleep(backoff)
  File "/opt/conda/envs/gdf/lib/python3.9/asyncio/tasks.py", line 652, in sleep
    return await future
asyncio.exceptions.CancelledError

During handling of the above exception, another exception occurred:

Traceback (most recent call last):
  File "/opt/conda/envs/gdf/lib/python3.9/site-packages/distributed/core.py", line 1626, in connect
    return connect_attempt.result()
asyncio.exceptions.CancelledError

During handling of the above exception, another exception occurred:

Traceback (most recent call last):
  File "/opt/conda/envs/gdf/lib/python3.9/site-packages/distributed/worker.py", line 2059, in gather_dep
    response = await get_data_from_worker(
  File "/opt/conda/envs/gdf/lib/python3.9/site-packages/distributed/worker.py", line 2849, in get_data_from_worker
    comm = await rpc.connect(worker)
  File "/opt/conda/envs/gdf/lib/python3.9/site-packages/distributed/core.py", line 1628, in connect
    raise CommClosedError(reason)
distributed.comm.core.CommClosedError: Address removed.
Task exception was never retrieved
future: <Task finished name='Task-278' coro=<_listener_handler_coroutine() done, defined at /opt/conda/envs/gdf/lib/python3.9/site-packages/ucp/core.py:128> exception=UCXError('<stream_recv>: Connection reset by remote peer')>
Traceback (most recent call last):
  File "/opt/conda/envs/gdf/lib/python3.9/site-packages/ucp/core.py", line 143, in _listener_handler_coroutine
    peer_info = await exchange_peer_info(
  File "/opt/conda/envs/gdf/lib/python3.9/site-packages/ucp/core.py", line 52, in exchange_peer_info
    await comm.stream_recv(endpoint, peer_info_arr, peer_info_arr.nbytes)
ucp._libs.exceptions.UCXError: <stream_recv>: Connection reset by remote peer
2023-10-20 06:32:37,612 - distributed.worker - ERROR - Worker stream died during communication: ucx://127.0.0.1:51623
Traceback (most recent call last):
  File "/opt/conda/envs/gdf/lib/python3.9/site-packages/distributed/comm/ucx.py", line 354, in read
    await self.ep.recv(msg)
  File "/opt/conda/envs/gdf/lib/python3.9/site-packages/ucp/core.py", line 725, in recv
    ret = await comm.tag_recv(self._ep, buffer, nbytes, tag, name=log)
ucp._libs.exceptions.UCXCanceled: <[Recv #000] ep: 0x7f4a30477100, tag: 0x89c10543a9d9e8f5, nbytes: 16, type: <class 'numpy.ndarray'>>: 

During handling of the above exception, another exception occurred:

Traceback (most recent call last):
  File "/opt/conda/envs/gdf/lib/python3.9/site-packages/distributed/worker.py", line 2059, in gather_dep
    response = await get_data_from_worker(
  File "/opt/conda/envs/gdf/lib/python3.9/site-packages/distributed/worker.py", line 2849, in get_data_from_worker
    comm = await rpc.connect(worker)
  File "/opt/conda/envs/gdf/lib/python3.9/site-packages/distributed/core.py", line 1626, in connect
    return connect_attempt.result()
  File "/opt/conda/envs/gdf/lib/python3.9/site-packages/distributed/core.py", line 1516, in _connect
    comm = await connect(
  File "/opt/conda/envs/gdf/lib/python3.9/site-packages/distributed/comm/core.py", line 377, in connect
    handshake = await comm.read()
  File "/opt/conda/envs/gdf/lib/python3.9/site-packages/distributed/utils.py", line 803, in wrapper
    return await func(*args, **kwargs)
  File "/opt/conda/envs/gdf/lib/python3.9/site-packages/distributed/comm/ucx.py", line 372, in read
    raise CommClosedError(
distributed.comm.core.CommClosedError: Connection closed by writer.
Inner exception: UCXCanceled("<[Recv #000] ep: 0x7f4a30477100, tag: 0x89c10543a9d9e8f5, nbytes: 16, type: <class 'numpy.ndarray'>>: ")
Task exception was never retrieved
future: <Task finished name='Task-271' coro=<_listener_handler_coroutine() done, defined at /opt/conda/envs/gdf/lib/python3.9/site-packages/ucp/core.py:128> exception=UCXError('<stream_recv>: Connection reset by remote peer')>
Traceback (most recent call last):
  File "/opt/conda/envs/gdf/lib/python3.9/site-packages/ucp/core.py", line 143, in _listener_handler_coroutine
    peer_info = await exchange_peer_info(
  File "/opt/conda/envs/gdf/lib/python3.9/site-packages/ucp/core.py", line 52, in exchange_peer_info
    await comm.stream_recv(endpoint, peer_info_arr, peer_info_arr.nbytes)
ucp._libs.exceptions.UCXError: <stream_recv>: Connection reset by remote peer
2023-10-20 06:32:37,693 - distributed.worker - ERROR - failed during get data with ucx://127.0.0.1:57257 -> ucx://127.0.0.1:60411
Traceback (most recent call last):
  File "/opt/conda/envs/gdf/lib/python3.9/site-packages/distributed/comm/ucx.py", line 354, in read
    await self.ep.recv(msg)
  File "/opt/conda/envs/gdf/lib/python3.9/site-packages/ucp/core.py", line 725, in recv
    ret = await comm.tag_recv(self._ep, buffer, nbytes, tag, name=log)
ucp._libs.exceptions.UCXCanceled: <[Recv #006] ep: 0x7f4a30477300, tag: 0x411e38e9d4fe5f0f, nbytes: 16, type: <class 'numpy.ndarray'>>: 

During handling of the above exception, another exception occurred:

Traceback (most recent call last):
  File "/opt/conda/envs/gdf/lib/python3.9/site-packages/distributed/worker.py", line 1783, in get_data
    response = await comm.read(deserializers=serializers)
  File "/opt/conda/envs/gdf/lib/python3.9/site-packages/distributed/utils.py", line 803, in wrapper
    return await func(*args, **kwargs)
  File "/opt/conda/envs/gdf/lib/python3.9/site-packages/distributed/comm/ucx.py", line 372, in read
    raise CommClosedError(
distributed.comm.core.CommClosedError: Connection closed by writer.
Inner exception: UCXCanceled("<[Recv #006] ep: 0x7f4a30477300, tag: 0x411e38e9d4fe5f0f, nbytes: 16, type: <class 'numpy.ndarray'>>: ")
2023-10-20 06:32:37,694 - distributed.worker - ERROR - Worker stream died during communication: ucx://127.0.0.1:60411
Traceback (most recent call last):
  File "/opt/conda/envs/gdf/lib/python3.9/site-packages/distributed/comm/ucx.py", line 396, in read
    await self.ep.recv(each_frame)
  File "/opt/conda/envs/gdf/lib/python3.9/site-packages/ucp/core.py", line 725, in recv
    ret = await comm.tag_recv(self._ep, buffer, nbytes, tag, name=log)
ucp._libs.exceptions.UCXError: <[Recv #007] ep: 0x7ff2850a1140, tag: 0x33a121dc16037fef, nbytes: 50000000, type: <class 'rmm._lib.device_buffer.DeviceBuffer'>>: Connection reset by remote peer

During handling of the above exception, another exception occurred:

Traceback (most recent call last):
  File "/opt/conda/envs/gdf/lib/python3.9/site-packages/distributed/worker.py", line 2059, in gather_dep
    response = await get_data_from_worker(
  File "/opt/conda/envs/gdf/lib/python3.9/site-packages/distributed/worker.py", line 2852, in get_data_from_worker
    response = await send_recv(
  File "/opt/conda/envs/gdf/lib/python3.9/site-packages/distributed/core.py", line 1106, in send_recv
    response = await comm.read(deserializers=deserializers)
  File "/opt/conda/envs/gdf/lib/python3.9/site-packages/distributed/utils.py", line 803, in wrapper
    return await func(*args, **kwargs)
  File "/opt/conda/envs/gdf/lib/python3.9/site-packages/distributed/comm/ucx.py", line 402, in read
    raise CommClosedError(
distributed.comm.core.CommClosedError: Connection closed by writer.
Inner exception: UCXError("<[Recv #007] ep: 0x7ff2850a1140, tag: 0x33a121dc16037fef, nbytes: 50000000, type: <class 'rmm._lib.device_buffer.DeviceBuffer'>>: Connection reset by remote peer")
2023-10-20 06:32:37,695 - distributed.worker - ERROR - failed during get data with ucx://127.0.0.1:44141 -> ucx://127.0.0.1:60411
Traceback (most recent call last):
  File "/opt/conda/envs/gdf/lib/python3.9/site-packages/distributed/comm/ucx.py", line 338, in write
    await self.ep.send(each_frame)
  File "/opt/conda/envs/gdf/lib/python3.9/site-packages/ucp/core.py", line 650, in send
    return await comm.tag_send(self._ep, buffer, nbytes, tag, name=log)
ucp._libs.exceptions.UCXError: <[Send #007] ep: 0x7ff2850a1340, tag: 0x4dad16c91e76e491, nbytes: 50000000, type: <class 'cupy.ndarray'>>: Connection reset by remote peer

During handling of the above exception, another exception occurred:

Traceback (most recent call last):
  File "/opt/conda/envs/gdf/lib/python3.9/site-packages/distributed/worker.py", line 1782, in get_data
    compressed = await comm.write(msg, serializers=serializers)
  File "/opt/conda/envs/gdf/lib/python3.9/site-packages/distributed/utils.py", line 803, in wrapper
    return await func(*args, **kwargs)
  File "/opt/conda/envs/gdf/lib/python3.9/site-packages/distributed/comm/ucx.py", line 342, in write
    raise CommClosedError("While writing, the connection was closed")
distributed.comm.core.CommClosedError: While writing, the connection was closed
Task exception was never retrieved
future: <Task finished name='Task-262' coro=<_listener_handler_coroutine() done, defined at /opt/conda/envs/gdf/lib/python3.9/site-packages/ucp/core.py:128> exception=UCXError('<stream_recv>: Connection reset by remote peer')>
Traceback (most recent call last):
  File "/opt/conda/envs/gdf/lib/python3.9/site-packages/ucp/core.py", line 143, in _listener_handler_coroutine
    peer_info = await exchange_peer_info(
  File "/opt/conda/envs/gdf/lib/python3.9/site-packages/ucp/core.py", line 52, in exchange_peer_info
    await comm.stream_recv(endpoint, peer_info_arr, peer_info_arr.nbytes)
ucp._libs.exceptions.UCXError: <stream_recv>: Connection reset by remote peer
2023-10-20 06:32:37,701 - distributed.worker - ERROR - Worker stream died during communication: ucx://127.0.0.1:46879
Traceback (most recent call last):
  File "/opt/conda/envs/gdf/lib/python3.9/site-packages/distributed/comm/ucx.py", line 471, in connect
    ep = await ucp.create_endpoint(ip, port)
  File "/opt/conda/envs/gdf/lib/python3.9/site-packages/ucp/core.py", line 1004, in create_endpoint
    return await _get_ctx().create_endpoint(
  File "/opt/conda/envs/gdf/lib/python3.9/site-packages/ucp/core.py", line 316, in create_endpoint
    peer_info = await exchange_peer_info(
  File "/opt/conda/envs/gdf/lib/python3.9/site-packages/ucp/core.py", line 54, in exchange_peer_info
    await comm.stream_recv(endpoint, peer_info_arr, peer_info_arr.nbytes)
ucp._libs.exceptions.UCXError: <stream_recv>: Connection reset by remote peer

During handling of the above exception, another exception occurred:

Traceback (most recent call last):
  File "/opt/conda/envs/gdf/lib/python3.9/site-packages/distributed/comm/core.py", line 342, in connect
    comm = await wait_for(
  File "/opt/conda/envs/gdf/lib/python3.9/site-packages/distributed/utils.py", line 1920, in wait_for
    return await asyncio.wait_for(fut, timeout)
  File "/opt/conda/envs/gdf/lib/python3.9/asyncio/tasks.py", line 479, in wait_for
    return fut.result()
  File "/opt/conda/envs/gdf/lib/python3.9/site-packages/distributed/comm/ucx.py", line 473, in connect
    raise CommClosedError("Connection closed before handshake completed")
distributed.comm.core.CommClosedError: Connection closed before handshake completed

During handling of the above exception, another exception occurred:

Traceback (most recent call last):
  File "/opt/conda/envs/gdf/lib/python3.9/site-packages/distributed/core.py", line 1516, in _connect
    comm = await connect(
  File "/opt/conda/envs/gdf/lib/python3.9/site-packages/distributed/comm/core.py", line 366, in connect
    await asyncio.sleep(backoff)
  File "/opt/conda/envs/gdf/lib/python3.9/asyncio/tasks.py", line 652, in sleep
    return await future
asyncio.exceptions.CancelledError

During handling of the above exception, another exception occurred:

Traceback (most recent call last):
  File "/opt/conda/envs/gdf/lib/python3.9/site-packages/distributed/core.py", line 1626, in connect
    return connect_attempt.result()
asyncio.exceptions.CancelledError

During handling of the above exception, another exception occurred:

Traceback (most recent call last):
  File "/opt/conda/envs/gdf/lib/python3.9/site-packages/distributed/worker.py", line 2059, in gather_dep
    response = await get_data_from_worker(
  File "/opt/conda/envs/gdf/lib/python3.9/site-packages/distributed/worker.py", line 2849, in get_data_from_worker
    comm = await rpc.connect(worker)
  File "/opt/conda/envs/gdf/lib/python3.9/site-packages/distributed/core.py", line 1628, in connect
    raise CommClosedError(reason)
distributed.comm.core.CommClosedError: Address removed.
2023-10-20 06:32:37,715 - distributed.worker - ERROR - failed during get data with ucx://127.0.0.1:57257 -> ucx://127.0.0.1:49215
Traceback (most recent call last):
  File "/opt/conda/envs/gdf/lib/python3.9/site-packages/distributed/comm/ucx.py", line 338, in write
    await self.ep.send(each_frame)
  File "/opt/conda/envs/gdf/lib/python3.9/site-packages/ucp/core.py", line 650, in send
    return await comm.tag_send(self._ep, buffer, nbytes, tag, name=log)
ucp._libs.exceptions.UCXError: <[Send #007] ep: 0x7f4a30477340, tag: 0xa29bb413099e49d3, nbytes: 50000000, type: <class 'cupy.ndarray'>>: Connection reset by remote peer

During handling of the above exception, another exception occurred:

Traceback (most recent call last):
  File "/opt/conda/envs/gdf/lib/python3.9/site-packages/distributed/worker.py", line 1782, in get_data
    compressed = await comm.write(msg, serializers=serializers)
  File "/opt/conda/envs/gdf/lib/python3.9/site-packages/distributed/utils.py", line 803, in wrapper
    return await func(*args, **kwargs)
  File "/opt/conda/envs/gdf/lib/python3.9/site-packages/distributed/comm/ucx.py", line 342, in write
    raise CommClosedError("While writing, the connection was closed")
distributed.comm.core.CommClosedError: While writing, the connection was closed
2023-10-20 06:32:37,793 - distributed.worker - ERROR - Worker stream died during communication: ucx://127.0.0.1:40621
Traceback (most recent call last):
  File "/opt/conda/envs/gdf/lib/python3.9/site-packages/distributed/comm/ucx.py", line 396, in read
    await self.ep.recv(each_frame)
  File "/opt/conda/envs/gdf/lib/python3.9/site-packages/ucp/core.py", line 725, in recv
    ret = await comm.tag_recv(self._ep, buffer, nbytes, tag, name=log)
ucp._libs.exceptions.UCXError: <[Recv #007] ep: 0x7f4a30477180, tag: 0x3a41ec089e5185e6, nbytes: 50000000, type: <class 'rmm._lib.device_buffer.DeviceBuffer'>>: Connection reset by remote peer

During handling of the above exception, another exception occurred:

Traceback (most recent call last):
  File "/opt/conda/envs/gdf/lib/python3.9/site-packages/distributed/worker.py", line 2059, in gather_dep
    response = await get_data_from_worker(
  File "/opt/conda/envs/gdf/lib/python3.9/site-packages/distributed/worker.py", line 2852, in get_data_from_worker
    response = await send_recv(
  File "/opt/conda/envs/gdf/lib/python3.9/site-packages/distributed/core.py", line 1106, in send_recv
    response = await comm.read(deserializers=deserializers)
  File "/opt/conda/envs/gdf/lib/python3.9/site-packages/distributed/utils.py", line 803, in wrapper
    return await func(*args, **kwargs)
  File "/opt/conda/envs/gdf/lib/python3.9/site-packages/distributed/comm/ucx.py", line 402, in read
    raise CommClosedError(
distributed.comm.core.CommClosedError: Connection closed by writer.
Inner exception: UCXError("<[Recv #007] ep: 0x7f4a30477180, tag: 0x3a41ec089e5185e6, nbytes: 50000000, type: <class 'rmm._lib.device_buffer.DeviceBuffer'>>: Connection reset by remote peer")
2023-10-20 06:32:37,793 - distributed.worker - ERROR - Worker stream died during communication: ucx://127.0.0.1:40621
Traceback (most recent call last):
  File "/opt/conda/envs/gdf/lib/python3.9/site-packages/distributed/comm/ucx.py", line 354, in read
    await self.ep.recv(msg)
  File "/opt/conda/envs/gdf/lib/python3.9/site-packages/ucp/core.py", line 725, in recv
    ret = await comm.tag_recv(self._ep, buffer, nbytes, tag, name=log)
ucp._libs.exceptions.UCXCanceled: <[Recv #003] ep: 0x7ff2850a1200, tag: 0x254289ddea242e7e, nbytes: 16, type: <class 'numpy.ndarray'>>: 

During handling of the above exception, another exception occurred:

Traceback (most recent call last):
  File "/opt/conda/envs/gdf/lib/python3.9/site-packages/distributed/worker.py", line 2059, in gather_dep
    response = await get_data_from_worker(
  File "/opt/conda/envs/gdf/lib/python3.9/site-packages/distributed/worker.py", line 2852, in get_data_from_worker
    response = await send_recv(
  File "/opt/conda/envs/gdf/lib/python3.9/site-packages/distributed/core.py", line 1106, in send_recv
    response = await comm.read(deserializers=deserializers)
  File "/opt/conda/envs/gdf/lib/python3.9/site-packages/distributed/utils.py", line 803, in wrapper
    return await func(*args, **kwargs)
  File "/opt/conda/envs/gdf/lib/python3.9/site-packages/distributed/comm/ucx.py", line 372, in read
    raise CommClosedError(
distributed.comm.core.CommClosedError: Connection closed by writer.
Inner exception: UCXCanceled("<[Recv #003] ep: 0x7ff2850a1200, tag: 0x254289ddea242e7e, nbytes: 16, type: <class 'numpy.ndarray'>>: ")
2023-10-20 06:32:37,794 - distributed.worker - ERROR - failed during get data with ucx://127.0.0.1:57257 -> ucx://127.0.0.1:40621
Traceback (most recent call last):
  File "/opt/conda/envs/gdf/lib/python3.9/site-packages/distributed/comm/ucx.py", line 338, in write
    await self.ep.send(each_frame)
  File "/opt/conda/envs/gdf/lib/python3.9/site-packages/ucp/core.py", line 650, in send
    return await comm.tag_send(self._ep, buffer, nbytes, tag, name=log)
ucp._libs.exceptions.UCXError: <[Send #007] ep: 0x7f4a30477240, tag: 0x7c9e8e837ae830c, nbytes: 50000000, type: <class 'cupy.ndarray'>>: Connection reset by remote peer

During handling of the above exception, another exception occurred:

Traceback (most recent call last):
  File "/opt/conda/envs/gdf/lib/python3.9/site-packages/distributed/worker.py", line 1782, in get_data
    compressed = await comm.write(msg, serializers=serializers)
  File "/opt/conda/envs/gdf/lib/python3.9/site-packages/distributed/utils.py", line 803, in wrapper
    return await func(*args, **kwargs)
  File "/opt/conda/envs/gdf/lib/python3.9/site-packages/distributed/comm/ucx.py", line 342, in write
    raise CommClosedError("While writing, the connection was closed")
distributed.comm.core.CommClosedError: While writing, the connection was closed
2023-10-20 06:32:44,256 - distributed.nanny - WARNING - Restarting worker
2023-10-20 06:32:45,007 - distributed.nanny - WARNING - Restarting worker
2023-10-20 06:32:45,008 - distributed.nanny - WARNING - Restarting worker
2023-10-20 06:32:45,072 - distributed.nanny - WARNING - Restarting worker
2023-10-20 06:32:45,119 - distributed.nanny - WARNING - Restarting worker
2023-10-20 06:32:45,178 - distributed.nanny - WARNING - Restarting worker
[dgx13:83801:0:83801] Caught signal 11 (Segmentation fault: address not mapped to object at address 0x448)
==== backtrace (tid:  83801) ====
 0  /opt/conda/envs/gdf/lib/libucs.so.0(ucs_handle_error+0x2fd) [0x7f4fdc68607d]
 1  /opt/conda/envs/gdf/lib/libucs.so.0(+0x2a274) [0x7f4fdc686274]
 2  /opt/conda/envs/gdf/lib/libucs.so.0(+0x2a43a) [0x7f4fdc68643a]
 3  /usr/lib/x86_64-linux-gnu/libpthread.so.0(+0x14420) [0x7f506f5d3420]
 4  /opt/conda/envs/gdf/lib/libucp.so.0(ucp_mem_type_unpack+0x14) [0x7f4fdc7056b4]
 5  /opt/conda/envs/gdf/lib/libucp.so.0(ucp_rndv_data_handler+0x4e9) [0x7f4fdc72e839]
 6  /opt/conda/envs/gdf/lib/libuct.so.0(+0x203df) [0x7f4fdc6403df]
 7  /opt/conda/envs/gdf/lib/libuct.so.0(+0x23838) [0x7f4fdc643838]
 8  /opt/conda/envs/gdf/lib/libucs.so.0(ucs_event_set_wait+0xb9) [0x7f4fdc68f4a9]
 9  /opt/conda/envs/gdf/lib/libuct.so.0(uct_tcp_iface_progress+0x7d) [0x7f4fdc6425dd]
10  /opt/conda/envs/gdf/lib/libucp.so.0(ucp_worker_progress+0x5a) [0x7f4fdc7028da]
11  /opt/conda/envs/gdf/lib/python3.9/site-packages/ucp/_libs/ucx_api.cpython-39-x86_64-linux-gnu.so(+0x3206a) [0x7f4fdc7bb06a]
12  /opt/conda/envs/gdf/bin/python(_PyEval_EvalFrameDefault+0x37cb) [0x556d19ad66fb]
13  /opt/conda/envs/gdf/bin/python(+0x12f094) [0x556d19ad2094]
14  /opt/conda/envs/gdf/bin/python(_PyFunction_Vectorcall+0xd9) [0x556d19ae3519]
15  /opt/conda/envs/gdf/bin/python(_PyEval_EvalFrameDefault+0x696) [0x556d19ad35c6]
16  /opt/conda/envs/gdf/bin/python(+0x1407c2) [0x556d19ae37c2]
17  /opt/conda/envs/gdf/bin/python(+0x14de83) [0x556d19af0e83]
18  /opt/conda/envs/gdf/bin/python(+0x258b2c) [0x556d19bfbb2c]
19  /opt/conda/envs/gdf/bin/python(+0xead05) [0x556d19a8dd05]
20  /opt/conda/envs/gdf/bin/python(+0x1377f3) [0x556d19ada7f3]
21  /opt/conda/envs/gdf/bin/python(_PyEval_EvalFrameDefault+0x59f9) [0x556d19ad8929]
22  /opt/conda/envs/gdf/bin/python(+0x1407c2) [0x556d19ae37c2]
23  /opt/conda/envs/gdf/bin/python(_PyEval_EvalFrameDefault+0x696) [0x556d19ad35c6]
24  /opt/conda/envs/gdf/bin/python(+0x1407c2) [0x556d19ae37c2]
25  /opt/conda/envs/gdf/bin/python(_PyEval_EvalFrameDefault+0x696) [0x556d19ad35c6]
26  /opt/conda/envs/gdf/bin/python(+0x1407c2) [0x556d19ae37c2]
27  /opt/conda/envs/gdf/bin/python(_PyEval_EvalFrameDefault+0x696) [0x556d19ad35c6]
28  /opt/conda/envs/gdf/bin/python(+0x1407c2) [0x556d19ae37c2]
29  /opt/conda/envs/gdf/bin/python(_PyEval_EvalFrameDefault+0x696) [0x556d19ad35c6]
30  /opt/conda/envs/gdf/bin/python(+0x12f094) [0x556d19ad2094]
31  /opt/conda/envs/gdf/bin/python(_PyFunction_Vectorcall+0xd9) [0x556d19ae3519]
32  /opt/conda/envs/gdf/bin/python(_PyEval_EvalFrameDefault+0x11f8) [0x556d19ad4128]
33  /opt/conda/envs/gdf/bin/python(+0x12f094) [0x556d19ad2094]
34  /opt/conda/envs/gdf/bin/python(+0x14dccb) [0x556d19af0ccb]
35  /opt/conda/envs/gdf/bin/python(PyObject_Call+0xbc) [0x556d19af144c]
36  /opt/conda/envs/gdf/bin/python(+0x21110e) [0x556d19bb410e]
37  /opt/conda/envs/gdf/bin/python(_PyObject_MakeTpCall+0x2ec) [0x556d19adb77c]
38  /opt/conda/envs/gdf/bin/python(_PyEval_EvalFrameDefault+0x37cb) [0x556d19ad66fb]
39  /opt/conda/envs/gdf/bin/python(+0x1407c2) [0x556d19ae37c2]
40  /opt/conda/envs/gdf/bin/python(+0x14ddac) [0x556d19af0dac]
41  /opt/conda/envs/gdf/bin/python(_PyEval_EvalFrameDefault+0x37cb) [0x556d19ad66fb]
42  /opt/conda/envs/gdf/bin/python(+0x1407c2) [0x556d19ae37c2]
43  /opt/conda/envs/gdf/bin/python(_PyEval_EvalFrameDefault+0x696) [0x556d19ad35c6]
44  /opt/conda/envs/gdf/bin/python(+0x12f094) [0x556d19ad2094]
45  /opt/conda/envs/gdf/bin/python(_PyFunction_Vectorcall+0xd9) [0x556d19ae3519]
46  /opt/conda/envs/gdf/bin/python(_PyEval_EvalFrameDefault+0x696) [0x556d19ad35c6]
47  /opt/conda/envs/gdf/bin/python(+0x1407c2) [0x556d19ae37c2]
48  /opt/conda/envs/gdf/bin/python(_PyEval_EvalFrameDefault+0x3e2) [0x556d19ad3312]
49  /opt/conda/envs/gdf/bin/python(+0x12f094) [0x556d19ad2094]
50  /opt/conda/envs/gdf/bin/python(_PyFunction_Vectorcall+0xd9) [0x556d19ae3519]
51  /opt/conda/envs/gdf/bin/python(_PyEval_EvalFrameDefault+0x11f8) [0x556d19ad4128]
52  /opt/conda/envs/gdf/bin/python(+0x12f094) [0x556d19ad2094]
53  /opt/conda/envs/gdf/bin/python(_PyEval_EvalCodeWithName+0x48) [0x556d19ad1d68]
54  /opt/conda/envs/gdf/bin/python(PyEval_EvalCodeEx+0x39) [0x556d19ad1d19]
55  /opt/conda/envs/gdf/bin/python(PyEval_EvalCode+0x1b) [0x556d19b7f07b]
56  /opt/conda/envs/gdf/bin/python(+0x208fca) [0x556d19babfca]
57  /opt/conda/envs/gdf/bin/python(+0x205353) [0x556d19ba8353]
58  /opt/conda/envs/gdf/bin/python(PyRun_StringFlags+0x9a) [0x556d19ba016a]
59  /opt/conda/envs/gdf/bin/python(PyRun_SimpleStringFlags+0x3c) [0x556d19ba005c]
60  /opt/conda/envs/gdf/bin/python(Py_RunMain+0x267) [0x556d19b9f297]
61  /opt/conda/envs/gdf/bin/python(Py_BytesMain+0x37) [0x556d19b72f07]
=================================
[dgx13:83807:0:83807] Caught signal 11 (Segmentation fault: address not mapped to object at address 0x448)
==== backtrace (tid:  83807) ====
 0  /opt/conda/envs/gdf/lib/libucs.so.0(ucs_handle_error+0x2fd) [0x7f81c303207d]
 1  /opt/conda/envs/gdf/lib/libucs.so.0(+0x2a274) [0x7f81c3032274]
 2  /opt/conda/envs/gdf/lib/libucs.so.0(+0x2a43a) [0x7f81c303243a]
 3  /usr/lib/x86_64-linux-gnu/libpthread.so.0(+0x14420) [0x7f8267fb1420]
 4  /opt/conda/envs/gdf/lib/libucp.so.0(ucp_mem_type_unpack+0x14) [0x7f81c30b16b4]
 5  /opt/conda/envs/gdf/lib/libucp.so.0(ucp_rndv_data_handler+0x4e9) [0x7f81c30da839]
 6  /opt/conda/envs/gdf/lib/libuct.so.0(+0x203df) [0x7f81c2fec3df]
 7  /opt/conda/envs/gdf/lib/libuct.so.0(+0x23838) [0x7f81c2fef838]
 8  /opt/conda/envs/gdf/lib/libucs.so.0(ucs_event_set_wait+0xb9) [0x7f81c303b4a9]
 9  /opt/conda/envs/gdf/lib/libuct.so.0(uct_tcp_iface_progress+0x7d) [0x7f81c2fee5dd]
10  /opt/conda/envs/gdf/lib/libucp.so.0(ucp_worker_progress+0x5a) [0x7f81c30ae8da]
11  /opt/conda/envs/gdf/lib/python3.9/site-packages/ucp/_libs/ucx_api.cpython-39-x86_64-linux-gnu.so(+0x3206a) [0x7f81c316706a]
12  /opt/conda/envs/gdf/bin/python(_PyEval_EvalFrameDefault+0x37cb) [0x55a291a636fb]
13  /opt/conda/envs/gdf/bin/python(+0x12f094) [0x55a291a5f094]
14  /opt/conda/envs/gdf/bin/python(_PyFunction_Vectorcall+0xd9) [0x55a291a70519]
15  /opt/conda/envs/gdf/bin/python(_PyEval_EvalFrameDefault+0x696) [0x55a291a605c6]
16  /opt/conda/envs/gdf/bin/python(+0x1e3162) [0x55a291b13162]
17  /opt/conda/envs/gdf/lib/python3.9/lib-dynload/_asyncio.cpython-39-x86_64-linux-gnu.so(+0x81e9) [0x7f81e82ea1e9]
18  /opt/conda/envs/gdf/bin/python(_PyObject_MakeTpCall+0x2ec) [0x55a291a6877c]
19  /opt/conda/envs/gdf/bin/python(+0xead05) [0x55a291a1ad05]
20  /opt/conda/envs/gdf/bin/python(+0x1377f3) [0x55a291a677f3]
21  /opt/conda/envs/gdf/bin/python(_PyEval_EvalFrameDefault+0x59f9) [0x55a291a65929]
22  /opt/conda/envs/gdf/bin/python(+0x1407c2) [0x55a291a707c2]
23  /opt/conda/envs/gdf/bin/python(_PyEval_EvalFrameDefault+0x696) [0x55a291a605c6]
24  /opt/conda/envs/gdf/bin/python(+0x1407c2) [0x55a291a707c2]
25  /opt/conda/envs/gdf/bin/python(_PyEval_EvalFrameDefault+0x696) [0x55a291a605c6]
26  /opt/conda/envs/gdf/bin/python(+0x1407c2) [0x55a291a707c2]
27  /opt/conda/envs/gdf/bin/python(_PyEval_EvalFrameDefault+0x696) [0x55a291a605c6]
28  /opt/conda/envs/gdf/bin/python(+0x1407c2) [0x55a291a707c2]
29  /opt/conda/envs/gdf/bin/python(_PyEval_EvalFrameDefault+0x696) [0x55a291a605c6]
30  /opt/conda/envs/gdf/bin/python(+0x12f094) [0x55a291a5f094]
31  /opt/conda/envs/gdf/bin/python(_PyFunction_Vectorcall+0xd9) [0x55a291a70519]
32  /opt/conda/envs/gdf/bin/python(_PyEval_EvalFrameDefault+0x11f8) [0x55a291a61128]
33  /opt/conda/envs/gdf/bin/python(+0x12f094) [0x55a291a5f094]
34  /opt/conda/envs/gdf/bin/python(+0x14dccb) [0x55a291a7dccb]
35  /opt/conda/envs/gdf/bin/python(PyObject_Call+0xbc) [0x55a291a7e44c]
36  /opt/conda/envs/gdf/bin/python(+0x21110e) [0x55a291b4110e]
37  /opt/conda/envs/gdf/bin/python(_PyObject_MakeTpCall+0x2ec) [0x55a291a6877c]
38  /opt/conda/envs/gdf/bin/python(_PyEval_EvalFrameDefault+0x37cb) [0x55a291a636fb]
39  /opt/conda/envs/gdf/bin/python(+0x1407c2) [0x55a291a707c2]
40  /opt/conda/envs/gdf/bin/python(+0x14ddac) [0x55a291a7ddac]
41  /opt/conda/envs/gdf/bin/python(_PyEval_EvalFrameDefault+0x37cb) [0x55a291a636fb]
42  /opt/conda/envs/gdf/bin/python(+0x1407c2) [0x55a291a707c2]
43  /opt/conda/envs/gdf/bin/python(_PyEval_EvalFrameDefault+0x696) [0x55a291a605c6]
44  /opt/conda/envs/gdf/bin/python(+0x12f094) [0x55a291a5f094]
45  /opt/conda/envs/gdf/bin/python(_PyFunction_Vectorcall+0xd9) [0x55a291a70519]
46  /opt/conda/envs/gdf/bin/python(_PyEval_EvalFrameDefault+0x696) [0x55a291a605c6]
47  /opt/conda/envs/gdf/bin/python(+0x1407c2) [0x55a291a707c2]
48  /opt/conda/envs/gdf/bin/python(_PyEval_EvalFrameDefault+0x3e2) [0x55a291a60312]
49  /opt/conda/envs/gdf/bin/python(+0x12f094) [0x55a291a5f094]
50  /opt/conda/envs/gdf/bin/python(_PyFunction_Vectorcall+0xd9) [0x55a291a70519]
51  /opt/conda/envs/gdf/bin/python(_PyEval_EvalFrameDefault+0x11f8) [0x55a291a61128]
52  /opt/conda/envs/gdf/bin/python(+0x12f094) [0x55a291a5f094]
53  /opt/conda/envs/gdf/bin/python(_PyEval_EvalCodeWithName+0x48) [0x55a291a5ed68]
54  /opt/conda/envs/gdf/bin/python(PyEval_EvalCodeEx+0x39) [0x55a291a5ed19]
55  /opt/conda/envs/gdf/bin/python(PyEval_EvalCode+0x1b) [0x55a291b0c07b]
56  /opt/conda/envs/gdf/bin/python(+0x208fca) [0x55a291b38fca]
57  /opt/conda/envs/gdf/bin/python(+0x205353) [0x55a291b35353]
58  /opt/conda/envs/gdf/bin/python(PyRun_StringFlags+0x9a) [0x55a291b2d16a]
59  /opt/conda/envs/gdf/bin/python(PyRun_SimpleStringFlags+0x3c) [0x55a291b2d05c]
60  /opt/conda/envs/gdf/bin/python(Py_RunMain+0x267) [0x55a291b2c297]
61  /opt/conda/envs/gdf/bin/python(Py_BytesMain+0x37) [0x55a291afff07]
=================================
[dgx13:83804:0:83804] Caught signal 11 (Segmentation fault: address not mapped to object at address 0x448)
==== backtrace (tid:  83804) ====
 0  /opt/conda/envs/gdf/lib/libucs.so.0(ucs_handle_error+0x2fd) [0x7f3d71ce407d]
 1  /opt/conda/envs/gdf/lib/libucs.so.0(+0x2a274) [0x7f3d71ce4274]
 2  /opt/conda/envs/gdf/lib/libucs.so.0(+0x2a43a) [0x7f3d71ce443a]
 3  /usr/lib/x86_64-linux-gnu/libpthread.so.0(+0x14420) [0x7f3e16c6b420]
 4  /opt/conda/envs/gdf/lib/libucp.so.0(ucp_mem_type_unpack+0x14) [0x7f3d71d636b4]
 5  /opt/conda/envs/gdf/lib/libucp.so.0(ucp_rndv_data_handler+0x4e9) [0x7f3d71d8c839]
 6  /opt/conda/envs/gdf/lib/libuct.so.0(+0x203df) [0x7f3d840243df]
 7  /opt/conda/envs/gdf/lib/libuct.so.0(+0x23838) [0x7f3d84027838]
 8  /opt/conda/envs/gdf/lib/libucs.so.0(ucs_event_set_wait+0xb9) [0x7f3d71ced4a9]
 9  /opt/conda/envs/gdf/lib/libuct.so.0(uct_tcp_iface_progress+0x7d) [0x7f3d840265dd]
10  /opt/conda/envs/gdf/lib/libucp.so.0(ucp_worker_progress+0x5a) [0x7f3d71d608da]
11  /opt/conda/envs/gdf/lib/python3.9/site-packages/ucp/_libs/ucx_api.cpython-39-x86_64-linux-gnu.so(+0x3206a) [0x7f3d71e1906a]
12  /opt/conda/envs/gdf/bin/python(_PyEval_EvalFrameDefault+0x37cb) [0x5567825086fb]
13  /opt/conda/envs/gdf/bin/python(+0x12f094) [0x556782504094]
14  /opt/conda/envs/gdf/bin/python(_PyFunction_Vectorcall+0xd9) [0x556782515519]
15  /opt/conda/envs/gdf/bin/python(_PyEval_EvalFrameDefault+0x696) [0x5567825055c6]
16  /opt/conda/envs/gdf/bin/python(+0x1407c2) [0x5567825157c2]
17  /opt/conda/envs/gdf/bin/python(+0x14de83) [0x556782522e83]
18  /opt/conda/envs/gdf/bin/python(+0x258b2c) [0x55678262db2c]
19  /opt/conda/envs/gdf/bin/python(+0xead05) [0x5567824bfd05]
20  /opt/conda/envs/gdf/bin/python(+0x1377f3) [0x55678250c7f3]
21  /opt/conda/envs/gdf/bin/python(_PyEval_EvalFrameDefault+0x59f9) [0x55678250a929]
22  /opt/conda/envs/gdf/bin/python(+0x1407c2) [0x5567825157c2]
23  /opt/conda/envs/gdf/bin/python(_PyEval_EvalFrameDefault+0x696) [0x5567825055c6]
24  /opt/conda/envs/gdf/bin/python(+0x1407c2) [0x5567825157c2]
25  /opt/conda/envs/gdf/bin/python(_PyEval_EvalFrameDefault+0x696) [0x5567825055c6]
26  /opt/conda/envs/gdf/bin/python(+0x1407c2) [0x5567825157c2]
27  /opt/conda/envs/gdf/bin/python(_PyEval_EvalFrameDefault+0x696) [0x5567825055c6]
28  /opt/conda/envs/gdf/bin/python(+0x1407c2) [0x5567825157c2]
29  /opt/conda/envs/gdf/bin/python(_PyEval_EvalFrameDefault+0x696) [0x5567825055c6]
30  /opt/conda/envs/gdf/bin/python(+0x12f094) [0x556782504094]
31  /opt/conda/envs/gdf/bin/python(_PyFunction_Vectorcall+0xd9) [0x556782515519]
32  /opt/conda/envs/gdf/bin/python(_PyEval_EvalFrameDefault+0x11f8) [0x556782506128]
33  /opt/conda/envs/gdf/bin/python(+0x12f094) [0x556782504094]
34  /opt/conda/envs/gdf/bin/python(+0x14dccb) [0x556782522ccb]
35  /opt/conda/envs/gdf/bin/python(PyObject_Call+0xbc) [0x55678252344c]
36  /opt/conda/envs/gdf/bin/python(+0x21110e) [0x5567825e610e]
37  /opt/conda/envs/gdf/bin/python(_PyObject_MakeTpCall+0x2ec) [0x55678250d77c]
38  /opt/conda/envs/gdf/bin/python(_PyEval_EvalFrameDefault+0x37cb) [0x5567825086fb]
39  /opt/conda/envs/gdf/bin/python(+0x1407c2) [0x5567825157c2]
40  /opt/conda/envs/gdf/bin/python(+0x14ddac) [0x556782522dac]
41  /opt/conda/envs/gdf/bin/python(_PyEval_EvalFrameDefault+0x37cb) [0x5567825086fb]
42  /opt/conda/envs/gdf/bin/python(+0x1407c2) [0x5567825157c2]
43  /opt/conda/envs/gdf/bin/python(_PyEval_EvalFrameDefault+0x696) [0x5567825055c6]
44  /opt/conda/envs/gdf/bin/python(+0x12f094) [0x556782504094]
45  /opt/conda/envs/gdf/bin/python(_PyFunction_Vectorcall+0xd9) [0x556782515519]
46  /opt/conda/envs/gdf/bin/python(_PyEval_EvalFrameDefault+0x696) [0x5567825055c6]
47  /opt/conda/envs/gdf/bin/python(+0x1407c2) [0x5567825157c2]
48  /opt/conda/envs/gdf/bin/python(_PyEval_EvalFrameDefault+0x3e2) [0x556782505312]
49  /opt/conda/envs/gdf/bin/python(+0x12f094) [0x556782504094]
50  /opt/conda/envs/gdf/bin/python(_PyFunction_Vectorcall+0xd9) [0x556782515519]
51  /opt/conda/envs/gdf/bin/python(_PyEval_EvalFrameDefault+0x11f8) [0x556782506128]
52  /opt/conda/envs/gdf/bin/python(+0x12f094) [0x556782504094]
53  /opt/conda/envs/gdf/bin/python(_PyEval_EvalCodeWithName+0x48) [0x556782503d68]
54  /opt/conda/envs/gdf/bin/python(PyEval_EvalCodeEx+0x39) [0x556782503d19]
55  /opt/conda/envs/gdf/bin/python(PyEval_EvalCode+0x1b) [0x5567825b107b]
56  /opt/conda/envs/gdf/bin/python(+0x208fca) [0x5567825ddfca]
57  /opt/conda/envs/gdf/bin/python(+0x205353) [0x5567825da353]
58  /opt/conda/envs/gdf/bin/python(PyRun_StringFlags+0x9a) [0x5567825d216a]
59  /opt/conda/envs/gdf/bin/python(PyRun_SimpleStringFlags+0x3c) [0x5567825d205c]
60  /opt/conda/envs/gdf/bin/python(Py_RunMain+0x267) [0x5567825d1297]
61  /opt/conda/envs/gdf/bin/python(Py_BytesMain+0x37) [0x5567825a4f07]
=================================
2023-10-20 06:32:49,230 - distributed.worker - ERROR - failed during get data with ucx://127.0.0.1:57257 -> ucx://127.0.0.1:48013
Traceback (most recent call last):
  File "/opt/conda/envs/gdf/lib/python3.9/site-packages/distributed/comm/ucx.py", line 338, in write
    await self.ep.send(each_frame)
  File "/opt/conda/envs/gdf/lib/python3.9/site-packages/ucp/core.py", line 650, in send
    return await comm.tag_send(self._ep, buffer, nbytes, tag, name=log)
ucp._libs.exceptions.UCXError: <[Send #007] ep: 0x7f4a30477100, tag: 0x1ecf183bc602fd9e, nbytes: 50000000, type: <class 'cupy.ndarray'>>: Connection reset by remote peer

During handling of the above exception, another exception occurred:

Traceback (most recent call last):
  File "/opt/conda/envs/gdf/lib/python3.9/site-packages/distributed/worker.py", line 1782, in get_data
    compressed = await comm.write(msg, serializers=serializers)
  File "/opt/conda/envs/gdf/lib/python3.9/site-packages/distributed/utils.py", line 803, in wrapper
    return await func(*args, **kwargs)
  File "/opt/conda/envs/gdf/lib/python3.9/site-packages/distributed/comm/ucx.py", line 342, in write
    raise CommClosedError("While writing, the connection was closed")
distributed.comm.core.CommClosedError: While writing, the connection was closed
2023-10-20 06:32:49,318 - distributed.worker - ERROR - failed during get data with ucx://127.0.0.1:57257 -> ucx://127.0.0.1:34839
Traceback (most recent call last):
  File "/opt/conda/envs/gdf/lib/python3.9/site-packages/distributed/comm/ucx.py", line 338, in write
    await self.ep.send(each_frame)
  File "/opt/conda/envs/gdf/lib/python3.9/site-packages/ucp/core.py", line 650, in send
    return await comm.tag_send(self._ep, buffer, nbytes, tag, name=log)
ucp._libs.exceptions.UCXError: <[Send #007] ep: 0x7f4a30477380, tag: 0x6567f856e457eb39, nbytes: 50000000, type: <class 'cupy.ndarray'>>: Connection reset by remote peer

During handling of the above exception, another exception occurred:

Traceback (most recent call last):
  File "/opt/conda/envs/gdf/lib/python3.9/site-packages/distributed/worker.py", line 1782, in get_data
    compressed = await comm.write(msg, serializers=serializers)
  File "/opt/conda/envs/gdf/lib/python3.9/site-packages/distributed/utils.py", line 803, in wrapper
    return await func(*args, **kwargs)
  File "/opt/conda/envs/gdf/lib/python3.9/site-packages/distributed/comm/ucx.py", line 342, in write
    raise CommClosedError("While writing, the connection was closed")
distributed.comm.core.CommClosedError: While writing, the connection was closed
2023-10-20 06:32:49,319 - distributed.worker - ERROR - failed during get data with ucx://127.0.0.1:57257 -> ucx://127.0.0.1:41435
Traceback (most recent call last):
  File "/opt/conda/envs/gdf/lib/python3.9/site-packages/distributed/comm/ucx.py", line 338, in write
    await self.ep.send(each_frame)
  File "/opt/conda/envs/gdf/lib/python3.9/site-packages/ucp/core.py", line 650, in send
    return await comm.tag_send(self._ep, buffer, nbytes, tag, name=log)
ucp._libs.exceptions.UCXError: <[Send #007] ep: 0x7f4a30477280, tag: 0x70235202fedf4947, nbytes: 50000000, type: <class 'cupy.ndarray'>>: Connection reset by remote peer

During handling of the above exception, another exception occurred:

Traceback (most recent call last):
  File "/opt/conda/envs/gdf/lib/python3.9/site-packages/distributed/worker.py", line 1782, in get_data
    compressed = await comm.write(msg, serializers=serializers)
  File "/opt/conda/envs/gdf/lib/python3.9/site-packages/distributed/utils.py", line 803, in wrapper
    return await func(*args, **kwargs)
  File "/opt/conda/envs/gdf/lib/python3.9/site-packages/distributed/comm/ucx.py", line 342, in write
    raise CommClosedError("While writing, the connection was closed")
distributed.comm.core.CommClosedError: While writing, the connection was closed
2023-10-20 06:32:49,320 - distributed.worker - ERROR - Worker stream died during communication: ucx://127.0.0.1:41435
Traceback (most recent call last):
  File "/opt/conda/envs/gdf/lib/python3.9/site-packages/distributed/comm/ucx.py", line 396, in read
    await self.ep.recv(each_frame)
  File "/opt/conda/envs/gdf/lib/python3.9/site-packages/ucp/core.py", line 725, in recv
    ret = await comm.tag_recv(self._ep, buffer, nbytes, tag, name=log)
ucp._libs.exceptions.UCXError: <[Recv #007] ep: 0x7f4a304772c0, tag: 0x827c6c9a91a11e22, nbytes: 50000000, type: <class 'rmm._lib.device_buffer.DeviceBuffer'>>: Connection reset by remote peer

During handling of the above exception, another exception occurred:

Traceback (most recent call last):
  File "/opt/conda/envs/gdf/lib/python3.9/site-packages/distributed/worker.py", line 2059, in gather_dep
    response = await get_data_from_worker(
  File "/opt/conda/envs/gdf/lib/python3.9/site-packages/distributed/worker.py", line 2852, in get_data_from_worker
    response = await send_recv(
  File "/opt/conda/envs/gdf/lib/python3.9/site-packages/distributed/core.py", line 1106, in send_recv
    response = await comm.read(deserializers=deserializers)
  File "/opt/conda/envs/gdf/lib/python3.9/site-packages/distributed/utils.py", line 803, in wrapper
    return await func(*args, **kwargs)
  File "/opt/conda/envs/gdf/lib/python3.9/site-packages/distributed/comm/ucx.py", line 402, in read
    raise CommClosedError(
distributed.comm.core.CommClosedError: Connection closed by writer.
Inner exception: UCXError("<[Recv #007] ep: 0x7f4a304772c0, tag: 0x827c6c9a91a11e22, nbytes: 50000000, type: <class 'rmm._lib.device_buffer.DeviceBuffer'>>: Connection reset by remote peer")
2023-10-20 06:32:49,321 - distributed.worker - ERROR - Worker stream died during communication: ucx://127.0.0.1:34839
Traceback (most recent call last):
  File "/opt/conda/envs/gdf/lib/python3.9/site-packages/distributed/comm/ucx.py", line 354, in read
    await self.ep.recv(msg)
  File "/opt/conda/envs/gdf/lib/python3.9/site-packages/ucp/core.py", line 725, in recv
    ret = await comm.tag_recv(self._ep, buffer, nbytes, tag, name=log)
ucp._libs.exceptions.UCXCanceled: <[Recv #003] ep: 0x7f4a304773c0, tag: 0x5961652ecbc805a, nbytes: 16, type: <class 'numpy.ndarray'>>: 

During handling of the above exception, another exception occurred:

Traceback (most recent call last):
  File "/opt/conda/envs/gdf/lib/python3.9/site-packages/distributed/worker.py", line 2059, in gather_dep
    response = await get_data_from_worker(
  File "/opt/conda/envs/gdf/lib/python3.9/site-packages/distributed/worker.py", line 2852, in get_data_from_worker
    response = await send_recv(
  File "/opt/conda/envs/gdf/lib/python3.9/site-packages/distributed/core.py", line 1106, in send_recv
    response = await comm.read(deserializers=deserializers)
  File "/opt/conda/envs/gdf/lib/python3.9/site-packages/distributed/utils.py", line 803, in wrapper
    return await func(*args, **kwargs)
  File "/opt/conda/envs/gdf/lib/python3.9/site-packages/distributed/comm/ucx.py", line 372, in read
    raise CommClosedError(
distributed.comm.core.CommClosedError: Connection closed by writer.
Inner exception: UCXCanceled("<[Recv #003] ep: 0x7f4a304773c0, tag: 0x5961652ecbc805a, nbytes: 16, type: <class 'numpy.ndarray'>>: ")
2023-10-20 06:32:49,329 - distributed.worker - ERROR - Worker stream died during communication: ucx://127.0.0.1:41435
Traceback (most recent call last):
  File "/opt/conda/envs/gdf/lib/python3.9/site-packages/distributed/core.py", line 1516, in _connect
    comm = await connect(
  File "/opt/conda/envs/gdf/lib/python3.9/site-packages/distributed/comm/core.py", line 342, in connect
    comm = await wait_for(
  File "/opt/conda/envs/gdf/lib/python3.9/site-packages/distributed/utils.py", line 1920, in wait_for
    return await asyncio.wait_for(fut, timeout)
  File "/opt/conda/envs/gdf/lib/python3.9/asyncio/tasks.py", line 466, in wait_for
    await waiter
asyncio.exceptions.CancelledError

During handling of the above exception, another exception occurred:

Traceback (most recent call last):
  File "/opt/conda/envs/gdf/lib/python3.9/site-packages/distributed/core.py", line 1626, in connect
    return connect_attempt.result()
asyncio.exceptions.CancelledError

During handling of the above exception, another exception occurred:

Traceback (most recent call last):
  File "/opt/conda/envs/gdf/lib/python3.9/site-packages/distributed/worker.py", line 2059, in gather_dep
    response = await get_data_from_worker(
  File "/opt/conda/envs/gdf/lib/python3.9/site-packages/distributed/worker.py", line 2849, in get_data_from_worker
    comm = await rpc.connect(worker)
  File "/opt/conda/envs/gdf/lib/python3.9/site-packages/distributed/core.py", line 1628, in connect
    raise CommClosedError(reason)
distributed.comm.core.CommClosedError: Address removed.
2023-10-20 06:32:52,577 - distributed.nanny - WARNING - Restarting worker
2023-10-20 06:32:54,710 - distributed.worker.state_machine - WARNING - Async instruction for <Task cancelled name="execute(('random_sample-34f063c67fe2f85762300242c1d38b8d', 8, 2))" coro=<Worker.execute() done, defined at /opt/conda/envs/gdf/lib/python3.9/site-packages/distributed/worker_state_machine.py:3608>> ended with CancelledError
/opt/conda/envs/gdf/lib/python3.9/multiprocessing/resource_tracker.py:216: UserWarning: resource_tracker: There appear to be 30 leaked semaphore objects to clean up at shutdown
  warnings.warn('resource_tracker: There appear to be %d '
