2023-06-05 06:09:54,694 - distributed.preloading - INFO - Creating preload: dask_cuda.initialize
2023-06-05 06:09:54,694 - distributed.preloading - INFO - Import preload module: dask_cuda.initialize
2023-06-05 06:09:54,778 - distributed.preloading - INFO - Creating preload: dask_cuda.initialize
2023-06-05 06:09:54,778 - distributed.preloading - INFO - Import preload module: dask_cuda.initialize
2023-06-05 06:09:54,785 - distributed.preloading - INFO - Creating preload: dask_cuda.initialize
2023-06-05 06:09:54,786 - distributed.preloading - INFO - Import preload module: dask_cuda.initialize
2023-06-05 06:09:54,789 - distributed.preloading - INFO - Creating preload: dask_cuda.initialize
2023-06-05 06:09:54,789 - distributed.preloading - INFO - Import preload module: dask_cuda.initialize
2023-06-05 06:09:54,823 - distributed.preloading - INFO - Creating preload: dask_cuda.initialize
2023-06-05 06:09:54,823 - distributed.preloading - INFO - Import preload module: dask_cuda.initialize
2023-06-05 06:09:54,825 - distributed.preloading - INFO - Creating preload: dask_cuda.initialize
2023-06-05 06:09:54,825 - distributed.preloading - INFO - Import preload module: dask_cuda.initialize
2023-06-05 06:09:54,826 - distributed.preloading - INFO - Creating preload: dask_cuda.initialize
2023-06-05 06:09:54,826 - distributed.preloading - INFO - Import preload module: dask_cuda.initialize
2023-06-05 06:09:54,845 - distributed.preloading - INFO - Creating preload: dask_cuda.initialize
2023-06-05 06:09:54,845 - distributed.preloading - INFO - Import preload module: dask_cuda.initialize
[dgx13:73745:0:73745] Caught signal 11 (Segmentation fault: address not mapped to object at address 0x448)
==== backtrace (tid:  73745) ====
 0  /opt/conda/envs/gdf/lib/libucs.so.0(ucs_handle_error+0x2fd) [0x7fc5c538ff5d]
 1  /opt/conda/envs/gdf/lib/libucs.so.0(+0x2b154) [0x7fc5c5390154]
 2  /opt/conda/envs/gdf/lib/libucs.so.0(+0x2b31a) [0x7fc5c539031a]
 3  /usr/lib/x86_64-linux-gnu/libpthread.so.0(+0x14420) [0x7fc669bb8420]
 4  /opt/conda/envs/gdf/lib/libucp.so.0(ucp_mem_type_unpack+0x14) [0x7fc5c540ebd4]
 5  /opt/conda/envs/gdf/lib/libucp.so.0(ucp_rndv_data_handler+0x4e9) [0x7fc5c5435ef9]
 6  /opt/conda/envs/gdf/lib/libuct.so.0(+0x2033f) [0x7fc5c534933f]
 7  /opt/conda/envs/gdf/lib/libuct.so.0(+0x237a8) [0x7fc5c534c7a8]
 8  /opt/conda/envs/gdf/lib/libucs.so.0(ucs_event_set_wait+0xb9) [0x7fc5c5399529]
 9  /opt/conda/envs/gdf/lib/libuct.so.0(uct_tcp_iface_progress+0x7d) [0x7fc5c534b53d]
10  /opt/conda/envs/gdf/lib/libucp.so.0(ucp_worker_progress+0x5a) [0x7fc5c540bdaa]
11  /opt/conda/envs/gdf/lib/python3.9/site-packages/ucp/_libs/ucx_api.cpython-39-x86_64-linux-gnu.so(+0x2b17a) [0x7fc5d803d17a]
12  /opt/conda/envs/gdf/bin/python(+0x13eb08) [0x5653d36acb08]
13  /opt/conda/envs/gdf/bin/python(_PyEval_EvalFrameDefault+0x5f82) [0x5653d369d112]
14  /opt/conda/envs/gdf/bin/python(+0x12827a) [0x5653d369627a]
15  /opt/conda/envs/gdf/bin/python(_PyFunction_Vectorcall+0xd5) [0x5653d36a7c05]
16  /opt/conda/envs/gdf/bin/python(_PyEval_EvalFrameDefault+0x68b) [0x5653d369781b]
17  /opt/conda/envs/gdf/bin/python(+0x139ef3) [0x5653d36a7ef3]
18  /opt/conda/envs/gdf/bin/python(+0x147a16) [0x5653d36b5a16]
19  /opt/conda/envs/gdf/bin/python(+0x2579b1) [0x5653d37c59b1]
20  /opt/conda/envs/gdf/bin/python(+0xe5817) [0x5653d3653817]
21  /opt/conda/envs/gdf/bin/python(+0x130f83) [0x5653d369ef83]
22  /opt/conda/envs/gdf/bin/python(_PyEval_EvalFrameDefault+0x5ba6) [0x5653d369cd36]
23  /opt/conda/envs/gdf/bin/python(+0x139ef3) [0x5653d36a7ef3]
24  /opt/conda/envs/gdf/bin/python(_PyEval_EvalFrameDefault+0x68b) [0x5653d369781b]
25  /opt/conda/envs/gdf/bin/python(+0x139ef3) [0x5653d36a7ef3]
26  /opt/conda/envs/gdf/bin/python(_PyEval_EvalFrameDefault+0x68b) [0x5653d369781b]
27  /opt/conda/envs/gdf/bin/python(+0x139ef3) [0x5653d36a7ef3]
28  /opt/conda/envs/gdf/bin/python(_PyEval_EvalFrameDefault+0x68b) [0x5653d369781b]
29  /opt/conda/envs/gdf/bin/python(+0x139ef3) [0x5653d36a7ef3]
30  /opt/conda/envs/gdf/bin/python(_PyEval_EvalFrameDefault+0x68b) [0x5653d369781b]
31  /opt/conda/envs/gdf/bin/python(+0x12827a) [0x5653d369627a]
32  /opt/conda/envs/gdf/bin/python(_PyFunction_Vectorcall+0xd5) [0x5653d36a7c05]
33  /opt/conda/envs/gdf/bin/python(_PyEval_EvalFrameDefault+0x4e17) [0x5653d369bfa7]
34  /opt/conda/envs/gdf/bin/python(+0x12827a) [0x5653d369627a]
35  /opt/conda/envs/gdf/bin/python(+0x147935) [0x5653d36b5935]
36  /opt/conda/envs/gdf/bin/python(PyObject_Call+0xb4) [0x5653d36b6104]
37  /opt/conda/envs/gdf/bin/python(+0x20efc8) [0x5653d377cfc8]
38  /opt/conda/envs/gdf/bin/python(_PyObject_MakeTpCall+0x2fc) [0x5653d36a02bc]
39  /opt/conda/envs/gdf/bin/python(_PyEval_EvalFrameDefault+0x402b) [0x5653d369b1bb]
40  /opt/conda/envs/gdf/bin/python(+0x139ef3) [0x5653d36a7ef3]
41  /opt/conda/envs/gdf/bin/python(+0x147c72) [0x5653d36b5c72]
42  /opt/conda/envs/gdf/bin/python(_PyEval_EvalFrameDefault+0x402b) [0x5653d369b1bb]
43  /opt/conda/envs/gdf/bin/python(+0x139ef3) [0x5653d36a7ef3]
44  /opt/conda/envs/gdf/bin/python(_PyEval_EvalFrameDefault+0x68b) [0x5653d369781b]
45  /opt/conda/envs/gdf/bin/python(+0x12827a) [0x5653d369627a]
46  /opt/conda/envs/gdf/bin/python(_PyFunction_Vectorcall+0xd5) [0x5653d36a7c05]
47  /opt/conda/envs/gdf/bin/python(_PyEval_EvalFrameDefault+0x68b) [0x5653d369781b]
48  /opt/conda/envs/gdf/bin/python(+0x139ef3) [0x5653d36a7ef3]
49  /opt/conda/envs/gdf/bin/python(_PyEval_EvalFrameDefault+0x3d8) [0x5653d3697568]
50  /opt/conda/envs/gdf/bin/python(+0x12827a) [0x5653d369627a]
51  /opt/conda/envs/gdf/bin/python(_PyFunction_Vectorcall+0xd5) [0x5653d36a7c05]
52  /opt/conda/envs/gdf/bin/python(_PyEval_EvalFrameDefault+0x123b) [0x5653d36983cb]
53  /opt/conda/envs/gdf/bin/python(+0x12827a) [0x5653d369627a]
54  /opt/conda/envs/gdf/bin/python(_PyEval_EvalCodeWithName+0x47) [0x5653d3695f07]
55  /opt/conda/envs/gdf/bin/python(PyEval_EvalCodeEx+0x39) [0x5653d3695eb9]
56  /opt/conda/envs/gdf/bin/python(PyEval_EvalCode+0x1b) [0x5653d37468bb]
57  /opt/conda/envs/gdf/bin/python(+0x206adc) [0x5653d3774adc]
58  /opt/conda/envs/gdf/bin/python(+0x202c24) [0x5653d3770c24]
59  /opt/conda/envs/gdf/bin/python(PyRun_StringFlags+0x9d) [0x5653d37687ed]
60  /opt/conda/envs/gdf/bin/python(PyRun_SimpleStringFlags+0x3d) [0x5653d37686bd]
61  /opt/conda/envs/gdf/bin/python(Py_RunMain+0x262) [0x5653d37678a2]
=================================
2023-06-05 06:10:03,144 - distributed.worker - ERROR - failed during get data with ucx://127.0.0.1:34237 -> ucx://127.0.0.1:39747
Traceback (most recent call last):
  File "/opt/conda/envs/gdf/lib/python3.9/site-packages/distributed/comm/ucx.py", line 333, in write
    await self.ep.send(each_frame)
  File "/opt/conda/envs/gdf/lib/python3.9/site-packages/ucp/core.py", line 650, in send
    return await comm.tag_send(self._ep, buffer, nbytes, tag, name=log)
ucp._libs.exceptions.UCXError: <[Send #007] ep: 0x7faa9c9d7100, tag: 0xdb873e86b97ac77f, nbytes: 800000000, type: <class 'cudf.core.buffer.buffer.Buffer'>>: Connection reset by remote peer

During handling of the above exception, another exception occurred:

Traceback (most recent call last):
  File "/opt/conda/envs/gdf/lib/python3.9/site-packages/distributed/worker.py", line 1792, in get_data
    compressed = await comm.write(msg, serializers=serializers)
  File "/opt/conda/envs/gdf/lib/python3.9/site-packages/distributed/utils.py", line 752, in wrapper
    return await func(*args, **kwargs)
  File "/opt/conda/envs/gdf/lib/python3.9/site-packages/distributed/comm/ucx.py", line 337, in write
    raise CommClosedError("While writing, the connection was closed")
distributed.comm.core.CommClosedError: While writing, the connection was closed
2023-06-05 06:10:03,216 - distributed.nanny - WARNING - Restarting worker
[dgx13:73727:0:73727] Caught signal 11 (Segmentation fault: address not mapped to object at address 0x448)
==== backtrace (tid:  73727) ====
 0  /opt/conda/envs/gdf/lib/libucs.so.0(ucs_handle_error+0x2fd) [0x7f69bc788f5d]
 1  /opt/conda/envs/gdf/lib/libucs.so.0(+0x2b154) [0x7f69bc789154]
 2  /opt/conda/envs/gdf/lib/libucs.so.0(+0x2b31a) [0x7f69bc78931a]
 3  /usr/lib/x86_64-linux-gnu/libpthread.so.0(+0x14420) [0x7f6a5cfbf420]
 4  /opt/conda/envs/gdf/lib/libucp.so.0(ucp_mem_type_unpack+0x14) [0x7f69bc807bd4]
 5  /opt/conda/envs/gdf/lib/libucp.so.0(ucp_rndv_data_handler+0x4e9) [0x7f69bc82eef9]
 6  /opt/conda/envs/gdf/lib/libuct.so.0(+0x2033f) [0x7f69bc74233f]
 7  /opt/conda/envs/gdf/lib/libuct.so.0(+0x237a8) [0x7f69bc7457a8]
 8  /opt/conda/envs/gdf/lib/libucs.so.0(ucs_event_set_wait+0xb9) [0x7f69bc792529]
 9  /opt/conda/envs/gdf/lib/libuct.so.0(uct_tcp_iface_progress+0x7d) [0x7f69bc74453d]
10  /opt/conda/envs/gdf/lib/libucp.so.0(ucp_worker_progress+0x5a) [0x7f69bc804daa]
11  /opt/conda/envs/gdf/lib/python3.9/site-packages/ucp/_libs/ucx_api.cpython-39-x86_64-linux-gnu.so(+0x2b17a) [0x7f69bc8b617a]
12  /opt/conda/envs/gdf/bin/python(+0x13eb08) [0x561344da5b08]
13  /opt/conda/envs/gdf/bin/python(_PyEval_EvalFrameDefault+0x5f82) [0x561344d96112]
14  /opt/conda/envs/gdf/bin/python(+0x12827a) [0x561344d8f27a]
15  /opt/conda/envs/gdf/bin/python(_PyFunction_Vectorcall+0xd5) [0x561344da0c05]
16  /opt/conda/envs/gdf/bin/python(_PyEval_EvalFrameDefault+0x68b) [0x561344d9081b]
17  /opt/conda/envs/gdf/bin/python(+0x14e70e) [0x561344db570e]
18  /opt/conda/envs/gdf/lib/python3.9/lib-dynload/_asyncio.cpython-39-x86_64-linux-gnu.so(+0x82fe) [0x7f6a505bc2fe]
19  /opt/conda/envs/gdf/bin/python(_PyObject_MakeTpCall+0x2fc) [0x561344d992bc]
20  /opt/conda/envs/gdf/bin/python(+0xe5817) [0x561344d4c817]
21  /opt/conda/envs/gdf/bin/python(+0x130f83) [0x561344d97f83]
22  /opt/conda/envs/gdf/bin/python(_PyEval_EvalFrameDefault+0x5ba6) [0x561344d95d36]
23  /opt/conda/envs/gdf/bin/python(+0x139ef3) [0x561344da0ef3]
24  /opt/conda/envs/gdf/bin/python(_PyEval_EvalFrameDefault+0x68b) [0x561344d9081b]
25  /opt/conda/envs/gdf/bin/python(+0x139ef3) [0x561344da0ef3]
26  /opt/conda/envs/gdf/bin/python(_PyEval_EvalFrameDefault+0x68b) [0x561344d9081b]
27  /opt/conda/envs/gdf/bin/python(+0x139ef3) [0x561344da0ef3]
28  /opt/conda/envs/gdf/bin/python(_PyEval_EvalFrameDefault+0x68b) [0x561344d9081b]
29  /opt/conda/envs/gdf/bin/python(+0x139ef3) [0x561344da0ef3]
30  /opt/conda/envs/gdf/bin/python(_PyEval_EvalFrameDefault+0x68b) [0x561344d9081b]
31  /opt/conda/envs/gdf/bin/python(+0x12827a) [0x561344d8f27a]
32  /opt/conda/envs/gdf/bin/python(_PyFunction_Vectorcall+0xd5) [0x561344da0c05]
33  /opt/conda/envs/gdf/bin/python(_PyEval_EvalFrameDefault+0x4e17) [0x561344d94fa7]
34  /opt/conda/envs/gdf/bin/python(+0x12827a) [0x561344d8f27a]
35  /opt/conda/envs/gdf/bin/python(+0x147935) [0x561344dae935]
36  /opt/conda/envs/gdf/bin/python(PyObject_Call+0xb4) [0x561344daf104]
37  /opt/conda/envs/gdf/bin/python(+0x20efc8) [0x561344e75fc8]
38  /opt/conda/envs/gdf/bin/python(_PyObject_MakeTpCall+0x2fc) [0x561344d992bc]
39  /opt/conda/envs/gdf/bin/python(_PyEval_EvalFrameDefault+0x402b) [0x561344d941bb]
40  /opt/conda/envs/gdf/bin/python(+0x139ef3) [0x561344da0ef3]
41  /opt/conda/envs/gdf/bin/python(+0x147c72) [0x561344daec72]
42  /opt/conda/envs/gdf/bin/python(_PyEval_EvalFrameDefault+0x402b) [0x561344d941bb]
43  /opt/conda/envs/gdf/bin/python(+0x139ef3) [0x561344da0ef3]
44  /opt/conda/envs/gdf/bin/python(_PyEval_EvalFrameDefault+0x68b) [0x561344d9081b]
45  /opt/conda/envs/gdf/bin/python(+0x12827a) [0x561344d8f27a]
46  /opt/conda/envs/gdf/bin/python(_PyFunction_Vectorcall+0xd5) [0x561344da0c05]
47  /opt/conda/envs/gdf/bin/python(_PyEval_EvalFrameDefault+0x68b) [0x561344d9081b]
48  /opt/conda/envs/gdf/bin/python(+0x139ef3) [0x561344da0ef3]
49  /opt/conda/envs/gdf/bin/python(_PyEval_EvalFrameDefault+0x3d8) [0x561344d90568]
50  /opt/conda/envs/gdf/bin/python(+0x12827a) [0x561344d8f27a]
51  /opt/conda/envs/gdf/bin/python(_PyFunction_Vectorcall+0xd5) [0x561344da0c05]
52  /opt/conda/envs/gdf/bin/python(_PyEval_EvalFrameDefault+0x123b) [0x561344d913cb]
53  /opt/conda/envs/gdf/bin/python(+0x12827a) [0x561344d8f27a]
54  /opt/conda/envs/gdf/bin/python(_PyEval_EvalCodeWithName+0x47) [0x561344d8ef07]
55  /opt/conda/envs/gdf/bin/python(PyEval_EvalCodeEx+0x39) [0x561344d8eeb9]
56  /opt/conda/envs/gdf/bin/python(PyEval_EvalCode+0x1b) [0x561344e3f8bb]
57  /opt/conda/envs/gdf/bin/python(+0x206adc) [0x561344e6dadc]
58  /opt/conda/envs/gdf/bin/python(+0x202c24) [0x561344e69c24]
59  /opt/conda/envs/gdf/bin/python(PyRun_StringFlags+0x9d) [0x561344e617ed]
60  /opt/conda/envs/gdf/bin/python(PyRun_SimpleStringFlags+0x3d) [0x561344e616bd]
61  /opt/conda/envs/gdf/bin/python(Py_RunMain+0x262) [0x561344e608a2]
=================================
[dgx13:73748:0:73748] Caught signal 11 (Segmentation fault: address not mapped to object at address 0x448)
==== backtrace (tid:  73748) ====
 0  /opt/conda/envs/gdf/lib/libucs.so.0(ucs_handle_error+0x2fd) [0x7fa97d167f5d]
 1  /opt/conda/envs/gdf/lib/libucs.so.0(+0x2b154) [0x7fa97d168154]
 2  /opt/conda/envs/gdf/lib/libucs.so.0(+0x2b31a) [0x7fa97d16831a]
 3  /usr/lib/x86_64-linux-gnu/libpthread.so.0(+0x14420) [0x7faa21988420]
 4  /opt/conda/envs/gdf/lib/libucp.so.0(ucp_mem_type_unpack+0x14) [0x7fa97d1e6bd4]
 5  /opt/conda/envs/gdf/lib/libucp.so.0(ucp_rndv_data_handler+0x4e9) [0x7fa97d20def9]
 6  /opt/conda/envs/gdf/lib/libuct.so.0(+0x2033f) [0x7fa97d12133f]
 7  /opt/conda/envs/gdf/lib/libuct.so.0(+0x237a8) [0x7fa97d1247a8]
 8  /opt/conda/envs/gdf/lib/libucs.so.0(ucs_event_set_wait+0xb9) [0x7fa97d171529]
 9  /opt/conda/envs/gdf/lib/libuct.so.0(uct_tcp_iface_progress+0x7d) [0x7fa97d12353d]
10  /opt/conda/envs/gdf/lib/libucp.so.0(ucp_worker_progress+0x5a) [0x7fa97d1e3daa]
11  /opt/conda/envs/gdf/lib/python3.9/site-packages/ucp/_libs/ucx_api.cpython-39-x86_64-linux-gnu.so(+0x2b17a) [0x7fa97d29517a]
12  /opt/conda/envs/gdf/bin/python(+0x13eb08) [0x562e6bedfb08]
13  /opt/conda/envs/gdf/bin/python(_PyEval_EvalFrameDefault+0x5f82) [0x562e6bed0112]
14  /opt/conda/envs/gdf/bin/python(+0x12827a) [0x562e6bec927a]
15  /opt/conda/envs/gdf/bin/python(_PyFunction_Vectorcall+0xd5) [0x562e6bedac05]
16  /opt/conda/envs/gdf/bin/python(_PyEval_EvalFrameDefault+0x68b) [0x562e6beca81b]
17  /opt/conda/envs/gdf/bin/python(+0x14e70e) [0x562e6beef70e]
18  /opt/conda/envs/gdf/lib/python3.9/lib-dynload/_asyncio.cpython-39-x86_64-linux-gnu.so(+0x82fe) [0x7fa9a15062fe]
19  /opt/conda/envs/gdf/bin/python(_PyObject_MakeTpCall+0x2fc) [0x562e6bed32bc]
20  /opt/conda/envs/gdf/bin/python(+0xe5817) [0x562e6be86817]
21  /opt/conda/envs/gdf/bin/python(+0x130f83) [0x562e6bed1f83]
22  /opt/conda/envs/gdf/bin/python(_PyEval_EvalFrameDefault+0x5ba6) [0x562e6becfd36]
23  /opt/conda/envs/gdf/bin/python(+0x139ef3) [0x562e6bedaef3]
24  /opt/conda/envs/gdf/bin/python(_PyEval_EvalFrameDefault+0x68b) [0x562e6beca81b]
25  /opt/conda/envs/gdf/bin/python(+0x139ef3) [0x562e6bedaef3]
26  /opt/conda/envs/gdf/bin/python(_PyEval_EvalFrameDefault+0x68b) [0x562e6beca81b]
27  /opt/conda/envs/gdf/bin/python(+0x139ef3) [0x562e6bedaef3]
28  /opt/conda/envs/gdf/bin/python(_PyEval_EvalFrameDefault+0x68b) [0x562e6beca81b]
29  /opt/conda/envs/gdf/bin/python(+0x139ef3) [0x562e6bedaef3]
30  /opt/conda/envs/gdf/bin/python(_PyEval_EvalFrameDefault+0x68b) [0x562e6beca81b]
31  /opt/conda/envs/gdf/bin/python(+0x12827a) [0x562e6bec927a]
32  /opt/conda/envs/gdf/bin/python(_PyFunction_Vectorcall+0xd5) [0x562e6bedac05]
33  /opt/conda/envs/gdf/bin/python(_PyEval_EvalFrameDefault+0x4e17) [0x562e6becefa7]
34  /opt/conda/envs/gdf/bin/python(+0x12827a) [0x562e6bec927a]
35  /opt/conda/envs/gdf/bin/python(+0x147935) [0x562e6bee8935]
36  /opt/conda/envs/gdf/bin/python(PyObject_Call+0xb4) [0x562e6bee9104]
37  /opt/conda/envs/gdf/bin/python(+0x20efc8) [0x562e6bfaffc8]
38  /opt/conda/envs/gdf/bin/python(_PyObject_MakeTpCall+0x2fc) [0x562e6bed32bc]
39  /opt/conda/envs/gdf/bin/python(_PyEval_EvalFrameDefault+0x402b) [0x562e6bece1bb]
40  /opt/conda/envs/gdf/bin/python(+0x139ef3) [0x562e6bedaef3]
41  /opt/conda/envs/gdf/bin/python(+0x147c72) [0x562e6bee8c72]
42  /opt/conda/envs/gdf/bin/python(_PyEval_EvalFrameDefault+0x402b) [0x562e6bece1bb]
43  /opt/conda/envs/gdf/bin/python(+0x139ef3) [0x562e6bedaef3]
44  /opt/conda/envs/gdf/bin/python(_PyEval_EvalFrameDefault+0x68b) [0x562e6beca81b]
45  /opt/conda/envs/gdf/bin/python(+0x12827a) [0x562e6bec927a]
46  /opt/conda/envs/gdf/bin/python(_PyFunction_Vectorcall+0xd5) [0x562e6bedac05]
47  /opt/conda/envs/gdf/bin/python(_PyEval_EvalFrameDefault+0x68b) [0x562e6beca81b]
48  /opt/conda/envs/gdf/bin/python(+0x139ef3) [0x562e6bedaef3]
49  /opt/conda/envs/gdf/bin/python(_PyEval_EvalFrameDefault+0x3d8) [0x562e6beca568]
50  /opt/conda/envs/gdf/bin/python(+0x12827a) [0x562e6bec927a]
51  /opt/conda/envs/gdf/bin/python(_PyFunction_Vectorcall+0xd5) [0x562e6bedac05]
52  /opt/conda/envs/gdf/bin/python(_PyEval_EvalFrameDefault+0x123b) [0x562e6becb3cb]
53  /opt/conda/envs/gdf/bin/python(+0x12827a) [0x562e6bec927a]
54  /opt/conda/envs/gdf/bin/python(_PyEval_EvalCodeWithName+0x47) [0x562e6bec8f07]
55  /opt/conda/envs/gdf/bin/python(PyEval_EvalCodeEx+0x39) [0x562e6bec8eb9]
56  /opt/conda/envs/gdf/bin/python(PyEval_EvalCode+0x1b) [0x562e6bf798bb]
57  /opt/conda/envs/gdf/bin/python(+0x206adc) [0x562e6bfa7adc]
58  /opt/conda/envs/gdf/bin/python(+0x202c24) [0x562e6bfa3c24]
59  /opt/conda/envs/gdf/bin/python(PyRun_StringFlags+0x9d) [0x562e6bf9b7ed]
60  /opt/conda/envs/gdf/bin/python(PyRun_SimpleStringFlags+0x3d) [0x562e6bf9b6bd]
61  /opt/conda/envs/gdf/bin/python(Py_RunMain+0x262) [0x562e6bf9a8a2]
=================================
[dgx13:73736:0:73736] Caught signal 11 (Segmentation fault: address not mapped to object at address 0x448)
[dgx13:73743:0:73743] Caught signal 11 (Segmentation fault: address not mapped to object at address 0x448)
==== backtrace (tid:  73736) ====
 0  /opt/conda/envs/gdf/lib/libucs.so.0(ucs_handle_error+0x2fd) [0x7f42d404df5d]
 1  /opt/conda/envs/gdf/lib/libucs.so.0(+0x2b154) [0x7f42d404e154]
 2  /opt/conda/envs/gdf/lib/libucs.so.0(+0x2b31a) [0x7f42d404e31a]
 3  /usr/lib/x86_64-linux-gnu/libpthread.so.0(+0x14420) [0x7f437486b420]
 4  /opt/conda/envs/gdf/lib/libucp.so.0(ucp_mem_type_unpack+0x14) [0x7f42d40ccbd4]
 5  /opt/conda/envs/gdf/lib/libucp.so.0(ucp_rndv_data_handler+0x4e9) [0x7f42d40f3ef9]
 6  /opt/conda/envs/gdf/lib/libuct.so.0(+0x2033f) [0x7f42d1fe433f]
 7  /opt/conda/envs/gdf/lib/libuct.so.0(+0x237a8) [0x7f42d1fe77a8]
 8  /opt/conda/envs/gdf/lib/libucs.so.0(ucs_event_set_wait+0xb9) [0x7f42d4057529]
 9  /opt/conda/envs/gdf/lib/libuct.so.0(uct_tcp_iface_progress+0x7d) [0x7f42d1fe653d]
10  /opt/conda/envs/gdf/lib/libucp.so.0(ucp_worker_progress+0x5a) [0x7f42d40c9daa]
11  /opt/conda/envs/gdf/lib/python3.9/site-packages/ucp/_libs/ucx_api.cpython-39-x86_64-linux-gnu.so(+0x2b17a) [0x7f42d417b17a]
12  /opt/conda/envs/gdf/bin/python(+0x13eb08) [0x5590d1ee5b08]
13  /opt/conda/envs/gdf/bin/python(_PyEval_EvalFrameDefault+0x5f82) [0x5590d1ed6112]
14  /opt/conda/envs/gdf/bin/python(+0x12827a) [0x5590d1ecf27a]
15  /opt/conda/envs/gdf/bin/python(_PyFunction_Vectorcall+0xd5) [0x5590d1ee0c05]
16  /opt/conda/envs/gdf/bin/python(_PyEval_EvalFrameDefault+0x68b) [0x5590d1ed081b]
17  /opt/conda/envs/gdf/bin/python(+0x139ef3) [0x5590d1ee0ef3]
18  /opt/conda/envs/gdf/bin/python(+0x147a16) [0x5590d1eeea16]
19  /opt/conda/envs/gdf/bin/python(+0x2579b1) [0x5590d1ffe9b1]
20  /opt/conda/envs/gdf/bin/python(+0xe5817) [0x5590d1e8c817]
21  /opt/conda/envs/gdf/bin/python(+0x130f83) [0x5590d1ed7f83]
22  /opt/conda/envs/gdf/bin/python(_PyEval_EvalFrameDefault+0x5ba6) [0x5590d1ed5d36]
23  /opt/conda/envs/gdf/bin/python(+0x139ef3) [0x5590d1ee0ef3]
24  /opt/conda/envs/gdf/bin/python(_PyEval_EvalFrameDefault+0x68b) [0x5590d1ed081b]
25  /opt/conda/envs/gdf/bin/python(+0x139ef3) [0x5590d1ee0ef3]
26  /opt/conda/envs/gdf/bin/python(_PyEval_EvalFrameDefault+0x68b) [0x5590d1ed081b]
27  /opt/conda/envs/gdf/bin/python(+0x139ef3) [0x5590d1ee0ef3]
28  /opt/conda/envs/gdf/bin/python(_PyEval_EvalFrameDefault+0x68b) [0x5590d1ed081b]
29  /opt/conda/envs/gdf/bin/python(+0x139ef3) [0x5590d1ee0ef3]
30  /opt/conda/envs/gdf/bin/python(_PyEval_EvalFrameDefault+0x68b) [0x5590d1ed081b]
31  /opt/conda/envs/gdf/bin/python(+0x12827a) [0x5590d1ecf27a]
32  /opt/conda/envs/gdf/bin/python(_PyFunction_Vectorcall+0xd5) [0x5590d1ee0c05]
33  /opt/conda/envs/gdf/bin/python(_PyEval_EvalFrameDefault+0x4e17) [0x5590d1ed4fa7]
34  /opt/conda/envs/gdf/bin/python(+0x12827a) [0x5590d1ecf27a]
35  /opt/conda/envs/gdf/bin/python(+0x147935) [0x5590d1eee935]
36  /opt/conda/envs/gdf/bin/python(PyObject_Call+0xb4) [0x5590d1eef104]
37  /opt/conda/envs/gdf/bin/python(+0x20efc8) [0x5590d1fb5fc8]
38  /opt/conda/envs/gdf/bin/python(_PyObject_MakeTpCall+0x2fc) [0x5590d1ed92bc]
39  /opt/conda/envs/gdf/bin/python(_PyEval_EvalFrameDefault+0x402b) [0x5590d1ed41bb]
40  /opt/conda/envs/gdf/bin/python(+0x139ef3) [0x5590d1ee0ef3]
41  /opt/conda/envs/gdf/bin/python(+0x147c72) [0x5590d1eeec72]
42  /opt/conda/envs/gdf/bin/python(_PyEval_EvalFrameDefault+0x402b) [0x5590d1ed41bb]
43  /opt/conda/envs/gdf/bin/python(+0x139ef3) [0x5590d1ee0ef3]
44  /opt/conda/envs/gdf/bin/python(_PyEval_EvalFrameDefault+0x68b) [0x5590d1ed081b]
45  /opt/conda/envs/gdf/bin/python(+0x12827a) [0x5590d1ecf27a]
46  /opt/conda/envs/gdf/bin/python(_PyFunction_Vectorcall+0xd5) [0x5590d1ee0c05]
47  /opt/conda/envs/gdf/bin/python(_PyEval_EvalFrameDefault+0x68b) [0x5590d1ed081b]
48  /opt/conda/envs/gdf/bin/python(+0x139ef3) [0x5590d1ee0ef3]
49  /opt/conda/envs/gdf/bin/python(_PyEval_EvalFrameDefault+0x3d8) [0x5590d1ed0568]
50  /opt/conda/envs/gdf/bin/python(+0x12827a) [0x5590d1ecf27a]
51  /opt/conda/envs/gdf/bin/python(_PyFunction_Vectorcall+0xd5) [0x5590d1ee0c05]
52  /opt/conda/envs/gdf/bin/python(_PyEval_EvalFrameDefault+0x123b) [0x5590d1ed13cb]
53  /opt/conda/envs/gdf/bin/python(+0x12827a) [0x5590d1ecf27a]
54  /opt/conda/envs/gdf/bin/python(_PyEval_EvalCodeWithName+0x47) [0x5590d1ecef07]
55  /opt/conda/envs/gdf/bin/python(PyEval_EvalCodeEx+0x39) [0x5590d1eceeb9]
56  /opt/conda/envs/gdf/bin/python(PyEval_EvalCode+0x1b) [0x5590d1f7f8bb]
57  /opt/conda/envs/gdf/bin/python(+0x206adc) [0x5590d1fadadc]
58  /opt/conda/envs/gdf/bin/python(+0x202c24) [0x5590d1fa9c24]
59  /opt/conda/envs/gdf/bin/python(PyRun_StringFlags+0x9d) [0x5590d1fa17ed]
60  /opt/conda/envs/gdf/bin/python(PyRun_SimpleStringFlags+0x3d) [0x5590d1fa16bd]
61  /opt/conda/envs/gdf/bin/python(Py_RunMain+0x262) [0x5590d1fa08a2]
=================================
==== backtrace (tid:  73743) ====
 0  /opt/conda/envs/gdf/lib/libucs.so.0(ucs_handle_error+0x2fd) [0x7faab51fef5d]
 1  /opt/conda/envs/gdf/lib/libucs.so.0(+0x2b154) [0x7faab51ff154]
 2  /opt/conda/envs/gdf/lib/libucs.so.0(+0x2b31a) [0x7faab51ff31a]
 3  /usr/lib/x86_64-linux-gnu/libpthread.so.0(+0x14420) [0x7fab598e8420]
 4  /opt/conda/envs/gdf/lib/libucp.so.0(ucp_mem_type_unpack+0x14) [0x7faab527dbd4]
 5  /opt/conda/envs/gdf/lib/libucp.so.0(ucp_rndv_data_handler+0x4e9) [0x7faab52a4ef9]
 6  /opt/conda/envs/gdf/lib/libuct.so.0(+0x2033f) [0x7faab51b833f]
 7  /opt/conda/envs/gdf/lib/libuct.so.0(+0x237a8) [0x7faab51bb7a8]
 8  /opt/conda/envs/gdf/lib/libucs.so.0(ucs_event_set_wait+0xb9) [0x7faab5208529]
 9  /opt/conda/envs/gdf/lib/libuct.so.0(uct_tcp_iface_progress+0x7d) [0x7faab51ba53d]
10  /opt/conda/envs/gdf/lib/libucp.so.0(ucp_worker_progress+0x5a) [0x7faab527adaa]
11  /opt/conda/envs/gdf/lib/python3.9/site-packages/ucp/_libs/ucx_api.cpython-39-x86_64-linux-gnu.so(+0x2b17a) [0x7faab532c17a]
12  /opt/conda/envs/gdf/bin/python(+0x13eb08) [0x55c610ea2b08]
13  /opt/conda/envs/gdf/bin/python(_PyEval_EvalFrameDefault+0x5f82) [0x55c610e93112]
14  /opt/conda/envs/gdf/bin/python(+0x12827a) [0x55c610e8c27a]
15  /opt/conda/envs/gdf/bin/python(_PyFunction_Vectorcall+0xd5) [0x55c610e9dc05]
16  /opt/conda/envs/gdf/bin/python(_PyEval_EvalFrameDefault+0x68b) [0x55c610e8d81b]
17  /opt/conda/envs/gdf/bin/python(+0x14e70e) [0x55c610eb270e]
18  /opt/conda/envs/gdf/lib/python3.9/lib-dynload/_asyncio.cpython-39-x86_64-linux-gnu.so(+0x82fe) [0x7faad94632fe]
19  /opt/conda/envs/gdf/bin/python(_PyObject_MakeTpCall+0x2fc) [0x55c610e962bc]
20  /opt/conda/envs/gdf/bin/python(+0xe5817) [0x55c610e49817]
21  /opt/conda/envs/gdf/bin/python(+0x130f83) [0x55c610e94f83]
22  /opt/conda/envs/gdf/bin/python(_PyEval_EvalFrameDefault+0x5ba6) [0x55c610e92d36]
23  /opt/conda/envs/gdf/bin/python(+0x139ef3) [0x55c610e9def3]
24  /opt/conda/envs/gdf/bin/python(_PyEval_EvalFrameDefault+0x68b) [0x55c610e8d81b]
25  /opt/conda/envs/gdf/bin/python(+0x139ef3) [0x55c610e9def3]
26  /opt/conda/envs/gdf/bin/python(_PyEval_EvalFrameDefault+0x68b) [0x55c610e8d81b]
27  /opt/conda/envs/gdf/bin/python(+0x139ef3) [0x55c610e9def3]
28  /opt/conda/envs/gdf/bin/python(_PyEval_EvalFrameDefault+0x68b) [0x55c610e8d81b]
29  /opt/conda/envs/gdf/bin/python(+0x139ef3) [0x55c610e9def3]
30  /opt/conda/envs/gdf/bin/python(_PyEval_EvalFrameDefault+0x68b) [0x55c610e8d81b]
31  /opt/conda/envs/gdf/bin/python(+0x12827a) [0x55c610e8c27a]
32  /opt/conda/envs/gdf/bin/python(_PyFunction_Vectorcall+0xd5) [0x55c610e9dc05]
33  /opt/conda/envs/gdf/bin/python(_PyEval_EvalFrameDefault+0x4e17) [0x55c610e91fa7]
34  /opt/conda/envs/gdf/bin/python(+0x12827a) [0x55c610e8c27a]
35  /opt/conda/envs/gdf/bin/python(+0x147935) [0x55c610eab935]
36  /opt/conda/envs/gdf/bin/python(PyObject_Call+0xb4) [0x55c610eac104]
37  /opt/conda/envs/gdf/bin/python(+0x20efc8) [0x55c610f72fc8]
38  /opt/conda/envs/gdf/bin/python(_PyObject_MakeTpCall+0x2fc) [0x55c610e962bc]
39  /opt/conda/envs/gdf/bin/python(_PyEval_EvalFrameDefault+0x402b) [0x55c610e911bb]
40  /opt/conda/envs/gdf/bin/python(+0x139ef3) [0x55c610e9def3]
41  /opt/conda/envs/gdf/bin/python(+0x147c72) [0x55c610eabc72]
42  /opt/conda/envs/gdf/bin/python(_PyEval_EvalFrameDefault+0x402b) [0x55c610e911bb]
43  /opt/conda/envs/gdf/bin/python(+0x139ef3) [0x55c610e9def3]
44  /opt/conda/envs/gdf/bin/python(_PyEval_EvalFrameDefault+0x68b) [0x55c610e8d81b]
45  /opt/conda/envs/gdf/bin/python(+0x12827a) [0x55c610e8c27a]
46  /opt/conda/envs/gdf/bin/python(_PyFunction_Vectorcall+0xd5) [0x55c610e9dc05]
47  /opt/conda/envs/gdf/bin/python(_PyEval_EvalFrameDefault+0x68b) [0x55c610e8d81b]
48  /opt/conda/envs/gdf/bin/python(+0x139ef3) [0x55c610e9def3]
49  /opt/conda/envs/gdf/bin/python(_PyEval_EvalFrameDefault+0x3d8) [0x55c610e8d568]
50  /opt/conda/envs/gdf/bin/python(+0x12827a) [0x55c610e8c27a]
51  /opt/conda/envs/gdf/bin/python(_PyFunction_Vectorcall+0xd5) [0x55c610e9dc05]
52  /opt/conda/envs/gdf/bin/python(_PyEval_EvalFrameDefault+0x123b) [0x55c610e8e3cb]
53  /opt/conda/envs/gdf/bin/python(+0x12827a) [0x55c610e8c27a]
54  /opt/conda/envs/gdf/bin/python(_PyEval_EvalCodeWithName+0x47) [0x55c610e8bf07]
55  /opt/conda/envs/gdf/bin/python(PyEval_EvalCodeEx+0x39) [0x55c610e8beb9]
56  /opt/conda/envs/gdf/bin/python(PyEval_EvalCode+0x1b) [0x55c610f3c8bb]
57  /opt/conda/envs/gdf/bin/python(+0x206adc) [0x55c610f6aadc]
58  /opt/conda/envs/gdf/bin/python(+0x202c24) [0x55c610f66c24]
59  /opt/conda/envs/gdf/bin/python(PyRun_StringFlags+0x9d) [0x55c610f5e7ed]
60  /opt/conda/envs/gdf/bin/python(PyRun_SimpleStringFlags+0x3d) [0x55c610f5e6bd]
61  /opt/conda/envs/gdf/bin/python(Py_RunMain+0x262) [0x55c610f5d8a2]
=================================
[dgx13:73731:0:73731] Caught signal 11 (Segmentation fault: address not mapped to object at address 0x448)
[dgx13:73751:0:73751] Caught signal 11 (Segmentation fault: address not mapped to object at address 0x448)
==== backtrace (tid:  73731) ====
 0  /opt/conda/envs/gdf/lib/libucs.so.0(ucs_handle_error+0x2fd) [0x7f546972bf5d]
 1  /opt/conda/envs/gdf/lib/libucs.so.0(+0x2b154) [0x7f546972c154]
 2  /opt/conda/envs/gdf/lib/libucs.so.0(+0x2b31a) [0x7f546972c31a]
 3  /usr/lib/x86_64-linux-gnu/libpthread.so.0(+0x14420) [0x7f550df39420]
 4  /opt/conda/envs/gdf/lib/libucp.so.0(ucp_mem_type_unpack+0x14) [0x7f54697aabd4]
 5  /opt/conda/envs/gdf/lib/libucp.so.0(ucp_rndv_data_handler+0x4e9) [0x7f54697d1ef9]
 6  /opt/conda/envs/gdf/lib/libuct.so.0(+0x2033f) [0x7f54696e533f]
 7  /opt/conda/envs/gdf/lib/libuct.so.0(+0x237a8) [0x7f54696e87a8]
 8  /opt/conda/envs/gdf/lib/libucs.so.0(ucs_event_set_wait+0xb9) [0x7f5469735529]
 9  /opt/conda/envs/gdf/lib/libuct.so.0(uct_tcp_iface_progress+0x7d) [0x7f54696e753d]
10  /opt/conda/envs/gdf/lib/libucp.so.0(ucp_worker_progress+0x5a) [0x7f54697a7daa]
11  /opt/conda/envs/gdf/lib/python3.9/site-packages/ucp/_libs/ucx_api.cpython-39-x86_64-linux-gnu.so(+0x2b17a) [0x7f546985917a]
12  /opt/conda/envs/gdf/bin/python(+0x13eb08) [0x558c1acdbb08]
13  /opt/conda/envs/gdf/bin/python(_PyEval_EvalFrameDefault+0x5f82) [0x558c1accc112]
14  /opt/conda/envs/gdf/bin/python(+0x12827a) [0x558c1acc527a]
15  /opt/conda/envs/gdf/bin/python(_PyFunction_Vectorcall+0xd5) [0x558c1acd6c05]
16  /opt/conda/envs/gdf/bin/python(_PyEval_EvalFrameDefault+0x68b) [0x558c1acc681b]
17  /opt/conda/envs/gdf/bin/python(+0x14e70e) [0x558c1aceb70e]
18  /opt/conda/envs/gdf/lib/python3.9/lib-dynload/_asyncio.cpython-39-x86_64-linux-gnu.so(+0x82fe) [0x7f548dabb2fe]
19  /opt/conda/envs/gdf/bin/python(_PyObject_MakeTpCall+0x2fc) [0x558c1accf2bc]
20  /opt/conda/envs/gdf/bin/python(+0xe5817) [0x558c1ac82817]
21  /opt/conda/envs/gdf/bin/python(+0x130f83) [0x558c1accdf83]
22  /opt/conda/envs/gdf/bin/python(_PyEval_EvalFrameDefault+0x5ba6) [0x558c1accbd36]
23  /opt/conda/envs/gdf/bin/python(+0x139ef3) [0x558c1acd6ef3]
24  /opt/conda/envs/gdf/bin/python(_PyEval_EvalFrameDefault+0x68b) [0x558c1acc681b]
25  /opt/conda/envs/gdf/bin/python(+0x139ef3) [0x558c1acd6ef3]
26  /opt/conda/envs/gdf/bin/python(_PyEval_EvalFrameDefault+0x68b) [0x558c1acc681b]
27  /opt/conda/envs/gdf/bin/python(+0x139ef3) [0x558c1acd6ef3]
28  /opt/conda/envs/gdf/bin/python(_PyEval_EvalFrameDefault+0x68b) [0x558c1acc681b]
29  /opt/conda/envs/gdf/bin/python(+0x139ef3) [0x558c1acd6ef3]
30  /opt/conda/envs/gdf/bin/python(_PyEval_EvalFrameDefault+0x68b) [0x558c1acc681b]
31  /opt/conda/envs/gdf/bin/python(+0x12827a) [0x558c1acc527a]
32  /opt/conda/envs/gdf/bin/python(_PyFunction_Vectorcall+0xd5) [0x558c1acd6c05]
33  /opt/conda/envs/gdf/bin/python(_PyEval_EvalFrameDefault+0x4e17) [0x558c1accafa7]
34  /opt/conda/envs/gdf/bin/python(+0x12827a) [0x558c1acc527a]
35  /opt/conda/envs/gdf/bin/python(+0x147935) [0x558c1ace4935]
36  /opt/conda/envs/gdf/bin/python(PyObject_Call+0xb4) [0x558c1ace5104]
37  /opt/conda/envs/gdf/bin/python(+0x20efc8) [0x558c1adabfc8]
38  /opt/conda/envs/gdf/bin/python(_PyObject_MakeTpCall+0x2fc) [0x558c1accf2bc]
39  /opt/conda/envs/gdf/bin/python(_PyEval_EvalFrameDefault+0x402b) [0x558c1acca1bb]
40  /opt/conda/envs/gdf/bin/python(+0x139ef3) [0x558c1acd6ef3]
41  /opt/conda/envs/gdf/bin/python(+0x147c72) [0x558c1ace4c72]
42  /opt/conda/envs/gdf/bin/python(_PyEval_EvalFrameDefault+0x402b) [0x558c1acca1bb]
43  /opt/conda/envs/gdf/bin/python(+0x139ef3) [0x558c1acd6ef3]
44  /opt/conda/envs/gdf/bin/python(_PyEval_EvalFrameDefault+0x68b) [0x558c1acc681b]
45  /opt/conda/envs/gdf/bin/python(+0x12827a) [0x558c1acc527a]
46  /opt/conda/envs/gdf/bin/python(_PyFunction_Vectorcall+0xd5) [0x558c1acd6c05]
47  /opt/conda/envs/gdf/bin/python(_PyEval_EvalFrameDefault+0x68b) [0x558c1acc681b]
48  /opt/conda/envs/gdf/bin/python(+0x139ef3) [0x558c1acd6ef3]
49  /opt/conda/envs/gdf/bin/python(_PyEval_EvalFrameDefault+0x3d8) [0x558c1acc6568]
50  /opt/conda/envs/gdf/bin/python(+0x12827a) [0x558c1acc527a]
51  /opt/conda/envs/gdf/bin/python(_PyFunction_Vectorcall+0xd5) [0x558c1acd6c05]
52  /opt/conda/envs/gdf/bin/python(_PyEval_EvalFrameDefault+0x123b) [0x558c1acc73cb]
53  /opt/conda/envs/gdf/bin/python(+0x12827a) [0x558c1acc527a]
54  /opt/conda/envs/gdf/bin/python(_PyEval_EvalCodeWithName+0x47) [0x558c1acc4f07]
55  /opt/conda/envs/gdf/bin/python(PyEval_EvalCodeEx+0x39) [0x558c1acc4eb9]
56  /opt/conda/envs/gdf/bin/python(PyEval_EvalCode+0x1b) [0x558c1ad758bb]
57  /opt/conda/envs/gdf/bin/python(+0x206adc) [0x558c1ada3adc]
58  /opt/conda/envs/gdf/bin/python(+0x202c24) [0x558c1ad9fc24]
59  /opt/conda/envs/gdf/bin/python(PyRun_StringFlags+0x9d) [0x558c1ad977ed]
60  /opt/conda/envs/gdf/bin/python(PyRun_SimpleStringFlags+0x3d) [0x558c1ad976bd]
61  /opt/conda/envs/gdf/bin/python(Py_RunMain+0x262) [0x558c1ad968a2]
=================================
==== backtrace (tid:  73751) ====
 0  /opt/conda/envs/gdf/lib/libucs.so.0(ucs_handle_error+0x2fd) [0x7faa9cca7f5d]
 1  /opt/conda/envs/gdf/lib/libucs.so.0(+0x2b154) [0x7faa9cca8154]
 2  /opt/conda/envs/gdf/lib/libucs.so.0(+0x2b31a) [0x7faa9cca831a]
 3  /usr/lib/x86_64-linux-gnu/libpthread.so.0(+0x14420) [0x7fab3d4c4420]
 4  /opt/conda/envs/gdf/lib/libucp.so.0(ucp_mem_type_unpack+0x14) [0x7faa9cd26bd4]
 5  /opt/conda/envs/gdf/lib/libucp.so.0(ucp_rndv_data_handler+0x4e9) [0x7faa9cd4def9]
 6  /opt/conda/envs/gdf/lib/libuct.so.0(+0x2033f) [0x7faa9cc6133f]
 7  /opt/conda/envs/gdf/lib/libuct.so.0(+0x237a8) [0x7faa9cc647a8]
 8  /opt/conda/envs/gdf/lib/libucs.so.0(ucs_event_set_wait+0xb9) [0x7faa9ccb1529]
 9  /opt/conda/envs/gdf/lib/libuct.so.0(uct_tcp_iface_progress+0x7d) [0x7faa9cc6353d]
10  /opt/conda/envs/gdf/lib/libucp.so.0(ucp_worker_progress+0x5a) [0x7faa9cd23daa]
11  /opt/conda/envs/gdf/lib/python3.9/site-packages/ucp/_libs/ucx_api.cpython-39-x86_64-linux-gnu.so(+0x2b17a) [0x7faa9cdd517a]
12  /opt/conda/envs/gdf/bin/python(+0x13eb08) [0x55dc189e6b08]
13  /opt/conda/envs/gdf/bin/python(_PyEval_EvalFrameDefault+0x5f82) [0x55dc189d7112]
14  /opt/conda/envs/gdf/bin/python(+0x12827a) [0x55dc189d027a]
15  /opt/conda/envs/gdf/bin/python(_PyFunction_Vectorcall+0xd5) [0x55dc189e1c05]
16  /opt/conda/envs/gdf/bin/python(_PyEval_EvalFrameDefault+0x68b) [0x55dc189d181b]
17  /opt/conda/envs/gdf/bin/python(+0x139ef3) [0x55dc189e1ef3]
18  /opt/conda/envs/gdf/bin/python(+0x147a16) [0x55dc189efa16]
19  /opt/conda/envs/gdf/bin/python(+0x2579b1) [0x55dc18aff9b1]
20  /opt/conda/envs/gdf/bin/python(+0xe5817) [0x55dc1898d817]
21  /opt/conda/envs/gdf/bin/python(+0x130f83) [0x55dc189d8f83]
22  /opt/conda/envs/gdf/bin/python(_PyEval_EvalFrameDefault+0x5ba6) [0x55dc189d6d36]
23  /opt/conda/envs/gdf/bin/python(+0x139ef3) [0x55dc189e1ef3]
24  /opt/conda/envs/gdf/bin/python(_PyEval_EvalFrameDefault+0x68b) [0x55dc189d181b]
25  /opt/conda/envs/gdf/bin/python(+0x139ef3) [0x55dc189e1ef3]
26  /opt/conda/envs/gdf/bin/python(_PyEval_EvalFrameDefault+0x68b) [0x55dc189d181b]
27  /opt/conda/envs/gdf/bin/python(+0x139ef3) [0x55dc189e1ef3]
28  /opt/conda/envs/gdf/bin/python(_PyEval_EvalFrameDefault+0x68b) [0x55dc189d181b]
29  /opt/conda/envs/gdf/bin/python(+0x139ef3) [0x55dc189e1ef3]
30  /opt/conda/envs/gdf/bin/python(_PyEval_EvalFrameDefault+0x68b) [0x55dc189d181b]
31  /opt/conda/envs/gdf/bin/python(+0x12827a) [0x55dc189d027a]
32  /opt/conda/envs/gdf/bin/python(_PyFunction_Vectorcall+0xd5) [0x55dc189e1c05]
33  /opt/conda/envs/gdf/bin/python(_PyEval_EvalFrameDefault+0x4e17) [0x55dc189d5fa7]
34  /opt/conda/envs/gdf/bin/python(+0x12827a) [0x55dc189d027a]
35  /opt/conda/envs/gdf/bin/python(+0x147935) [0x55dc189ef935]
36  /opt/conda/envs/gdf/bin/python(PyObject_Call+0xb4) [0x55dc189f0104]
37  /opt/conda/envs/gdf/bin/python(+0x20efc8) [0x55dc18ab6fc8]
38  /opt/conda/envs/gdf/bin/python(_PyObject_MakeTpCall+0x2fc) [0x55dc189da2bc]
39  /opt/conda/envs/gdf/bin/python(_PyEval_EvalFrameDefault+0x402b) [0x55dc189d51bb]
40  /opt/conda/envs/gdf/bin/python(+0x139ef3) [0x55dc189e1ef3]
41  /opt/conda/envs/gdf/bin/python(+0x147c72) [0x55dc189efc72]
42  /opt/conda/envs/gdf/bin/python(_PyEval_EvalFrameDefault+0x402b) [0x55dc189d51bb]
43  /opt/conda/envs/gdf/bin/python(+0x139ef3) [0x55dc189e1ef3]
44  /opt/conda/envs/gdf/bin/python(_PyEval_EvalFrameDefault+0x68b) [0x55dc189d181b]
45  /opt/conda/envs/gdf/bin/python(+0x12827a) [0x55dc189d027a]
46  /opt/conda/envs/gdf/bin/python(_PyFunction_Vectorcall+0xd5) [0x55dc189e1c05]
47  /opt/conda/envs/gdf/bin/python(_PyEval_EvalFrameDefault+0x68b) [0x55dc189d181b]
48  /opt/conda/envs/gdf/bin/python(+0x139ef3) [0x55dc189e1ef3]
49  /opt/conda/envs/gdf/bin/python(_PyEval_EvalFrameDefault+0x3d8) [0x55dc189d1568]
50  /opt/conda/envs/gdf/bin/python(+0x12827a) [0x55dc189d027a]
51  /opt/conda/envs/gdf/bin/python(_PyFunction_Vectorcall+0xd5) [0x55dc189e1c05]
52  /opt/conda/envs/gdf/bin/python(_PyEval_EvalFrameDefault+0x123b) [0x55dc189d23cb]
53  /opt/conda/envs/gdf/bin/python(+0x12827a) [0x55dc189d027a]
54  /opt/conda/envs/gdf/bin/python(_PyEval_EvalCodeWithName+0x47) [0x55dc189cff07]
55  /opt/conda/envs/gdf/bin/python(PyEval_EvalCodeEx+0x39) [0x55dc189cfeb9]
56  /opt/conda/envs/gdf/bin/python(PyEval_EvalCode+0x1b) [0x55dc18a808bb]
57  /opt/conda/envs/gdf/bin/python(+0x206adc) [0x55dc18aaeadc]
58  /opt/conda/envs/gdf/bin/python(+0x202c24) [0x55dc18aaac24]
59  /opt/conda/envs/gdf/bin/python(PyRun_StringFlags+0x9d) [0x55dc18aa27ed]
60  /opt/conda/envs/gdf/bin/python(PyRun_SimpleStringFlags+0x3d) [0x55dc18aa26bd]
61  /opt/conda/envs/gdf/bin/python(Py_RunMain+0x262) [0x55dc18aa18a2]
=================================
2023-06-05 06:10:03,765 - distributed.worker - ERROR - Worker stream died during communication: ucx://127.0.0.1:52545
Traceback (most recent call last):
  File "/opt/conda/envs/gdf/lib/python3.9/site-packages/distributed/core.py", line 1427, in _connect
    comm = await connect(
  File "/opt/conda/envs/gdf/lib/python3.9/site-packages/distributed/comm/core.py", line 292, in connect
    comm = await wait_for(
  File "/opt/conda/envs/gdf/lib/python3.9/site-packages/distributed/utils.py", line 1849, in wait_for
    return await asyncio.wait_for(fut, timeout)
  File "/opt/conda/envs/gdf/lib/python3.9/asyncio/tasks.py", line 466, in wait_for
    await waiter
asyncio.exceptions.CancelledError

During handling of the above exception, another exception occurred:

Traceback (most recent call last):
  File "/opt/conda/envs/gdf/lib/python3.9/site-packages/distributed/worker.py", line 2066, in gather_dep
    response = await get_data_from_worker(
  File "/opt/conda/envs/gdf/lib/python3.9/site-packages/distributed/worker.py", line 2889, in get_data_from_worker
    comm = await rpc.connect(worker)
  File "/opt/conda/envs/gdf/lib/python3.9/site-packages/distributed/core.py", line 1506, in connect
    return await connect_attempt
  File "/opt/conda/envs/gdf/lib/python3.9/site-packages/distributed/core.py", line 1450, in _connect
    raise CommClosedError(reason)
distributed.comm.core.CommClosedError: Address removed.
2023-06-05 06:10:03,789 - distributed.worker - ERROR - failed during get data with ucx://127.0.0.1:46789 -> ucx://127.0.0.1:36173
Traceback (most recent call last):
  File "/opt/conda/envs/gdf/lib/python3.9/site-packages/distributed/comm/ucx.py", line 333, in write
    await self.ep.send(each_frame)
  File "/opt/conda/envs/gdf/lib/python3.9/site-packages/ucp/core.py", line 650, in send
    return await comm.tag_send(self._ep, buffer, nbytes, tag, name=log)
ucp._libs.exceptions.UCXError: <[Send #007] ep: 0x7fabb18b7200, tag: 0xb1b0e97e8076fe49, nbytes: 100000000, type: <class 'cudf.core.buffer.buffer.Buffer'>>: Connection reset by remote peer

During handling of the above exception, another exception occurred:

Traceback (most recent call last):
  File "/opt/conda/envs/gdf/lib/python3.9/site-packages/distributed/worker.py", line 1792, in get_data
    compressed = await comm.write(msg, serializers=serializers)
  File "/opt/conda/envs/gdf/lib/python3.9/site-packages/distributed/utils.py", line 752, in wrapper
    return await func(*args, **kwargs)
  File "/opt/conda/envs/gdf/lib/python3.9/site-packages/distributed/comm/ucx.py", line 337, in write
    raise CommClosedError("While writing, the connection was closed")
distributed.comm.core.CommClosedError: While writing, the connection was closed
2023-06-05 06:10:03,845 - distributed.nanny - WARNING - Restarting worker
2023-06-05 06:10:03,882 - distributed.worker - ERROR - failed during get data with ucx://127.0.0.1:46789 -> ucx://127.0.0.1:45449
Traceback (most recent call last):
  File "/opt/conda/envs/gdf/lib/python3.9/site-packages/distributed/comm/ucx.py", line 333, in write
    await self.ep.send(each_frame)
  File "/opt/conda/envs/gdf/lib/python3.9/site-packages/ucp/core.py", line 650, in send
    return await comm.tag_send(self._ep, buffer, nbytes, tag, name=log)
ucp._libs.exceptions.UCXError: <[Send #007] ep: 0x7fabb18b7180, tag: 0x90710a9f89001ce7, nbytes: 100000000, type: <class 'cudf.core.buffer.buffer.Buffer'>>: Connection reset by remote peer

During handling of the above exception, another exception occurred:

Traceback (most recent call last):
  File "/opt/conda/envs/gdf/lib/python3.9/site-packages/distributed/worker.py", line 1792, in get_data
    compressed = await comm.write(msg, serializers=serializers)
  File "/opt/conda/envs/gdf/lib/python3.9/site-packages/distributed/utils.py", line 752, in wrapper
    return await func(*args, **kwargs)
  File "/opt/conda/envs/gdf/lib/python3.9/site-packages/distributed/comm/ucx.py", line 337, in write
    raise CommClosedError("While writing, the connection was closed")
distributed.comm.core.CommClosedError: While writing, the connection was closed
2023-06-05 06:10:03,948 - distributed.worker - ERROR - failed during get data with ucx://127.0.0.1:46789 -> ucx://127.0.0.1:34237
Traceback (most recent call last):
  File "/opt/conda/envs/gdf/lib/python3.9/site-packages/distributed/comm/ucx.py", line 333, in write
    await self.ep.send(each_frame)
  File "/opt/conda/envs/gdf/lib/python3.9/site-packages/ucp/core.py", line 650, in send
    return await comm.tag_send(self._ep, buffer, nbytes, tag, name=log)
ucp._libs.exceptions.UCXError: <[Send #007] ep: 0x7fabb18b71c0, tag: 0x16472bab87a35740, nbytes: 100000000, type: <class 'cudf.core.buffer.buffer.Buffer'>>: Connection reset by remote peer

During handling of the above exception, another exception occurred:

Traceback (most recent call last):
  File "/opt/conda/envs/gdf/lib/python3.9/site-packages/distributed/worker.py", line 1792, in get_data
    compressed = await comm.write(msg, serializers=serializers)
  File "/opt/conda/envs/gdf/lib/python3.9/site-packages/distributed/utils.py", line 752, in wrapper
    return await func(*args, **kwargs)
  File "/opt/conda/envs/gdf/lib/python3.9/site-packages/distributed/comm/ucx.py", line 337, in write
    raise CommClosedError("While writing, the connection was closed")
distributed.comm.core.CommClosedError: While writing, the connection was closed
2023-06-05 06:10:03,978 - distributed.worker - ERROR - Worker stream died during communication: ucx://127.0.0.1:45449
Traceback (most recent call last):
  File "/opt/conda/envs/gdf/lib/python3.9/asyncio/tasks.py", line 466, in wait_for
    await waiter
asyncio.exceptions.CancelledError

During handling of the above exception, another exception occurred:

Traceback (most recent call last):
  File "/opt/conda/envs/gdf/lib/python3.9/site-packages/distributed/comm/core.py", line 329, in connect
    handshake = await wait_for(comm.read(), time_left())
  File "/opt/conda/envs/gdf/lib/python3.9/site-packages/distributed/utils.py", line 1849, in wait_for
    return await asyncio.wait_for(fut, timeout)
  File "/opt/conda/envs/gdf/lib/python3.9/asyncio/tasks.py", line 469, in wait_for
    return fut.result()
  File "/opt/conda/envs/gdf/lib/python3.9/site-packages/distributed/utils.py", line 752, in wrapper
    return await func(*args, **kwargs)
  File "/opt/conda/envs/gdf/lib/python3.9/site-packages/distributed/comm/ucx.py", line 367, in read
    raise CommClosedError(
distributed.comm.core.CommClosedError: Connection closed by writer.
Inner exception: UCXCanceled("<[Recv #000] ep: 0x7fabb18b7280, tag: 0x58dc12e2c424ab41, nbytes: 16, type: <class 'numpy.ndarray'>>: ")

The above exception was the direct cause of the following exception:

Traceback (most recent call last):
  File "/opt/conda/envs/gdf/lib/python3.9/site-packages/distributed/worker.py", line 2066, in gather_dep
    response = await get_data_from_worker(
  File "/opt/conda/envs/gdf/lib/python3.9/site-packages/distributed/worker.py", line 2889, in get_data_from_worker
    comm = await rpc.connect(worker)
  File "/opt/conda/envs/gdf/lib/python3.9/site-packages/distributed/core.py", line 1506, in connect
    return await connect_attempt
  File "/opt/conda/envs/gdf/lib/python3.9/site-packages/distributed/core.py", line 1427, in _connect
    comm = await connect(
  File "/opt/conda/envs/gdf/lib/python3.9/site-packages/distributed/comm/core.py", line 334, in connect
    raise OSError(
OSError: Timed out during handshake while connecting to ucx://127.0.0.1:45449 after 30 s
2023-06-05 06:10:04,042 - distributed.nanny - WARNING - Restarting worker
2023-06-05 06:10:04,043 - distributed.nanny - WARNING - Restarting worker
2023-06-05 06:10:04,073 - distributed.nanny - WARNING - Restarting worker
2023-06-05 06:10:04,185 - distributed.nanny - WARNING - Restarting worker
2023-06-05 06:10:04,187 - distributed.nanny - WARNING - Restarting worker
2023-06-05 06:10:04,847 - distributed.preloading - INFO - Creating preload: dask_cuda.initialize
2023-06-05 06:10:04,847 - distributed.preloading - INFO - Import preload module: dask_cuda.initialize
2023-06-05 06:10:05,383 - distributed.preloading - INFO - Creating preload: dask_cuda.initialize
2023-06-05 06:10:05,383 - distributed.preloading - INFO - Import preload module: dask_cuda.initialize
2023-06-05 06:10:05,610 - distributed.preloading - INFO - Creating preload: dask_cuda.initialize
2023-06-05 06:10:05,610 - distributed.preloading - INFO - Import preload module: dask_cuda.initialize
2023-06-05 06:10:05,659 - distributed.preloading - INFO - Creating preload: dask_cuda.initialize
2023-06-05 06:10:05,659 - distributed.preloading - INFO - Import preload module: dask_cuda.initialize
2023-06-05 06:10:05,701 - distributed.preloading - INFO - Creating preload: dask_cuda.initialize
2023-06-05 06:10:05,701 - distributed.preloading - INFO - Import preload module: dask_cuda.initialize
2023-06-05 06:10:05,705 - distributed.preloading - INFO - Creating preload: dask_cuda.initialize
2023-06-05 06:10:05,705 - distributed.preloading - INFO - Import preload module: dask_cuda.initialize
2023-06-05 06:10:05,752 - distributed.preloading - INFO - Creating preload: dask_cuda.initialize
2023-06-05 06:10:05,752 - distributed.preloading - INFO - Import preload module: dask_cuda.initialize
[dgx13:74270:0:74270] Caught signal 11 (Segmentation fault: address not mapped to object at address 0x448)
[dgx13:73740:0:73740] Caught signal 11 (Segmentation fault: address not mapped to object at address 0x448)
==== backtrace (tid:  74270) ====
 0  /opt/conda/envs/gdf/lib/libucs.so.0(ucs_handle_error+0x2fd) [0x7ff7f1e63f5d]
 1  /opt/conda/envs/gdf/lib/libucs.so.0(+0x2b154) [0x7ff7f1e64154]
 2  /opt/conda/envs/gdf/lib/libucs.so.0(+0x2b31a) [0x7ff7f1e6431a]
 3  /usr/lib/x86_64-linux-gnu/libpthread.so.0(+0x14420) [0x7ff8966dd420]
 4  /opt/conda/envs/gdf/lib/libucp.so.0(ucp_mem_type_unpack+0x14) [0x7ff7f1ee2bd4]
 5  /opt/conda/envs/gdf/lib/libucp.so.0(ucp_rndv_data_handler+0x4e9) [0x7ff7f1f09ef9]
 6  /opt/conda/envs/gdf/lib/libuct.so.0(+0x2033f) [0x7ff80402f33f]
 7  /opt/conda/envs/gdf/lib/libuct.so.0(+0x237a8) [0x7ff8040327a8]
 8  /opt/conda/envs/gdf/lib/libucs.so.0(ucs_event_set_wait+0xb9) [0x7ff7f1e6d529]
 9  /opt/conda/envs/gdf/lib/libuct.so.0(uct_tcp_iface_progress+0x7d) [0x7ff80403153d]
10  /opt/conda/envs/gdf/lib/libucp.so.0(ucp_worker_progress+0x5a) [0x7ff7f1edfdaa]
11  /opt/conda/envs/gdf/lib/python3.9/site-packages/ucp/_libs/ucx_api.cpython-39-x86_64-linux-gnu.so(+0x2b17a) [0x7ff7f1f9117a]
12  /opt/conda/envs/gdf/bin/python(+0x13eb08) [0x55cfeeabcb08]
13  /opt/conda/envs/gdf/bin/python(_PyEval_EvalFrameDefault+0x5f82) [0x55cfeeaad112]
14  /opt/conda/envs/gdf/bin/python(+0x12827a) [0x55cfeeaa627a]
15  /opt/conda/envs/gdf/bin/python(_PyFunction_Vectorcall+0xd5) [0x55cfeeab7c05]
16  /opt/conda/envs/gdf/bin/python(_PyEval_EvalFrameDefault+0x68b) [0x55cfeeaa781b]
17  /opt/conda/envs/gdf/bin/python(+0x14e70e) [0x55cfeeacc70e]
18  /opt/conda/envs/gdf/lib/python3.9/lib-dynload/_asyncio.cpython-39-x86_64-linux-gnu.so(+0x82fe) [0x7ff81625c2fe]
19  /opt/conda/envs/gdf/bin/python(_PyObject_MakeTpCall+0x2fc) [0x55cfeeab02bc]
20  /opt/conda/envs/gdf/bin/python(+0xe5817) [0x55cfeea63817]
21  /opt/conda/envs/gdf/bin/python(+0x130f83) [0x55cfeeaaef83]
22  /opt/conda/envs/gdf/bin/python(_PyEval_EvalFrameDefault+0x5ba6) [0x55cfeeaacd36]
23  /opt/conda/envs/gdf/bin/python(+0x139ef3) [0x55cfeeab7ef3]
24  /opt/conda/envs/gdf/bin/python(_PyEval_EvalFrameDefault+0x68b) [0x55cfeeaa781b]
25  /opt/conda/envs/gdf/bin/python(+0x139ef3) [0x55cfeeab7ef3]
26  /opt/conda/envs/gdf/bin/python(_PyEval_EvalFrameDefault+0x68b) [0x55cfeeaa781b]
27  /opt/conda/envs/gdf/bin/python(+0x139ef3) [0x55cfeeab7ef3]
28  /opt/conda/envs/gdf/bin/python(_PyEval_EvalFrameDefault+0x68b) [0x55cfeeaa781b]
29  /opt/conda/envs/gdf/bin/python(+0x139ef3) [0x55cfeeab7ef3]
30  /opt/conda/envs/gdf/bin/python(_PyEval_EvalFrameDefault+0x68b) [0x55cfeeaa781b]
31  /opt/conda/envs/gdf/bin/python(+0x12827a) [0x55cfeeaa627a]
32  /opt/conda/envs/gdf/bin/python(_PyFunction_Vectorcall+0xd5) [0x55cfeeab7c05]
33  /opt/conda/envs/gdf/bin/python(_PyEval_EvalFrameDefault+0x4e17) [0x55cfeeaabfa7]
34  /opt/conda/envs/gdf/bin/python(+0x12827a) [0x55cfeeaa627a]
35  /opt/conda/envs/gdf/bin/python(+0x147935) [0x55cfeeac5935]
36  /opt/conda/envs/gdf/bin/python(PyObject_Call+0xb4) [0x55cfeeac6104]
37  /opt/conda/envs/gdf/bin/python(+0x20efc8) [0x55cfeeb8cfc8]
38  /opt/conda/envs/gdf/bin/python(_PyObject_MakeTpCall+0x2fc) [0x55cfeeab02bc]
39  /opt/conda/envs/gdf/bin/python(_PyEval_EvalFrameDefault+0x402b) [0x55cfeeaab1bb]
40  /opt/conda/envs/gdf/bin/python(+0x139ef3) [0x55cfeeab7ef3]
41  /opt/conda/envs/gdf/bin/python(+0x147c72) [0x55cfeeac5c72]
42  /opt/conda/envs/gdf/bin/python(_PyEval_EvalFrameDefault+0x402b) [0x55cfeeaab1bb]
43  /opt/conda/envs/gdf/bin/python(+0x139ef3) [0x55cfeeab7ef3]
44  /opt/conda/envs/gdf/bin/python(_PyEval_EvalFrameDefault+0x68b) [0x55cfeeaa781b]
45  /opt/conda/envs/gdf/bin/python(+0x12827a) [0x55cfeeaa627a]
46  /opt/conda/envs/gdf/bin/python(_PyFunction_Vectorcall+0xd5) [0x55cfeeab7c05]
47  /opt/conda/envs/gdf/bin/python(_PyEval_EvalFrameDefault+0x68b) [0x55cfeeaa781b]
48  /opt/conda/envs/gdf/bin/python(+0x139ef3) [0x55cfeeab7ef3]
49  /opt/conda/envs/gdf/bin/python(_PyEval_EvalFrameDefault+0x3d8) [0x55cfeeaa7568]
50  /opt/conda/envs/gdf/bin/python(+0x12827a) [0x55cfeeaa627a]
51  /opt/conda/envs/gdf/bin/python(_PyFunction_Vectorcall+0xd5) [0x55cfeeab7c05]
52  /opt/conda/envs/gdf/bin/python(_PyEval_EvalFrameDefault+0x123b) [0x55cfeeaa83cb]
53  /opt/conda/envs/gdf/bin/python(+0x12827a) [0x55cfeeaa627a]
54  /opt/conda/envs/gdf/bin/python(_PyEval_EvalCodeWithName+0x47) [0x55cfeeaa5f07]
55  /opt/conda/envs/gdf/bin/python(PyEval_EvalCodeEx+0x39) [0x55cfeeaa5eb9]
56  /opt/conda/envs/gdf/bin/python(PyEval_EvalCode+0x1b) [0x55cfeeb568bb]
57  /opt/conda/envs/gdf/bin/python(+0x206adc) [0x55cfeeb84adc]
58  /opt/conda/envs/gdf/bin/python(+0x202c24) [0x55cfeeb80c24]
59  /opt/conda/envs/gdf/bin/python(PyRun_StringFlags+0x9d) [0x55cfeeb787ed]
60  /opt/conda/envs/gdf/bin/python(PyRun_SimpleStringFlags+0x3d) [0x55cfeeb786bd]
61  /opt/conda/envs/gdf/bin/python(Py_RunMain+0x262) [0x55cfeeb778a2]
=================================
==== backtrace (tid:  73740) ====
 0  /opt/conda/envs/gdf/lib/libucs.so.0(ucs_handle_error+0x2fd) [0x7fabb1b90f5d]
 1  /opt/conda/envs/gdf/lib/libucs.so.0(+0x2b154) [0x7fabb1b91154]
 2  /opt/conda/envs/gdf/lib/libucs.so.0(+0x2b31a) [0x7fabb1b9131a]
 3  /usr/lib/x86_64-linux-gnu/libpthread.so.0(+0x14420) [0x7fac563ac420]
 4  /opt/conda/envs/gdf/lib/libucp.so.0(ucp_mem_type_unpack+0x14) [0x7fabb1c0fbd4]
 5  /opt/conda/envs/gdf/lib/libucp.so.0(ucp_rndv_data_handler+0x4e9) [0x7fabb1c36ef9]
 6  /opt/conda/envs/gdf/lib/libuct.so.0(+0x2033f) [0x7fabb1b4a33f]
 7  /opt/conda/envs/gdf/lib/libuct.so.0(+0x237a8) [0x7fabb1b4d7a8]
 8  /opt/conda/envs/gdf/lib/libucs.so.0(ucs_event_set_wait+0xb9) [0x7fabb1b9a529]
 9  /opt/conda/envs/gdf/lib/libuct.so.0(uct_tcp_iface_progress+0x7d) [0x7fabb1b4c53d]
10  /opt/conda/envs/gdf/lib/libucp.so.0(ucp_worker_progress+0x5a) [0x7fabb1c0cdaa]
11  /opt/conda/envs/gdf/lib/python3.9/site-packages/ucp/_libs/ucx_api.cpython-39-x86_64-linux-gnu.so(+0x2b17a) [0x7fabc403017a]
12  /opt/conda/envs/gdf/bin/python(+0x13eb08) [0x555ae420ab08]
13  /opt/conda/envs/gdf/bin/python(_PyEval_EvalFrameDefault+0x5f82) [0x555ae41fb112]
14  /opt/conda/envs/gdf/bin/python(+0x12827a) [0x555ae41f427a]
15  /opt/conda/envs/gdf/bin/python(_PyFunction_Vectorcall+0xd5) [0x555ae4205c05]
16  /opt/conda/envs/gdf/bin/python(_PyEval_EvalFrameDefault+0x68b) [0x555ae41f581b]
17  /opt/conda/envs/gdf/bin/python(+0x139ef3) [0x555ae4205ef3]
18  /opt/conda/envs/gdf/bin/python(+0x147a16) [0x555ae4213a16]
19  /opt/conda/envs/gdf/bin/python(+0x2579b1) [0x555ae43239b1]
20  /opt/conda/envs/gdf/bin/python(+0xe5817) [0x555ae41b1817]
21  /opt/conda/envs/gdf/bin/python(+0x130f83) [0x555ae41fcf83]
22  /opt/conda/envs/gdf/bin/python(_PyEval_EvalFrameDefault+0x5ba6) [0x555ae41fad36]
23  /opt/conda/envs/gdf/bin/python(+0x139ef3) [0x555ae4205ef3]
24  /opt/conda/envs/gdf/bin/python(_PyEval_EvalFrameDefault+0x68b) [0x555ae41f581b]
25  /opt/conda/envs/gdf/bin/python(+0x139ef3) [0x555ae4205ef3]
26  /opt/conda/envs/gdf/bin/python(_PyEval_EvalFrameDefault+0x68b) [0x555ae41f581b]
27  /opt/conda/envs/gdf/bin/python(+0x139ef3) [0x555ae4205ef3]
28  /opt/conda/envs/gdf/bin/python(_PyEval_EvalFrameDefault+0x68b) [0x555ae41f581b]
29  /opt/conda/envs/gdf/bin/python(+0x139ef3) [0x555ae4205ef3]
30  /opt/conda/envs/gdf/bin/python(_PyEval_EvalFrameDefault+0x68b) [0x555ae41f581b]
31  /opt/conda/envs/gdf/bin/python(+0x12827a) [0x555ae41f427a]
32  /opt/conda/envs/gdf/bin/python(_PyFunction_Vectorcall+0xd5) [0x555ae4205c05]
33  /opt/conda/envs/gdf/bin/python(_PyEval_EvalFrameDefault+0x4e17) [0x555ae41f9fa7]
34  /opt/conda/envs/gdf/bin/python(+0x12827a) [0x555ae41f427a]
35  /opt/conda/envs/gdf/bin/python(+0x147935) [0x555ae4213935]
36  /opt/conda/envs/gdf/bin/python(PyObject_Call+0xb4) [0x555ae4214104]
37  /opt/conda/envs/gdf/bin/python(+0x20efc8) [0x555ae42dafc8]
38  /opt/conda/envs/gdf/bin/python(_PyObject_MakeTpCall+0x2fc) [0x555ae41fe2bc]
39  /opt/conda/envs/gdf/bin/python(_PyEval_EvalFrameDefault+0x402b) [0x555ae41f91bb]
40  /opt/conda/envs/gdf/bin/python(+0x139ef3) [0x555ae4205ef3]
41  /opt/conda/envs/gdf/bin/python(+0x147c72) [0x555ae4213c72]
42  /opt/conda/envs/gdf/bin/python(_PyEval_EvalFrameDefault+0x402b) [0x555ae41f91bb]
43  /opt/conda/envs/gdf/bin/python(+0x139ef3) [0x555ae4205ef3]
44  /opt/conda/envs/gdf/bin/python(_PyEval_EvalFrameDefault+0x68b) [0x555ae41f581b]
45  /opt/conda/envs/gdf/bin/python(+0x12827a) [0x555ae41f427a]
46  /opt/conda/envs/gdf/bin/python(_PyFunction_Vectorcall+0xd5) [0x555ae4205c05]
47  /opt/conda/envs/gdf/bin/python(_PyEval_EvalFrameDefault+0x68b) [0x555ae41f581b]
48  /opt/conda/envs/gdf/bin/python(+0x139ef3) [0x555ae4205ef3]
49  /opt/conda/envs/gdf/bin/python(_PyEval_EvalFrameDefault+0x3d8) [0x555ae41f5568]
50  /opt/conda/envs/gdf/bin/python(+0x12827a) [0x555ae41f427a]
51  /opt/conda/envs/gdf/bin/python(_PyFunction_Vectorcall+0xd5) [0x555ae4205c05]
52  /opt/conda/envs/gdf/bin/python(_PyEval_EvalFrameDefault+0x123b) [0x555ae41f63cb]
53  /opt/conda/envs/gdf/bin/python(+0x12827a) [0x555ae41f427a]
54  /opt/conda/envs/gdf/bin/python(_PyEval_EvalCodeWithName+0x47) [0x555ae41f3f07]
55  /opt/conda/envs/gdf/bin/python(PyEval_EvalCodeEx+0x39) [0x555ae41f3eb9]
56  /opt/conda/envs/gdf/bin/python(PyEval_EvalCode+0x1b) [0x555ae42a48bb]
57  /opt/conda/envs/gdf/bin/python(+0x206adc) [0x555ae42d2adc]
58  /opt/conda/envs/gdf/bin/python(+0x202c24) [0x555ae42cec24]
59  /opt/conda/envs/gdf/bin/python(PyRun_StringFlags+0x9d) [0x555ae42c67ed]
60  /opt/conda/envs/gdf/bin/python(PyRun_SimpleStringFlags+0x3d) [0x555ae42c66bd]
61  /opt/conda/envs/gdf/bin/python(Py_RunMain+0x262) [0x555ae42c58a2]
=================================
[dgx13:74273:0:74273] Caught signal 11 (Segmentation fault: address not mapped to object at address 0x448)
==== backtrace (tid:  74273) ====
 0  /opt/conda/envs/gdf/lib/libucs.so.0(ucs_handle_error+0x2fd) [0x7f1a0543ef5d]
 1  /opt/conda/envs/gdf/lib/libucs.so.0(+0x2b154) [0x7f1a0543f154]
 2  /opt/conda/envs/gdf/lib/libucs.so.0(+0x2b31a) [0x7f1a0543f31a]
 3  /usr/lib/x86_64-linux-gnu/libpthread.so.0(+0x14420) [0x7f1aa9c5d420]
 4  /opt/conda/envs/gdf/lib/libucp.so.0(ucp_mem_type_unpack+0x14) [0x7f1a054bdbd4]
 5  /opt/conda/envs/gdf/lib/libucp.so.0(ucp_rndv_data_handler+0x4e9) [0x7f1a054e4ef9]
 6  /opt/conda/envs/gdf/lib/libuct.so.0(+0x2033f) [0x7f1a053f833f]
 7  /opt/conda/envs/gdf/lib/libuct.so.0(+0x237a8) [0x7f1a053fb7a8]
 8  /opt/conda/envs/gdf/lib/libucs.so.0(ucs_event_set_wait+0xb9) [0x7f1a05448529]
 9  /opt/conda/envs/gdf/lib/libuct.so.0(uct_tcp_iface_progress+0x7d) [0x7f1a053fa53d]
10  /opt/conda/envs/gdf/lib/libucp.so.0(ucp_worker_progress+0x5a) [0x7f1a054badaa]
11  /opt/conda/envs/gdf/lib/python3.9/site-packages/ucp/_libs/ucx_api.cpython-39-x86_64-linux-gnu.so(+0x2b17a) [0x7f1a0556c17a]
12  /opt/conda/envs/gdf/bin/python(+0x13eb08) [0x5607aa57cb08]
13  /opt/conda/envs/gdf/bin/python(_PyEval_EvalFrameDefault+0x5f82) [0x5607aa56d112]
14  /opt/conda/envs/gdf/bin/python(+0x12827a) [0x5607aa56627a]
15  /opt/conda/envs/gdf/bin/python(_PyFunction_Vectorcall+0xd5) [0x5607aa577c05]
16  /opt/conda/envs/gdf/bin/python(_PyEval_EvalFrameDefault+0x68b) [0x5607aa56781b]
17  /opt/conda/envs/gdf/bin/python(+0x14e70e) [0x5607aa58c70e]
18  /opt/conda/envs/gdf/lib/python3.9/lib-dynload/_asyncio.cpython-39-x86_64-linux-gnu.so(+0x82fe) [0x7f1a297da2fe]
19  /opt/conda/envs/gdf/bin/python(_PyObject_MakeTpCall+0x2fc) [0x5607aa5702bc]
20  /opt/conda/envs/gdf/bin/python(+0xe5817) [0x5607aa523817]
21  /opt/conda/envs/gdf/bin/python(+0x130f83) [0x5607aa56ef83]
22  /opt/conda/envs/gdf/bin/python(_PyEval_EvalFrameDefault+0x5ba6) [0x5607aa56cd36]
23  /opt/conda/envs/gdf/bin/python(+0x139ef3) [0x5607aa577ef3]
24  /opt/conda/envs/gdf/bin/python(_PyEval_EvalFrameDefault+0x68b) [0x5607aa56781b]
25  /opt/conda/envs/gdf/bin/python(+0x139ef3) [0x5607aa577ef3]
26  /opt/conda/envs/gdf/bin/python(_PyEval_EvalFrameDefault+0x68b) [0x5607aa56781b]
27  /opt/conda/envs/gdf/bin/python(+0x139ef3) [0x5607aa577ef3]
28  /opt/conda/envs/gdf/bin/python(_PyEval_EvalFrameDefault+0x68b) [0x5607aa56781b]
29  /opt/conda/envs/gdf/bin/python(+0x139ef3) [0x5607aa577ef3]
30  /opt/conda/envs/gdf/bin/python(_PyEval_EvalFrameDefault+0x68b) [0x5607aa56781b]
31  /opt/conda/envs/gdf/bin/python(+0x12827a) [0x5607aa56627a]
32  /opt/conda/envs/gdf/bin/python(_PyFunction_Vectorcall+0xd5) [0x5607aa577c05]
33  /opt/conda/envs/gdf/bin/python(_PyEval_EvalFrameDefault+0x4e17) [0x5607aa56bfa7]
34  /opt/conda/envs/gdf/bin/python(+0x12827a) [0x5607aa56627a]
35  /opt/conda/envs/gdf/bin/python(+0x147935) [0x5607aa585935]
36  /opt/conda/envs/gdf/bin/python(PyObject_Call+0xb4) [0x5607aa586104]
37  /opt/conda/envs/gdf/bin/python(+0x20efc8) [0x5607aa64cfc8]
38  /opt/conda/envs/gdf/bin/python(_PyObject_MakeTpCall+0x2fc) [0x5607aa5702bc]
39  /opt/conda/envs/gdf/bin/python(_PyEval_EvalFrameDefault+0x402b) [0x5607aa56b1bb]
40  /opt/conda/envs/gdf/bin/python(+0x139ef3) [0x5607aa577ef3]
41  /opt/conda/envs/gdf/bin/python(+0x147c72) [0x5607aa585c72]
42  /opt/conda/envs/gdf/bin/python(_PyEval_EvalFrameDefault+0x402b) [0x5607aa56b1bb]
43  /opt/conda/envs/gdf/bin/python(+0x139ef3) [0x5607aa577ef3]
44  /opt/conda/envs/gdf/bin/python(_PyEval_EvalFrameDefault+0x68b) [0x5607aa56781b]
45  /opt/conda/envs/gdf/bin/python(+0x12827a) [0x5607aa56627a]
46  /opt/conda/envs/gdf/bin/python(_PyFunction_Vectorcall+0xd5) [0x5607aa577c05]
47  /opt/conda/envs/gdf/bin/python(_PyEval_EvalFrameDefault+0x68b) [0x5607aa56781b]
48  /opt/conda/envs/gdf/bin/python(+0x139ef3) [0x5607aa577ef3]
49  /opt/conda/envs/gdf/bin/python(_PyEval_EvalFrameDefault+0x3d8) [0x5607aa567568]
50  /opt/conda/envs/gdf/bin/python(+0x12827a) [0x5607aa56627a]
51  /opt/conda/envs/gdf/bin/python(_PyFunction_Vectorcall+0xd5) [0x5607aa577c05]
52  /opt/conda/envs/gdf/bin/python(_PyEval_EvalFrameDefault+0x123b) [0x5607aa5683cb]
53  /opt/conda/envs/gdf/bin/python(+0x12827a) [0x5607aa56627a]
54  /opt/conda/envs/gdf/bin/python(_PyEval_EvalCodeWithName+0x47) [0x5607aa565f07]
55  /opt/conda/envs/gdf/bin/python(PyEval_EvalCodeEx+0x39) [0x5607aa565eb9]
56  /opt/conda/envs/gdf/bin/python(PyEval_EvalCode+0x1b) [0x5607aa6168bb]
57  /opt/conda/envs/gdf/bin/python(+0x206adc) [0x5607aa644adc]
58  /opt/conda/envs/gdf/bin/python(+0x202c24) [0x5607aa640c24]
59  /opt/conda/envs/gdf/bin/python(PyRun_StringFlags+0x9d) [0x5607aa6387ed]
60  /opt/conda/envs/gdf/bin/python(PyRun_SimpleStringFlags+0x3d) [0x5607aa6386bd]
61  /opt/conda/envs/gdf/bin/python(Py_RunMain+0x262) [0x5607aa6378a2]
=================================
Task exception was never retrieved
future: <Task finished name='Task-543' coro=<_listener_handler_coroutine() done, defined at /opt/conda/envs/gdf/lib/python3.9/site-packages/ucp/core.py:128> exception=UCXError('<stream_recv>: Connection reset by remote peer')>
Traceback (most recent call last):
  File "/opt/conda/envs/gdf/lib/python3.9/site-packages/ucp/core.py", line 143, in _listener_handler_coroutine
    peer_info = await exchange_peer_info(
  File "/opt/conda/envs/gdf/lib/python3.9/site-packages/ucp/core.py", line 52, in exchange_peer_info
    await comm.stream_recv(endpoint, peer_info_arr, peer_info_arr.nbytes)
ucp._libs.exceptions.UCXError: <stream_recv>: Connection reset by remote peer
2023-06-05 06:10:10,700 - distributed.worker - ERROR - Worker stream died during communication: ucx://127.0.0.1:38063
Traceback (most recent call last):
  File "/opt/conda/envs/gdf/lib/python3.9/site-packages/distributed/comm/ucx.py", line 391, in read
    await self.ep.recv(each_frame)
  File "/opt/conda/envs/gdf/lib/python3.9/site-packages/ucp/core.py", line 725, in recv
    ret = await comm.tag_recv(self._ep, buffer, nbytes, tag, name=log)
ucp._libs.exceptions.UCXCanceled: <[Recv #008] ep: 0x7f4fa3034180, tag: 0x4c164aac43c42bd9, nbytes: 100000000, type: <class 'rmm._lib.device_buffer.DeviceBuffer'>>: 

During handling of the above exception, another exception occurred:

Traceback (most recent call last):
  File "/opt/conda/envs/gdf/lib/python3.9/site-packages/distributed/worker.py", line 2066, in gather_dep
    response = await get_data_from_worker(
  File "/opt/conda/envs/gdf/lib/python3.9/site-packages/distributed/worker.py", line 2892, in get_data_from_worker
    response = await send_recv(
  File "/opt/conda/envs/gdf/lib/python3.9/site-packages/distributed/core.py", line 1024, in send_recv
    response = await comm.read(deserializers=deserializers)
  File "/opt/conda/envs/gdf/lib/python3.9/site-packages/distributed/utils.py", line 752, in wrapper
    return await func(*args, **kwargs)
  File "/opt/conda/envs/gdf/lib/python3.9/site-packages/distributed/comm/ucx.py", line 397, in read
    raise CommClosedError(
distributed.comm.core.CommClosedError: Connection closed by writer.
Inner exception: UCXCanceled("<[Recv #008] ep: 0x7f4fa3034180, tag: 0x4c164aac43c42bd9, nbytes: 100000000, type: <class 'rmm._lib.device_buffer.DeviceBuffer'>>: ")
2023-06-05 06:10:10,702 - distributed.worker - ERROR - failed during get data with ucx://127.0.0.1:56771 -> ucx://127.0.0.1:46789
Traceback (most recent call last):
  File "/opt/conda/envs/gdf/lib/python3.9/site-packages/distributed/comm/ucx.py", line 333, in write
    await self.ep.send(each_frame)
  File "/opt/conda/envs/gdf/lib/python3.9/site-packages/ucp/core.py", line 650, in send
    return await comm.tag_send(self._ep, buffer, nbytes, tag, name=log)
ucp._libs.exceptions.UCXError: <[Send #007] ep: 0x7f735c5fa240, tag: 0xc45555c000eb8e82, nbytes: 100000000, type: <class 'cudf.core.buffer.buffer.Buffer'>>: Connection reset by remote peer

During handling of the above exception, another exception occurred:

Traceback (most recent call last):
  File "/opt/conda/envs/gdf/lib/python3.9/site-packages/distributed/worker.py", line 1792, in get_data
    compressed = await comm.write(msg, serializers=serializers)
  File "/opt/conda/envs/gdf/lib/python3.9/site-packages/distributed/utils.py", line 752, in wrapper
    return await func(*args, **kwargs)
  File "/opt/conda/envs/gdf/lib/python3.9/site-packages/distributed/comm/ucx.py", line 337, in write
    raise CommClosedError("While writing, the connection was closed")
distributed.comm.core.CommClosedError: While writing, the connection was closed
2023-06-05 06:10:10,703 - distributed.worker - ERROR - failed during get data with ucx://127.0.0.1:60539 -> ucx://127.0.0.1:38063
Traceback (most recent call last):
  File "/opt/conda/envs/gdf/lib/python3.9/site-packages/distributed/comm/ucx.py", line 333, in write
    await self.ep.send(each_frame)
  File "/opt/conda/envs/gdf/lib/python3.9/site-packages/ucp/core.py", line 650, in send
    return await comm.tag_send(self._ep, buffer, nbytes, tag, name=log)
ucp._libs.exceptions.UCXError: <[Send #007] ep: 0x7f4fa3034340, tag: 0x19a53804eca5929a, nbytes: 100000000, type: <class 'cudf.core.buffer.buffer.Buffer'>>: Connection reset by remote peer

During handling of the above exception, another exception occurred:

Traceback (most recent call last):
  File "/opt/conda/envs/gdf/lib/python3.9/site-packages/distributed/worker.py", line 1792, in get_data
    compressed = await comm.write(msg, serializers=serializers)
  File "/opt/conda/envs/gdf/lib/python3.9/site-packages/distributed/utils.py", line 752, in wrapper
    return await func(*args, **kwargs)
  File "/opt/conda/envs/gdf/lib/python3.9/site-packages/distributed/comm/ucx.py", line 337, in write
    raise CommClosedError("While writing, the connection was closed")
distributed.comm.core.CommClosedError: While writing, the connection was closed
2023-06-05 06:10:10,703 - distributed.worker - ERROR - failed during get data with ucx://127.0.0.1:60539 -> ucx://127.0.0.1:49477
Traceback (most recent call last):
  File "/opt/conda/envs/gdf/lib/python3.9/site-packages/distributed/comm/ucx.py", line 333, in write
    await self.ep.send(each_frame)
  File "/opt/conda/envs/gdf/lib/python3.9/site-packages/ucp/core.py", line 650, in send
    return await comm.tag_send(self._ep, buffer, nbytes, tag, name=log)
ucp._libs.exceptions.UCXError: <[Send #007] ep: 0x7f4fa30342c0, tag: 0x6bdee39f2bfce397, nbytes: 100000000, type: <class 'cudf.core.buffer.buffer.Buffer'>>: Connection reset by remote peer

During handling of the above exception, another exception occurred:

Traceback (most recent call last):
  File "/opt/conda/envs/gdf/lib/python3.9/site-packages/distributed/worker.py", line 1792, in get_data
    compressed = await comm.write(msg, serializers=serializers)
  File "/opt/conda/envs/gdf/lib/python3.9/site-packages/distributed/utils.py", line 752, in wrapper
    return await func(*args, **kwargs)
  File "/opt/conda/envs/gdf/lib/python3.9/site-packages/distributed/comm/ucx.py", line 337, in write
    raise CommClosedError("While writing, the connection was closed")
distributed.comm.core.CommClosedError: While writing, the connection was closed
2023-06-05 06:10:10,700 - distributed.worker - ERROR - Worker stream died during communication: ucx://127.0.0.1:38063
Traceback (most recent call last):
  File "/opt/conda/envs/gdf/lib/python3.9/site-packages/distributed/comm/ucx.py", line 349, in read
    await self.ep.recv(msg)
  File "/opt/conda/envs/gdf/lib/python3.9/site-packages/ucp/core.py", line 725, in recv
    ret = await comm.tag_recv(self._ep, buffer, nbytes, tag, name=log)
ucp._libs.exceptions.UCXCanceled: <[Recv #000] ep: 0x7f485741a140, tag: 0xd0735653980d18bb, nbytes: 16, type: <class 'numpy.ndarray'>>: 

During handling of the above exception, another exception occurred:

Traceback (most recent call last):
  File "/opt/conda/envs/gdf/lib/python3.9/site-packages/distributed/comm/core.py", line 329, in connect
    handshake = await wait_for(comm.read(), time_left())
  File "/opt/conda/envs/gdf/lib/python3.9/site-packages/distributed/utils.py", line 1849, in wait_for
    return await asyncio.wait_for(fut, timeout)
  File "/opt/conda/envs/gdf/lib/python3.9/asyncio/tasks.py", line 479, in wait_for
    return fut.result()
  File "/opt/conda/envs/gdf/lib/python3.9/site-packages/distributed/utils.py", line 752, in wrapper
    return await func(*args, **kwargs)
  File "/opt/conda/envs/gdf/lib/python3.9/site-packages/distributed/comm/ucx.py", line 367, in read
    raise CommClosedError(
distributed.comm.core.CommClosedError: Connection closed by writer.
Inner exception: UCXCanceled("<[Recv #000] ep: 0x7f485741a140, tag: 0xd0735653980d18bb, nbytes: 16, type: <class 'numpy.ndarray'>>: ")

The above exception was the direct cause of the following exception:

Traceback (most recent call last):
  File "/opt/conda/envs/gdf/lib/python3.9/site-packages/distributed/worker.py", line 2066, in gather_dep
    response = await get_data_from_worker(
  File "/opt/conda/envs/gdf/lib/python3.9/site-packages/distributed/worker.py", line 2889, in get_data_from_worker
    comm = await rpc.connect(worker)
  File "/opt/conda/envs/gdf/lib/python3.9/site-packages/distributed/core.py", line 1506, in connect
    return await connect_attempt
  File "/opt/conda/envs/gdf/lib/python3.9/site-packages/distributed/core.py", line 1427, in _connect
    comm = await connect(
  File "/opt/conda/envs/gdf/lib/python3.9/site-packages/distributed/comm/core.py", line 334, in connect
    raise OSError(
OSError: Timed out during handshake while connecting to ucx://127.0.0.1:38063 after 30 s
2023-06-05 06:10:10,703 - distributed.worker - ERROR - failed during get data with ucx://127.0.0.1:60539 -> ucx://127.0.0.1:46789
Traceback (most recent call last):
  File "/opt/conda/envs/gdf/lib/python3.9/site-packages/distributed/comm/ucx.py", line 333, in write
    await self.ep.send(each_frame)
  File "/opt/conda/envs/gdf/lib/python3.9/site-packages/ucp/core.py", line 650, in send
    return await comm.tag_send(self._ep, buffer, nbytes, tag, name=log)
ucp._libs.exceptions.UCXError: <[Send #007] ep: 0x7f4fa3034240, tag: 0xb65dfcce720943ea, nbytes: 100000000, type: <class 'cudf.core.buffer.buffer.Buffer'>>: Connection reset by remote peer

During handling of the above exception, another exception occurred:

Traceback (most recent call last):
  File "/opt/conda/envs/gdf/lib/python3.9/site-packages/distributed/worker.py", line 1792, in get_data
    compressed = await comm.write(msg, serializers=serializers)
  File "/opt/conda/envs/gdf/lib/python3.9/site-packages/distributed/utils.py", line 752, in wrapper
    return await func(*args, **kwargs)
  File "/opt/conda/envs/gdf/lib/python3.9/site-packages/distributed/comm/ucx.py", line 337, in write
    raise CommClosedError("While writing, the connection was closed")
distributed.comm.core.CommClosedError: While writing, the connection was closed
2023-06-05 06:10:10,703 - distributed.worker - ERROR - Worker stream died during communication: ucx://127.0.0.1:38063
Traceback (most recent call last):
  File "/opt/conda/envs/gdf/lib/python3.9/site-packages/distributed/comm/ucx.py", line 349, in read
    await self.ep.recv(msg)
  File "/opt/conda/envs/gdf/lib/python3.9/site-packages/ucp/core.py", line 725, in recv
    ret = await comm.tag_recv(self._ep, buffer, nbytes, tag, name=log)
ucp._libs.exceptions.UCXCanceled: <[Recv #000] ep: 0x7f735c5fa200, tag: 0x660cc93cbec90f37, nbytes: 16, type: <class 'numpy.ndarray'>>: 

During handling of the above exception, another exception occurred:

Traceback (most recent call last):
  File "/opt/conda/envs/gdf/lib/python3.9/site-packages/distributed/comm/core.py", line 329, in connect
    handshake = await wait_for(comm.read(), time_left())
  File "/opt/conda/envs/gdf/lib/python3.9/site-packages/distributed/utils.py", line 1849, in wait_for
    return await asyncio.wait_for(fut, timeout)
  File "/opt/conda/envs/gdf/lib/python3.9/asyncio/tasks.py", line 479, in wait_for
    return fut.result()
  File "/opt/conda/envs/gdf/lib/python3.9/site-packages/distributed/utils.py", line 752, in wrapper
    return await func(*args, **kwargs)
  File "/opt/conda/envs/gdf/lib/python3.9/site-packages/distributed/comm/ucx.py", line 367, in read
    raise CommClosedError(
distributed.comm.core.CommClosedError: Connection closed by writer.
Inner exception: UCXCanceled("<[Recv #000] ep: 0x7f735c5fa200, tag: 0x660cc93cbec90f37, nbytes: 16, type: <class 'numpy.ndarray'>>: ")

The above exception was the direct cause of the following exception:

Traceback (most recent call last):
  File "/opt/conda/envs/gdf/lib/python3.9/site-packages/distributed/worker.py", line 2066, in gather_dep
    response = await get_data_from_worker(
  File "/opt/conda/envs/gdf/lib/python3.9/site-packages/distributed/worker.py", line 2889, in get_data_from_worker
    comm = await rpc.connect(worker)
  File "/opt/conda/envs/gdf/lib/python3.9/site-packages/distributed/core.py", line 1506, in connect
    return await connect_attempt
  File "/opt/conda/envs/gdf/lib/python3.9/site-packages/distributed/core.py", line 1427, in _connect
    comm = await connect(
  File "/opt/conda/envs/gdf/lib/python3.9/site-packages/distributed/comm/core.py", line 334, in connect
    raise OSError(
OSError: Timed out during handshake while connecting to ucx://127.0.0.1:38063 after 30 s
2023-06-05 06:10:10,704 - distributed.worker - ERROR - failed during get data with ucx://127.0.0.1:56771 -> ucx://127.0.0.1:49477
Traceback (most recent call last):
  File "/opt/conda/envs/gdf/lib/python3.9/site-packages/distributed/comm/ucx.py", line 333, in write
    await self.ep.send(each_frame)
  File "/opt/conda/envs/gdf/lib/python3.9/site-packages/ucp/core.py", line 650, in send
    return await comm.tag_send(self._ep, buffer, nbytes, tag, name=log)
ucp._libs.exceptions.UCXError: <[Send #010] ep: 0x7f735c5fa280, tag: 0xe44938c3886fe50f, nbytes: 50000000, type: <class 'cudf.core.buffer.buffer.Buffer'>>: Connection reset by remote peer

During handling of the above exception, another exception occurred:

Traceback (most recent call last):
  File "/opt/conda/envs/gdf/lib/python3.9/site-packages/distributed/worker.py", line 1792, in get_data
    compressed = await comm.write(msg, serializers=serializers)
  File "/opt/conda/envs/gdf/lib/python3.9/site-packages/distributed/utils.py", line 752, in wrapper
    return await func(*args, **kwargs)
  File "/opt/conda/envs/gdf/lib/python3.9/site-packages/distributed/comm/ucx.py", line 337, in write
    raise CommClosedError("While writing, the connection was closed")
distributed.comm.core.CommClosedError: While writing, the connection was closed
2023-06-05 06:10:10,704 - distributed.worker - ERROR - Worker stream died during communication: ucx://127.0.0.1:46789
Traceback (most recent call last):
  File "/opt/conda/envs/gdf/lib/python3.9/site-packages/distributed/comm/ucx.py", line 391, in read
    await self.ep.recv(each_frame)
  File "/opt/conda/envs/gdf/lib/python3.9/site-packages/ucp/core.py", line 725, in recv
    ret = await comm.tag_recv(self._ep, buffer, nbytes, tag, name=log)
ucp._libs.exceptions.UCXCanceled: <[Recv #008] ep: 0x7f4fa3034100, tag: 0xa7b57010c4850798, nbytes: 100000000, type: <class 'rmm._lib.device_buffer.DeviceBuffer'>>: 

During handling of the above exception, another exception occurred:

Traceback (most recent call last):
  File "/opt/conda/envs/gdf/lib/python3.9/site-packages/distributed/worker.py", line 2066, in gather_dep
    response = await get_data_from_worker(
  File "/opt/conda/envs/gdf/lib/python3.9/site-packages/distributed/worker.py", line 2892, in get_data_from_worker
    response = await send_recv(
  File "/opt/conda/envs/gdf/lib/python3.9/site-packages/distributed/core.py", line 1024, in send_recv
    response = await comm.read(deserializers=deserializers)
  File "/opt/conda/envs/gdf/lib/python3.9/site-packages/distributed/utils.py", line 752, in wrapper
    return await func(*args, **kwargs)
  File "/opt/conda/envs/gdf/lib/python3.9/site-packages/distributed/comm/ucx.py", line 397, in read
    raise CommClosedError(
distributed.comm.core.CommClosedError: Connection closed by writer.
Inner exception: UCXCanceled("<[Recv #008] ep: 0x7f4fa3034100, tag: 0xa7b57010c4850798, nbytes: 100000000, type: <class 'rmm._lib.device_buffer.DeviceBuffer'>>: ")
2023-06-05 06:10:10,704 - distributed.worker - ERROR - failed during get data with ucx://127.0.0.1:56393 -> ucx://127.0.0.1:49477
Traceback (most recent call last):
  File "/opt/conda/envs/gdf/lib/python3.9/site-packages/distributed/comm/ucx.py", line 333, in write
    await self.ep.send(each_frame)
  File "/opt/conda/envs/gdf/lib/python3.9/site-packages/ucp/core.py", line 650, in send
    return await comm.tag_send(self._ep, buffer, nbytes, tag, name=log)
ucp._libs.exceptions.UCXError: <[Send #007] ep: 0x7f485741a240, tag: 0x93750f8a2ee1dbff, nbytes: 100000000, type: <class 'cudf.core.buffer.buffer.Buffer'>>: Connection reset by remote peer

During handling of the above exception, another exception occurred:

Traceback (most recent call last):
  File "/opt/conda/envs/gdf/lib/python3.9/site-packages/distributed/worker.py", line 1792, in get_data
    compressed = await comm.write(msg, serializers=serializers)
  File "/opt/conda/envs/gdf/lib/python3.9/site-packages/distributed/utils.py", line 752, in wrapper
    return await func(*args, **kwargs)
  File "/opt/conda/envs/gdf/lib/python3.9/site-packages/distributed/comm/ucx.py", line 337, in write
    raise CommClosedError("While writing, the connection was closed")
distributed.comm.core.CommClosedError: While writing, the connection was closed
2023-06-05 06:10:10,704 - distributed.worker - ERROR - Worker stream died during communication: ucx://127.0.0.1:49477
Traceback (most recent call last):
  File "/opt/conda/envs/gdf/lib/python3.9/site-packages/distributed/comm/ucx.py", line 391, in read
    await self.ep.recv(each_frame)
  File "/opt/conda/envs/gdf/lib/python3.9/site-packages/ucp/core.py", line 725, in recv
    ret = await comm.tag_recv(self._ep, buffer, nbytes, tag, name=log)
ucp._libs.exceptions.UCXCanceled: <[Recv #010] ep: 0x7f735c5fa180, tag: 0xe672a92b11863de5, nbytes: 50000000, type: <class 'rmm._lib.device_buffer.DeviceBuffer'>>: 

During handling of the above exception, another exception occurred:

Traceback (most recent call last):
  File "/opt/conda/envs/gdf/lib/python3.9/site-packages/distributed/worker.py", line 2066, in gather_dep
    response = await get_data_from_worker(
  File "/opt/conda/envs/gdf/lib/python3.9/site-packages/distributed/worker.py", line 2892, in get_data_from_worker
    response = await send_recv(
  File "/opt/conda/envs/gdf/lib/python3.9/site-packages/distributed/core.py", line 1024, in send_recv
    response = await comm.read(deserializers=deserializers)
  File "/opt/conda/envs/gdf/lib/python3.9/site-packages/distributed/utils.py", line 752, in wrapper
    return await func(*args, **kwargs)
  File "/opt/conda/envs/gdf/lib/python3.9/site-packages/distributed/comm/ucx.py", line 397, in read
    raise CommClosedError(
distributed.comm.core.CommClosedError: Connection closed by writer.
Inner exception: UCXCanceled("<[Recv #010] ep: 0x7f735c5fa180, tag: 0xe672a92b11863de5, nbytes: 50000000, type: <class 'rmm._lib.device_buffer.DeviceBuffer'>>: ")
2023-06-05 06:10:10,705 - distributed.worker - ERROR - Worker stream died during communication: ucx://127.0.0.1:46789
Traceback (most recent call last):
  File "/opt/conda/envs/gdf/lib/python3.9/site-packages/distributed/comm/ucx.py", line 349, in read
    await self.ep.recv(msg)
  File "/opt/conda/envs/gdf/lib/python3.9/site-packages/ucp/core.py", line 725, in recv
    ret = await comm.tag_recv(self._ep, buffer, nbytes, tag, name=log)
ucp._libs.exceptions.UCXCanceled: <[Recv #003] ep: 0x7f735c5fa100, tag: 0xa80faf302c824ed2, nbytes: 16, type: <class 'numpy.ndarray'>>: 

During handling of the above exception, another exception occurred:

Traceback (most recent call last):
  File "/opt/conda/envs/gdf/lib/python3.9/site-packages/distributed/worker.py", line 2066, in gather_dep
    response = await get_data_from_worker(
  File "/opt/conda/envs/gdf/lib/python3.9/site-packages/distributed/worker.py", line 2892, in get_data_from_worker
    response = await send_recv(
  File "/opt/conda/envs/gdf/lib/python3.9/site-packages/distributed/core.py", line 1024, in send_recv
    response = await comm.read(deserializers=deserializers)
  File "/opt/conda/envs/gdf/lib/python3.9/site-packages/distributed/utils.py", line 752, in wrapper
    return await func(*args, **kwargs)
  File "/opt/conda/envs/gdf/lib/python3.9/site-packages/distributed/comm/ucx.py", line 367, in read
    raise CommClosedError(
distributed.comm.core.CommClosedError: Connection closed by writer.
Inner exception: UCXCanceled("<[Recv #003] ep: 0x7f735c5fa100, tag: 0xa80faf302c824ed2, nbytes: 16, type: <class 'numpy.ndarray'>>: ")
2023-06-05 06:10:10,705 - distributed.worker - ERROR - failed during get data with ucx://127.0.0.1:56393 -> ucx://127.0.0.1:46789
Traceback (most recent call last):
  File "/opt/conda/envs/gdf/lib/python3.9/site-packages/distributed/comm/ucx.py", line 333, in write
    await self.ep.send(each_frame)
  File "/opt/conda/envs/gdf/lib/python3.9/site-packages/ucp/core.py", line 650, in send
    return await comm.tag_send(self._ep, buffer, nbytes, tag, name=log)
ucp._libs.exceptions.UCXError: <[Send #007] ep: 0x7f485741a300, tag: 0x47c5839702829acc, nbytes: 100000000, type: <class 'cudf.core.buffer.buffer.Buffer'>>: Connection reset by remote peer

During handling of the above exception, another exception occurred:

Traceback (most recent call last):
  File "/opt/conda/envs/gdf/lib/python3.9/site-packages/distributed/worker.py", line 1792, in get_data
    compressed = await comm.write(msg, serializers=serializers)
  File "/opt/conda/envs/gdf/lib/python3.9/site-packages/distributed/utils.py", line 752, in wrapper
    return await func(*args, **kwargs)
  File "/opt/conda/envs/gdf/lib/python3.9/site-packages/distributed/comm/ucx.py", line 337, in write
    raise CommClosedError("While writing, the connection was closed")
distributed.comm.core.CommClosedError: While writing, the connection was closed
2023-06-05 06:10:10,705 - distributed.worker - ERROR - Worker stream died during communication: ucx://127.0.0.1:49477
Traceback (most recent call last):
  File "/opt/conda/envs/gdf/lib/python3.9/site-packages/distributed/comm/ucx.py", line 349, in read
    await self.ep.recv(msg)
  File "/opt/conda/envs/gdf/lib/python3.9/site-packages/ucp/core.py", line 725, in recv
    ret = await comm.tag_recv(self._ep, buffer, nbytes, tag, name=log)
ucp._libs.exceptions.UCXCanceled: <[Recv #000] ep: 0x7f4fa3034200, tag: 0xc09aab5c81aff10d, nbytes: 16, type: <class 'numpy.ndarray'>>: 

During handling of the above exception, another exception occurred:

Traceback (most recent call last):
  File "/opt/conda/envs/gdf/lib/python3.9/site-packages/distributed/comm/core.py", line 329, in connect
    handshake = await wait_for(comm.read(), time_left())
  File "/opt/conda/envs/gdf/lib/python3.9/site-packages/distributed/utils.py", line 1849, in wait_for
    return await asyncio.wait_for(fut, timeout)
  File "/opt/conda/envs/gdf/lib/python3.9/asyncio/tasks.py", line 479, in wait_for
    return fut.result()
  File "/opt/conda/envs/gdf/lib/python3.9/site-packages/distributed/utils.py", line 752, in wrapper
    return await func(*args, **kwargs)
  File "/opt/conda/envs/gdf/lib/python3.9/site-packages/distributed/comm/ucx.py", line 367, in read
    raise CommClosedError(
distributed.comm.core.CommClosedError: Connection closed by writer.
Inner exception: UCXCanceled("<[Recv #000] ep: 0x7f4fa3034200, tag: 0xc09aab5c81aff10d, nbytes: 16, type: <class 'numpy.ndarray'>>: ")

The above exception was the direct cause of the following exception:

Traceback (most recent call last):
  File "/opt/conda/envs/gdf/lib/python3.9/site-packages/distributed/worker.py", line 2066, in gather_dep
    response = await get_data_from_worker(
  File "/opt/conda/envs/gdf/lib/python3.9/site-packages/distributed/worker.py", line 2889, in get_data_from_worker
    comm = await rpc.connect(worker)
  File "/opt/conda/envs/gdf/lib/python3.9/site-packages/distributed/core.py", line 1506, in connect
    return await connect_attempt
  File "/opt/conda/envs/gdf/lib/python3.9/site-packages/distributed/core.py", line 1427, in _connect
    comm = await connect(
  File "/opt/conda/envs/gdf/lib/python3.9/site-packages/distributed/comm/core.py", line 334, in connect
    raise OSError(
OSError: Timed out during handshake while connecting to ucx://127.0.0.1:49477 after 30 s
2023-06-05 06:10:10,705 - distributed.worker - ERROR - Worker stream died during communication: ucx://127.0.0.1:46789
Traceback (most recent call last):
  File "/opt/conda/envs/gdf/lib/python3.9/site-packages/distributed/comm/ucx.py", line 349, in read
    await self.ep.recv(msg)
  File "/opt/conda/envs/gdf/lib/python3.9/site-packages/ucp/core.py", line 725, in recv
    ret = await comm.tag_recv(self._ep, buffer, nbytes, tag, name=log)
ucp._libs.exceptions.UCXCanceled: <[Recv #003] ep: 0x7f485741a100, tag: 0x94584716ecadd47b, nbytes: 16, type: <class 'numpy.ndarray'>>: 

During handling of the above exception, another exception occurred:

Traceback (most recent call last):
  File "/opt/conda/envs/gdf/lib/python3.9/site-packages/distributed/worker.py", line 2066, in gather_dep
    response = await get_data_from_worker(
  File "/opt/conda/envs/gdf/lib/python3.9/site-packages/distributed/worker.py", line 2892, in get_data_from_worker
    response = await send_recv(
  File "/opt/conda/envs/gdf/lib/python3.9/site-packages/distributed/core.py", line 1024, in send_recv
    response = await comm.read(deserializers=deserializers)
  File "/opt/conda/envs/gdf/lib/python3.9/site-packages/distributed/utils.py", line 752, in wrapper
    return await func(*args, **kwargs)
  File "/opt/conda/envs/gdf/lib/python3.9/site-packages/distributed/comm/ucx.py", line 367, in read
    raise CommClosedError(
distributed.comm.core.CommClosedError: Connection closed by writer.
Inner exception: UCXCanceled("<[Recv #003] ep: 0x7f485741a100, tag: 0x94584716ecadd47b, nbytes: 16, type: <class 'numpy.ndarray'>>: ")
2023-06-05 06:10:10,706 - distributed.worker - ERROR - Worker stream died during communication: ucx://127.0.0.1:49477
Traceback (most recent call last):
  File "/opt/conda/envs/gdf/lib/python3.9/site-packages/distributed/comm/ucx.py", line 349, in read
    await self.ep.recv(msg)
  File "/opt/conda/envs/gdf/lib/python3.9/site-packages/ucp/core.py", line 725, in recv
    ret = await comm.tag_recv(self._ep, buffer, nbytes, tag, name=log)
ucp._libs.exceptions.UCXCanceled: <[Recv #003] ep: 0x7f485741a1c0, tag: 0x7fbf403a3546f3c, nbytes: 16, type: <class 'numpy.ndarray'>>: 

During handling of the above exception, another exception occurred:

Traceback (most recent call last):
  File "/opt/conda/envs/gdf/lib/python3.9/site-packages/distributed/worker.py", line 2066, in gather_dep
    response = await get_data_from_worker(
  File "/opt/conda/envs/gdf/lib/python3.9/site-packages/distributed/worker.py", line 2892, in get_data_from_worker
    response = await send_recv(
  File "/opt/conda/envs/gdf/lib/python3.9/site-packages/distributed/core.py", line 1024, in send_recv
    response = await comm.read(deserializers=deserializers)
  File "/opt/conda/envs/gdf/lib/python3.9/site-packages/distributed/utils.py", line 752, in wrapper
    return await func(*args, **kwargs)
  File "/opt/conda/envs/gdf/lib/python3.9/site-packages/distributed/comm/ucx.py", line 367, in read
    raise CommClosedError(
distributed.comm.core.CommClosedError: Connection closed by writer.
Inner exception: UCXCanceled("<[Recv #003] ep: 0x7f485741a1c0, tag: 0x7fbf403a3546f3c, nbytes: 16, type: <class 'numpy.ndarray'>>: ")
2023-06-05 06:10:10,832 - distributed.nanny - WARNING - Restarting worker
2023-06-05 06:10:10,931 - distributed.nanny - WARNING - Restarting worker
2023-06-05 06:10:10,932 - distributed.nanny - WARNING - Restarting worker
[dgx13:74260:0:74260] Caught signal 11 (Segmentation fault: address not mapped to object at address 0x448)
==== backtrace (tid:  74260) ====
 0  /opt/conda/envs/gdf/lib/libucs.so.0(ucs_handle_error+0x2fd) [0x7f4fa32b5f5d]
 1  /opt/conda/envs/gdf/lib/libucs.so.0(+0x2b154) [0x7f4fa32b6154]
 2  /opt/conda/envs/gdf/lib/libucs.so.0(+0x2b31a) [0x7f4fa32b631a]
 3  /usr/lib/x86_64-linux-gnu/libpthread.so.0(+0x14420) [0x7f50479a1420]
 4  /opt/conda/envs/gdf/lib/libucp.so.0(ucp_mem_type_unpack+0x14) [0x7f4fa3334bd4]
 5  /opt/conda/envs/gdf/lib/libucp.so.0(ucp_rndv_data_handler+0x4e9) [0x7f4fa335bef9]
 6  /opt/conda/envs/gdf/lib/libuct.so.0(+0x2033f) [0x7f4fa326f33f]
 7  /opt/conda/envs/gdf/lib/libuct.so.0(+0x237a8) [0x7f4fa32727a8]
 8  /opt/conda/envs/gdf/lib/libucs.so.0(ucs_event_set_wait+0xb9) [0x7f4fa32bf529]
 9  /opt/conda/envs/gdf/lib/libuct.so.0(uct_tcp_iface_progress+0x7d) [0x7f4fa327153d]
10  /opt/conda/envs/gdf/lib/libucp.so.0(ucp_worker_progress+0x5a) [0x7f4fa3331daa]
11  /opt/conda/envs/gdf/lib/python3.9/site-packages/ucp/_libs/ucx_api.cpython-39-x86_64-linux-gnu.so(+0x2b17a) [0x7f4fa33e317a]
12  /opt/conda/envs/gdf/bin/python(+0x13eb08) [0x55e8ca8b3b08]
13  /opt/conda/envs/gdf/bin/python(_PyEval_EvalFrameDefault+0x5f82) [0x55e8ca8a4112]
14  /opt/conda/envs/gdf/bin/python(+0x12827a) [0x55e8ca89d27a]
15  /opt/conda/envs/gdf/bin/python(_PyFunction_Vectorcall+0xd5) [0x55e8ca8aec05]
16  /opt/conda/envs/gdf/bin/python(_PyEval_EvalFrameDefault+0x68b) [0x55e8ca89e81b]
17  /opt/conda/envs/gdf/bin/python(+0x139ef3) [0x55e8ca8aeef3]
18  /opt/conda/envs/gdf/bin/python(+0x147a16) [0x55e8ca8bca16]
19  /opt/conda/envs/gdf/bin/python(+0x2579b1) [0x55e8ca9cc9b1]
20  /opt/conda/envs/gdf/bin/python(+0xe5817) [0x55e8ca85a817]
21  /opt/conda/envs/gdf/bin/python(+0x130f83) [0x55e8ca8a5f83]
22  /opt/conda/envs/gdf/bin/python(_PyEval_EvalFrameDefault+0x5ba6) [0x55e8ca8a3d36]
23  /opt/conda/envs/gdf/bin/python(+0x139ef3) [0x55e8ca8aeef3]
24  /opt/conda/envs/gdf/bin/python(_PyEval_EvalFrameDefault+0x68b) [0x55e8ca89e81b]
25  /opt/conda/envs/gdf/bin/python(+0x139ef3) [0x55e8ca8aeef3]
26  /opt/conda/envs/gdf/bin/python(_PyEval_EvalFrameDefault+0x68b) [0x55e8ca89e81b]
27  /opt/conda/envs/gdf/bin/python(+0x139ef3) [0x55e8ca8aeef3]
28  /opt/conda/envs/gdf/bin/python(_PyEval_EvalFrameDefault+0x68b) [0x55e8ca89e81b]
29  /opt/conda/envs/gdf/bin/python(+0x139ef3) [0x55e8ca8aeef3]
30  /opt/conda/envs/gdf/bin/python(_PyEval_EvalFrameDefault+0x68b) [0x55e8ca89e81b]
31  /opt/conda/envs/gdf/bin/python(+0x12827a) [0x55e8ca89d27a]
32  /opt/conda/envs/gdf/bin/python(_PyFunction_Vectorcall+0xd5) [0x55e8ca8aec05]
33  /opt/conda/envs/gdf/bin/python(_PyEval_EvalFrameDefault+0x4e17) [0x55e8ca8a2fa7]
34  /opt/conda/envs/gdf/bin/python(+0x12827a) [0x55e8ca89d27a]
35  /opt/conda/envs/gdf/bin/python(+0x147935) [0x55e8ca8bc935]
36  /opt/conda/envs/gdf/bin/python(PyObject_Call+0xb4) [0x55e8ca8bd104]
37  /opt/conda/envs/gdf/bin/python(+0x20efc8) [0x55e8ca983fc8]
38  /opt/conda/envs/gdf/bin/python(_PyObject_MakeTpCall+0x2fc) [0x55e8ca8a72bc]
39  /opt/conda/envs/gdf/bin/python(_PyEval_EvalFrameDefault+0x402b) [0x55e8ca8a21bb]
40  /opt/conda/envs/gdf/bin/python(+0x139ef3) [0x55e8ca8aeef3]
41  /opt/conda/envs/gdf/bin/python(+0x147c72) [0x55e8ca8bcc72]
42  /opt/conda/envs/gdf/bin/python(_PyEval_EvalFrameDefault+0x402b) [0x55e8ca8a21bb]
43  /opt/conda/envs/gdf/bin/python(+0x139ef3) [0x55e8ca8aeef3]
44  /opt/conda/envs/gdf/bin/python(_PyEval_EvalFrameDefault+0x68b) [0x55e8ca89e81b]
45  /opt/conda/envs/gdf/bin/python(+0x12827a) [0x55e8ca89d27a]
46  /opt/conda/envs/gdf/bin/python(_PyFunction_Vectorcall+0xd5) [0x55e8ca8aec05]
47  /opt/conda/envs/gdf/bin/python(_PyEval_EvalFrameDefault+0x68b) [0x55e8ca89e81b]
48  /opt/conda/envs/gdf/bin/python(+0x139ef3) [0x55e8ca8aeef3]
49  /opt/conda/envs/gdf/bin/python(_PyEval_EvalFrameDefault+0x3d8) [0x55e8ca89e568]
50  /opt/conda/envs/gdf/bin/python(+0x12827a) [0x55e8ca89d27a]
51  /opt/conda/envs/gdf/bin/python(_PyFunction_Vectorcall+0xd5) [0x55e8ca8aec05]
52  /opt/conda/envs/gdf/bin/python(_PyEval_EvalFrameDefault+0x123b) [0x55e8ca89f3cb]
53  /opt/conda/envs/gdf/bin/python(+0x12827a) [0x55e8ca89d27a]
54  /opt/conda/envs/gdf/bin/python(_PyEval_EvalCodeWithName+0x47) [0x55e8ca89cf07]
55  /opt/conda/envs/gdf/bin/python(PyEval_EvalCodeEx+0x39) [0x55e8ca89ceb9]
56  /opt/conda/envs/gdf/bin/python(PyEval_EvalCode+0x1b) [0x55e8ca94d8bb]
57  /opt/conda/envs/gdf/bin/python(+0x206adc) [0x55e8ca97badc]
58  /opt/conda/envs/gdf/bin/python(+0x202c24) [0x55e8ca977c24]
59  /opt/conda/envs/gdf/bin/python(PyRun_StringFlags+0x9d) [0x55e8ca96f7ed]
60  /opt/conda/envs/gdf/bin/python(PyRun_SimpleStringFlags+0x3d) [0x55e8ca96f6bd]
61  /opt/conda/envs/gdf/bin/python(Py_RunMain+0x262) [0x55e8ca96e8a2]
=================================
2023-06-05 06:10:11,529 - distributed.worker - ERROR - failed during get data with ucx://127.0.0.1:37853 -> ucx://127.0.0.1:60539
Traceback (most recent call last):
  File "/opt/conda/envs/gdf/lib/python3.9/site-packages/distributed/comm/ucx.py", line 333, in write
    await self.ep.send(each_frame)
  File "/opt/conda/envs/gdf/lib/python3.9/site-packages/ucp/core.py", line 650, in send
    return await comm.tag_send(self._ep, buffer, nbytes, tag, name=log)
ucp._libs.exceptions.UCXError: <[Send #007] ep: 0x7f59fc8a4100, tag: 0x12573c9b0b05a3ba, nbytes: 800000000, type: <class 'cudf.core.buffer.buffer.Buffer'>>: Connection reset by remote peer

During handling of the above exception, another exception occurred:

Traceback (most recent call last):
  File "/opt/conda/envs/gdf/lib/python3.9/site-packages/distributed/worker.py", line 1792, in get_data
    compressed = await comm.write(msg, serializers=serializers)
  File "/opt/conda/envs/gdf/lib/python3.9/site-packages/distributed/utils.py", line 752, in wrapper
    return await func(*args, **kwargs)
  File "/opt/conda/envs/gdf/lib/python3.9/site-packages/distributed/comm/ucx.py", line 337, in write
    raise CommClosedError("While writing, the connection was closed")
distributed.comm.core.CommClosedError: While writing, the connection was closed
2023-06-05 06:10:11,529 - distributed.worker - ERROR - failed during get data with ucx://127.0.0.1:36215 -> ucx://127.0.0.1:60539
Traceback (most recent call last):
  File "/opt/conda/envs/gdf/lib/python3.9/site-packages/distributed/comm/ucx.py", line 333, in write
    await self.ep.send(each_frame)
  File "/opt/conda/envs/gdf/lib/python3.9/site-packages/ucp/core.py", line 650, in send
    return await comm.tag_send(self._ep, buffer, nbytes, tag, name=log)
ucp._libs.exceptions.UCXError: <[Send #007] ep: 0x7f8e1dd93100, tag: 0x16e7516b315b69c9, nbytes: 800000000, type: <class 'cudf.core.buffer.buffer.Buffer'>>: Connection reset by remote peer

During handling of the above exception, another exception occurred:

Traceback (most recent call last):
  File "/opt/conda/envs/gdf/lib/python3.9/site-packages/distributed/worker.py", line 1792, in get_data
    compressed = await comm.write(msg, serializers=serializers)
  File "/opt/conda/envs/gdf/lib/python3.9/site-packages/distributed/utils.py", line 752, in wrapper
    return await func(*args, **kwargs)
  File "/opt/conda/envs/gdf/lib/python3.9/site-packages/distributed/comm/ucx.py", line 337, in write
    raise CommClosedError("While writing, the connection was closed")
distributed.comm.core.CommClosedError: While writing, the connection was closed
2023-06-05 06:10:11,655 - distributed.nanny - WARNING - Restarting worker
2023-06-05 06:10:12,408 - distributed.preloading - INFO - Creating preload: dask_cuda.initialize
2023-06-05 06:10:12,408 - distributed.preloading - INFO - Import preload module: dask_cuda.initialize
2023-06-05 06:10:12,413 - distributed.preloading - INFO - Creating preload: dask_cuda.initialize
2023-06-05 06:10:12,413 - distributed.preloading - INFO - Import preload module: dask_cuda.initialize
2023-06-05 06:10:12,541 - distributed.preloading - INFO - Creating preload: dask_cuda.initialize
2023-06-05 06:10:12,541 - distributed.preloading - INFO - Import preload module: dask_cuda.initialize
2023-06-05 06:10:13,195 - distributed.preloading - INFO - Creating preload: dask_cuda.initialize
2023-06-05 06:10:13,195 - distributed.preloading - INFO - Import preload module: dask_cuda.initialize
/opt/conda/envs/gdf/lib/python3.9/multiprocessing/resource_tracker.py:216: UserWarning: resource_tracker: There appear to be 48 leaked semaphore objects to clean up at shutdown
  warnings.warn('resource_tracker: There appear to be %d '
