[dgx13:75931:0:75931] Caught signal 11 (Segmentation fault: address not mapped to object at address 0x448)
==== backtrace (tid:  75931) ====
 0  /opt/conda/envs/gdf/lib/libucs.so.0(ucs_handle_error+0x2fd) [0x7f9a10a8507d]
 1  /opt/conda/envs/gdf/lib/libucs.so.0(+0x2a274) [0x7f9a10a85274]
 2  /opt/conda/envs/gdf/lib/libucs.so.0(+0x2a43a) [0x7f9a10a8543a]
 3  /usr/lib/x86_64-linux-gnu/libpthread.so.0(+0x14420) [0x7f9ab1c06420]
 4  /opt/conda/envs/gdf/lib/libucp.so.0(ucp_mem_type_unpack+0x14) [0x7f9a10b046b4]
 5  /opt/conda/envs/gdf/lib/libucp.so.0(ucp_rndv_data_handler+0x4e9) [0x7f9a10b2d839]
 6  /opt/conda/envs/gdf/lib/libuct.so.0(+0x203df) [0x7f9a10a3f3df]
 7  /opt/conda/envs/gdf/lib/libuct.so.0(+0x23838) [0x7f9a10a42838]
 8  /opt/conda/envs/gdf/lib/libucs.so.0(ucs_event_set_wait+0xb9) [0x7f9a10a8e4a9]
 9  /opt/conda/envs/gdf/lib/libuct.so.0(uct_tcp_iface_progress+0x7d) [0x7f9a10a415dd]
10  /opt/conda/envs/gdf/lib/libucp.so.0(ucp_worker_progress+0x5a) [0x7f9a10b018da]
11  /opt/conda/envs/gdf/lib/python3.9/site-packages/ucp/_libs/ucx_api.cpython-39-x86_64-linux-gnu.so(+0x3206a) [0x7f9a10bba06a]
12  /opt/conda/envs/gdf/bin/python(_PyEval_EvalFrameDefault+0x37cb) [0x55ca3bcfb6fb]
13  /opt/conda/envs/gdf/bin/python(+0x12f094) [0x55ca3bcf7094]
14  /opt/conda/envs/gdf/bin/python(_PyFunction_Vectorcall+0xd9) [0x55ca3bd08519]
15  /opt/conda/envs/gdf/bin/python(_PyEval_EvalFrameDefault+0x696) [0x55ca3bcf85c6]
16  /opt/conda/envs/gdf/bin/python(+0x1407c2) [0x55ca3bd087c2]
17  /opt/conda/envs/gdf/bin/python(+0x14de83) [0x55ca3bd15e83]
18  /opt/conda/envs/gdf/bin/python(+0x258b2c) [0x55ca3be20b2c]
19  /opt/conda/envs/gdf/bin/python(+0xead05) [0x55ca3bcb2d05]
20  /opt/conda/envs/gdf/bin/python(+0x1377f3) [0x55ca3bcff7f3]
21  /opt/conda/envs/gdf/bin/python(_PyEval_EvalFrameDefault+0x59f9) [0x55ca3bcfd929]
22  /opt/conda/envs/gdf/bin/python(+0x1407c2) [0x55ca3bd087c2]
23  /opt/conda/envs/gdf/bin/python(_PyEval_EvalFrameDefault+0x696) [0x55ca3bcf85c6]
24  /opt/conda/envs/gdf/bin/python(+0x1407c2) [0x55ca3bd087c2]
25  /opt/conda/envs/gdf/bin/python(_PyEval_EvalFrameDefault+0x696) [0x55ca3bcf85c6]
26  /opt/conda/envs/gdf/bin/python(+0x1407c2) [0x55ca3bd087c2]
27  /opt/conda/envs/gdf/bin/python(_PyEval_EvalFrameDefault+0x696) [0x55ca3bcf85c6]
28  /opt/conda/envs/gdf/bin/python(+0x1407c2) [0x55ca3bd087c2]
29  /opt/conda/envs/gdf/bin/python(_PyEval_EvalFrameDefault+0x696) [0x55ca3bcf85c6]
30  /opt/conda/envs/gdf/bin/python(+0x12f094) [0x55ca3bcf7094]
31  /opt/conda/envs/gdf/bin/python(_PyFunction_Vectorcall+0xd9) [0x55ca3bd08519]
32  /opt/conda/envs/gdf/bin/python(_PyEval_EvalFrameDefault+0x11f8) [0x55ca3bcf9128]
33  /opt/conda/envs/gdf/bin/python(+0x12f094) [0x55ca3bcf7094]
34  /opt/conda/envs/gdf/bin/python(+0x14dccb) [0x55ca3bd15ccb]
35  /opt/conda/envs/gdf/bin/python(PyObject_Call+0xbc) [0x55ca3bd1644c]
36  /opt/conda/envs/gdf/bin/python(+0x21110e) [0x55ca3bdd910e]
37  /opt/conda/envs/gdf/bin/python(_PyObject_MakeTpCall+0x2ec) [0x55ca3bd0077c]
38  /opt/conda/envs/gdf/bin/python(_PyEval_EvalFrameDefault+0x37cb) [0x55ca3bcfb6fb]
39  /opt/conda/envs/gdf/bin/python(+0x1407c2) [0x55ca3bd087c2]
40  /opt/conda/envs/gdf/bin/python(+0x14ddac) [0x55ca3bd15dac]
41  /opt/conda/envs/gdf/bin/python(_PyEval_EvalFrameDefault+0x37cb) [0x55ca3bcfb6fb]
42  /opt/conda/envs/gdf/bin/python(+0x1407c2) [0x55ca3bd087c2]
43  /opt/conda/envs/gdf/bin/python(_PyEval_EvalFrameDefault+0x696) [0x55ca3bcf85c6]
44  /opt/conda/envs/gdf/bin/python(+0x12f094) [0x55ca3bcf7094]
45  /opt/conda/envs/gdf/bin/python(_PyFunction_Vectorcall+0xd9) [0x55ca3bd08519]
46  /opt/conda/envs/gdf/bin/python(_PyEval_EvalFrameDefault+0x696) [0x55ca3bcf85c6]
47  /opt/conda/envs/gdf/bin/python(+0x1407c2) [0x55ca3bd087c2]
48  /opt/conda/envs/gdf/bin/python(_PyEval_EvalFrameDefault+0x3e2) [0x55ca3bcf8312]
49  /opt/conda/envs/gdf/bin/python(+0x12f094) [0x55ca3bcf7094]
50  /opt/conda/envs/gdf/bin/python(_PyFunction_Vectorcall+0xd9) [0x55ca3bd08519]
51  /opt/conda/envs/gdf/bin/python(_PyEval_EvalFrameDefault+0x11f8) [0x55ca3bcf9128]
52  /opt/conda/envs/gdf/bin/python(+0x12f094) [0x55ca3bcf7094]
53  /opt/conda/envs/gdf/bin/python(_PyEval_EvalCodeWithName+0x48) [0x55ca3bcf6d68]
54  /opt/conda/envs/gdf/bin/python(PyEval_EvalCodeEx+0x39) [0x55ca3bcf6d19]
55  /opt/conda/envs/gdf/bin/python(PyEval_EvalCode+0x1b) [0x55ca3bda407b]
56  /opt/conda/envs/gdf/bin/python(+0x208fca) [0x55ca3bdd0fca]
57  /opt/conda/envs/gdf/bin/python(+0x205353) [0x55ca3bdcd353]
58  /opt/conda/envs/gdf/bin/python(PyRun_StringFlags+0x9a) [0x55ca3bdc516a]
59  /opt/conda/envs/gdf/bin/python(PyRun_SimpleStringFlags+0x3c) [0x55ca3bdc505c]
60  /opt/conda/envs/gdf/bin/python(Py_RunMain+0x267) [0x55ca3bdc4297]
61  /opt/conda/envs/gdf/bin/python(Py_BytesMain+0x37) [0x55ca3bd97f07]
=================================
[dgx13:75918:0:75918] Caught signal 11 (Segmentation fault: address not mapped to object at address 0x448)
==== backtrace (tid:  75918) ====
 0  /opt/conda/envs/gdf/lib/libucs.so.0(ucs_handle_error+0x2fd) [0x7fefe082207d]
 1  /opt/conda/envs/gdf/lib/libucs.so.0(+0x2a274) [0x7fefe0822274]
 2  /opt/conda/envs/gdf/lib/libucs.so.0(+0x2a43a) [0x7fefe082243a]
 3  /usr/lib/x86_64-linux-gnu/libpthread.so.0(+0x14420) [0x7ff07382b420]
 4  /opt/conda/envs/gdf/lib/libucp.so.0(ucp_mem_type_unpack+0x14) [0x7fefe08a16b4]
 5  /opt/conda/envs/gdf/lib/libucp.so.0(ucp_rndv_data_handler+0x4e9) [0x7fefe08ca839]
 6  /opt/conda/envs/gdf/lib/libuct.so.0(+0x203df) [0x7fefe07dc3df]
 7  /opt/conda/envs/gdf/lib/libuct.so.0(+0x23838) [0x7fefe07df838]
 8  /opt/conda/envs/gdf/lib/libucs.so.0(ucs_event_set_wait+0xb9) [0x7fefe082b4a9]
 9  /opt/conda/envs/gdf/lib/libuct.so.0(uct_tcp_iface_progress+0x7d) [0x7fefe07de5dd]
10  /opt/conda/envs/gdf/lib/libucp.so.0(ucp_worker_progress+0x5a) [0x7fefe089e8da]
11  /opt/conda/envs/gdf/lib/python3.9/site-packages/ucp/_libs/ucx_api.cpython-39-x86_64-linux-gnu.so(+0x3206a) [0x7fefe095706a]
12  /opt/conda/envs/gdf/bin/python(_PyEval_EvalFrameDefault+0x37cb) [0x55b51c2396fb]
13  /opt/conda/envs/gdf/bin/python(+0x12f094) [0x55b51c235094]
14  /opt/conda/envs/gdf/bin/python(_PyFunction_Vectorcall+0xd9) [0x55b51c246519]
15  /opt/conda/envs/gdf/bin/python(_PyEval_EvalFrameDefault+0x696) [0x55b51c2365c6]
16  /opt/conda/envs/gdf/bin/python(+0x1407c2) [0x55b51c2467c2]
17  /opt/conda/envs/gdf/bin/python(+0x14de83) [0x55b51c253e83]
18  /opt/conda/envs/gdf/bin/python(+0x258b2c) [0x55b51c35eb2c]
19  /opt/conda/envs/gdf/bin/python(+0xead05) [0x55b51c1f0d05]
20  /opt/conda/envs/gdf/bin/python(+0x1377f3) [0x55b51c23d7f3]
21  /opt/conda/envs/gdf/bin/python(_PyEval_EvalFrameDefault+0x59f9) [0x55b51c23b929]
22  /opt/conda/envs/gdf/bin/python(+0x1407c2) [0x55b51c2467c2]
23  /opt/conda/envs/gdf/bin/python(_PyEval_EvalFrameDefault+0x696) [0x55b51c2365c6]
24  /opt/conda/envs/gdf/bin/python(+0x1407c2) [0x55b51c2467c2]
25  /opt/conda/envs/gdf/bin/python(_PyEval_EvalFrameDefault+0x696) [0x55b51c2365c6]
26  /opt/conda/envs/gdf/bin/python(+0x1407c2) [0x55b51c2467c2]
27  /opt/conda/envs/gdf/bin/python(_PyEval_EvalFrameDefault+0x696) [0x55b51c2365c6]
28  /opt/conda/envs/gdf/bin/python(+0x1407c2) [0x55b51c2467c2]
29  /opt/conda/envs/gdf/bin/python(_PyEval_EvalFrameDefault+0x696) [0x55b51c2365c6]
30  /opt/conda/envs/gdf/bin/python(+0x12f094) [0x55b51c235094]
31  /opt/conda/envs/gdf/bin/python(_PyFunction_Vectorcall+0xd9) [0x55b51c246519]
32  /opt/conda/envs/gdf/bin/python(_PyEval_EvalFrameDefault+0x11f8) [0x55b51c237128]
33  /opt/conda/envs/gdf/bin/python(+0x12f094) [0x55b51c235094]
34  /opt/conda/envs/gdf/bin/python(+0x14dccb) [0x55b51c253ccb]
35  /opt/conda/envs/gdf/bin/python(PyObject_Call+0xbc) [0x55b51c25444c]
36  /opt/conda/envs/gdf/bin/python(+0x21110e) [0x55b51c31710e]
37  /opt/conda/envs/gdf/bin/python(_PyObject_MakeTpCall+0x2ec) [0x55b51c23e77c]
38  /opt/conda/envs/gdf/bin/python(_PyEval_EvalFrameDefault+0x37cb) [0x55b51c2396fb]
39  /opt/conda/envs/gdf/bin/python(+0x1407c2) [0x55b51c2467c2]
40  /opt/conda/envs/gdf/bin/python(+0x14ddac) [0x55b51c253dac]
41  /opt/conda/envs/gdf/bin/python(_PyEval_EvalFrameDefault+0x37cb) [0x55b51c2396fb]
42  /opt/conda/envs/gdf/bin/python(+0x1407c2) [0x55b51c2467c2]
43  /opt/conda/envs/gdf/bin/python(_PyEval_EvalFrameDefault+0x696) [0x55b51c2365c6]
44  /opt/conda/envs/gdf/bin/python(+0x12f094) [0x55b51c235094]
45  /opt/conda/envs/gdf/bin/python(_PyFunction_Vectorcall+0xd9) [0x55b51c246519]
46  /opt/conda/envs/gdf/bin/python(_PyEval_EvalFrameDefault+0x696) [0x55b51c2365c6]
47  /opt/conda/envs/gdf/bin/python(+0x1407c2) [0x55b51c2467c2]
48  /opt/conda/envs/gdf/bin/python(_PyEval_EvalFrameDefault+0x3e2) [0x55b51c236312]
49  /opt/conda/envs/gdf/bin/python(+0x12f094) [0x55b51c235094]
50  /opt/conda/envs/gdf/bin/python(_PyFunction_Vectorcall+0xd9) [0x55b51c246519]
51  /opt/conda/envs/gdf/bin/python(_PyEval_EvalFrameDefault+0x11f8) [0x55b51c237128]
52  /opt/conda/envs/gdf/bin/python(+0x12f094) [0x55b51c235094]
53  /opt/conda/envs/gdf/bin/python(_PyEval_EvalCodeWithName+0x48) [0x55b51c234d68]
54  /opt/conda/envs/gdf/bin/python(PyEval_EvalCodeEx+0x39) [0x55b51c234d19]
55  /opt/conda/envs/gdf/bin/python(PyEval_EvalCode+0x1b) [0x55b51c2e207b]
56  /opt/conda/envs/gdf/bin/python(+0x208fca) [0x55b51c30efca]
57  /opt/conda/envs/gdf/bin/python(+0x205353) [0x55b51c30b353]
58  /opt/conda/envs/gdf/bin/python(PyRun_StringFlags+0x9a) [0x55b51c30316a]
59  /opt/conda/envs/gdf/bin/python(PyRun_SimpleStringFlags+0x3c) [0x55b51c30305c]
60  /opt/conda/envs/gdf/bin/python(Py_RunMain+0x267) [0x55b51c302297]
61  /opt/conda/envs/gdf/bin/python(Py_BytesMain+0x37) [0x55b51c2d5f07]
=================================
[dgx13:75928:0:75928] Caught signal 11 (Segmentation fault: address not mapped to object at address 0x448)
==== backtrace (tid:  75928) ====
 0  /opt/conda/envs/gdf/lib/libucs.so.0(ucs_handle_error+0x2fd) [0x7f7ae49e907d]
 1  /opt/conda/envs/gdf/lib/libucs.so.0(+0x2a274) [0x7f7ae49e9274]
 2  /opt/conda/envs/gdf/lib/libucs.so.0(+0x2a43a) [0x7f7ae49e943a]
 3  /usr/lib/x86_64-linux-gnu/libpthread.so.0(+0x14420) [0x7f7b779e0420]
 4  /opt/conda/envs/gdf/lib/libucp.so.0(ucp_mem_type_unpack+0x14) [0x7f7ae4a686b4]
 5  /opt/conda/envs/gdf/lib/libucp.so.0(ucp_rndv_data_handler+0x4e9) [0x7f7ae4a91839]
 6  /opt/conda/envs/gdf/lib/libuct.so.0(+0x203df) [0x7f7ae49a33df]
 7  /opt/conda/envs/gdf/lib/libuct.so.0(+0x23838) [0x7f7ae49a6838]
 8  /opt/conda/envs/gdf/lib/libucs.so.0(ucs_event_set_wait+0xb9) [0x7f7ae49f24a9]
 9  /opt/conda/envs/gdf/lib/libuct.so.0(uct_tcp_iface_progress+0x7d) [0x7f7ae49a55dd]
10  /opt/conda/envs/gdf/lib/libucp.so.0(ucp_worker_progress+0x5a) [0x7f7ae4a658da]
11  /opt/conda/envs/gdf/lib/python3.9/site-packages/ucp/_libs/ucx_api.cpython-39-x86_64-linux-gnu.so(+0x3206a) [0x7f7ae4b1e06a]
12  /opt/conda/envs/gdf/bin/python(_PyEval_EvalFrameDefault+0x37cb) [0x558d5d7806fb]
13  /opt/conda/envs/gdf/bin/python(+0x12f094) [0x558d5d77c094]
14  /opt/conda/envs/gdf/bin/python(_PyFunction_Vectorcall+0xd9) [0x558d5d78d519]
15  /opt/conda/envs/gdf/bin/python(_PyEval_EvalFrameDefault+0x696) [0x558d5d77d5c6]
16  /opt/conda/envs/gdf/bin/python(+0x1407c2) [0x558d5d78d7c2]
17  /opt/conda/envs/gdf/bin/python(+0x14de83) [0x558d5d79ae83]
18  /opt/conda/envs/gdf/bin/python(+0x258b2c) [0x558d5d8a5b2c]
19  /opt/conda/envs/gdf/bin/python(+0xead05) [0x558d5d737d05]
20  /opt/conda/envs/gdf/bin/python(+0x1377f3) [0x558d5d7847f3]
21  /opt/conda/envs/gdf/bin/python(_PyEval_EvalFrameDefault+0x59f9) [0x558d5d782929]
22  /opt/conda/envs/gdf/bin/python(+0x1407c2) [0x558d5d78d7c2]
23  /opt/conda/envs/gdf/bin/python(_PyEval_EvalFrameDefault+0x696) [0x558d5d77d5c6]
24  /opt/conda/envs/gdf/bin/python(+0x1407c2) [0x558d5d78d7c2]
25  /opt/conda/envs/gdf/bin/python(_PyEval_EvalFrameDefault+0x696) [0x558d5d77d5c6]
26  /opt/conda/envs/gdf/bin/python(+0x1407c2) [0x558d5d78d7c2]
27  /opt/conda/envs/gdf/bin/python(_PyEval_EvalFrameDefault+0x696) [0x558d5d77d5c6]
28  /opt/conda/envs/gdf/bin/python(+0x1407c2) [0x558d5d78d7c2]
29  /opt/conda/envs/gdf/bin/python(_PyEval_EvalFrameDefault+0x696) [0x558d5d77d5c6]
30  /opt/conda/envs/gdf/bin/python(+0x12f094) [0x558d5d77c094]
31  /opt/conda/envs/gdf/bin/python(_PyFunction_Vectorcall+0xd9) [0x558d5d78d519]
32  /opt/conda/envs/gdf/bin/python(_PyEval_EvalFrameDefault+0x11f8) [0x558d5d77e128]
33  /opt/conda/envs/gdf/bin/python(+0x12f094) [0x558d5d77c094]
34  /opt/conda/envs/gdf/bin/python(+0x14dccb) [0x558d5d79accb]
35  /opt/conda/envs/gdf/bin/python(PyObject_Call+0xbc) [0x558d5d79b44c]
36  /opt/conda/envs/gdf/bin/python(+0x21110e) [0x558d5d85e10e]
37  /opt/conda/envs/gdf/bin/python(_PyObject_MakeTpCall+0x2ec) [0x558d5d78577c]
38  /opt/conda/envs/gdf/bin/python(_PyEval_EvalFrameDefault+0x37cb) [0x558d5d7806fb]
39  /opt/conda/envs/gdf/bin/python(+0x1407c2) [0x558d5d78d7c2]
40  /opt/conda/envs/gdf/bin/python(+0x14ddac) [0x558d5d79adac]
41  /opt/conda/envs/gdf/bin/python(_PyEval_EvalFrameDefault+0x37cb) [0x558d5d7806fb]
42  /opt/conda/envs/gdf/bin/python(+0x1407c2) [0x558d5d78d7c2]
43  /opt/conda/envs/gdf/bin/python(_PyEval_EvalFrameDefault+0x696) [0x558d5d77d5c6]
44  /opt/conda/envs/gdf/bin/python(+0x12f094) [0x558d5d77c094]
45  /opt/conda/envs/gdf/bin/python(_PyFunction_Vectorcall+0xd9) [0x558d5d78d519]
46  /opt/conda/envs/gdf/bin/python(_PyEval_EvalFrameDefault+0x696) [0x558d5d77d5c6]
47  /opt/conda/envs/gdf/bin/python(+0x1407c2) [0x558d5d78d7c2]
48  /opt/conda/envs/gdf/bin/python(_PyEval_EvalFrameDefault+0x3e2) [0x558d5d77d312]
49  /opt/conda/envs/gdf/bin/python(+0x12f094) [0x558d5d77c094]
50  /opt/conda/envs/gdf/bin/python(_PyFunction_Vectorcall+0xd9) [0x558d5d78d519]
51  /opt/conda/envs/gdf/bin/python(_PyEval_EvalFrameDefault+0x11f8) [0x558d5d77e128]
52  /opt/conda/envs/gdf/bin/python(+0x12f094) [0x558d5d77c094]
53  /opt/conda/envs/gdf/bin/python(_PyEval_EvalCodeWithName+0x48) [0x558d5d77bd68]
54  /opt/conda/envs/gdf/bin/python(PyEval_EvalCodeEx+0x39) [0x558d5d77bd19]
55  /opt/conda/envs/gdf/bin/python(PyEval_EvalCode+0x1b) [0x558d5d82907b]
56  /opt/conda/envs/gdf/bin/python(+0x208fca) [0x558d5d855fca]
57  /opt/conda/envs/gdf/bin/python(+0x205353) [0x558d5d852353]
58  /opt/conda/envs/gdf/bin/python(PyRun_StringFlags+0x9a) [0x558d5d84a16a]
59  /opt/conda/envs/gdf/bin/python(PyRun_SimpleStringFlags+0x3c) [0x558d5d84a05c]
60  /opt/conda/envs/gdf/bin/python(Py_RunMain+0x267) [0x558d5d849297]
61  /opt/conda/envs/gdf/bin/python(Py_BytesMain+0x37) [0x558d5d81cf07]
=================================
[dgx13:75914:0:75914] Caught signal 11 (Segmentation fault: address not mapped to object at address 0x448)
==== backtrace (tid:  75914) ====
 0  /opt/conda/envs/gdf/lib/libucs.so.0(ucs_handle_error+0x2fd) [0x7f6883e1d07d]
 1  /opt/conda/envs/gdf/lib/libucs.so.0(+0x2a274) [0x7f6883e1d274]
 2  /opt/conda/envs/gdf/lib/libucs.so.0(+0x2a43a) [0x7f6883e1d43a]
 3  /usr/lib/x86_64-linux-gnu/libpthread.so.0(+0x14420) [0x7f6950fb1420]
 4  /opt/conda/envs/gdf/lib/libucp.so.0(ucp_mem_type_unpack+0x14) [0x7f6883e9c6b4]
 5  /opt/conda/envs/gdf/lib/libucp.so.0(ucp_rndv_data_handler+0x4e9) [0x7f6883ec5839]
 6  /opt/conda/envs/gdf/lib/libuct.so.0(+0x203df) [0x7f6883dd73df]
 7  /opt/conda/envs/gdf/lib/libuct.so.0(+0x23838) [0x7f6883dda838]
 8  /opt/conda/envs/gdf/lib/libucs.so.0(ucs_event_set_wait+0xb9) [0x7f6883e264a9]
 9  /opt/conda/envs/gdf/lib/libuct.so.0(uct_tcp_iface_progress+0x7d) [0x7f6883dd95dd]
10  /opt/conda/envs/gdf/lib/libucp.so.0(ucp_worker_progress+0x5a) [0x7f6883e998da]
11  /opt/conda/envs/gdf/lib/python3.9/site-packages/ucp/_libs/ucx_api.cpython-39-x86_64-linux-gnu.so(+0x3206a) [0x7f6883f5206a]
12  /opt/conda/envs/gdf/bin/python(_PyEval_EvalFrameDefault+0x37cb) [0x5592da3936fb]
13  /opt/conda/envs/gdf/bin/python(+0x12f094) [0x5592da38f094]
14  /opt/conda/envs/gdf/bin/python(_PyFunction_Vectorcall+0xd9) [0x5592da3a0519]
15  /opt/conda/envs/gdf/bin/python(_PyEval_EvalFrameDefault+0x696) [0x5592da3905c6]
16  /opt/conda/envs/gdf/bin/python(+0x1e3162) [0x5592da443162]
17  /opt/conda/envs/gdf/lib/python3.9/lib-dynload/_asyncio.cpython-39-x86_64-linux-gnu.so(+0x81e9) [0x7f69440221e9]
18  /opt/conda/envs/gdf/bin/python(_PyObject_MakeTpCall+0x2ec) [0x5592da39877c]
19  /opt/conda/envs/gdf/bin/python(+0xead05) [0x5592da34ad05]
20  /opt/conda/envs/gdf/bin/python(+0x1377f3) [0x5592da3977f3]
21  /opt/conda/envs/gdf/bin/python(_PyEval_EvalFrameDefault+0x59f9) [0x5592da395929]
22  /opt/conda/envs/gdf/bin/python(+0x1407c2) [0x5592da3a07c2]
23  /opt/conda/envs/gdf/bin/python(_PyEval_EvalFrameDefault+0x696) [0x5592da3905c6]
24  /opt/conda/envs/gdf/bin/python(+0x1407c2) [0x5592da3a07c2]
25  /opt/conda/envs/gdf/bin/python(_PyEval_EvalFrameDefault+0x696) [0x5592da3905c6]
26  /opt/conda/envs/gdf/bin/python(+0x1407c2) [0x5592da3a07c2]
27  /opt/conda/envs/gdf/bin/python(_PyEval_EvalFrameDefault+0x696) [0x5592da3905c6]
28  /opt/conda/envs/gdf/bin/python(+0x1407c2) [0x5592da3a07c2]
29  /opt/conda/envs/gdf/bin/python(_PyEval_EvalFrameDefault+0x696) [0x5592da3905c6]
30  /opt/conda/envs/gdf/bin/python(+0x12f094) [0x5592da38f094]
31  /opt/conda/envs/gdf/bin/python(_PyFunction_Vectorcall+0xd9) [0x5592da3a0519]
32  /opt/conda/envs/gdf/bin/python(_PyEval_EvalFrameDefault+0x11f8) [0x5592da391128]
33  /opt/conda/envs/gdf/bin/python(+0x12f094) [0x5592da38f094]
34  /opt/conda/envs/gdf/bin/python(+0x14dccb) [0x5592da3adccb]
35  /opt/conda/envs/gdf/bin/python(PyObject_Call+0xbc) [0x5592da3ae44c]
36  /opt/conda/envs/gdf/bin/python(+0x21110e) [0x5592da47110e]
37  /opt/conda/envs/gdf/bin/python(_PyObject_MakeTpCall+0x2ec) [0x5592da39877c]
38  /opt/conda/envs/gdf/bin/python(_PyEval_EvalFrameDefault+0x37cb) [0x5592da3936fb]
39  /opt/conda/envs/gdf/bin/python(+0x1407c2) [0x5592da3a07c2]
40  /opt/conda/envs/gdf/bin/python(+0x14ddac) [0x5592da3addac]
41  /opt/conda/envs/gdf/bin/python(_PyEval_EvalFrameDefault+0x37cb) [0x5592da3936fb]
42  /opt/conda/envs/gdf/bin/python(+0x1407c2) [0x5592da3a07c2]
43  /opt/conda/envs/gdf/bin/python(_PyEval_EvalFrameDefault+0x696) [0x5592da3905c6]
44  /opt/conda/envs/gdf/bin/python(+0x12f094) [0x5592da38f094]
45  /opt/conda/envs/gdf/bin/python(_PyFunction_Vectorcall+0xd9) [0x5592da3a0519]
46  /opt/conda/envs/gdf/bin/python(_PyEval_EvalFrameDefault+0x696) [0x5592da3905c6]
47  /opt/conda/envs/gdf/bin/python(+0x1407c2) [0x5592da3a07c2]
48  /opt/conda/envs/gdf/bin/python(_PyEval_EvalFrameDefault+0x3e2) [0x5592da390312]
49  /opt/conda/envs/gdf/bin/python(+0x12f094) [0x5592da38f094]
50  /opt/conda/envs/gdf/bin/python(_PyFunction_Vectorcall+0xd9) [0x5592da3a0519]
51  /opt/conda/envs/gdf/bin/python(_PyEval_EvalFrameDefault+0x11f8) [0x5592da391128]
52  /opt/conda/envs/gdf/bin/python(+0x12f094) [0x5592da38f094]
53  /opt/conda/envs/gdf/bin/python(_PyEval_EvalCodeWithName+0x48) [0x5592da38ed68]
54  /opt/conda/envs/gdf/bin/python(PyEval_EvalCodeEx+0x39) [0x5592da38ed19]
55  /opt/conda/envs/gdf/bin/python(PyEval_EvalCode+0x1b) [0x5592da43c07b]
56  /opt/conda/envs/gdf/bin/python(+0x208fca) [0x5592da468fca]
57  /opt/conda/envs/gdf/bin/python(+0x205353) [0x5592da465353]
58  /opt/conda/envs/gdf/bin/python(PyRun_StringFlags+0x9a) [0x5592da45d16a]
59  /opt/conda/envs/gdf/bin/python(PyRun_SimpleStringFlags+0x3c) [0x5592da45d05c]
60  /opt/conda/envs/gdf/bin/python(Py_RunMain+0x267) [0x5592da45c297]
61  /opt/conda/envs/gdf/bin/python(Py_BytesMain+0x37) [0x5592da42ff07]
=================================
2023-11-01 06:22:58,462 - distributed.worker - ERROR - Worker stream died during communication: ucx://127.0.0.1:40139
Traceback (most recent call last):
  File "/opt/conda/envs/gdf/lib/python3.9/site-packages/distributed/comm/ucx.py", line 354, in read
    await self.ep.recv(msg)
  File "/opt/conda/envs/gdf/lib/python3.9/site-packages/ucp/core.py", line 725, in recv
    ret = await comm.tag_recv(self._ep, buffer, nbytes, tag, name=log)
ucp._libs.exceptions.UCXCanceled: <[Recv #000] ep: 0x7f1bf417a200, tag: 0x1d6d406ae96e405c, nbytes: 16, type: <class 'numpy.ndarray'>>: 

During handling of the above exception, another exception occurred:

Traceback (most recent call last):
  File "/opt/conda/envs/gdf/lib/python3.9/site-packages/distributed/worker.py", line 2059, in gather_dep
    response = await get_data_from_worker(
  File "/opt/conda/envs/gdf/lib/python3.9/site-packages/distributed/worker.py", line 2849, in get_data_from_worker
    comm = await rpc.connect(worker)
  File "/opt/conda/envs/gdf/lib/python3.9/site-packages/distributed/core.py", line 1626, in connect
    return connect_attempt.result()
  File "/opt/conda/envs/gdf/lib/python3.9/site-packages/distributed/core.py", line 1516, in _connect
    comm = await connect(
  File "/opt/conda/envs/gdf/lib/python3.9/site-packages/distributed/comm/core.py", line 377, in connect
    handshake = await comm.read()
  File "/opt/conda/envs/gdf/lib/python3.9/site-packages/distributed/utils.py", line 803, in wrapper
    return await func(*args, **kwargs)
  File "/opt/conda/envs/gdf/lib/python3.9/site-packages/distributed/comm/ucx.py", line 372, in read
    raise CommClosedError(
distributed.comm.core.CommClosedError: Connection closed by writer.
Inner exception: UCXCanceled("<[Recv #000] ep: 0x7f1bf417a200, tag: 0x1d6d406ae96e405c, nbytes: 16, type: <class 'numpy.ndarray'>>: ")
2023-11-01 06:22:58,468 - distributed.worker - ERROR - Worker stream died during communication: ucx://127.0.0.1:40139
Traceback (most recent call last):
  File "/opt/conda/envs/gdf/lib/python3.9/site-packages/distributed/comm/ucx.py", line 354, in read
    await self.ep.recv(msg)
  File "/opt/conda/envs/gdf/lib/python3.9/site-packages/ucp/core.py", line 725, in recv
    ret = await comm.tag_recv(self._ep, buffer, nbytes, tag, name=log)
asyncio.exceptions.CancelledError

During handling of the above exception, another exception occurred:

Traceback (most recent call last):
  File "/opt/conda/envs/gdf/lib/python3.9/site-packages/distributed/worker.py", line 2059, in gather_dep
    response = await get_data_from_worker(
  File "/opt/conda/envs/gdf/lib/python3.9/site-packages/distributed/worker.py", line 2849, in get_data_from_worker
    comm = await rpc.connect(worker)
  File "/opt/conda/envs/gdf/lib/python3.9/site-packages/distributed/core.py", line 1626, in connect
    return connect_attempt.result()
  File "/opt/conda/envs/gdf/lib/python3.9/site-packages/distributed/core.py", line 1516, in _connect
    comm = await connect(
  File "/opt/conda/envs/gdf/lib/python3.9/site-packages/distributed/comm/core.py", line 377, in connect
    handshake = await comm.read()
  File "/opt/conda/envs/gdf/lib/python3.9/site-packages/distributed/utils.py", line 803, in wrapper
    return await func(*args, **kwargs)
  File "/opt/conda/envs/gdf/lib/python3.9/site-packages/distributed/comm/ucx.py", line 372, in read
    raise CommClosedError(
distributed.comm.core.CommClosedError: Connection closed by writer.
Inner exception: CancelledError()
2023-11-01 06:22:58,468 - distributed.worker - ERROR - Worker stream died during communication: ucx://127.0.0.1:40139
Traceback (most recent call last):
  File "/opt/conda/envs/gdf/lib/python3.9/site-packages/distributed/comm/ucx.py", line 354, in read
    await self.ep.recv(msg)
  File "/opt/conda/envs/gdf/lib/python3.9/site-packages/ucp/core.py", line 725, in recv
    ret = await comm.tag_recv(self._ep, buffer, nbytes, tag, name=log)
ucp._libs.exceptions.UCXCanceled: <[Recv #003] ep: 0x7f32ac3d8140, tag: 0xb111b8e23ae7b948, nbytes: 16, type: <class 'numpy.ndarray'>>: 

During handling of the above exception, another exception occurred:

Traceback (most recent call last):
  File "/opt/conda/envs/gdf/lib/python3.9/site-packages/distributed/worker.py", line 2059, in gather_dep
    response = await get_data_from_worker(
  File "/opt/conda/envs/gdf/lib/python3.9/site-packages/distributed/worker.py", line 2852, in get_data_from_worker
    response = await send_recv(
  File "/opt/conda/envs/gdf/lib/python3.9/site-packages/distributed/core.py", line 1106, in send_recv
    response = await comm.read(deserializers=deserializers)
  File "/opt/conda/envs/gdf/lib/python3.9/site-packages/distributed/utils.py", line 803, in wrapper
    return await func(*args, **kwargs)
  File "/opt/conda/envs/gdf/lib/python3.9/site-packages/distributed/comm/ucx.py", line 372, in read
    raise CommClosedError(
distributed.comm.core.CommClosedError: Connection closed by writer.
Inner exception: UCXCanceled("<[Recv #003] ep: 0x7f32ac3d8140, tag: 0xb111b8e23ae7b948, nbytes: 16, type: <class 'numpy.ndarray'>>: ")
2023-11-01 06:22:58,467 - distributed.worker - ERROR - Worker stream died during communication: ucx://127.0.0.1:40139
Traceback (most recent call last):
  File "/opt/conda/envs/gdf/lib/python3.9/site-packages/distributed/comm/ucx.py", line 471, in connect
    ep = await ucp.create_endpoint(ip, port)
  File "/opt/conda/envs/gdf/lib/python3.9/site-packages/ucp/core.py", line 1004, in create_endpoint
    return await _get_ctx().create_endpoint(
  File "/opt/conda/envs/gdf/lib/python3.9/site-packages/ucp/core.py", line 316, in create_endpoint
    peer_info = await exchange_peer_info(
  File "/opt/conda/envs/gdf/lib/python3.9/site-packages/ucp/core.py", line 54, in exchange_peer_info
    await comm.stream_recv(endpoint, peer_info_arr, peer_info_arr.nbytes)
ucp._libs.exceptions.UCXError: <stream_recv>: Connection reset by remote peer

During handling of the above exception, another exception occurred:

Traceback (most recent call last):
  File "/opt/conda/envs/gdf/lib/python3.9/site-packages/distributed/comm/core.py", line 342, in connect
    comm = await wait_for(
  File "/opt/conda/envs/gdf/lib/python3.9/site-packages/distributed/utils.py", line 1920, in wait_for
    return await asyncio.wait_for(fut, timeout)
  File "/opt/conda/envs/gdf/lib/python3.9/asyncio/tasks.py", line 479, in wait_for
    return fut.result()
  File "/opt/conda/envs/gdf/lib/python3.9/site-packages/distributed/comm/ucx.py", line 473, in connect
    raise CommClosedError("Connection closed before handshake completed")
distributed.comm.core.CommClosedError: Connection closed before handshake completed

During handling of the above exception, another exception occurred:

Traceback (most recent call last):
  File "/opt/conda/envs/gdf/lib/python3.9/site-packages/distributed/core.py", line 1516, in _connect
    comm = await connect(
  File "/opt/conda/envs/gdf/lib/python3.9/site-packages/distributed/comm/core.py", line 366, in connect
    await asyncio.sleep(backoff)
  File "/opt/conda/envs/gdf/lib/python3.9/asyncio/tasks.py", line 652, in sleep
    return await future
asyncio.exceptions.CancelledError

During handling of the above exception, another exception occurred:

Traceback (most recent call last):
  File "/opt/conda/envs/gdf/lib/python3.9/site-packages/distributed/core.py", line 1626, in connect
    return connect_attempt.result()
asyncio.exceptions.CancelledError

During handling of the above exception, another exception occurred:

Traceback (most recent call last):
  File "/opt/conda/envs/gdf/lib/python3.9/site-packages/distributed/worker.py", line 2059, in gather_dep
    response = await get_data_from_worker(
  File "/opt/conda/envs/gdf/lib/python3.9/site-packages/distributed/worker.py", line 2849, in get_data_from_worker
    comm = await rpc.connect(worker)
  File "/opt/conda/envs/gdf/lib/python3.9/site-packages/distributed/core.py", line 1628, in connect
    raise CommClosedError(reason)
distributed.comm.core.CommClosedError: Address removed.
2023-11-01 06:22:58,577 - distributed.worker - ERROR - Worker stream died during communication: ucx://127.0.0.1:52859
Traceback (most recent call last):
  File "/opt/conda/envs/gdf/lib/python3.9/site-packages/distributed/comm/ucx.py", line 396, in read
    await self.ep.recv(each_frame)
  File "/opt/conda/envs/gdf/lib/python3.9/site-packages/ucp/core.py", line 725, in recv
    ret = await comm.tag_recv(self._ep, buffer, nbytes, tag, name=log)
ucp._libs.exceptions.UCXError: <[Recv #007] ep: 0x7f32ac3d8180, tag: 0x957dd83d01cb4fd1, nbytes: 50000000, type: <class 'rmm._lib.device_buffer.DeviceBuffer'>>: Connection reset by remote peer

During handling of the above exception, another exception occurred:

Traceback (most recent call last):
  File "/opt/conda/envs/gdf/lib/python3.9/site-packages/distributed/worker.py", line 2059, in gather_dep
    response = await get_data_from_worker(
  File "/opt/conda/envs/gdf/lib/python3.9/site-packages/distributed/worker.py", line 2852, in get_data_from_worker
    response = await send_recv(
  File "/opt/conda/envs/gdf/lib/python3.9/site-packages/distributed/core.py", line 1106, in send_recv
    response = await comm.read(deserializers=deserializers)
  File "/opt/conda/envs/gdf/lib/python3.9/site-packages/distributed/utils.py", line 803, in wrapper
    return await func(*args, **kwargs)
  File "/opt/conda/envs/gdf/lib/python3.9/site-packages/distributed/comm/ucx.py", line 402, in read
    raise CommClosedError(
distributed.comm.core.CommClosedError: Connection closed by writer.
Inner exception: UCXError("<[Recv #007] ep: 0x7f32ac3d8180, tag: 0x957dd83d01cb4fd1, nbytes: 50000000, type: <class 'rmm._lib.device_buffer.DeviceBuffer'>>: Connection reset by remote peer")
2023-11-01 06:22:58,578 - distributed.worker - ERROR - Worker stream died during communication: ucx://127.0.0.1:52859
Traceback (most recent call last):
  File "/opt/conda/envs/gdf/lib/python3.9/site-packages/distributed/comm/ucx.py", line 354, in read
    await self.ep.recv(msg)
  File "/opt/conda/envs/gdf/lib/python3.9/site-packages/ucp/core.py", line 725, in recv
    ret = await comm.tag_recv(self._ep, buffer, nbytes, tag, name=log)
ucp._libs.exceptions.UCXCanceled: <[Recv #003] ep: 0x7f8ad9393200, tag: 0xb0a710b3043ab24e, nbytes: 16, type: <class 'numpy.ndarray'>>: 

During handling of the above exception, another exception occurred:

Traceback (most recent call last):
  File "/opt/conda/envs/gdf/lib/python3.9/site-packages/distributed/worker.py", line 2059, in gather_dep
    response = await get_data_from_worker(
  File "/opt/conda/envs/gdf/lib/python3.9/site-packages/distributed/worker.py", line 2852, in get_data_from_worker
    response = await send_recv(
  File "/opt/conda/envs/gdf/lib/python3.9/site-packages/distributed/core.py", line 1106, in send_recv
    response = await comm.read(deserializers=deserializers)
  File "/opt/conda/envs/gdf/lib/python3.9/site-packages/distributed/utils.py", line 803, in wrapper
    return await func(*args, **kwargs)
  File "/opt/conda/envs/gdf/lib/python3.9/site-packages/distributed/comm/ucx.py", line 372, in read
    raise CommClosedError(
distributed.comm.core.CommClosedError: Connection closed by writer.
Inner exception: UCXCanceled("<[Recv #003] ep: 0x7f8ad9393200, tag: 0xb0a710b3043ab24e, nbytes: 16, type: <class 'numpy.ndarray'>>: ")
2023-11-01 06:22:58,578 - distributed.worker - ERROR - failed during get data with ucx://127.0.0.1:56223 -> ucx://127.0.0.1:52859
Traceback (most recent call last):
  File "/opt/conda/envs/gdf/lib/python3.9/site-packages/distributed/comm/ucx.py", line 338, in write
    await self.ep.send(each_frame)
  File "/opt/conda/envs/gdf/lib/python3.9/site-packages/ucp/core.py", line 650, in send
    return await comm.tag_send(self._ep, buffer, nbytes, tag, name=log)
ucp._libs.exceptions.UCXError: <[Send #007] ep: 0x7f32ac3d82c0, tag: 0xccd41ac31439812c, nbytes: 50000000, type: <class 'cupy.ndarray'>>: Connection reset by remote peer

During handling of the above exception, another exception occurred:

Traceback (most recent call last):
  File "/opt/conda/envs/gdf/lib/python3.9/site-packages/distributed/worker.py", line 1782, in get_data
    compressed = await comm.write(msg, serializers=serializers)
  File "/opt/conda/envs/gdf/lib/python3.9/site-packages/distributed/utils.py", line 803, in wrapper
    return await func(*args, **kwargs)
  File "/opt/conda/envs/gdf/lib/python3.9/site-packages/distributed/comm/ucx.py", line 342, in write
    raise CommClosedError("While writing, the connection was closed")
distributed.comm.core.CommClosedError: While writing, the connection was closed
2023-11-01 06:22:58,585 - distributed.worker - ERROR - Worker stream died during communication: ucx://127.0.0.1:56615
Traceback (most recent call last):
  File "/opt/conda/envs/gdf/lib/python3.9/site-packages/distributed/comm/ucx.py", line 354, in read
    await self.ep.recv(msg)
  File "/opt/conda/envs/gdf/lib/python3.9/site-packages/ucp/core.py", line 725, in recv
    ret = await comm.tag_recv(self._ep, buffer, nbytes, tag, name=log)
ucp._libs.exceptions.UCXCanceled: <[Recv #003] ep: 0x7f8ad9393180, tag: 0xc42be61f9d5206de, nbytes: 16, type: <class 'numpy.ndarray'>>: 

During handling of the above exception, another exception occurred:

Traceback (most recent call last):
  File "/opt/conda/envs/gdf/lib/python3.9/site-packages/distributed/worker.py", line 2059, in gather_dep
    response = await get_data_from_worker(
  File "/opt/conda/envs/gdf/lib/python3.9/site-packages/distributed/worker.py", line 2852, in get_data_from_worker
    response = await send_recv(
  File "/opt/conda/envs/gdf/lib/python3.9/site-packages/distributed/core.py", line 1106, in send_recv
    response = await comm.read(deserializers=deserializers)
  File "/opt/conda/envs/gdf/lib/python3.9/site-packages/distributed/utils.py", line 803, in wrapper
    return await func(*args, **kwargs)
  File "/opt/conda/envs/gdf/lib/python3.9/site-packages/distributed/comm/ucx.py", line 372, in read
    raise CommClosedError(
distributed.comm.core.CommClosedError: Connection closed by writer.
Inner exception: UCXCanceled("<[Recv #003] ep: 0x7f8ad9393180, tag: 0xc42be61f9d5206de, nbytes: 16, type: <class 'numpy.ndarray'>>: ")
2023-11-01 06:22:58,585 - distributed.worker - ERROR - Worker stream died during communication: ucx://127.0.0.1:56615
Traceback (most recent call last):
  File "/opt/conda/envs/gdf/lib/python3.9/site-packages/distributed/comm/ucx.py", line 354, in read
    await self.ep.recv(msg)
  File "/opt/conda/envs/gdf/lib/python3.9/site-packages/ucp/core.py", line 725, in recv
    ret = await comm.tag_recv(self._ep, buffer, nbytes, tag, name=log)
ucp._libs.exceptions.UCXCanceled: <[Recv #003] ep: 0x7fb82ca3d100, tag: 0x8e53839332fbc484, nbytes: 16, type: <class 'numpy.ndarray'>>: 

During handling of the above exception, another exception occurred:

Traceback (most recent call last):
  File "/opt/conda/envs/gdf/lib/python3.9/site-packages/distributed/worker.py", line 2059, in gather_dep
    response = await get_data_from_worker(
  File "/opt/conda/envs/gdf/lib/python3.9/site-packages/distributed/worker.py", line 2852, in get_data_from_worker
    response = await send_recv(
  File "/opt/conda/envs/gdf/lib/python3.9/site-packages/distributed/core.py", line 1106, in send_recv
    response = await comm.read(deserializers=deserializers)
  File "/opt/conda/envs/gdf/lib/python3.9/site-packages/distributed/utils.py", line 803, in wrapper
    return await func(*args, **kwargs)
  File "/opt/conda/envs/gdf/lib/python3.9/site-packages/distributed/comm/ucx.py", line 372, in read
    raise CommClosedError(
distributed.comm.core.CommClosedError: Connection closed by writer.
Inner exception: UCXCanceled("<[Recv #003] ep: 0x7fb82ca3d100, tag: 0x8e53839332fbc484, nbytes: 16, type: <class 'numpy.ndarray'>>: ")
2023-11-01 06:22:58,585 - distributed.worker - ERROR - Worker stream died during communication: ucx://127.0.0.1:56615
Traceback (most recent call last):
  File "/opt/conda/envs/gdf/lib/python3.9/site-packages/distributed/comm/ucx.py", line 354, in read
    await self.ep.recv(msg)
  File "/opt/conda/envs/gdf/lib/python3.9/site-packages/ucp/core.py", line 725, in recv
    ret = await comm.tag_recv(self._ep, buffer, nbytes, tag, name=log)
ucp._libs.exceptions.UCXCanceled: <[Recv #003] ep: 0x7f1bf417a180, tag: 0x3ae99848ab8b0103, nbytes: 16, type: <class 'numpy.ndarray'>>: 

During handling of the above exception, another exception occurred:

Traceback (most recent call last):
  File "/opt/conda/envs/gdf/lib/python3.9/site-packages/distributed/worker.py", line 2059, in gather_dep
    response = await get_data_from_worker(
  File "/opt/conda/envs/gdf/lib/python3.9/site-packages/distributed/worker.py", line 2852, in get_data_from_worker
    response = await send_recv(
  File "/opt/conda/envs/gdf/lib/python3.9/site-packages/distributed/core.py", line 1106, in send_recv
    response = await comm.read(deserializers=deserializers)
  File "/opt/conda/envs/gdf/lib/python3.9/site-packages/distributed/utils.py", line 803, in wrapper
    return await func(*args, **kwargs)
  File "/opt/conda/envs/gdf/lib/python3.9/site-packages/distributed/comm/ucx.py", line 372, in read
    raise CommClosedError(
distributed.comm.core.CommClosedError: Connection closed by writer.
Inner exception: UCXCanceled("<[Recv #003] ep: 0x7f1bf417a180, tag: 0x3ae99848ab8b0103, nbytes: 16, type: <class 'numpy.ndarray'>>: ")
2023-11-01 06:22:58,586 - distributed.worker - ERROR - failed during get data with ucx://127.0.0.1:36387 -> ucx://127.0.0.1:56615
Traceback (most recent call last):
  File "/opt/conda/envs/gdf/lib/python3.9/site-packages/distributed/comm/ucx.py", line 338, in write
    await self.ep.send(each_frame)
  File "/opt/conda/envs/gdf/lib/python3.9/site-packages/ucp/core.py", line 650, in send
    return await comm.tag_send(self._ep, buffer, nbytes, tag, name=log)
ucp._libs.exceptions.UCXError: <[Send #007] ep: 0x7fb82ca3d200, tag: 0xd94b10f76f0790b9, nbytes: 50000000, type: <class 'cupy.ndarray'>>: Connection reset by remote peer

During handling of the above exception, another exception occurred:

Traceback (most recent call last):
  File "/opt/conda/envs/gdf/lib/python3.9/site-packages/distributed/worker.py", line 1782, in get_data
    compressed = await comm.write(msg, serializers=serializers)
  File "/opt/conda/envs/gdf/lib/python3.9/site-packages/distributed/utils.py", line 803, in wrapper
    return await func(*args, **kwargs)
  File "/opt/conda/envs/gdf/lib/python3.9/site-packages/distributed/comm/ucx.py", line 342, in write
    raise CommClosedError("While writing, the connection was closed")
distributed.comm.core.CommClosedError: While writing, the connection was closed
2023-11-01 06:22:58,586 - distributed.worker - ERROR - Worker stream died during communication: ucx://127.0.0.1:56615
Traceback (most recent call last):
  File "/opt/conda/envs/gdf/lib/python3.9/site-packages/distributed/comm/ucx.py", line 354, in read
    await self.ep.recv(msg)
  File "/opt/conda/envs/gdf/lib/python3.9/site-packages/ucp/core.py", line 725, in recv
    ret = await comm.tag_recv(self._ep, buffer, nbytes, tag, name=log)
ucp._libs.exceptions.UCXCanceled: <[Recv #003] ep: 0x7f32ac3d81c0, tag: 0x48a1d64f13649780, nbytes: 16, type: <class 'numpy.ndarray'>>: 

During handling of the above exception, another exception occurred:

Traceback (most recent call last):
  File "/opt/conda/envs/gdf/lib/python3.9/site-packages/distributed/worker.py", line 2059, in gather_dep
    response = await get_data_from_worker(
  File "/opt/conda/envs/gdf/lib/python3.9/site-packages/distributed/worker.py", line 2852, in get_data_from_worker
    response = await send_recv(
  File "/opt/conda/envs/gdf/lib/python3.9/site-packages/distributed/core.py", line 1106, in send_recv
    response = await comm.read(deserializers=deserializers)
  File "/opt/conda/envs/gdf/lib/python3.9/site-packages/distributed/utils.py", line 803, in wrapper
    return await func(*args, **kwargs)
  File "/opt/conda/envs/gdf/lib/python3.9/site-packages/distributed/comm/ucx.py", line 372, in read
    raise CommClosedError(
distributed.comm.core.CommClosedError: Connection closed by writer.
Inner exception: UCXCanceled("<[Recv #003] ep: 0x7f32ac3d81c0, tag: 0x48a1d64f13649780, nbytes: 16, type: <class 'numpy.ndarray'>>: ")
2023-11-01 06:22:58,737 - distributed.worker - ERROR - Worker stream died during communication: ucx://127.0.0.1:58887
Traceback (most recent call last):
  File "/opt/conda/envs/gdf/lib/python3.9/site-packages/distributed/comm/ucx.py", line 354, in read
    await self.ep.recv(msg)
  File "/opt/conda/envs/gdf/lib/python3.9/site-packages/ucp/core.py", line 725, in recv
    ret = await comm.tag_recv(self._ep, buffer, nbytes, tag, name=log)
ucp._libs.exceptions.UCXCanceled: <[Recv #008] ep: 0x7fb82ca3d1c0, tag: 0xd96f61ed3b918aba, nbytes: 16, type: <class 'numpy.ndarray'>>: 

During handling of the above exception, another exception occurred:

Traceback (most recent call last):
  File "/opt/conda/envs/gdf/lib/python3.9/site-packages/distributed/worker.py", line 2059, in gather_dep
    response = await get_data_from_worker(
  File "/opt/conda/envs/gdf/lib/python3.9/site-packages/distributed/worker.py", line 2852, in get_data_from_worker
    response = await send_recv(
  File "/opt/conda/envs/gdf/lib/python3.9/site-packages/distributed/core.py", line 1106, in send_recv
    response = await comm.read(deserializers=deserializers)
  File "/opt/conda/envs/gdf/lib/python3.9/site-packages/distributed/utils.py", line 803, in wrapper
    return await func(*args, **kwargs)
  File "/opt/conda/envs/gdf/lib/python3.9/site-packages/distributed/comm/ucx.py", line 372, in read
    raise CommClosedError(
distributed.comm.core.CommClosedError: Connection closed by writer.
Inner exception: UCXCanceled("<[Recv #008] ep: 0x7fb82ca3d1c0, tag: 0xd96f61ed3b918aba, nbytes: 16, type: <class 'numpy.ndarray'>>: ")
2023-11-01 06:22:58,737 - distributed.worker - ERROR - Worker stream died during communication: ucx://127.0.0.1:58887
Traceback (most recent call last):
  File "/opt/conda/envs/gdf/lib/python3.9/site-packages/distributed/comm/ucx.py", line 354, in read
    await self.ep.recv(msg)
  File "/opt/conda/envs/gdf/lib/python3.9/site-packages/ucp/core.py", line 725, in recv
    ret = await comm.tag_recv(self._ep, buffer, nbytes, tag, name=log)
ucp._libs.exceptions.UCXCanceled: <[Recv #008] ep: 0x7f1bf417a240, tag: 0x8d189f65c81540e6, nbytes: 16, type: <class 'numpy.ndarray'>>: 

During handling of the above exception, another exception occurred:

Traceback (most recent call last):
  File "/opt/conda/envs/gdf/lib/python3.9/site-packages/distributed/worker.py", line 2059, in gather_dep
    response = await get_data_from_worker(
  File "/opt/conda/envs/gdf/lib/python3.9/site-packages/distributed/worker.py", line 2852, in get_data_from_worker
    response = await send_recv(
  File "/opt/conda/envs/gdf/lib/python3.9/site-packages/distributed/core.py", line 1106, in send_recv
    response = await comm.read(deserializers=deserializers)
  File "/opt/conda/envs/gdf/lib/python3.9/site-packages/distributed/utils.py", line 803, in wrapper
    return await func(*args, **kwargs)
  File "/opt/conda/envs/gdf/lib/python3.9/site-packages/distributed/comm/ucx.py", line 372, in read
    raise CommClosedError(
distributed.comm.core.CommClosedError: Connection closed by writer.
Inner exception: UCXCanceled("<[Recv #008] ep: 0x7f1bf417a240, tag: 0x8d189f65c81540e6, nbytes: 16, type: <class 'numpy.ndarray'>>: ")
2023-11-01 06:22:58,803 - distributed.worker - ERROR - failed during get data with ucx://127.0.0.1:37643 -> ucx://127.0.0.1:58887
Traceback (most recent call last):
  File "/opt/conda/envs/gdf/lib/python3.9/site-packages/distributed/comm/ucx.py", line 338, in write
    await self.ep.send(each_frame)
  File "/opt/conda/envs/gdf/lib/python3.9/site-packages/ucp/core.py", line 650, in send
    return await comm.tag_send(self._ep, buffer, nbytes, tag, name=log)
ucp._libs.exceptions.UCXError: <[Send #007] ep: 0x7f8ad9393280, tag: 0x2f7e37651e16783c, nbytes: 50000000, type: <class 'cupy.ndarray'>>: Connection reset by remote peer

During handling of the above exception, another exception occurred:

Traceback (most recent call last):
  File "/opt/conda/envs/gdf/lib/python3.9/site-packages/distributed/worker.py", line 1782, in get_data
    compressed = await comm.write(msg, serializers=serializers)
  File "/opt/conda/envs/gdf/lib/python3.9/site-packages/distributed/utils.py", line 803, in wrapper
    return await func(*args, **kwargs)
  File "/opt/conda/envs/gdf/lib/python3.9/site-packages/distributed/comm/ucx.py", line 342, in write
    raise CommClosedError("While writing, the connection was closed")
distributed.comm.core.CommClosedError: While writing, the connection was closed
2023-11-01 06:22:58,804 - distributed.worker - ERROR - Worker stream died during communication: ucx://127.0.0.1:58887
Traceback (most recent call last):
  File "/opt/conda/envs/gdf/lib/python3.9/site-packages/distributed/comm/ucx.py", line 396, in read
    await self.ep.recv(each_frame)
  File "/opt/conda/envs/gdf/lib/python3.9/site-packages/ucp/core.py", line 725, in recv
    ret = await comm.tag_recv(self._ep, buffer, nbytes, tag, name=log)
ucp._libs.exceptions.UCXError: <[Recv #007] ep: 0x7f8ad9393240, tag: 0xe5d626af901a942e, nbytes: 50000000, type: <class 'rmm._lib.device_buffer.DeviceBuffer'>>: Connection reset by remote peer

During handling of the above exception, another exception occurred:

Traceback (most recent call last):
  File "/opt/conda/envs/gdf/lib/python3.9/site-packages/distributed/worker.py", line 2059, in gather_dep
    response = await get_data_from_worker(
  File "/opt/conda/envs/gdf/lib/python3.9/site-packages/distributed/worker.py", line 2852, in get_data_from_worker
    response = await send_recv(
  File "/opt/conda/envs/gdf/lib/python3.9/site-packages/distributed/core.py", line 1106, in send_recv
    response = await comm.read(deserializers=deserializers)
  File "/opt/conda/envs/gdf/lib/python3.9/site-packages/distributed/utils.py", line 803, in wrapper
    return await func(*args, **kwargs)
  File "/opt/conda/envs/gdf/lib/python3.9/site-packages/distributed/comm/ucx.py", line 402, in read
    raise CommClosedError(
distributed.comm.core.CommClosedError: Connection closed by writer.
Inner exception: UCXError("<[Recv #007] ep: 0x7f8ad9393240, tag: 0xe5d626af901a942e, nbytes: 50000000, type: <class 'rmm._lib.device_buffer.DeviceBuffer'>>: Connection reset by remote peer")
[dgx13:75934:0:75934] Caught signal 11 (Segmentation fault: address not mapped to object at address 0x448)
==== backtrace (tid:  75934) ====
 0  /opt/conda/envs/gdf/lib/libucs.so.0(ucs_handle_error+0x2fd) [0x7f32ac6c207d]
 1  /opt/conda/envs/gdf/lib/libucs.so.0(+0x2a274) [0x7f32ac6c2274]
 2  /opt/conda/envs/gdf/lib/libucs.so.0(+0x2a43a) [0x7f32ac6c243a]
 3  /usr/lib/x86_64-linux-gnu/libpthread.so.0(+0x14420) [0x7f334d827420]
 4  /opt/conda/envs/gdf/lib/libucp.so.0(ucp_mem_type_unpack+0x14) [0x7f32ac7416b4]
 5  /opt/conda/envs/gdf/lib/libucp.so.0(ucp_rndv_data_handler+0x4e9) [0x7f32ac76a839]
 6  /opt/conda/envs/gdf/lib/libuct.so.0(+0x203df) [0x7f32ac67c3df]
 7  /opt/conda/envs/gdf/lib/libuct.so.0(+0x23838) [0x7f32ac67f838]
 8  /opt/conda/envs/gdf/lib/libucs.so.0(ucs_event_set_wait+0xb9) [0x7f32ac6cb4a9]
 9  /opt/conda/envs/gdf/lib/libuct.so.0(uct_tcp_iface_progress+0x7d) [0x7f32ac67e5dd]
10  /opt/conda/envs/gdf/lib/libucp.so.0(ucp_worker_progress+0x5a) [0x7f32ac73e8da]
11  /opt/conda/envs/gdf/lib/python3.9/site-packages/ucp/_libs/ucx_api.cpython-39-x86_64-linux-gnu.so(+0x3206a) [0x7f32ac7f706a]
12  /opt/conda/envs/gdf/bin/python(_PyEval_EvalFrameDefault+0x37cb) [0x5605779346fb]
13  /opt/conda/envs/gdf/bin/python(+0x12f094) [0x560577930094]
14  /opt/conda/envs/gdf/bin/python(_PyFunction_Vectorcall+0xd9) [0x560577941519]
15  /opt/conda/envs/gdf/bin/python(_PyEval_EvalFrameDefault+0x696) [0x5605779315c6]
16  /opt/conda/envs/gdf/bin/python(+0x1407c2) [0x5605779417c2]
17  /opt/conda/envs/gdf/bin/python(+0x14de83) [0x56057794ee83]
18  /opt/conda/envs/gdf/bin/python(+0x258b2c) [0x560577a59b2c]
19  /opt/conda/envs/gdf/bin/python(+0xead05) [0x5605778ebd05]
20  /opt/conda/envs/gdf/bin/python(+0x1377f3) [0x5605779387f3]
21  /opt/conda/envs/gdf/bin/python(_PyEval_EvalFrameDefault+0x59f9) [0x560577936929]
22  /opt/conda/envs/gdf/bin/python(+0x1407c2) [0x5605779417c2]
23  /opt/conda/envs/gdf/bin/python(_PyEval_EvalFrameDefault+0x696) [0x5605779315c6]
24  /opt/conda/envs/gdf/bin/python(+0x1407c2) [0x5605779417c2]
25  /opt/conda/envs/gdf/bin/python(_PyEval_EvalFrameDefault+0x696) [0x5605779315c6]
26  /opt/conda/envs/gdf/bin/python(+0x1407c2) [0x5605779417c2]
27  /opt/conda/envs/gdf/bin/python(_PyEval_EvalFrameDefault+0x696) [0x5605779315c6]
28  /opt/conda/envs/gdf/bin/python(+0x1407c2) [0x5605779417c2]
29  /opt/conda/envs/gdf/bin/python(_PyEval_EvalFrameDefault+0x696) [0x5605779315c6]
30  /opt/conda/envs/gdf/bin/python(+0x12f094) [0x560577930094]
31  /opt/conda/envs/gdf/bin/python(_PyFunction_Vectorcall+0xd9) [0x560577941519]
32  /opt/conda/envs/gdf/bin/python(_PyEval_EvalFrameDefault+0x11f8) [0x560577932128]
33  /opt/conda/envs/gdf/bin/python(+0x12f094) [0x560577930094]
34  /opt/conda/envs/gdf/bin/python(+0x14dccb) [0x56057794eccb]
35  /opt/conda/envs/gdf/bin/python(PyObject_Call+0xbc) [0x56057794f44c]
36  /opt/conda/envs/gdf/bin/python(+0x21110e) [0x560577a1210e]
37  /opt/conda/envs/gdf/bin/python(_PyObject_MakeTpCall+0x2ec) [0x56057793977c]
38  /opt/conda/envs/gdf/bin/python(_PyEval_EvalFrameDefault+0x37cb) [0x5605779346fb]
39  /opt/conda/envs/gdf/bin/python(+0x1407c2) [0x5605779417c2]
40  /opt/conda/envs/gdf/bin/python(+0x14ddac) [0x56057794edac]
41  /opt/conda/envs/gdf/bin/python(_PyEval_EvalFrameDefault+0x37cb) [0x5605779346fb]
42  /opt/conda/envs/gdf/bin/python(+0x1407c2) [0x5605779417c2]
43  /opt/conda/envs/gdf/bin/python(_PyEval_EvalFrameDefault+0x696) [0x5605779315c6]
44  /opt/conda/envs/gdf/bin/python(+0x12f094) [0x560577930094]
45  /opt/conda/envs/gdf/bin/python(_PyFunction_Vectorcall+0xd9) [0x560577941519]
46  /opt/conda/envs/gdf/bin/python(_PyEval_EvalFrameDefault+0x696) [0x5605779315c6]
47  /opt/conda/envs/gdf/bin/python(+0x1407c2) [0x5605779417c2]
48  /opt/conda/envs/gdf/bin/python(_PyEval_EvalFrameDefault+0x3e2) [0x560577931312]
49  /opt/conda/envs/gdf/bin/python(+0x12f094) [0x560577930094]
50  /opt/conda/envs/gdf/bin/python(_PyFunction_Vectorcall+0xd9) [0x560577941519]
51  /opt/conda/envs/gdf/bin/python(_PyEval_EvalFrameDefault+0x11f8) [0x560577932128]
52  /opt/conda/envs/gdf/bin/python(+0x12f094) [0x560577930094]
53  /opt/conda/envs/gdf/bin/python(_PyEval_EvalCodeWithName+0x48) [0x56057792fd68]
54  /opt/conda/envs/gdf/bin/python(PyEval_EvalCodeEx+0x39) [0x56057792fd19]
55  /opt/conda/envs/gdf/bin/python(PyEval_EvalCode+0x1b) [0x5605779dd07b]
56  /opt/conda/envs/gdf/bin/python(+0x208fca) [0x560577a09fca]
57  /opt/conda/envs/gdf/bin/python(+0x205353) [0x560577a06353]
58  /opt/conda/envs/gdf/bin/python(PyRun_StringFlags+0x9a) [0x5605779fe16a]
59  /opt/conda/envs/gdf/bin/python(PyRun_SimpleStringFlags+0x3c) [0x5605779fe05c]
60  /opt/conda/envs/gdf/bin/python(Py_RunMain+0x267) [0x5605779fd297]
61  /opt/conda/envs/gdf/bin/python(Py_BytesMain+0x37) [0x5605779d0f07]
=================================
2023-11-01 06:22:59,538 - distributed.worker - ERROR - Worker stream died during communication: ucx://127.0.0.1:56223
Traceback (most recent call last):
  File "/opt/conda/envs/gdf/lib/python3.9/site-packages/distributed/comm/ucx.py", line 354, in read
    await self.ep.recv(msg)
  File "/opt/conda/envs/gdf/lib/python3.9/site-packages/ucp/core.py", line 725, in recv
    ret = await comm.tag_recv(self._ep, buffer, nbytes, tag, name=log)
ucp._libs.exceptions.UCXCanceled: <[Recv #028] ep: 0x7f1bf417a380, tag: 0x4284afa20eea267d, nbytes: 16, type: <class 'numpy.ndarray'>>: 

During handling of the above exception, another exception occurred:

Traceback (most recent call last):
  File "/opt/conda/envs/gdf/lib/python3.9/site-packages/distributed/worker.py", line 2059, in gather_dep
    response = await get_data_from_worker(
  File "/opt/conda/envs/gdf/lib/python3.9/site-packages/distributed/worker.py", line 2852, in get_data_from_worker
    response = await send_recv(
  File "/opt/conda/envs/gdf/lib/python3.9/site-packages/distributed/core.py", line 1106, in send_recv
    response = await comm.read(deserializers=deserializers)
  File "/opt/conda/envs/gdf/lib/python3.9/site-packages/distributed/utils.py", line 803, in wrapper
    return await func(*args, **kwargs)
  File "/opt/conda/envs/gdf/lib/python3.9/site-packages/distributed/comm/ucx.py", line 372, in read
    raise CommClosedError(
distributed.comm.core.CommClosedError: Connection closed by writer.
Inner exception: UCXCanceled("<[Recv #028] ep: 0x7f1bf417a380, tag: 0x4284afa20eea267d, nbytes: 16, type: <class 'numpy.ndarray'>>: ")
2023-11-01 06:22:59,538 - distributed.worker - ERROR - Worker stream died during communication: ucx://127.0.0.1:56223
Traceback (most recent call last):
  File "/opt/conda/envs/gdf/lib/python3.9/site-packages/distributed/comm/ucx.py", line 354, in read
    await self.ep.recv(msg)
  File "/opt/conda/envs/gdf/lib/python3.9/site-packages/ucp/core.py", line 725, in recv
    ret = await comm.tag_recv(self._ep, buffer, nbytes, tag, name=log)
ucp._libs.exceptions.UCXCanceled: <[Recv #023] ep: 0x7f8ad9393100, tag: 0x2a6aaa36510a4bbb, nbytes: 16, type: <class 'numpy.ndarray'>>: 

During handling of the above exception, another exception occurred:

Traceback (most recent call last):
  File "/opt/conda/envs/gdf/lib/python3.9/site-packages/distributed/worker.py", line 2059, in gather_dep
    response = await get_data_from_worker(
  File "/opt/conda/envs/gdf/lib/python3.9/site-packages/distributed/worker.py", line 2852, in get_data_from_worker
    response = await send_recv(
  File "/opt/conda/envs/gdf/lib/python3.9/site-packages/distributed/core.py", line 1106, in send_recv
    response = await comm.read(deserializers=deserializers)
  File "/opt/conda/envs/gdf/lib/python3.9/site-packages/distributed/utils.py", line 803, in wrapper
    return await func(*args, **kwargs)
  File "/opt/conda/envs/gdf/lib/python3.9/site-packages/distributed/comm/ucx.py", line 372, in read
    raise CommClosedError(
distributed.comm.core.CommClosedError: Connection closed by writer.
Inner exception: UCXCanceled("<[Recv #023] ep: 0x7f8ad9393100, tag: 0x2a6aaa36510a4bbb, nbytes: 16, type: <class 'numpy.ndarray'>>: ")
2023-11-01 06:22:59,538 - distributed.worker - ERROR - failed during get data with ucx://127.0.0.1:45977 -> ucx://127.0.0.1:56223
Traceback (most recent call last):
  File "/opt/conda/envs/gdf/lib/python3.9/site-packages/distributed/comm/ucx.py", line 338, in write
    await self.ep.send(each_frame)
  File "/opt/conda/envs/gdf/lib/python3.9/site-packages/ucp/core.py", line 650, in send
    return await comm.tag_send(self._ep, buffer, nbytes, tag, name=log)
ucp._libs.exceptions.UCXError: <[Send #012] ep: 0x7f1bf417a180, tag: 0x6e84a7fb6af77431, nbytes: 50000000, type: <class 'cupy.ndarray'>>: Connection reset by remote peer

During handling of the above exception, another exception occurred:

Traceback (most recent call last):
  File "/opt/conda/envs/gdf/lib/python3.9/site-packages/distributed/worker.py", line 1782, in get_data
    compressed = await comm.write(msg, serializers=serializers)
  File "/opt/conda/envs/gdf/lib/python3.9/site-packages/distributed/utils.py", line 803, in wrapper
    return await func(*args, **kwargs)
  File "/opt/conda/envs/gdf/lib/python3.9/site-packages/distributed/comm/ucx.py", line 342, in write
    raise CommClosedError("While writing, the connection was closed")
distributed.comm.core.CommClosedError: While writing, the connection was closed
2023-11-01 06:23:06,482 - distributed.nanny - WARNING - Restarting worker
2023-11-01 06:23:06,518 - distributed.nanny - WARNING - Restarting worker
2023-11-01 06:23:06,522 - distributed.nanny - WARNING - Restarting worker
2023-11-01 06:23:06,559 - distributed.nanny - WARNING - Restarting worker
2023-11-01 06:23:06,587 - distributed.nanny - WARNING - Restarting worker
/opt/conda/envs/gdf/lib/python3.9/multiprocessing/resource_tracker.py:216: UserWarning: resource_tracker: There appear to be 48 leaked semaphore objects to clean up at shutdown
  warnings.warn('resource_tracker: There appear to be %d '
