2023-02-06 22:55:27,324 - distributed.preloading - INFO - Creating preload: dask_cuda.initialize
2023-02-06 22:55:27,324 - distributed.preloading - INFO - Import preload module: dask_cuda.initialize
2023-02-06 22:55:27,347 - distributed.preloading - INFO - Creating preload: dask_cuda.initialize
2023-02-06 22:55:27,348 - distributed.preloading - INFO - Import preload module: dask_cuda.initialize
2023-02-06 22:55:27,356 - distributed.preloading - INFO - Creating preload: dask_cuda.initialize
2023-02-06 22:55:27,356 - distributed.preloading - INFO - Import preload module: dask_cuda.initialize
2023-02-06 22:55:27,367 - distributed.preloading - INFO - Creating preload: dask_cuda.initialize
2023-02-06 22:55:27,367 - distributed.preloading - INFO - Import preload module: dask_cuda.initialize
2023-02-06 22:55:27,375 - distributed.preloading - INFO - Creating preload: dask_cuda.initialize
2023-02-06 22:55:27,375 - distributed.preloading - INFO - Import preload module: dask_cuda.initialize
2023-02-06 22:55:27,380 - distributed.preloading - INFO - Creating preload: dask_cuda.initialize
2023-02-06 22:55:27,380 - distributed.preloading - INFO - Import preload module: dask_cuda.initialize
2023-02-06 22:55:27,393 - distributed.preloading - INFO - Creating preload: dask_cuda.initialize
2023-02-06 22:55:27,393 - distributed.preloading - INFO - Import preload module: dask_cuda.initialize
2023-02-06 22:55:27,490 - distributed.preloading - INFO - Creating preload: dask_cuda.initialize
2023-02-06 22:55:27,490 - distributed.preloading - INFO - Import preload module: dask_cuda.initialize
[dgx13:73258:0:73258] Caught signal 11 (Segmentation fault: address not mapped to object at address 0x448)
==== backtrace (tid:  73258) ====
 0  /datasets/pentschev/miniconda3/envs/gdf/lib/libucs.so.0(ucs_handle_error+0x2d4) [0x7f3a583976b4]
 1  /datasets/pentschev/miniconda3/envs/gdf/lib/libucs.so.0(+0x2d88f) [0x7f3a5839788f]
 2  /datasets/pentschev/miniconda3/envs/gdf/lib/libucs.so.0(+0x2dbb4) [0x7f3a58397bb4]
 3  /lib/x86_64-linux-gnu/libpthread.so.0(+0x12980) [0x7f3acdae7980]
 4  /datasets/pentschev/miniconda3/envs/gdf/lib/libucp.so.0(ucp_mem_type_unpack+0x17) [0x7f3a586131b7]
 5  /datasets/pentschev/miniconda3/envs/gdf/lib/libucp.so.0(ucp_rndv_data_handler+0x508) [0x7f3a5863c638]
 6  /datasets/pentschev/miniconda3/envs/gdf/lib/libuct.so.0(+0x1f0ff) [0x7f3a5814f0ff]
 7  /datasets/pentschev/miniconda3/envs/gdf/lib/libuct.so.0(+0x1f674) [0x7f3a5814f674]
 8  /datasets/pentschev/miniconda3/envs/gdf/lib/libuct.so.0(+0x21a78) [0x7f3a58151a78]
 9  /datasets/pentschev/miniconda3/envs/gdf/lib/libucs.so.0(ucs_event_set_wait+0xb9) [0x7f3a583a18a9]
10  /datasets/pentschev/miniconda3/envs/gdf/lib/libuct.so.0(uct_tcp_iface_progress+0x7b) [0x7f3a58151b1b]
11  /datasets/pentschev/miniconda3/envs/gdf/lib/libucp.so.0(ucp_worker_progress+0x6a) [0x7f3a5860ff5a]
12  /datasets/pentschev/miniconda3/envs/gdf/lib/python3.9/site-packages/ucp/_libs/ucx_api.cpython-39-x86_64-linux-gnu.so(+0x26c79) [0x7f3a588bbc79]
13  /datasets/pentschev/miniconda3/envs/gdf/bin/python(+0x13eb08) [0x557330c5bb08]
14  /datasets/pentschev/miniconda3/envs/gdf/bin/python(_PyEval_EvalFrameDefault+0x5f82) [0x557330c4c112]
15  /datasets/pentschev/miniconda3/envs/gdf/bin/python(+0x12827a) [0x557330c4527a]
16  /datasets/pentschev/miniconda3/envs/gdf/bin/python(_PyFunction_Vectorcall+0xd5) [0x557330c56c05]
17  /datasets/pentschev/miniconda3/envs/gdf/bin/python(_PyEval_EvalFrameDefault+0x68b) [0x557330c4681b]
18  /datasets/pentschev/miniconda3/envs/gdf/bin/python(+0x139ef3) [0x557330c56ef3]
19  /datasets/pentschev/miniconda3/envs/gdf/bin/python(+0x147a16) [0x557330c64a16]
20  /datasets/pentschev/miniconda3/envs/gdf/bin/python(+0x2579b1) [0x557330d749b1]
21  /datasets/pentschev/miniconda3/envs/gdf/bin/python(+0xe5817) [0x557330c02817]
22  /datasets/pentschev/miniconda3/envs/gdf/bin/python(+0x130f83) [0x557330c4df83]
23  /datasets/pentschev/miniconda3/envs/gdf/bin/python(_PyEval_EvalFrameDefault+0x5ba6) [0x557330c4bd36]
24  /datasets/pentschev/miniconda3/envs/gdf/bin/python(+0x139ef3) [0x557330c56ef3]
25  /datasets/pentschev/miniconda3/envs/gdf/bin/python(_PyEval_EvalFrameDefault+0x68b) [0x557330c4681b]
26  /datasets/pentschev/miniconda3/envs/gdf/bin/python(+0x139ef3) [0x557330c56ef3]
27  /datasets/pentschev/miniconda3/envs/gdf/bin/python(_PyEval_EvalFrameDefault+0x68b) [0x557330c4681b]
28  /datasets/pentschev/miniconda3/envs/gdf/bin/python(+0x139ef3) [0x557330c56ef3]
29  /datasets/pentschev/miniconda3/envs/gdf/bin/python(_PyEval_EvalFrameDefault+0x68b) [0x557330c4681b]
30  /datasets/pentschev/miniconda3/envs/gdf/bin/python(+0x139ef3) [0x557330c56ef3]
31  /datasets/pentschev/miniconda3/envs/gdf/bin/python(_PyEval_EvalFrameDefault+0x68b) [0x557330c4681b]
32  /datasets/pentschev/miniconda3/envs/gdf/bin/python(+0x12827a) [0x557330c4527a]
33  /datasets/pentschev/miniconda3/envs/gdf/bin/python(_PyFunction_Vectorcall+0xd5) [0x557330c56c05]
34  /datasets/pentschev/miniconda3/envs/gdf/bin/python(_PyEval_EvalFrameDefault+0x4e17) [0x557330c4afa7]
35  /datasets/pentschev/miniconda3/envs/gdf/bin/python(+0x12827a) [0x557330c4527a]
36  /datasets/pentschev/miniconda3/envs/gdf/bin/python(+0x147935) [0x557330c64935]
37  /datasets/pentschev/miniconda3/envs/gdf/bin/python(PyObject_Call+0xb4) [0x557330c65104]
38  /datasets/pentschev/miniconda3/envs/gdf/bin/python(+0x20efc8) [0x557330d2bfc8]
39  /datasets/pentschev/miniconda3/envs/gdf/bin/python(_PyObject_MakeTpCall+0x2fc) [0x557330c4f2bc]
40  /datasets/pentschev/miniconda3/envs/gdf/bin/python(_PyEval_EvalFrameDefault+0x402b) [0x557330c4a1bb]
41  /datasets/pentschev/miniconda3/envs/gdf/bin/python(+0x139ef3) [0x557330c56ef3]
42  /datasets/pentschev/miniconda3/envs/gdf/bin/python(+0x147c72) [0x557330c64c72]
43  /datasets/pentschev/miniconda3/envs/gdf/bin/python(_PyEval_EvalFrameDefault+0x402b) [0x557330c4a1bb]
44  /datasets/pentschev/miniconda3/envs/gdf/bin/python(+0x139ef3) [0x557330c56ef3]
45  /datasets/pentschev/miniconda3/envs/gdf/bin/python(_PyEval_EvalFrameDefault+0x68b) [0x557330c4681b]
46  /datasets/pentschev/miniconda3/envs/gdf/bin/python(+0x12827a) [0x557330c4527a]
47  /datasets/pentschev/miniconda3/envs/gdf/bin/python(_PyFunction_Vectorcall+0xd5) [0x557330c56c05]
48  /datasets/pentschev/miniconda3/envs/gdf/bin/python(_PyEval_EvalFrameDefault+0x68b) [0x557330c4681b]
49  /datasets/pentschev/miniconda3/envs/gdf/bin/python(+0x139ef3) [0x557330c56ef3]
50  /datasets/pentschev/miniconda3/envs/gdf/bin/python(_PyEval_EvalFrameDefault+0x3d8) [0x557330c46568]
51  /datasets/pentschev/miniconda3/envs/gdf/bin/python(+0x12827a) [0x557330c4527a]
52  /datasets/pentschev/miniconda3/envs/gdf/bin/python(_PyFunction_Vectorcall+0xd5) [0x557330c56c05]
53  /datasets/pentschev/miniconda3/envs/gdf/bin/python(_PyEval_EvalFrameDefault+0x123b) [0x557330c473cb]
54  /datasets/pentschev/miniconda3/envs/gdf/bin/python(+0x12827a) [0x557330c4527a]
55  /datasets/pentschev/miniconda3/envs/gdf/bin/python(_PyEval_EvalCodeWithName+0x47) [0x557330c44f07]
56  /datasets/pentschev/miniconda3/envs/gdf/bin/python(PyEval_EvalCodeEx+0x39) [0x557330c44eb9]
57  /datasets/pentschev/miniconda3/envs/gdf/bin/python(PyEval_EvalCode+0x1b) [0x557330cf58bb]
58  /datasets/pentschev/miniconda3/envs/gdf/bin/python(+0x206adc) [0x557330d23adc]
59  /datasets/pentschev/miniconda3/envs/gdf/bin/python(+0x202c24) [0x557330d1fc24]
60  /datasets/pentschev/miniconda3/envs/gdf/bin/python(PyRun_StringFlags+0x9d) [0x557330d177ed]
61  /datasets/pentschev/miniconda3/envs/gdf/bin/python(PyRun_SimpleStringFlags+0x3d) [0x557330d176bd]
=================================
[dgx13:73254:0:73254] Caught signal 11 (Segmentation fault: address not mapped to object at address 0x448)
==== backtrace (tid:  73254) ====
 0  /datasets/pentschev/miniconda3/envs/gdf/lib/libucs.so.0(ucs_handle_error+0x2d4) [0x7fa21034b6b4]
 1  /datasets/pentschev/miniconda3/envs/gdf/lib/libucs.so.0(+0x2d88f) [0x7fa21034b88f]
 2  /datasets/pentschev/miniconda3/envs/gdf/lib/libucs.so.0(+0x2dbb4) [0x7fa21034bbb4]
 3  /lib/x86_64-linux-gnu/libpthread.so.0(+0x12980) [0x7fa293a93980]
 4  /datasets/pentschev/miniconda3/envs/gdf/lib/libucp.so.0(ucp_mem_type_unpack+0x17) [0x7fa2105c71b7]
 5  /datasets/pentschev/miniconda3/envs/gdf/lib/libucp.so.0(ucp_rndv_data_handler+0x508) [0x7fa2105f0638]
 6  /datasets/pentschev/miniconda3/envs/gdf/lib/libuct.so.0(+0x1f0ff) [0x7fa2101030ff]
 7  /datasets/pentschev/miniconda3/envs/gdf/lib/libuct.so.0(+0x1f674) [0x7fa210103674]
 8  /datasets/pentschev/miniconda3/envs/gdf/lib/libuct.so.0(+0x21a78) [0x7fa210105a78]
 9  /datasets/pentschev/miniconda3/envs/gdf/lib/libucs.so.0(ucs_event_set_wait+0xb9) [0x7fa2103558a9]
10  /datasets/pentschev/miniconda3/envs/gdf/lib/libuct.so.0(uct_tcp_iface_progress+0x7b) [0x7fa210105b1b]
11  /datasets/pentschev/miniconda3/envs/gdf/lib/libucp.so.0(ucp_worker_progress+0x6a) [0x7fa2105c3f5a]
12  /datasets/pentschev/miniconda3/envs/gdf/lib/python3.9/site-packages/ucp/_libs/ucx_api.cpython-39-x86_64-linux-gnu.so(+0x26c79) [0x7fa21086fc79]
13  /datasets/pentschev/miniconda3/envs/gdf/bin/python(+0x13eb08) [0x560238857b08]
14  /datasets/pentschev/miniconda3/envs/gdf/bin/python(_PyEval_EvalFrameDefault+0x5f82) [0x560238848112]
15  /datasets/pentschev/miniconda3/envs/gdf/bin/python(+0x12827a) [0x56023884127a]
16  /datasets/pentschev/miniconda3/envs/gdf/bin/python(_PyFunction_Vectorcall+0xd5) [0x560238852c05]
17  /datasets/pentschev/miniconda3/envs/gdf/bin/python(_PyEval_EvalFrameDefault+0x68b) [0x56023884281b]
18  /datasets/pentschev/miniconda3/envs/gdf/bin/python(+0x14e70e) [0x56023886770e]
19  /datasets/pentschev/miniconda3/envs/gdf/lib/python3.9/lib-dynload/_asyncio.cpython-39-x86_64-linux-gnu.so(+0x82fe) [0x7fa22e0102fe]
20  /datasets/pentschev/miniconda3/envs/gdf/bin/python(_PyObject_MakeTpCall+0x2fc) [0x56023884b2bc]
21  /datasets/pentschev/miniconda3/envs/gdf/bin/python(+0xe5817) [0x5602387fe817]
22  /datasets/pentschev/miniconda3/envs/gdf/bin/python(+0x130f83) [0x560238849f83]
23  /datasets/pentschev/miniconda3/envs/gdf/bin/python(_PyEval_EvalFrameDefault+0x5ba6) [0x560238847d36]
24  /datasets/pentschev/miniconda3/envs/gdf/bin/python(+0x139ef3) [0x560238852ef3]
25  /datasets/pentschev/miniconda3/envs/gdf/bin/python(_PyEval_EvalFrameDefault+0x68b) [0x56023884281b]
26  /datasets/pentschev/miniconda3/envs/gdf/bin/python(+0x139ef3) [0x560238852ef3]
27  /datasets/pentschev/miniconda3/envs/gdf/bin/python(_PyEval_EvalFrameDefault+0x68b) [0x56023884281b]
28  /datasets/pentschev/miniconda3/envs/gdf/bin/python(+0x139ef3) [0x560238852ef3]
29  /datasets/pentschev/miniconda3/envs/gdf/bin/python(_PyEval_EvalFrameDefault+0x68b) [0x56023884281b]
30  /datasets/pentschev/miniconda3/envs/gdf/bin/python(+0x139ef3) [0x560238852ef3]
31  /datasets/pentschev/miniconda3/envs/gdf/bin/python(_PyEval_EvalFrameDefault+0x68b) [0x56023884281b]
32  /datasets/pentschev/miniconda3/envs/gdf/bin/python(+0x12827a) [0x56023884127a]
33  /datasets/pentschev/miniconda3/envs/gdf/bin/python(_PyFunction_Vectorcall+0xd5) [0x560238852c05]
34  /datasets/pentschev/miniconda3/envs/gdf/bin/python(_PyEval_EvalFrameDefault+0x4e17) [0x560238846fa7]
35  /datasets/pentschev/miniconda3/envs/gdf/bin/python(+0x12827a) [0x56023884127a]
36  /datasets/pentschev/miniconda3/envs/gdf/bin/python(+0x147935) [0x560238860935]
37  /datasets/pentschev/miniconda3/envs/gdf/bin/python(PyObject_Call+0xb4) [0x560238861104]
38  /datasets/pentschev/miniconda3/envs/gdf/bin/python(+0x20efc8) [0x560238927fc8]
39  /datasets/pentschev/miniconda3/envs/gdf/bin/python(_PyObject_MakeTpCall+0x2fc) [0x56023884b2bc]
40  /datasets/pentschev/miniconda3/envs/gdf/bin/python(_PyEval_EvalFrameDefault+0x402b) [0x5602388461bb]
41  /datasets/pentschev/miniconda3/envs/gdf/bin/python(+0x139ef3) [0x560238852ef3]
42  /datasets/pentschev/miniconda3/envs/gdf/bin/python(+0x147c72) [0x560238860c72]
43  /datasets/pentschev/miniconda3/envs/gdf/bin/python(_PyEval_EvalFrameDefault+0x402b) [0x5602388461bb]
44  /datasets/pentschev/miniconda3/envs/gdf/bin/python(+0x139ef3) [0x560238852ef3]
45  /datasets/pentschev/miniconda3/envs/gdf/bin/python(_PyEval_EvalFrameDefault+0x68b) [0x56023884281b]
46  /datasets/pentschev/miniconda3/envs/gdf/bin/python(+0x12827a) [0x56023884127a]
47  /datasets/pentschev/miniconda3/envs/gdf/bin/python(_PyFunction_Vectorcall+0xd5) [0x560238852c05]
48  /datasets/pentschev/miniconda3/envs/gdf/bin/python(_PyEval_EvalFrameDefault+0x68b) [0x56023884281b]
49  /datasets/pentschev/miniconda3/envs/gdf/bin/python(+0x139ef3) [0x560238852ef3]
50  /datasets/pentschev/miniconda3/envs/gdf/bin/python(_PyEval_EvalFrameDefault+0x3d8) [0x560238842568]
51  /datasets/pentschev/miniconda3/envs/gdf/bin/python(+0x12827a) [0x56023884127a]
52  /datasets/pentschev/miniconda3/envs/gdf/bin/python(_PyFunction_Vectorcall+0xd5) [0x560238852c05]
53  /datasets/pentschev/miniconda3/envs/gdf/bin/python(_PyEval_EvalFrameDefault+0x123b) [0x5602388433cb]
54  /datasets/pentschev/miniconda3/envs/gdf/bin/python(+0x12827a) [0x56023884127a]
55  /datasets/pentschev/miniconda3/envs/gdf/bin/python(_PyEval_EvalCodeWithName+0x47) [0x560238840f07]
56  /datasets/pentschev/miniconda3/envs/gdf/bin/python(PyEval_EvalCodeEx+0x39) [0x560238840eb9]
57  /datasets/pentschev/miniconda3/envs/gdf/bin/python(PyEval_EvalCode+0x1b) [0x5602388f18bb]
58  /datasets/pentschev/miniconda3/envs/gdf/bin/python(+0x206adc) [0x56023891fadc]
59  /datasets/pentschev/miniconda3/envs/gdf/bin/python(+0x202c24) [0x56023891bc24]
60  /datasets/pentschev/miniconda3/envs/gdf/bin/python(PyRun_StringFlags+0x9d) [0x5602389137ed]
61  /datasets/pentschev/miniconda3/envs/gdf/bin/python(PyRun_SimpleStringFlags+0x3d) [0x5602389136bd]
=================================
[dgx13:73263:0:73263] Caught signal 11 (Segmentation fault: address not mapped to object at address 0x448)
==== backtrace (tid:  73263) ====
 0  /datasets/pentschev/miniconda3/envs/gdf/lib/libucs.so.0(ucs_handle_error+0x2d4) [0x7f240c2496b4]
 1  /datasets/pentschev/miniconda3/envs/gdf/lib/libucs.so.0(+0x2d88f) [0x7f240c24988f]
 2  /datasets/pentschev/miniconda3/envs/gdf/lib/libucs.so.0(+0x2dbb4) [0x7f240c249bb4]
 3  /lib/x86_64-linux-gnu/libpthread.so.0(+0x12980) [0x7f248f9a4980]
 4  /datasets/pentschev/miniconda3/envs/gdf/lib/libucp.so.0(ucp_mem_type_unpack+0x17) [0x7f240c4c51b7]
 5  /datasets/pentschev/miniconda3/envs/gdf/lib/libucp.so.0(ucp_rndv_data_handler+0x508) [0x7f240c4ee638]
 6  /datasets/pentschev/miniconda3/envs/gdf/lib/libuct.so.0(+0x1f0ff) [0x7f2405de50ff]
 7  /datasets/pentschev/miniconda3/envs/gdf/lib/libuct.so.0(+0x1f674) [0x7f2405de5674]
 8  /datasets/pentschev/miniconda3/envs/gdf/lib/libuct.so.0(+0x21a78) [0x7f2405de7a78]
 9  /datasets/pentschev/miniconda3/envs/gdf/lib/libucs.so.0(ucs_event_set_wait+0xb9) [0x7f240c2538a9]
10  /datasets/pentschev/miniconda3/envs/gdf/lib/libuct.so.0(uct_tcp_iface_progress+0x7b) [0x7f2405de7b1b]
11  /datasets/pentschev/miniconda3/envs/gdf/lib/libucp.so.0(ucp_worker_progress+0x6a) [0x7f240c4c1f5a]
12  /datasets/pentschev/miniconda3/envs/gdf/lib/python3.9/site-packages/ucp/_libs/ucx_api.cpython-39-x86_64-linux-gnu.so(+0x26c79) [0x7f240c76dc79]
13  /datasets/pentschev/miniconda3/envs/gdf/bin/python(+0x13eb08) [0x55bf48675b08]
14  /datasets/pentschev/miniconda3/envs/gdf/bin/python(_PyEval_EvalFrameDefault+0x5f82) [0x55bf48666112]
15  /datasets/pentschev/miniconda3/envs/gdf/bin/python(+0x12827a) [0x55bf4865f27a]
16  /datasets/pentschev/miniconda3/envs/gdf/bin/python(_PyFunction_Vectorcall+0xd5) [0x55bf48670c05]
17  /datasets/pentschev/miniconda3/envs/gdf/bin/python(_PyEval_EvalFrameDefault+0x68b) [0x55bf4866081b]
18  /datasets/pentschev/miniconda3/envs/gdf/bin/python(+0x139ef3) [0x55bf48670ef3]
19  /datasets/pentschev/miniconda3/envs/gdf/bin/python(+0x147a16) [0x55bf4867ea16]
20  /datasets/pentschev/miniconda3/envs/gdf/bin/python(+0x2579b1) [0x55bf4878e9b1]
21  /datasets/pentschev/miniconda3/envs/gdf/bin/python(+0xe5817) [0x55bf4861c817]
22  /datasets/pentschev/miniconda3/envs/gdf/bin/python(+0x130f83) [0x55bf48667f83]
23  /datasets/pentschev/miniconda3/envs/gdf/bin/python(_PyEval_EvalFrameDefault+0x5ba6) [0x55bf48665d36]
24  /datasets/pentschev/miniconda3/envs/gdf/bin/python(+0x139ef3) [0x55bf48670ef3]
25  /datasets/pentschev/miniconda3/envs/gdf/bin/python(_PyEval_EvalFrameDefault+0x68b) [0x55bf4866081b]
26  /datasets/pentschev/miniconda3/envs/gdf/bin/python(+0x139ef3) [0x55bf48670ef3]
27  /datasets/pentschev/miniconda3/envs/gdf/bin/python(_PyEval_EvalFrameDefault+0x68b) [0x55bf4866081b]
28  /datasets/pentschev/miniconda3/envs/gdf/bin/python(+0x139ef3) [0x55bf48670ef3]
29  /datasets/pentschev/miniconda3/envs/gdf/bin/python(_PyEval_EvalFrameDefault+0x68b) [0x55bf4866081b]
30  /datasets/pentschev/miniconda3/envs/gdf/bin/python(+0x139ef3) [0x55bf48670ef3]
31  /datasets/pentschev/miniconda3/envs/gdf/bin/python(_PyEval_EvalFrameDefault+0x68b) [0x55bf4866081b]
32  /datasets/pentschev/miniconda3/envs/gdf/bin/python(+0x12827a) [0x55bf4865f27a]
33  /datasets/pentschev/miniconda3/envs/gdf/bin/python(_PyFunction_Vectorcall+0xd5) [0x55bf48670c05]
34  /datasets/pentschev/miniconda3/envs/gdf/bin/python(_PyEval_EvalFrameDefault+0x4e17) [0x55bf48664fa7]
35  /datasets/pentschev/miniconda3/envs/gdf/bin/python(+0x12827a) [0x55bf4865f27a]
36  /datasets/pentschev/miniconda3/envs/gdf/bin/python(+0x147935) [0x55bf4867e935]
37  /datasets/pentschev/miniconda3/envs/gdf/bin/python(PyObject_Call+0xb4) [0x55bf4867f104]
38  /datasets/pentschev/miniconda3/envs/gdf/bin/python(+0x20efc8) [0x55bf48745fc8]
39  /datasets/pentschev/miniconda3/envs/gdf/bin/python(_PyObject_MakeTpCall+0x2fc) [0x55bf486692bc]
40  /datasets/pentschev/miniconda3/envs/gdf/bin/python(_PyEval_EvalFrameDefault+0x402b) [0x55bf486641bb]
41  /datasets/pentschev/miniconda3/envs/gdf/bin/python(+0x139ef3) [0x55bf48670ef3]
42  /datasets/pentschev/miniconda3/envs/gdf/bin/python(+0x147c72) [0x55bf4867ec72]
43  /datasets/pentschev/miniconda3/envs/gdf/bin/python(_PyEval_EvalFrameDefault+0x402b) [0x55bf486641bb]
44  /datasets/pentschev/miniconda3/envs/gdf/bin/python(+0x139ef3) [0x55bf48670ef3]
45  /datasets/pentschev/miniconda3/envs/gdf/bin/python(_PyEval_EvalFrameDefault+0x68b) [0x55bf4866081b]
46  /datasets/pentschev/miniconda3/envs/gdf/bin/python(+0x12827a) [0x55bf4865f27a]
47  /datasets/pentschev/miniconda3/envs/gdf/bin/python(_PyFunction_Vectorcall+0xd5) [0x55bf48670c05]
48  /datasets/pentschev/miniconda3/envs/gdf/bin/python(_PyEval_EvalFrameDefault+0x68b) [0x55bf4866081b]
49  /datasets/pentschev/miniconda3/envs/gdf/bin/python(+0x139ef3) [0x55bf48670ef3]
50  /datasets/pentschev/miniconda3/envs/gdf/bin/python(_PyEval_EvalFrameDefault+0x3d8) [0x55bf48660568]
51  /datasets/pentschev/miniconda3/envs/gdf/bin/python(+0x12827a) [0x55bf4865f27a]
52  /datasets/pentschev/miniconda3/envs/gdf/bin/python(_PyFunction_Vectorcall+0xd5) [0x55bf48670c05]
53  /datasets/pentschev/miniconda3/envs/gdf/bin/python(_PyEval_EvalFrameDefault+0x123b) [0x55bf486613cb]
54  /datasets/pentschev/miniconda3/envs/gdf/bin/python(+0x12827a) [0x55bf4865f27a]
55  /datasets/pentschev/miniconda3/envs/gdf/bin/python(_PyEval_EvalCodeWithName+0x47) [0x55bf4865ef07]
56  /datasets/pentschev/miniconda3/envs/gdf/bin/python(PyEval_EvalCodeEx+0x39) [0x55bf4865eeb9]
57  /datasets/pentschev/miniconda3/envs/gdf/bin/python(PyEval_EvalCode+0x1b) [0x55bf4870f8bb]
58  /datasets/pentschev/miniconda3/envs/gdf/bin/python(+0x206adc) [0x55bf4873dadc]
59  /datasets/pentschev/miniconda3/envs/gdf/bin/python(+0x202c24) [0x55bf48739c24]
60  /datasets/pentschev/miniconda3/envs/gdf/bin/python(PyRun_StringFlags+0x9d) [0x55bf487317ed]
61  /datasets/pentschev/miniconda3/envs/gdf/bin/python(PyRun_SimpleStringFlags+0x3d) [0x55bf487316bd]
=================================
[dgx13:73268:0:73268] Caught signal 11 (Segmentation fault: address not mapped to object at address 0x448)
==== backtrace (tid:  73268) ====
 0  /datasets/pentschev/miniconda3/envs/gdf/lib/libucs.so.0(ucs_handle_error+0x2d4) [0x7f2fe13086b4]
 1  /datasets/pentschev/miniconda3/envs/gdf/lib/libucs.so.0(+0x2d88f) [0x7f2fe130888f]
 2  /datasets/pentschev/miniconda3/envs/gdf/lib/libucs.so.0(+0x2dbb4) [0x7f2fe1308bb4]
 3  /lib/x86_64-linux-gnu/libpthread.so.0(+0x12980) [0x7f3056a7d980]
 4  /datasets/pentschev/miniconda3/envs/gdf/lib/libucp.so.0(ucp_mem_type_unpack+0x17) [0x7f2fe15841b7]
 5  /datasets/pentschev/miniconda3/envs/gdf/lib/libucp.so.0(ucp_rndv_data_handler+0x508) [0x7f2fe15ad638]
 6  /datasets/pentschev/miniconda3/envs/gdf/lib/libuct.so.0(+0x1f0ff) [0x7f2fe10c00ff]
 7  /datasets/pentschev/miniconda3/envs/gdf/lib/libuct.so.0(+0x1f674) [0x7f2fe10c0674]
 8  /datasets/pentschev/miniconda3/envs/gdf/lib/libuct.so.0(+0x21a78) [0x7f2fe10c2a78]
 9  /datasets/pentschev/miniconda3/envs/gdf/lib/libucs.so.0(ucs_event_set_wait+0xb9) [0x7f2fe13128a9]
10  /datasets/pentschev/miniconda3/envs/gdf/lib/libuct.so.0(uct_tcp_iface_progress+0x7b) [0x7f2fe10c2b1b]
11  /datasets/pentschev/miniconda3/envs/gdf/lib/libucp.so.0(ucp_worker_progress+0x6a) [0x7f2fe1580f5a]
12  /datasets/pentschev/miniconda3/envs/gdf/lib/python3.9/site-packages/ucp/_libs/ucx_api.cpython-39-x86_64-linux-gnu.so(+0x26c79) [0x7f2fe182cc79]
13  /datasets/pentschev/miniconda3/envs/gdf/bin/python(+0x13eb08) [0x560bb88bfb08]
14  /datasets/pentschev/miniconda3/envs/gdf/bin/python(_PyEval_EvalFrameDefault+0x5f82) [0x560bb88b0112]
15  /datasets/pentschev/miniconda3/envs/gdf/bin/python(+0x12827a) [0x560bb88a927a]
16  /datasets/pentschev/miniconda3/envs/gdf/bin/python(_PyFunction_Vectorcall+0xd5) [0x560bb88bac05]
17  /datasets/pentschev/miniconda3/envs/gdf/bin/python(_PyEval_EvalFrameDefault+0x68b) [0x560bb88aa81b]
18  /datasets/pentschev/miniconda3/envs/gdf/bin/python(+0x139ef3) [0x560bb88baef3]
19  /datasets/pentschev/miniconda3/envs/gdf/bin/python(+0x147a16) [0x560bb88c8a16]
20  /datasets/pentschev/miniconda3/envs/gdf/bin/python(+0x2579b1) [0x560bb89d89b1]
21  /datasets/pentschev/miniconda3/envs/gdf/bin/python(+0xe5817) [0x560bb8866817]
22  /datasets/pentschev/miniconda3/envs/gdf/bin/python(+0x130f83) [0x560bb88b1f83]
23  /datasets/pentschev/miniconda3/envs/gdf/bin/python(_PyEval_EvalFrameDefault+0x5ba6) [0x560bb88afd36]
24  /datasets/pentschev/miniconda3/envs/gdf/bin/python(+0x139ef3) [0x560bb88baef3]
25  /datasets/pentschev/miniconda3/envs/gdf/bin/python(_PyEval_EvalFrameDefault+0x68b) [0x560bb88aa81b]
26  /datasets/pentschev/miniconda3/envs/gdf/bin/python(+0x139ef3) [0x560bb88baef3]
27  /datasets/pentschev/miniconda3/envs/gdf/bin/python(_PyEval_EvalFrameDefault+0x68b) [0x560bb88aa81b]
28  /datasets/pentschev/miniconda3/envs/gdf/bin/python(+0x139ef3) [0x560bb88baef3]
29  /datasets/pentschev/miniconda3/envs/gdf/bin/python(_PyEval_EvalFrameDefault+0x68b) [0x560bb88aa81b]
30  /datasets/pentschev/miniconda3/envs/gdf/bin/python(+0x139ef3) [0x560bb88baef3]
31  /datasets/pentschev/miniconda3/envs/gdf/bin/python(_PyEval_EvalFrameDefault+0x68b) [0x560bb88aa81b]
32  /datasets/pentschev/miniconda3/envs/gdf/bin/python(+0x12827a) [0x560bb88a927a]
33  /datasets/pentschev/miniconda3/envs/gdf/bin/python(_PyFunction_Vectorcall+0xd5) [0x560bb88bac05]
34  /datasets/pentschev/miniconda3/envs/gdf/bin/python(_PyEval_EvalFrameDefault+0x4e17) [0x560bb88aefa7]
35  /datasets/pentschev/miniconda3/envs/gdf/bin/python(+0x12827a) [0x560bb88a927a]
36  /datasets/pentschev/miniconda3/envs/gdf/bin/python(+0x147935) [0x560bb88c8935]
37  /datasets/pentschev/miniconda3/envs/gdf/bin/python(PyObject_Call+0xb4) [0x560bb88c9104]
38  /datasets/pentschev/miniconda3/envs/gdf/bin/python(+0x20efc8) [0x560bb898ffc8]
39  /datasets/pentschev/miniconda3/envs/gdf/bin/python(_PyObject_MakeTpCall+0x2fc) [0x560bb88b32bc]
40  /datasets/pentschev/miniconda3/envs/gdf/bin/python(_PyEval_EvalFrameDefault+0x402b) [0x560bb88ae1bb]
41  /datasets/pentschev/miniconda3/envs/gdf/bin/python(+0x139ef3) [0x560bb88baef3]
42  /datasets/pentschev/miniconda3/envs/gdf/bin/python(+0x147c72) [0x560bb88c8c72]
43  /datasets/pentschev/miniconda3/envs/gdf/bin/python(_PyEval_EvalFrameDefault+0x402b) [0x560bb88ae1bb]
44  /datasets/pentschev/miniconda3/envs/gdf/bin/python(+0x139ef3) [0x560bb88baef3]
45  /datasets/pentschev/miniconda3/envs/gdf/bin/python(_PyEval_EvalFrameDefault+0x68b) [0x560bb88aa81b]
46  /datasets/pentschev/miniconda3/envs/gdf/bin/python(+0x12827a) [0x560bb88a927a]
47  /datasets/pentschev/miniconda3/envs/gdf/bin/python(_PyFunction_Vectorcall+0xd5) [0x560bb88bac05]
48  /datasets/pentschev/miniconda3/envs/gdf/bin/python(_PyEval_EvalFrameDefault+0x68b) [0x560bb88aa81b]
49  /datasets/pentschev/miniconda3/envs/gdf/bin/python(+0x139ef3) [0x560bb88baef3]
50  /datasets/pentschev/miniconda3/envs/gdf/bin/python(_PyEval_EvalFrameDefault+0x3d8) [0x560bb88aa568]
51  /datasets/pentschev/miniconda3/envs/gdf/bin/python(+0x12827a) [0x560bb88a927a]
52  /datasets/pentschev/miniconda3/envs/gdf/bin/python(_PyFunction_Vectorcall+0xd5) [0x560bb88bac05]
53  /datasets/pentschev/miniconda3/envs/gdf/bin/python(_PyEval_EvalFrameDefault+0x123b) [0x560bb88ab3cb]
54  /datasets/pentschev/miniconda3/envs/gdf/bin/python(+0x12827a) [0x560bb88a927a]
55  /datasets/pentschev/miniconda3/envs/gdf/bin/python(_PyEval_EvalCodeWithName+0x47) [0x560bb88a8f07]
56  /datasets/pentschev/miniconda3/envs/gdf/bin/python(PyEval_EvalCodeEx+0x39) [0x560bb88a8eb9]
57  /datasets/pentschev/miniconda3/envs/gdf/bin/python(PyEval_EvalCode+0x1b) [0x560bb89598bb]
58  /datasets/pentschev/miniconda3/envs/gdf/bin/python(+0x206adc) [0x560bb8987adc]
59  /datasets/pentschev/miniconda3/envs/gdf/bin/python(+0x202c24) [0x560bb8983c24]
60  /datasets/pentschev/miniconda3/envs/gdf/bin/python(PyRun_StringFlags+0x9d) [0x560bb897b7ed]
61  /datasets/pentschev/miniconda3/envs/gdf/bin/python(PyRun_SimpleStringFlags+0x3d) [0x560bb897b6bd]
=================================
[dgx13:73271:0:73271] Caught signal 11 (Segmentation fault: address not mapped to object at address 0x448)
==== backtrace (tid:  73271) ====
 0  /datasets/pentschev/miniconda3/envs/gdf/lib/libucs.so.0(ucs_handle_error+0x2d4) [0x7fc7ad8566b4]
 1  /datasets/pentschev/miniconda3/envs/gdf/lib/libucs.so.0(+0x2d88f) [0x7fc7ad85688f]
 2  /datasets/pentschev/miniconda3/envs/gdf/lib/libucs.so.0(+0x2dbb4) [0x7fc7ad856bb4]
 3  /lib/x86_64-linux-gnu/libpthread.so.0(+0x12980) [0x7fc8310eb980]
 4  /datasets/pentschev/miniconda3/envs/gdf/lib/libucp.so.0(ucp_mem_type_unpack+0x17) [0x7fc7adad21b7]
 5  /datasets/pentschev/miniconda3/envs/gdf/lib/libucp.so.0(ucp_rndv_data_handler+0x508) [0x7fc7adafb638]
 6  /datasets/pentschev/miniconda3/envs/gdf/lib/libuct.so.0(+0x1f0ff) [0x7fc7ad60e0ff]
 7  /datasets/pentschev/miniconda3/envs/gdf/lib/libuct.so.0(+0x1f674) [0x7fc7ad60e674]
 8  /datasets/pentschev/miniconda3/envs/gdf/lib/libuct.so.0(+0x21a78) [0x7fc7ad610a78]
 9  /datasets/pentschev/miniconda3/envs/gdf/lib/libucs.so.0(ucs_event_set_wait+0xb9) [0x7fc7ad8608a9]
10  /datasets/pentschev/miniconda3/envs/gdf/lib/libuct.so.0(uct_tcp_iface_progress+0x7b) [0x7fc7ad610b1b]
11  /datasets/pentschev/miniconda3/envs/gdf/lib/libucp.so.0(ucp_worker_progress+0x6a) [0x7fc7adacef5a]
12  /datasets/pentschev/miniconda3/envs/gdf/lib/python3.9/site-packages/ucp/_libs/ucx_api.cpython-39-x86_64-linux-gnu.so(+0x26c79) [0x7fc7add7ac79]
13  /datasets/pentschev/miniconda3/envs/gdf/bin/python(+0x13eb08) [0x55cf712b8b08]
14  /datasets/pentschev/miniconda3/envs/gdf/bin/python(_PyEval_EvalFrameDefault+0x5f82) [0x55cf712a9112]
15  /datasets/pentschev/miniconda3/envs/gdf/bin/python(+0x12827a) [0x55cf712a227a]
16  /datasets/pentschev/miniconda3/envs/gdf/bin/python(_PyFunction_Vectorcall+0xd5) [0x55cf712b3c05]
17  /datasets/pentschev/miniconda3/envs/gdf/bin/python(_PyEval_EvalFrameDefault+0x68b) [0x55cf712a381b]
18  /datasets/pentschev/miniconda3/envs/gdf/bin/python(+0x14e70e) [0x55cf712c870e]
19  /datasets/pentschev/miniconda3/envs/gdf/lib/python3.9/lib-dynload/_asyncio.cpython-39-x86_64-linux-gnu.so(+0x82fe) [0x7fc7cb66c2fe]
20  /datasets/pentschev/miniconda3/envs/gdf/bin/python(_PyObject_MakeTpCall+0x2fc) [0x55cf712ac2bc]
21  /datasets/pentschev/miniconda3/envs/gdf/bin/python(+0xe5817) [0x55cf7125f817]
22  /datasets/pentschev/miniconda3/envs/gdf/bin/python(+0x130f83) [0x55cf712aaf83]
23  /datasets/pentschev/miniconda3/envs/gdf/bin/python(_PyEval_EvalFrameDefault+0x5ba6) [0x55cf712a8d36]
24  /datasets/pentschev/miniconda3/envs/gdf/bin/python(+0x139ef3) [0x55cf712b3ef3]
25  /datasets/pentschev/miniconda3/envs/gdf/bin/python(_PyEval_EvalFrameDefault+0x68b) [0x55cf712a381b]
26  /datasets/pentschev/miniconda3/envs/gdf/bin/python(+0x139ef3) [0x55cf712b3ef3]
27  /datasets/pentschev/miniconda3/envs/gdf/bin/python(_PyEval_EvalFrameDefault+0x68b) [0x55cf712a381b]
28  /datasets/pentschev/miniconda3/envs/gdf/bin/python(+0x139ef3) [0x55cf712b3ef3]
29  /datasets/pentschev/miniconda3/envs/gdf/bin/python(_PyEval_EvalFrameDefault+0x68b) [0x55cf712a381b]
30  /datasets/pentschev/miniconda3/envs/gdf/bin/python(+0x139ef3) [0x55cf712b3ef3]
31  /datasets/pentschev/miniconda3/envs/gdf/bin/python(_PyEval_EvalFrameDefault+0x68b) [0x55cf712a381b]
32  /datasets/pentschev/miniconda3/envs/gdf/bin/python(+0x12827a) [0x55cf712a227a]
33  /datasets/pentschev/miniconda3/envs/gdf/bin/python(_PyFunction_Vectorcall+0xd5) [0x55cf712b3c05]
34  /datasets/pentschev/miniconda3/envs/gdf/bin/python(_PyEval_EvalFrameDefault+0x4e17) [0x55cf712a7fa7]
35  /datasets/pentschev/miniconda3/envs/gdf/bin/python(+0x12827a) [0x55cf712a227a]
36  /datasets/pentschev/miniconda3/envs/gdf/bin/python(+0x147935) [0x55cf712c1935]
37  /datasets/pentschev/miniconda3/envs/gdf/bin/python(PyObject_Call+0xb4) [0x55cf712c2104]
38  /datasets/pentschev/miniconda3/envs/gdf/bin/python(+0x20efc8) [0x55cf71388fc8]
39  /datasets/pentschev/miniconda3/envs/gdf/bin/python(_PyObject_MakeTpCall+0x2fc) [0x55cf712ac2bc]
40  /datasets/pentschev/miniconda3/envs/gdf/bin/python(_PyEval_EvalFrameDefault+0x402b) [0x55cf712a71bb]
41  /datasets/pentschev/miniconda3/envs/gdf/bin/python(+0x139ef3) [0x55cf712b3ef3]
42  /datasets/pentschev/miniconda3/envs/gdf/bin/python(+0x147c72) [0x55cf712c1c72]
43  /datasets/pentschev/miniconda3/envs/gdf/bin/python(_PyEval_EvalFrameDefault+0x402b) [0x55cf712a71bb]
44  /datasets/pentschev/miniconda3/envs/gdf/bin/python(+0x139ef3) [0x55cf712b3ef3]
45  /datasets/pentschev/miniconda3/envs/gdf/bin/python(_PyEval_EvalFrameDefault+0x68b) [0x55cf712a381b]
46  /datasets/pentschev/miniconda3/envs/gdf/bin/python(+0x12827a) [0x55cf712a227a]
47  /datasets/pentschev/miniconda3/envs/gdf/bin/python(_PyFunction_Vectorcall+0xd5) [0x55cf712b3c05]
48  /datasets/pentschev/miniconda3/envs/gdf/bin/python(_PyEval_EvalFrameDefault+0x68b) [0x55cf712a381b]
49  /datasets/pentschev/miniconda3/envs/gdf/bin/python(+0x139ef3) [0x55cf712b3ef3]
50  /datasets/pentschev/miniconda3/envs/gdf/bin/python(_PyEval_EvalFrameDefault+0x3d8) [0x55cf712a3568]
51  /datasets/pentschev/miniconda3/envs/gdf/bin/python(+0x12827a) [0x55cf712a227a]
52  /datasets/pentschev/miniconda3/envs/gdf/bin/python(_PyFunction_Vectorcall+0xd5) [0x55cf712b3c05]
53  /datasets/pentschev/miniconda3/envs/gdf/bin/python(_PyEval_EvalFrameDefault+0x123b) [0x55cf712a43cb]
54  /datasets/pentschev/miniconda3/envs/gdf/bin/python(+0x12827a) [0x55cf712a227a]
55  /datasets/pentschev/miniconda3/envs/gdf/bin/python(_PyEval_EvalCodeWithName+0x47) [0x55cf712a1f07]
56  /datasets/pentschev/miniconda3/envs/gdf/bin/python(PyEval_EvalCodeEx+0x39) [0x55cf712a1eb9]
57  /datasets/pentschev/miniconda3/envs/gdf/bin/python(PyEval_EvalCode+0x1b) [0x55cf713528bb]
58  /datasets/pentschev/miniconda3/envs/gdf/bin/python(+0x206adc) [0x55cf71380adc]
59  /datasets/pentschev/miniconda3/envs/gdf/bin/python(+0x202c24) [0x55cf7137cc24]
60  /datasets/pentschev/miniconda3/envs/gdf/bin/python(PyRun_StringFlags+0x9d) [0x55cf713747ed]
61  /datasets/pentschev/miniconda3/envs/gdf/bin/python(PyRun_SimpleStringFlags+0x3d) [0x55cf713746bd]
=================================
Task exception was never retrieved
future: <Task finished name='Task-320' coro=<_listener_handler_coroutine() done, defined at /datasets/pentschev/miniconda3/envs/gdf/lib/python3.9/site-packages/ucp/core.py:128> exception=UCXError('<stream_recv>: Endpoint timeout')>
Traceback (most recent call last):
  File "/datasets/pentschev/miniconda3/envs/gdf/lib/python3.9/site-packages/ucp/core.py", line 143, in _listener_handler_coroutine
    peer_info = await exchange_peer_info(
  File "/datasets/pentschev/miniconda3/envs/gdf/lib/python3.9/site-packages/ucp/core.py", line 52, in exchange_peer_info
    await comm.stream_recv(endpoint, peer_info_arr, peer_info_arr.nbytes)
ucp._libs.exceptions.UCXError: <stream_recv>: Endpoint timeout
2023-02-06 22:55:30,688 - distributed.worker - ERROR - Worker stream died during communication: ucx://127.0.0.1:60355
Traceback (most recent call last):
  File "/datasets/pentschev/miniconda3/envs/gdf/lib/python3.9/site-packages/distributed/comm/ucx.py", line 349, in read
    await self.ep.recv(msg)
  File "/datasets/pentschev/miniconda3/envs/gdf/lib/python3.9/site-packages/ucp/core.py", line 725, in recv
    ret = await comm.tag_recv(self._ep, buffer, nbytes, tag, name=log)
ucp._libs.exceptions.UCXCanceled: <[Recv #003] ep: 0x7f353c1611c0, tag: 0xce0d5a1492e8c809, nbytes: 16, type: <class 'numpy.ndarray'>>: 

During handling of the above exception, another exception occurred:

Traceback (most recent call last):
  File "/datasets/pentschev/miniconda3/envs/gdf/lib/python3.9/site-packages/distributed/worker.py", line 2058, in gather_dep
    response = await get_data_from_worker(
  File "/datasets/pentschev/miniconda3/envs/gdf/lib/python3.9/site-packages/distributed/worker.py", line 2872, in get_data_from_worker
    return await retry_operation(_get_data, operation="get_data_from_worker")
  File "/datasets/pentschev/miniconda3/envs/gdf/lib/python3.9/site-packages/distributed/utils_comm.py", line 419, in retry_operation
    return await retry(
  File "/datasets/pentschev/miniconda3/envs/gdf/lib/python3.9/site-packages/distributed/utils_comm.py", line 404, in retry
    return await coro()
  File "/datasets/pentschev/miniconda3/envs/gdf/lib/python3.9/site-packages/distributed/worker.py", line 2852, in _get_data
    response = await send_recv(
  File "/datasets/pentschev/miniconda3/envs/gdf/lib/python3.9/site-packages/distributed/core.py", line 986, in send_recv
    response = await comm.read(deserializers=deserializers)
  File "/datasets/pentschev/miniconda3/envs/gdf/lib/python3.9/site-packages/distributed/utils.py", line 741, in wrapper
    return await func(*args, **kwargs)
  File "/datasets/pentschev/miniconda3/envs/gdf/lib/python3.9/site-packages/distributed/comm/ucx.py", line 367, in read
    raise CommClosedError(
distributed.comm.core.CommClosedError: Connection closed by writer.
Inner exception: UCXCanceled("<[Recv #003] ep: 0x7f353c1611c0, tag: 0xce0d5a1492e8c809, nbytes: 16, type: <class 'numpy.ndarray'>>: ")
2023-02-06 22:55:30,690 - distributed.worker - ERROR - Worker stream died during communication: ucx://127.0.0.1:60355
Traceback (most recent call last):
  File "/datasets/pentschev/miniconda3/envs/gdf/lib/python3.9/site-packages/distributed/comm/ucx.py", line 349, in read
    await self.ep.recv(msg)
  File "/datasets/pentschev/miniconda3/envs/gdf/lib/python3.9/site-packages/ucp/core.py", line 725, in recv
    ret = await comm.tag_recv(self._ep, buffer, nbytes, tag, name=log)
ucp._libs.exceptions.UCXCanceled: <[Recv #000] ep: 0x7f4e64092140, tag: 0x198a48bb8acffcbc, nbytes: 16, type: <class 'numpy.ndarray'>>: 

During handling of the above exception, another exception occurred:

Traceback (most recent call last):
  File "/datasets/pentschev/miniconda3/envs/gdf/lib/python3.9/site-packages/distributed/comm/core.py", line 328, in connect
    handshake = await asyncio.wait_for(comm.read(), time_left())
  File "/datasets/pentschev/miniconda3/envs/gdf/lib/python3.9/asyncio/tasks.py", line 479, in wait_for
    return fut.result()
  File "/datasets/pentschev/miniconda3/envs/gdf/lib/python3.9/site-packages/distributed/utils.py", line 741, in wrapper
    return await func(*args, **kwargs)
  File "/datasets/pentschev/miniconda3/envs/gdf/lib/python3.9/site-packages/distributed/comm/ucx.py", line 367, in read
    raise CommClosedError(
distributed.comm.core.CommClosedError: Connection closed by writer.
Inner exception: UCXCanceled("<[Recv #000] ep: 0x7f4e64092140, tag: 0x198a48bb8acffcbc, nbytes: 16, type: <class 'numpy.ndarray'>>: ")

The above exception was the direct cause of the following exception:

Traceback (most recent call last):
  File "/datasets/pentschev/miniconda3/envs/gdf/lib/python3.9/site-packages/distributed/worker.py", line 2058, in gather_dep
    response = await get_data_from_worker(
  File "/datasets/pentschev/miniconda3/envs/gdf/lib/python3.9/site-packages/distributed/worker.py", line 2872, in get_data_from_worker
    return await retry_operation(_get_data, operation="get_data_from_worker")
  File "/datasets/pentschev/miniconda3/envs/gdf/lib/python3.9/site-packages/distributed/utils_comm.py", line 419, in retry_operation
    return await retry(
  File "/datasets/pentschev/miniconda3/envs/gdf/lib/python3.9/site-packages/distributed/utils_comm.py", line 404, in retry
    return await coro()
  File "/datasets/pentschev/miniconda3/envs/gdf/lib/python3.9/site-packages/distributed/worker.py", line 2849, in _get_data
    comm = await rpc.connect(worker)
  File "/datasets/pentschev/miniconda3/envs/gdf/lib/python3.9/site-packages/distributed/core.py", line 1439, in connect
    return await connect_attempt
  File "/datasets/pentschev/miniconda3/envs/gdf/lib/python3.9/site-packages/distributed/core.py", line 1375, in _connect
    comm = await connect(
  File "/datasets/pentschev/miniconda3/envs/gdf/lib/python3.9/site-packages/distributed/comm/core.py", line 333, in connect
    raise OSError(
OSError: Timed out during handshake while connecting to ucx://127.0.0.1:60355 after 30 s
[dgx13:73274:0:73274] Caught signal 11 (Segmentation fault: address not mapped to object at address 0x448)
==== backtrace (tid:  73274) ====
 0  /datasets/pentschev/miniconda3/envs/gdf/lib/libucs.so.0(ucs_handle_error+0x2d4) [0x7f6c003cc6b4]
 1  /datasets/pentschev/miniconda3/envs/gdf/lib/libucs.so.0(+0x2d88f) [0x7f6c003cc88f]
 2  /datasets/pentschev/miniconda3/envs/gdf/lib/libucs.so.0(+0x2dbb4) [0x7f6c003ccbb4]
 3  /lib/x86_64-linux-gnu/libpthread.so.0(+0x12980) [0x7f6c83b2c980]
 4  /datasets/pentschev/miniconda3/envs/gdf/lib/libucp.so.0(ucp_mem_type_unpack+0x17) [0x7f6c006481b7]
 5  /datasets/pentschev/miniconda3/envs/gdf/lib/libucp.so.0(ucp_rndv_data_handler+0x508) [0x7f6c00671638]
 6  /datasets/pentschev/miniconda3/envs/gdf/lib/libuct.so.0(+0x1f0ff) [0x7f6c001840ff]
 7  /datasets/pentschev/miniconda3/envs/gdf/lib/libuct.so.0(+0x1f674) [0x7f6c00184674]
 8  /datasets/pentschev/miniconda3/envs/gdf/lib/libuct.so.0(+0x21a78) [0x7f6c00186a78]
 9  /datasets/pentschev/miniconda3/envs/gdf/lib/libucs.so.0(ucs_event_set_wait+0xb9) [0x7f6c003d68a9]
10  /datasets/pentschev/miniconda3/envs/gdf/lib/libuct.so.0(uct_tcp_iface_progress+0x7b) [0x7f6c00186b1b]
11  /datasets/pentschev/miniconda3/envs/gdf/lib/libucp.so.0(ucp_worker_progress+0x6a) [0x7f6c00644f5a]
12  /datasets/pentschev/miniconda3/envs/gdf/lib/python3.9/site-packages/ucp/_libs/ucx_api.cpython-39-x86_64-linux-gnu.so(+0x26c79) [0x7f6c008f0c79]
13  /datasets/pentschev/miniconda3/envs/gdf/bin/python(+0x13eb08) [0x564c91204b08]
14  /datasets/pentschev/miniconda3/envs/gdf/bin/python(_PyEval_EvalFrameDefault+0x5f82) [0x564c911f5112]
15  /datasets/pentschev/miniconda3/envs/gdf/bin/python(+0x12827a) [0x564c911ee27a]
16  /datasets/pentschev/miniconda3/envs/gdf/bin/python(_PyFunction_Vectorcall+0xd5) [0x564c911ffc05]
17  /datasets/pentschev/miniconda3/envs/gdf/bin/python(_PyEval_EvalFrameDefault+0x68b) [0x564c911ef81b]
18  /datasets/pentschev/miniconda3/envs/gdf/bin/python(+0x139ef3) [0x564c911ffef3]
19  /datasets/pentschev/miniconda3/envs/gdf/bin/python(+0x147a16) [0x564c9120da16]
20  /datasets/pentschev/miniconda3/envs/gdf/bin/python(+0x2579b1) [0x564c9131d9b1]
21  /datasets/pentschev/miniconda3/envs/gdf/bin/python(+0xe5817) [0x564c911ab817]
22  /datasets/pentschev/miniconda3/envs/gdf/bin/python(+0x130f83) [0x564c911f6f83]
23  /datasets/pentschev/miniconda3/envs/gdf/bin/python(_PyEval_EvalFrameDefault+0x5ba6) [0x564c911f4d36]
24  /datasets/pentschev/miniconda3/envs/gdf/bin/python(+0x139ef3) [0x564c911ffef3]
25  /datasets/pentschev/miniconda3/envs/gdf/bin/python(_PyEval_EvalFrameDefault+0x68b) [0x564c911ef81b]
26  /datasets/pentschev/miniconda3/envs/gdf/bin/python(+0x139ef3) [0x564c911ffef3]
27  /datasets/pentschev/miniconda3/envs/gdf/bin/python(_PyEval_EvalFrameDefault+0x68b) [0x564c911ef81b]
28  /datasets/pentschev/miniconda3/envs/gdf/bin/python(+0x139ef3) [0x564c911ffef3]
29  /datasets/pentschev/miniconda3/envs/gdf/bin/python(_PyEval_EvalFrameDefault+0x68b) [0x564c911ef81b]
30  /datasets/pentschev/miniconda3/envs/gdf/bin/python(+0x139ef3) [0x564c911ffef3]
31  /datasets/pentschev/miniconda3/envs/gdf/bin/python(_PyEval_EvalFrameDefault+0x68b) [0x564c911ef81b]
32  /datasets/pentschev/miniconda3/envs/gdf/bin/python(+0x12827a) [0x564c911ee27a]
33  /datasets/pentschev/miniconda3/envs/gdf/bin/python(_PyFunction_Vectorcall+0xd5) [0x564c911ffc05]
34  /datasets/pentschev/miniconda3/envs/gdf/bin/python(_PyEval_EvalFrameDefault+0x4e17) [0x564c911f3fa7]
35  /datasets/pentschev/miniconda3/envs/gdf/bin/python(+0x12827a) [0x564c911ee27a]
36  /datasets/pentschev/miniconda3/envs/gdf/bin/python(+0x147935) [0x564c9120d935]
37  /datasets/pentschev/miniconda3/envs/gdf/bin/python(PyObject_Call+0xb4) [0x564c9120e104]
38  /datasets/pentschev/miniconda3/envs/gdf/bin/python(+0x20efc8) [0x564c912d4fc8]
39  /datasets/pentschev/miniconda3/envs/gdf/bin/python(_PyObject_MakeTpCall+0x2fc) [0x564c911f82bc]
40  /datasets/pentschev/miniconda3/envs/gdf/bin/python(_PyEval_EvalFrameDefault+0x402b) [0x564c911f31bb]
41  /datasets/pentschev/miniconda3/envs/gdf/bin/python(+0x139ef3) [0x564c911ffef3]
42  /datasets/pentschev/miniconda3/envs/gdf/bin/python(+0x147c72) [0x564c9120dc72]
43  /datasets/pentschev/miniconda3/envs/gdf/bin/python(_PyEval_EvalFrameDefault+0x402b) [0x564c911f31bb]
44  /datasets/pentschev/miniconda3/envs/gdf/bin/python(+0x139ef3) [0x564c911ffef3]
45  /datasets/pentschev/miniconda3/envs/gdf/bin/python(_PyEval_EvalFrameDefault+0x68b) [0x564c911ef81b]
46  /datasets/pentschev/miniconda3/envs/gdf/bin/python(+0x12827a) [0x564c911ee27a]
47  /datasets/pentschev/miniconda3/envs/gdf/bin/python(_PyFunction_Vectorcall+0xd5) [0x564c911ffc05]
48  /datasets/pentschev/miniconda3/envs/gdf/bin/python(_PyEval_EvalFrameDefault+0x68b) [0x564c911ef81b]
49  /datasets/pentschev/miniconda3/envs/gdf/bin/python(+0x139ef3) [0x564c911ffef3]
50  /datasets/pentschev/miniconda3/envs/gdf/bin/python(_PyEval_EvalFrameDefault+0x3d8) [0x564c911ef568]
51  /datasets/pentschev/miniconda3/envs/gdf/bin/python(+0x12827a) [0x564c911ee27a]
52  /datasets/pentschev/miniconda3/envs/gdf/bin/python(_PyFunction_Vectorcall+0xd5) [0x564c911ffc05]
53  /datasets/pentschev/miniconda3/envs/gdf/bin/python(_PyEval_EvalFrameDefault+0x123b) [0x564c911f03cb]
54  /datasets/pentschev/miniconda3/envs/gdf/bin/python(+0x12827a) [0x564c911ee27a]
55  /datasets/pentschev/miniconda3/envs/gdf/bin/python(_PyEval_EvalCodeWithName+0x47) [0x564c911edf07]
56  /datasets/pentschev/miniconda3/envs/gdf/bin/python(PyEval_EvalCodeEx+0x39) [0x564c911edeb9]
57  /datasets/pentschev/miniconda3/envs/gdf/bin/python(PyEval_EvalCode+0x1b) [0x564c9129e8bb]
58  /datasets/pentschev/miniconda3/envs/gdf/bin/python(+0x206adc) [0x564c912ccadc]
59  /datasets/pentschev/miniconda3/envs/gdf/bin/python(+0x202c24) [0x564c912c8c24]
60  /datasets/pentschev/miniconda3/envs/gdf/bin/python(PyRun_StringFlags+0x9d) [0x564c912c07ed]
61  /datasets/pentschev/miniconda3/envs/gdf/bin/python(PyRun_SimpleStringFlags+0x3d) [0x564c912c06bd]
=================================
2023-02-06 22:55:30,717 - distributed.worker - ERROR - failed during get data with ucx://127.0.0.1:58615 -> ucx://127.0.0.1:38895
Traceback (most recent call last):
  File "/datasets/pentschev/miniconda3/envs/gdf/lib/python3.9/site-packages/distributed/comm/ucx.py", line 333, in write
    await self.ep.send(each_frame)
  File "/datasets/pentschev/miniconda3/envs/gdf/lib/python3.9/site-packages/ucp/core.py", line 650, in send
    return await comm.tag_send(self._ep, buffer, nbytes, tag, name=log)
ucp._libs.exceptions.UCXError: <[Send #007] ep: 0x7f353c161300, tag: 0x147ba5eb0b5ef1a2, nbytes: 50000000, type: <class 'cupy.ndarray'>>: Endpoint timeout

During handling of the above exception, another exception occurred:

Traceback (most recent call last):
  File "/datasets/pentschev/miniconda3/envs/gdf/lib/python3.9/site-packages/distributed/worker.py", line 1766, in get_data
    compressed = await comm.write(msg, serializers=serializers)
  File "/datasets/pentschev/miniconda3/envs/gdf/lib/python3.9/site-packages/distributed/utils.py", line 741, in wrapper
    return await func(*args, **kwargs)
  File "/datasets/pentschev/miniconda3/envs/gdf/lib/python3.9/site-packages/distributed/comm/ucx.py", line 337, in write
    raise CommClosedError("While writing, the connection was closed")
distributed.comm.core.CommClosedError: While writing, the connection was closed
2023-02-06 22:55:30,738 - distributed.worker - ERROR - failed during get data with ucx://127.0.0.1:44989 -> ucx://127.0.0.1:54875
Traceback (most recent call last):
  File "/datasets/pentschev/miniconda3/envs/gdf/lib/python3.9/site-packages/distributed/comm/ucx.py", line 333, in write
    await self.ep.send(each_frame)
  File "/datasets/pentschev/miniconda3/envs/gdf/lib/python3.9/site-packages/ucp/core.py", line 650, in send
    return await comm.tag_send(self._ep, buffer, nbytes, tag, name=log)
ucp._libs.exceptions.UCXError: <[Send #007] ep: 0x7f4e64092300, tag: 0xb167ed32e2d85cf7, nbytes: 50000000, type: <class 'cupy.ndarray'>>: Endpoint timeout

During handling of the above exception, another exception occurred:

Traceback (most recent call last):
  File "/datasets/pentschev/miniconda3/envs/gdf/lib/python3.9/site-packages/distributed/worker.py", line 1766, in get_data
    compressed = await comm.write(msg, serializers=serializers)
  File "/datasets/pentschev/miniconda3/envs/gdf/lib/python3.9/site-packages/distributed/utils.py", line 741, in wrapper
    return await func(*args, **kwargs)
  File "/datasets/pentschev/miniconda3/envs/gdf/lib/python3.9/site-packages/distributed/comm/ucx.py", line 337, in write
    raise CommClosedError("While writing, the connection was closed")
distributed.comm.core.CommClosedError: While writing, the connection was closed
2023-02-06 22:55:30,738 - distributed.worker - ERROR - Worker stream died during communication: ucx://127.0.0.1:54875
Traceback (most recent call last):
  File "/datasets/pentschev/miniconda3/envs/gdf/lib/python3.9/site-packages/distributed/comm/ucx.py", line 349, in read
    await self.ep.recv(msg)
  File "/datasets/pentschev/miniconda3/envs/gdf/lib/python3.9/site-packages/ucp/core.py", line 725, in recv
    ret = await comm.tag_recv(self._ep, buffer, nbytes, tag, name=log)
ucp._libs.exceptions.UCXCanceled: <[Recv #003] ep: 0x7f4e64092200, tag: 0xe6aad1c396d4c77a, nbytes: 16, type: <class 'numpy.ndarray'>>: 

During handling of the above exception, another exception occurred:

Traceback (most recent call last):
  File "/datasets/pentschev/miniconda3/envs/gdf/lib/python3.9/site-packages/distributed/worker.py", line 2058, in gather_dep
    response = await get_data_from_worker(
  File "/datasets/pentschev/miniconda3/envs/gdf/lib/python3.9/site-packages/distributed/worker.py", line 2872, in get_data_from_worker
    return await retry_operation(_get_data, operation="get_data_from_worker")
  File "/datasets/pentschev/miniconda3/envs/gdf/lib/python3.9/site-packages/distributed/utils_comm.py", line 419, in retry_operation
    return await retry(
  File "/datasets/pentschev/miniconda3/envs/gdf/lib/python3.9/site-packages/distributed/utils_comm.py", line 404, in retry
    return await coro()
  File "/datasets/pentschev/miniconda3/envs/gdf/lib/python3.9/site-packages/distributed/worker.py", line 2852, in _get_data
    response = await send_recv(
  File "/datasets/pentschev/miniconda3/envs/gdf/lib/python3.9/site-packages/distributed/core.py", line 986, in send_recv
    response = await comm.read(deserializers=deserializers)
  File "/datasets/pentschev/miniconda3/envs/gdf/lib/python3.9/site-packages/distributed/utils.py", line 741, in wrapper
    return await func(*args, **kwargs)
  File "/datasets/pentschev/miniconda3/envs/gdf/lib/python3.9/site-packages/distributed/comm/ucx.py", line 367, in read
    raise CommClosedError(
distributed.comm.core.CommClosedError: Connection closed by writer.
Inner exception: UCXCanceled("<[Recv #003] ep: 0x7f4e64092200, tag: 0xe6aad1c396d4c77a, nbytes: 16, type: <class 'numpy.ndarray'>>: ")
Task exception was never retrieved
future: <Task finished name='Task-393' coro=<_listener_handler_coroutine() done, defined at /datasets/pentschev/miniconda3/envs/gdf/lib/python3.9/site-packages/ucp/core.py:128> exception=UCXError('<stream_send>: Connection reset by remote peer')>
Traceback (most recent call last):
  File "/datasets/pentschev/miniconda3/envs/gdf/lib/python3.9/site-packages/ucp/core.py", line 143, in _listener_handler_coroutine
    peer_info = await exchange_peer_info(
  File "/datasets/pentschev/miniconda3/envs/gdf/lib/python3.9/site-packages/ucp/core.py", line 51, in exchange_peer_info
    await comm.stream_send(endpoint, my_info_arr, my_info_arr.nbytes)
ucp._libs.exceptions.UCXError: <stream_send>: Connection reset by remote peer
2023-02-06 22:55:30,747 - distributed.worker - ERROR - Worker stream died during communication: ucx://127.0.0.1:58325
Traceback (most recent call last):
  File "/datasets/pentschev/miniconda3/envs/gdf/lib/python3.9/site-packages/distributed/comm/ucx.py", line 391, in read
    await self.ep.recv(each_frame)
  File "/datasets/pentschev/miniconda3/envs/gdf/lib/python3.9/site-packages/ucp/core.py", line 725, in recv
    ret = await comm.tag_recv(self._ep, buffer, nbytes, tag, name=log)
ucp._libs.exceptions.UCXError: <[Recv #007] ep: 0x7f4e640921c0, tag: 0xdc2709f5efeb05e7, nbytes: 50000000, type: <class 'rmm._lib.device_buffer.DeviceBuffer'>>: Endpoint timeout

During handling of the above exception, another exception occurred:

Traceback (most recent call last):
  File "/datasets/pentschev/miniconda3/envs/gdf/lib/python3.9/site-packages/distributed/worker.py", line 2058, in gather_dep
    response = await get_data_from_worker(
  File "/datasets/pentschev/miniconda3/envs/gdf/lib/python3.9/site-packages/distributed/worker.py", line 2872, in get_data_from_worker
    return await retry_operation(_get_data, operation="get_data_from_worker")
  File "/datasets/pentschev/miniconda3/envs/gdf/lib/python3.9/site-packages/distributed/utils_comm.py", line 419, in retry_operation
    return await retry(
  File "/datasets/pentschev/miniconda3/envs/gdf/lib/python3.9/site-packages/distributed/utils_comm.py", line 404, in retry
    return await coro()
  File "/datasets/pentschev/miniconda3/envs/gdf/lib/python3.9/site-packages/distributed/worker.py", line 2852, in _get_data
    response = await send_recv(
  File "/datasets/pentschev/miniconda3/envs/gdf/lib/python3.9/site-packages/distributed/core.py", line 986, in send_recv
    response = await comm.read(deserializers=deserializers)
  File "/datasets/pentschev/miniconda3/envs/gdf/lib/python3.9/site-packages/distributed/utils.py", line 741, in wrapper
    return await func(*args, **kwargs)
  File "/datasets/pentschev/miniconda3/envs/gdf/lib/python3.9/site-packages/distributed/comm/ucx.py", line 397, in read
    raise CommClosedError(
distributed.comm.core.CommClosedError: Connection closed by writer.
Inner exception: UCXError("<[Recv #007] ep: 0x7f4e640921c0, tag: 0xdc2709f5efeb05e7, nbytes: 50000000, type: <class 'rmm._lib.device_buffer.DeviceBuffer'>>: Endpoint timeout")
2023-02-06 22:55:30,747 - distributed.worker - ERROR - Worker stream died during communication: ucx://127.0.0.1:58325
Traceback (most recent call last):
  File "/datasets/pentschev/miniconda3/envs/gdf/lib/python3.9/site-packages/distributed/comm/ucx.py", line 391, in read
    await self.ep.recv(each_frame)
  File "/datasets/pentschev/miniconda3/envs/gdf/lib/python3.9/site-packages/ucp/core.py", line 725, in recv
    ret = await comm.tag_recv(self._ep, buffer, nbytes, tag, name=log)
ucp._libs.exceptions.UCXError: <[Recv #007] ep: 0x7f353c161100, tag: 0x56ef464f17baaee0, nbytes: 50000000, type: <class 'rmm._lib.device_buffer.DeviceBuffer'>>: Endpoint timeout

During handling of the above exception, another exception occurred:

Traceback (most recent call last):
  File "/datasets/pentschev/miniconda3/envs/gdf/lib/python3.9/site-packages/distributed/worker.py", line 2058, in gather_dep
    response = await get_data_from_worker(
  File "/datasets/pentschev/miniconda3/envs/gdf/lib/python3.9/site-packages/distributed/worker.py", line 2872, in get_data_from_worker
    return await retry_operation(_get_data, operation="get_data_from_worker")
  File "/datasets/pentschev/miniconda3/envs/gdf/lib/python3.9/site-packages/distributed/utils_comm.py", line 419, in retry_operation
    return await retry(
  File "/datasets/pentschev/miniconda3/envs/gdf/lib/python3.9/site-packages/distributed/utils_comm.py", line 404, in retry
    return await coro()
  File "/datasets/pentschev/miniconda3/envs/gdf/lib/python3.9/site-packages/distributed/worker.py", line 2852, in _get_data
    response = await send_recv(
  File "/datasets/pentschev/miniconda3/envs/gdf/lib/python3.9/site-packages/distributed/core.py", line 986, in send_recv
    response = await comm.read(deserializers=deserializers)
  File "/datasets/pentschev/miniconda3/envs/gdf/lib/python3.9/site-packages/distributed/utils.py", line 741, in wrapper
    return await func(*args, **kwargs)
  File "/datasets/pentschev/miniconda3/envs/gdf/lib/python3.9/site-packages/distributed/comm/ucx.py", line 397, in read
    raise CommClosedError(
distributed.comm.core.CommClosedError: Connection closed by writer.
Inner exception: UCXError("<[Recv #007] ep: 0x7f353c161100, tag: 0x56ef464f17baaee0, nbytes: 50000000, type: <class 'rmm._lib.device_buffer.DeviceBuffer'>>: Endpoint timeout")
2023-02-06 22:55:30,748 - distributed.worker - ERROR - failed during get data with ucx://127.0.0.1:44989 -> ucx://127.0.0.1:58325
Traceback (most recent call last):
  File "/datasets/pentschev/miniconda3/envs/gdf/lib/python3.9/site-packages/distributed/comm/ucx.py", line 333, in write
    await self.ep.send(each_frame)
  File "/datasets/pentschev/miniconda3/envs/gdf/lib/python3.9/site-packages/ucp/core.py", line 650, in send
    return await comm.tag_send(self._ep, buffer, nbytes, tag, name=log)
ucp._libs.exceptions.UCXError: <[Send #007] ep: 0x7f4e64092340, tag: 0xb6dfad1e265ed6d6, nbytes: 50000000, type: <class 'cupy.ndarray'>>: Endpoint timeout

During handling of the above exception, another exception occurred:

Traceback (most recent call last):
  File "/datasets/pentschev/miniconda3/envs/gdf/lib/python3.9/site-packages/distributed/worker.py", line 1766, in get_data
    compressed = await comm.write(msg, serializers=serializers)
  File "/datasets/pentschev/miniconda3/envs/gdf/lib/python3.9/site-packages/distributed/utils.py", line 741, in wrapper
    return await func(*args, **kwargs)
  File "/datasets/pentschev/miniconda3/envs/gdf/lib/python3.9/site-packages/distributed/comm/ucx.py", line 337, in write
    raise CommClosedError("While writing, the connection was closed")
distributed.comm.core.CommClosedError: While writing, the connection was closed
2023-02-06 22:55:30,748 - distributed.worker - ERROR - failed during get data with ucx://127.0.0.1:58615 -> ucx://127.0.0.1:58325
Traceback (most recent call last):
  File "/datasets/pentschev/miniconda3/envs/gdf/lib/python3.9/site-packages/distributed/comm/ucx.py", line 333, in write
    await self.ep.send(each_frame)
  File "/datasets/pentschev/miniconda3/envs/gdf/lib/python3.9/site-packages/ucp/core.py", line 650, in send
    return await comm.tag_send(self._ep, buffer, nbytes, tag, name=log)
ucp._libs.exceptions.UCXError: <[Send #007] ep: 0x7f353c161200, tag: 0x8d387bc727e5ea77, nbytes: 50000000, type: <class 'cupy.ndarray'>>: Endpoint timeout

During handling of the above exception, another exception occurred:

Traceback (most recent call last):
  File "/datasets/pentschev/miniconda3/envs/gdf/lib/python3.9/site-packages/distributed/worker.py", line 1766, in get_data
    compressed = await comm.write(msg, serializers=serializers)
  File "/datasets/pentschev/miniconda3/envs/gdf/lib/python3.9/site-packages/distributed/utils.py", line 741, in wrapper
    return await func(*args, **kwargs)
  File "/datasets/pentschev/miniconda3/envs/gdf/lib/python3.9/site-packages/distributed/comm/ucx.py", line 337, in write
    raise CommClosedError("While writing, the connection was closed")
distributed.comm.core.CommClosedError: While writing, the connection was closed
2023-02-06 22:55:30,759 - distributed.nanny - WARNING - Restarting worker
2023-02-06 22:55:30,849 - distributed.worker - ERROR - Worker stream died during communication: ucx://127.0.0.1:41145
Traceback (most recent call last):
  File "/datasets/pentschev/miniconda3/envs/gdf/lib/python3.9/site-packages/distributed/comm/ucx.py", line 391, in read
    await self.ep.recv(each_frame)
  File "/datasets/pentschev/miniconda3/envs/gdf/lib/python3.9/site-packages/ucp/core.py", line 725, in recv
    ret = await comm.tag_recv(self._ep, buffer, nbytes, tag, name=log)
ucp._libs.exceptions.UCXError: <[Recv #007] ep: 0x7f4e64092100, tag: 0xbdc21c9d1fcb2dc0, nbytes: 50000000, type: <class 'rmm._lib.device_buffer.DeviceBuffer'>>: Endpoint timeout

During handling of the above exception, another exception occurred:

Traceback (most recent call last):
  File "/datasets/pentschev/miniconda3/envs/gdf/lib/python3.9/site-packages/distributed/worker.py", line 2058, in gather_dep
    response = await get_data_from_worker(
  File "/datasets/pentschev/miniconda3/envs/gdf/lib/python3.9/site-packages/distributed/worker.py", line 2872, in get_data_from_worker
    return await retry_operation(_get_data, operation="get_data_from_worker")
  File "/datasets/pentschev/miniconda3/envs/gdf/lib/python3.9/site-packages/distributed/utils_comm.py", line 419, in retry_operation
    return await retry(
  File "/datasets/pentschev/miniconda3/envs/gdf/lib/python3.9/site-packages/distributed/utils_comm.py", line 404, in retry
    return await coro()
  File "/datasets/pentschev/miniconda3/envs/gdf/lib/python3.9/site-packages/distributed/worker.py", line 2852, in _get_data
    response = await send_recv(
  File "/datasets/pentschev/miniconda3/envs/gdf/lib/python3.9/site-packages/distributed/core.py", line 986, in send_recv
    response = await comm.read(deserializers=deserializers)
  File "/datasets/pentschev/miniconda3/envs/gdf/lib/python3.9/site-packages/distributed/utils.py", line 741, in wrapper
    return await func(*args, **kwargs)
  File "/datasets/pentschev/miniconda3/envs/gdf/lib/python3.9/site-packages/distributed/comm/ucx.py", line 397, in read
    raise CommClosedError(
distributed.comm.core.CommClosedError: Connection closed by writer.
Inner exception: UCXError("<[Recv #007] ep: 0x7f4e64092100, tag: 0xbdc21c9d1fcb2dc0, nbytes: 50000000, type: <class 'rmm._lib.device_buffer.DeviceBuffer'>>: Endpoint timeout")
2023-02-06 22:55:30,850 - distributed.worker - ERROR - failed during get data with ucx://127.0.0.1:44989 -> ucx://127.0.0.1:41145
Traceback (most recent call last):
  File "/datasets/pentschev/miniconda3/envs/gdf/lib/python3.9/site-packages/distributed/comm/ucx.py", line 333, in write
    await self.ep.send(each_frame)
  File "/datasets/pentschev/miniconda3/envs/gdf/lib/python3.9/site-packages/ucp/core.py", line 650, in send
    return await comm.tag_send(self._ep, buffer, nbytes, tag, name=log)
ucp._libs.exceptions.UCXError: <[Send #007] ep: 0x7f4e64092240, tag: 0xafd4e0e5b5b5bc6d, nbytes: 50000000, type: <class 'cupy.ndarray'>>: Endpoint timeout

During handling of the above exception, another exception occurred:

Traceback (most recent call last):
  File "/datasets/pentschev/miniconda3/envs/gdf/lib/python3.9/site-packages/distributed/worker.py", line 1766, in get_data
    compressed = await comm.write(msg, serializers=serializers)
  File "/datasets/pentschev/miniconda3/envs/gdf/lib/python3.9/site-packages/distributed/utils.py", line 741, in wrapper
    return await func(*args, **kwargs)
  File "/datasets/pentschev/miniconda3/envs/gdf/lib/python3.9/site-packages/distributed/comm/ucx.py", line 337, in write
    raise CommClosedError("While writing, the connection was closed")
distributed.comm.core.CommClosedError: While writing, the connection was closed
2023-02-06 22:55:30,956 - distributed.worker - ERROR - Worker stream died during communication: ucx://127.0.0.1:41145
Traceback (most recent call last):
  File "/datasets/pentschev/miniconda3/envs/gdf/lib/python3.9/site-packages/distributed/comm/ucx.py", line 349, in read
    await self.ep.recv(msg)
  File "/datasets/pentschev/miniconda3/envs/gdf/lib/python3.9/site-packages/ucp/core.py", line 725, in recv
    ret = await comm.tag_recv(self._ep, buffer, nbytes, tag, name=log)
ucp._libs.exceptions.UCXCanceled: <[Recv #008] ep: 0x7f353c161140, tag: 0x858c022cbc93b5c7, nbytes: 16, type: <class 'numpy.ndarray'>>: 

During handling of the above exception, another exception occurred:

Traceback (most recent call last):
  File "/datasets/pentschev/miniconda3/envs/gdf/lib/python3.9/site-packages/distributed/worker.py", line 2058, in gather_dep
    response = await get_data_from_worker(
  File "/datasets/pentschev/miniconda3/envs/gdf/lib/python3.9/site-packages/distributed/worker.py", line 2872, in get_data_from_worker
    return await retry_operation(_get_data, operation="get_data_from_worker")
  File "/datasets/pentschev/miniconda3/envs/gdf/lib/python3.9/site-packages/distributed/utils_comm.py", line 419, in retry_operation
    return await retry(
  File "/datasets/pentschev/miniconda3/envs/gdf/lib/python3.9/site-packages/distributed/utils_comm.py", line 404, in retry
    return await coro()
  File "/datasets/pentschev/miniconda3/envs/gdf/lib/python3.9/site-packages/distributed/worker.py", line 2852, in _get_data
    response = await send_recv(
  File "/datasets/pentschev/miniconda3/envs/gdf/lib/python3.9/site-packages/distributed/core.py", line 986, in send_recv
    response = await comm.read(deserializers=deserializers)
  File "/datasets/pentschev/miniconda3/envs/gdf/lib/python3.9/site-packages/distributed/utils.py", line 741, in wrapper
    return await func(*args, **kwargs)
  File "/datasets/pentschev/miniconda3/envs/gdf/lib/python3.9/site-packages/distributed/comm/ucx.py", line 367, in read
    raise CommClosedError(
distributed.comm.core.CommClosedError: Connection closed by writer.
Inner exception: UCXCanceled("<[Recv #008] ep: 0x7f353c161140, tag: 0x858c022cbc93b5c7, nbytes: 16, type: <class 'numpy.ndarray'>>: ")
2023-02-06 22:55:30,975 - distributed.nanny - WARNING - Restarting worker
2023-02-06 22:55:30,977 - distributed.nanny - WARNING - Restarting worker
2023-02-06 22:55:30,993 - distributed.nanny - WARNING - Restarting worker
2023-02-06 22:55:31,007 - distributed.nanny - WARNING - Restarting worker
2023-02-06 22:55:31,036 - distributed.nanny - WARNING - Restarting worker
2023-02-06 22:55:32,645 - distributed.preloading - INFO - Creating preload: dask_cuda.initialize
2023-02-06 22:55:32,645 - distributed.preloading - INFO - Import preload module: dask_cuda.initialize
2023-02-06 22:55:32,746 - distributed.preloading - INFO - Creating preload: dask_cuda.initialize
2023-02-06 22:55:32,746 - distributed.preloading - INFO - Import preload module: dask_cuda.initialize
2023-02-06 22:55:32,755 - distributed.preloading - INFO - Creating preload: dask_cuda.initialize
2023-02-06 22:55:32,755 - distributed.preloading - INFO - Import preload module: dask_cuda.initialize
2023-02-06 22:55:32,763 - distributed.preloading - INFO - Creating preload: dask_cuda.initialize
2023-02-06 22:55:32,763 - distributed.preloading - INFO - Import preload module: dask_cuda.initialize
2023-02-06 22:55:32,769 - distributed.preloading - INFO - Creating preload: dask_cuda.initialize
2023-02-06 22:55:32,770 - distributed.preloading - INFO - Import preload module: dask_cuda.initialize
2023-02-06 22:55:32,846 - distributed.preloading - INFO - Creating preload: dask_cuda.initialize
2023-02-06 22:55:32,846 - distributed.preloading - INFO - Import preload module: dask_cuda.initialize
2023-02-06 22:56:00,976 - distributed.worker - ERROR - Worker stream died during communication: ucx://127.0.0.1:41145
Traceback (most recent call last):
  File "/datasets/pentschev/miniconda3/envs/gdf/lib/python3.9/site-packages/distributed/comm/ucx.py", line 466, in connect
    ep = await ucp.create_endpoint(ip, port)
  File "/datasets/pentschev/miniconda3/envs/gdf/lib/python3.9/site-packages/ucp/core.py", line 1004, in create_endpoint
    return await _get_ctx().create_endpoint(
  File "/datasets/pentschev/miniconda3/envs/gdf/lib/python3.9/site-packages/ucp/core.py", line 316, in create_endpoint
    peer_info = await exchange_peer_info(
  File "/datasets/pentschev/miniconda3/envs/gdf/lib/python3.9/site-packages/ucp/core.py", line 54, in exchange_peer_info
    await comm.stream_recv(endpoint, peer_info_arr, peer_info_arr.nbytes)
asyncio.exceptions.CancelledError

During handling of the above exception, another exception occurred:

Traceback (most recent call last):
  File "/datasets/pentschev/miniconda3/envs/gdf/lib/python3.9/asyncio/tasks.py", line 490, in wait_for
    return fut.result()
asyncio.exceptions.CancelledError

The above exception was the direct cause of the following exception:

Traceback (most recent call last):
  File "/datasets/pentschev/miniconda3/envs/gdf/lib/python3.9/site-packages/distributed/comm/core.py", line 291, in connect
    comm = await asyncio.wait_for(
  File "/datasets/pentschev/miniconda3/envs/gdf/lib/python3.9/asyncio/tasks.py", line 492, in wait_for
    raise exceptions.TimeoutError() from exc
asyncio.exceptions.TimeoutError

The above exception was the direct cause of the following exception:

Traceback (most recent call last):
  File "/datasets/pentschev/miniconda3/envs/gdf/lib/python3.9/site-packages/distributed/worker.py", line 2058, in gather_dep
    response = await get_data_from_worker(
  File "/datasets/pentschev/miniconda3/envs/gdf/lib/python3.9/site-packages/distributed/worker.py", line 2872, in get_data_from_worker
    return await retry_operation(_get_data, operation="get_data_from_worker")
  File "/datasets/pentschev/miniconda3/envs/gdf/lib/python3.9/site-packages/distributed/utils_comm.py", line 419, in retry_operation
    return await retry(
  File "/datasets/pentschev/miniconda3/envs/gdf/lib/python3.9/site-packages/distributed/utils_comm.py", line 404, in retry
    return await coro()
  File "/datasets/pentschev/miniconda3/envs/gdf/lib/python3.9/site-packages/distributed/worker.py", line 2849, in _get_data
    comm = await rpc.connect(worker)
  File "/datasets/pentschev/miniconda3/envs/gdf/lib/python3.9/site-packages/distributed/core.py", line 1439, in connect
    return await connect_attempt
  File "/datasets/pentschev/miniconda3/envs/gdf/lib/python3.9/site-packages/distributed/core.py", line 1375, in _connect
    comm = await connect(
  File "/datasets/pentschev/miniconda3/envs/gdf/lib/python3.9/site-packages/distributed/comm/core.py", line 317, in connect
    raise OSError(
OSError: Timed out trying to connect to ucx://127.0.0.1:41145 after 30 s
[dgx13:73421:0:73421] Caught signal 11 (Segmentation fault: address not mapped to object at address 0x448)
==== backtrace (tid:  73421) ====
 0  /datasets/pentschev/miniconda3/envs/gdf/lib/libucs.so.0(ucs_handle_error+0x2d4) [0x7fec94e236b4]
 1  /datasets/pentschev/miniconda3/envs/gdf/lib/libucs.so.0(+0x2d88f) [0x7fec94e2388f]
 2  /datasets/pentschev/miniconda3/envs/gdf/lib/libucs.so.0(+0x2dbb4) [0x7fec94e23bb4]
 3  /lib/x86_64-linux-gnu/libpthread.so.0(+0x12980) [0x7fed185e4980]
 4  /datasets/pentschev/miniconda3/envs/gdf/lib/libucp.so.0(ucp_mem_type_unpack+0x17) [0x7fec9509f1b7]
 5  /datasets/pentschev/miniconda3/envs/gdf/lib/libucp.so.0(ucp_rndv_data_handler+0x508) [0x7fec950c8638]
 6  /datasets/pentschev/miniconda3/envs/gdf/lib/libuct.so.0(+0x1f0ff) [0x7fec94bdb0ff]
 7  /datasets/pentschev/miniconda3/envs/gdf/lib/libuct.so.0(+0x1f674) [0x7fec94bdb674]
 8  /datasets/pentschev/miniconda3/envs/gdf/lib/libuct.so.0(+0x21a78) [0x7fec94bdda78]
 9  /datasets/pentschev/miniconda3/envs/gdf/lib/libucs.so.0(ucs_event_set_wait+0xb9) [0x7fec94e2d8a9]
10  /datasets/pentschev/miniconda3/envs/gdf/lib/libuct.so.0(uct_tcp_iface_progress+0x7b) [0x7fec94bddb1b]
11  /datasets/pentschev/miniconda3/envs/gdf/lib/libucp.so.0(ucp_worker_progress+0x6a) [0x7fec9509bf5a]
12  /datasets/pentschev/miniconda3/envs/gdf/lib/python3.9/site-packages/ucp/_libs/ucx_api.cpython-39-x86_64-linux-gnu.so(+0x26c79) [0x7fec95347c79]
13  /datasets/pentschev/miniconda3/envs/gdf/bin/python(+0x13eb08) [0x55e18ee3fb08]
14  /datasets/pentschev/miniconda3/envs/gdf/bin/python(_PyEval_EvalFrameDefault+0x5f82) [0x55e18ee30112]
15  /datasets/pentschev/miniconda3/envs/gdf/bin/python(+0x12827a) [0x55e18ee2927a]
16  /datasets/pentschev/miniconda3/envs/gdf/bin/python(_PyFunction_Vectorcall+0xd5) [0x55e18ee3ac05]
17  /datasets/pentschev/miniconda3/envs/gdf/bin/python(_PyEval_EvalFrameDefault+0x68b) [0x55e18ee2a81b]
18  /datasets/pentschev/miniconda3/envs/gdf/bin/python(+0x139ef3) [0x55e18ee3aef3]
19  /datasets/pentschev/miniconda3/envs/gdf/bin/python(+0x147a16) [0x55e18ee48a16]
20  /datasets/pentschev/miniconda3/envs/gdf/bin/python(+0x2579b1) [0x55e18ef589b1]
21  /datasets/pentschev/miniconda3/envs/gdf/bin/python(+0xe5817) [0x55e18ede6817]
22  /datasets/pentschev/miniconda3/envs/gdf/bin/python(+0x130f83) [0x55e18ee31f83]
23  /datasets/pentschev/miniconda3/envs/gdf/bin/python(_PyEval_EvalFrameDefault+0x5ba6) [0x55e18ee2fd36]
24  /datasets/pentschev/miniconda3/envs/gdf/bin/python(+0x139ef3) [0x55e18ee3aef3]
25  /datasets/pentschev/miniconda3/envs/gdf/bin/python(_PyEval_EvalFrameDefault+0x68b) [0x55e18ee2a81b]
26  /datasets/pentschev/miniconda3/envs/gdf/bin/python(+0x139ef3) [0x55e18ee3aef3]
27  /datasets/pentschev/miniconda3/envs/gdf/bin/python(_PyEval_EvalFrameDefault+0x68b) [0x55e18ee2a81b]
28  /datasets/pentschev/miniconda3/envs/gdf/bin/python(+0x139ef3) [0x55e18ee3aef3]
29  /datasets/pentschev/miniconda3/envs/gdf/bin/python(_PyEval_EvalFrameDefault+0x68b) [0x55e18ee2a81b]
30  /datasets/pentschev/miniconda3/envs/gdf/bin/python(+0x139ef3) [0x55e18ee3aef3]
31  /datasets/pentschev/miniconda3/envs/gdf/bin/python(_PyEval_EvalFrameDefault+0x68b) [0x55e18ee2a81b]
32  /datasets/pentschev/miniconda3/envs/gdf/bin/python(+0x12827a) [0x55e18ee2927a]
33  /datasets/pentschev/miniconda3/envs/gdf/bin/python(_PyFunction_Vectorcall+0xd5) [0x55e18ee3ac05]
34  /datasets/pentschev/miniconda3/envs/gdf/bin/python(_PyEval_EvalFrameDefault+0x4e17) [0x55e18ee2efa7]
35  /datasets/pentschev/miniconda3/envs/gdf/bin/python(+0x12827a) [0x55e18ee2927a]
36  /datasets/pentschev/miniconda3/envs/gdf/bin/python(+0x147935) [0x55e18ee48935]
37  /datasets/pentschev/miniconda3/envs/gdf/bin/python(PyObject_Call+0xb4) [0x55e18ee49104]
38  /datasets/pentschev/miniconda3/envs/gdf/bin/python(+0x20efc8) [0x55e18ef0ffc8]
39  /datasets/pentschev/miniconda3/envs/gdf/bin/python(_PyObject_MakeTpCall+0x2fc) [0x55e18ee332bc]
40  /datasets/pentschev/miniconda3/envs/gdf/bin/python(_PyEval_EvalFrameDefault+0x402b) [0x55e18ee2e1bb]
41  /datasets/pentschev/miniconda3/envs/gdf/bin/python(+0x139ef3) [0x55e18ee3aef3]
42  /datasets/pentschev/miniconda3/envs/gdf/bin/python(+0x147c72) [0x55e18ee48c72]
43  /datasets/pentschev/miniconda3/envs/gdf/bin/python(_PyEval_EvalFrameDefault+0x402b) [0x55e18ee2e1bb]
44  /datasets/pentschev/miniconda3/envs/gdf/bin/python(+0x139ef3) [0x55e18ee3aef3]
45  /datasets/pentschev/miniconda3/envs/gdf/bin/python(_PyEval_EvalFrameDefault+0x68b) [0x55e18ee2a81b]
46  /datasets/pentschev/miniconda3/envs/gdf/bin/python(+0x12827a) [0x55e18ee2927a]
47  /datasets/pentschev/miniconda3/envs/gdf/bin/python(_PyFunction_Vectorcall+0xd5) [0x55e18ee3ac05]
48  /datasets/pentschev/miniconda3/envs/gdf/bin/python(_PyEval_EvalFrameDefault+0x68b) [0x55e18ee2a81b]
49  /datasets/pentschev/miniconda3/envs/gdf/bin/python(+0x139ef3) [0x55e18ee3aef3]
50  /datasets/pentschev/miniconda3/envs/gdf/bin/python(_PyEval_EvalFrameDefault+0x3d8) [0x55e18ee2a568]
51  /datasets/pentschev/miniconda3/envs/gdf/bin/python(+0x12827a) [0x55e18ee2927a]
52  /datasets/pentschev/miniconda3/envs/gdf/bin/python(_PyFunction_Vectorcall+0xd5) [0x55e18ee3ac05]
53  /datasets/pentschev/miniconda3/envs/gdf/bin/python(_PyEval_EvalFrameDefault+0x123b) [0x55e18ee2b3cb]
54  /datasets/pentschev/miniconda3/envs/gdf/bin/python(+0x12827a) [0x55e18ee2927a]
55  /datasets/pentschev/miniconda3/envs/gdf/bin/python(_PyEval_EvalCodeWithName+0x47) [0x55e18ee28f07]
56  /datasets/pentschev/miniconda3/envs/gdf/bin/python(PyEval_EvalCodeEx+0x39) [0x55e18ee28eb9]
57  /datasets/pentschev/miniconda3/envs/gdf/bin/python(PyEval_EvalCode+0x1b) [0x55e18eed98bb]
58  /datasets/pentschev/miniconda3/envs/gdf/bin/python(+0x206adc) [0x55e18ef07adc]
59  /datasets/pentschev/miniconda3/envs/gdf/bin/python(+0x202c24) [0x55e18ef03c24]
60  /datasets/pentschev/miniconda3/envs/gdf/bin/python(PyRun_StringFlags+0x9d) [0x55e18eefb7ed]
61  /datasets/pentschev/miniconda3/envs/gdf/bin/python(PyRun_SimpleStringFlags+0x3d) [0x55e18eefb6bd]
=================================
[dgx13:73427:0:73427] Caught signal 11 (Segmentation fault: address not mapped to object at address 0x448)
==== backtrace (tid:  73427) ====
 0  /datasets/pentschev/miniconda3/envs/gdf/lib/libucs.so.0(ucs_handle_error+0x2d4) [0x7f3a8e0536b4]
 1  /datasets/pentschev/miniconda3/envs/gdf/lib/libucs.so.0(+0x2d88f) [0x7f3a8e05388f]
 2  /datasets/pentschev/miniconda3/envs/gdf/lib/libucs.so.0(+0x2dbb4) [0x7f3a8e053bb4]
 3  /lib/x86_64-linux-gnu/libpthread.so.0(+0x12980) [0x7f3b036b1980]
 4  /datasets/pentschev/miniconda3/envs/gdf/lib/libucp.so.0(ucp_mem_type_unpack+0x17) [0x7f3a8e2cf1b7]
 5  /datasets/pentschev/miniconda3/envs/gdf/lib/libucp.so.0(ucp_rndv_data_handler+0x508) [0x7f3a8e2f8638]
 6  /datasets/pentschev/miniconda3/envs/gdf/lib/libuct.so.0(+0x1f0ff) [0x7f3a8de0b0ff]
 7  /datasets/pentschev/miniconda3/envs/gdf/lib/libuct.so.0(+0x1f674) [0x7f3a8de0b674]
 8  /datasets/pentschev/miniconda3/envs/gdf/lib/libuct.so.0(+0x21a78) [0x7f3a8de0da78]
 9  /datasets/pentschev/miniconda3/envs/gdf/lib/libucs.so.0(ucs_event_set_wait+0xb9) [0x7f3a8e05d8a9]
10  /datasets/pentschev/miniconda3/envs/gdf/lib/libuct.so.0(uct_tcp_iface_progress+0x7b) [0x7f3a8de0db1b]
11  /datasets/pentschev/miniconda3/envs/gdf/lib/libucp.so.0(ucp_worker_progress+0x6a) [0x7f3a8e2cbf5a]
12  /datasets/pentschev/miniconda3/envs/gdf/lib/python3.9/site-packages/ucp/_libs/ucx_api.cpython-39-x86_64-linux-gnu.so(+0x26c79) [0x7f3a8e577c79]
13  /datasets/pentschev/miniconda3/envs/gdf/bin/python(+0x13eb08) [0x55d7bf34eb08]
14  /datasets/pentschev/miniconda3/envs/gdf/bin/python(_PyEval_EvalFrameDefault+0x5f82) [0x55d7bf33f112]
15  /datasets/pentschev/miniconda3/envs/gdf/bin/python(+0x12827a) [0x55d7bf33827a]
16  /datasets/pentschev/miniconda3/envs/gdf/bin/python(_PyFunction_Vectorcall+0xd5) [0x55d7bf349c05]
17  /datasets/pentschev/miniconda3/envs/gdf/bin/python(_PyEval_EvalFrameDefault+0x68b) [0x55d7bf33981b]
18  /datasets/pentschev/miniconda3/envs/gdf/bin/python(+0x139ef3) [0x55d7bf349ef3]
19  /datasets/pentschev/miniconda3/envs/gdf/bin/python(+0x147a16) [0x55d7bf357a16]
20  /datasets/pentschev/miniconda3/envs/gdf/bin/python(+0x2579b1) [0x55d7bf4679b1]
21  /datasets/pentschev/miniconda3/envs/gdf/bin/python(+0xe5817) [0x55d7bf2f5817]
22  /datasets/pentschev/miniconda3/envs/gdf/bin/python(+0x130f83) [0x55d7bf340f83]
23  /datasets/pentschev/miniconda3/envs/gdf/bin/python(_PyEval_EvalFrameDefault+0x5ba6) [0x55d7bf33ed36]
24  /datasets/pentschev/miniconda3/envs/gdf/bin/python(+0x139ef3) [0x55d7bf349ef3]
25  /datasets/pentschev/miniconda3/envs/gdf/bin/python(_PyEval_EvalFrameDefault+0x68b) [0x55d7bf33981b]
26  /datasets/pentschev/miniconda3/envs/gdf/bin/python(+0x139ef3) [0x55d7bf349ef3]
27  /datasets/pentschev/miniconda3/envs/gdf/bin/python(_PyEval_EvalFrameDefault+0x68b) [0x55d7bf33981b]
28  /datasets/pentschev/miniconda3/envs/gdf/bin/python(+0x139ef3) [0x55d7bf349ef3]
29  /datasets/pentschev/miniconda3/envs/gdf/bin/python(_PyEval_EvalFrameDefault+0x68b) [0x55d7bf33981b]
30  /datasets/pentschev/miniconda3/envs/gdf/bin/python(+0x139ef3) [0x55d7bf349ef3]
31  /datasets/pentschev/miniconda3/envs/gdf/bin/python(_PyEval_EvalFrameDefault+0x68b) [0x55d7bf33981b]
32  /datasets/pentschev/miniconda3/envs/gdf/bin/python(+0x12827a) [0x55d7bf33827a]
33  /datasets/pentschev/miniconda3/envs/gdf/bin/python(_PyFunction_Vectorcall+0xd5) [0x55d7bf349c05]
34  /datasets/pentschev/miniconda3/envs/gdf/bin/python(_PyEval_EvalFrameDefault+0x4e17) [0x55d7bf33dfa7]
35  /datasets/pentschev/miniconda3/envs/gdf/bin/python(+0x12827a) [0x55d7bf33827a]
36  /datasets/pentschev/miniconda3/envs/gdf/bin/python(+0x147935) [0x55d7bf357935]
37  /datasets/pentschev/miniconda3/envs/gdf/bin/python(PyObject_Call+0xb4) [0x55d7bf358104]
38  /datasets/pentschev/miniconda3/envs/gdf/bin/python(+0x20efc8) [0x55d7bf41efc8]
39  /datasets/pentschev/miniconda3/envs/gdf/bin/python(_PyObject_MakeTpCall+0x2fc) [0x55d7bf3422bc]
40  /datasets/pentschev/miniconda3/envs/gdf/bin/python(_PyEval_EvalFrameDefault+0x402b) [0x55d7bf33d1bb]
41  /datasets/pentschev/miniconda3/envs/gdf/bin/python(+0x139ef3) [0x55d7bf349ef3]
42  /datasets/pentschev/miniconda3/envs/gdf/bin/python(+0x147c72) [0x55d7bf357c72]
43  /datasets/pentschev/miniconda3/envs/gdf/bin/python(_PyEval_EvalFrameDefault+0x402b) [0x55d7bf33d1bb]
44  /datasets/pentschev/miniconda3/envs/gdf/bin/python(+0x139ef3) [0x55d7bf349ef3]
45  /datasets/pentschev/miniconda3/envs/gdf/bin/python(_PyEval_EvalFrameDefault+0x68b) [0x55d7bf33981b]
46  /datasets/pentschev/miniconda3/envs/gdf/bin/python(+0x12827a) [0x55d7bf33827a]
47  /datasets/pentschev/miniconda3/envs/gdf/bin/python(_PyFunction_Vectorcall+0xd5) [0x55d7bf349c05]
48  /datasets/pentschev/miniconda3/envs/gdf/bin/python(_PyEval_EvalFrameDefault+0x68b) [0x55d7bf33981b]
49  /datasets/pentschev/miniconda3/envs/gdf/bin/python(+0x139ef3) [0x55d7bf349ef3]
50  /datasets/pentschev/miniconda3/envs/gdf/bin/python(_PyEval_EvalFrameDefault+0x3d8) [0x55d7bf339568]
51  /datasets/pentschev/miniconda3/envs/gdf/bin/python(+0x12827a) [0x55d7bf33827a]
52  /datasets/pentschev/miniconda3/envs/gdf/bin/python(_PyFunction_Vectorcall+0xd5) [0x55d7bf349c05]
53  /datasets/pentschev/miniconda3/envs/gdf/bin/python(_PyEval_EvalFrameDefault+0x123b) [0x55d7bf33a3cb]
54  /datasets/pentschev/miniconda3/envs/gdf/bin/python(+0x12827a) [0x55d7bf33827a]
55  /datasets/pentschev/miniconda3/envs/gdf/bin/python(_PyEval_EvalCodeWithName+0x47) [0x55d7bf337f07]
56  /datasets/pentschev/miniconda3/envs/gdf/bin/python(PyEval_EvalCodeEx+0x39) [0x55d7bf337eb9]
57  /datasets/pentschev/miniconda3/envs/gdf/bin/python(PyEval_EvalCode+0x1b) [0x55d7bf3e88bb]
58  /datasets/pentschev/miniconda3/envs/gdf/bin/python(+0x206adc) [0x55d7bf416adc]
59  /datasets/pentschev/miniconda3/envs/gdf/bin/python(+0x202c24) [0x55d7bf412c24]
60  /datasets/pentschev/miniconda3/envs/gdf/bin/python(PyRun_StringFlags+0x9d) [0x55d7bf40a7ed]
61  /datasets/pentschev/miniconda3/envs/gdf/bin/python(PyRun_SimpleStringFlags+0x3d) [0x55d7bf40a6bd]
=================================
2023-02-06 22:56:01,804 - distributed.worker - ERROR - failed during get data with ucx://127.0.0.1:44989 -> ucx://127.0.0.1:59195
Traceback (most recent call last):
  File "/datasets/pentschev/miniconda3/envs/gdf/lib/python3.9/site-packages/distributed/comm/ucx.py", line 333, in write
    await self.ep.send(each_frame)
  File "/datasets/pentschev/miniconda3/envs/gdf/lib/python3.9/site-packages/ucp/core.py", line 650, in send
    return await comm.tag_send(self._ep, buffer, nbytes, tag, name=log)
ucp._libs.exceptions.UCXError: <[Send #007] ep: 0x7f4e64092300, tag: 0xa207d5d542373a02, nbytes: 50000000, type: <class 'cupy.ndarray'>>: Endpoint timeout

During handling of the above exception, another exception occurred:

Traceback (most recent call last):
  File "/datasets/pentschev/miniconda3/envs/gdf/lib/python3.9/site-packages/distributed/worker.py", line 1766, in get_data
    compressed = await comm.write(msg, serializers=serializers)
  File "/datasets/pentschev/miniconda3/envs/gdf/lib/python3.9/site-packages/distributed/utils.py", line 741, in wrapper
    return await func(*args, **kwargs)
  File "/datasets/pentschev/miniconda3/envs/gdf/lib/python3.9/site-packages/distributed/comm/ucx.py", line 337, in write
    raise CommClosedError("While writing, the connection was closed")
distributed.comm.core.CommClosedError: While writing, the connection was closed
2023-02-06 22:56:01,814 - distributed.worker - ERROR - failed during get data with ucx://127.0.0.1:58615 -> ucx://127.0.0.1:59195
Traceback (most recent call last):
  File "/datasets/pentschev/miniconda3/envs/gdf/lib/python3.9/site-packages/distributed/comm/ucx.py", line 333, in write
    await self.ep.send(each_frame)
  File "/datasets/pentschev/miniconda3/envs/gdf/lib/python3.9/site-packages/ucp/core.py", line 650, in send
    return await comm.tag_send(self._ep, buffer, nbytes, tag, name=log)
ucp._libs.exceptions.UCXError: <[Send #007] ep: 0x7f353c161300, tag: 0xbd0ebe4cf60f1614, nbytes: 50000000, type: <class 'cupy.ndarray'>>: Endpoint timeout

During handling of the above exception, another exception occurred:

Traceback (most recent call last):
  File "/datasets/pentschev/miniconda3/envs/gdf/lib/python3.9/site-packages/distributed/worker.py", line 1766, in get_data
    compressed = await comm.write(msg, serializers=serializers)
  File "/datasets/pentschev/miniconda3/envs/gdf/lib/python3.9/site-packages/distributed/utils.py", line 741, in wrapper
    return await func(*args, **kwargs)
  File "/datasets/pentschev/miniconda3/envs/gdf/lib/python3.9/site-packages/distributed/comm/ucx.py", line 337, in write
    raise CommClosedError("While writing, the connection was closed")
distributed.comm.core.CommClosedError: While writing, the connection was closed
2023-02-06 22:56:01,815 - distributed.worker - ERROR - failed during get data with ucx://127.0.0.1:44989 -> ucx://127.0.0.1:44911
Traceback (most recent call last):
  File "/datasets/pentschev/miniconda3/envs/gdf/lib/python3.9/site-packages/distributed/comm/ucx.py", line 333, in write
    await self.ep.send(each_frame)
  File "/datasets/pentschev/miniconda3/envs/gdf/lib/python3.9/site-packages/ucp/core.py", line 650, in send
    return await comm.tag_send(self._ep, buffer, nbytes, tag, name=log)
ucp._libs.exceptions.UCXError: <[Send #007] ep: 0x7f4e64092140, tag: 0x414f0a8774662db7, nbytes: 50000000, type: <class 'cupy.ndarray'>>: Endpoint timeout

During handling of the above exception, another exception occurred:

Traceback (most recent call last):
  File "/datasets/pentschev/miniconda3/envs/gdf/lib/python3.9/site-packages/distributed/worker.py", line 1766, in get_data
    compressed = await comm.write(msg, serializers=serializers)
  File "/datasets/pentschev/miniconda3/envs/gdf/lib/python3.9/site-packages/distributed/utils.py", line 741, in wrapper
    return await func(*args, **kwargs)
  File "/datasets/pentschev/miniconda3/envs/gdf/lib/python3.9/site-packages/distributed/comm/ucx.py", line 337, in write
    raise CommClosedError("While writing, the connection was closed")
distributed.comm.core.CommClosedError: While writing, the connection was closed
2023-02-06 22:56:01,820 - distributed.worker - ERROR - failed during get data with ucx://127.0.0.1:58615 -> ucx://127.0.0.1:44911
Traceback (most recent call last):
  File "/datasets/pentschev/miniconda3/envs/gdf/lib/python3.9/site-packages/distributed/comm/ucx.py", line 333, in write
    await self.ep.send(each_frame)
  File "/datasets/pentschev/miniconda3/envs/gdf/lib/python3.9/site-packages/ucp/core.py", line 650, in send
    return await comm.tag_send(self._ep, buffer, nbytes, tag, name=log)
ucp._libs.exceptions.UCXError: <[Send #007] ep: 0x7f353c1612c0, tag: 0x4be5329da6e50394, nbytes: 50000000, type: <class 'cupy.ndarray'>>: Endpoint timeout

During handling of the above exception, another exception occurred:

Traceback (most recent call last):
  File "/datasets/pentschev/miniconda3/envs/gdf/lib/python3.9/site-packages/distributed/worker.py", line 1766, in get_data
    compressed = await comm.write(msg, serializers=serializers)
  File "/datasets/pentschev/miniconda3/envs/gdf/lib/python3.9/site-packages/distributed/utils.py", line 741, in wrapper
    return await func(*args, **kwargs)
  File "/datasets/pentschev/miniconda3/envs/gdf/lib/python3.9/site-packages/distributed/comm/ucx.py", line 337, in write
    raise CommClosedError("While writing, the connection was closed")
distributed.comm.core.CommClosedError: While writing, the connection was closed
2023-02-06 22:56:01,857 - distributed.nanny - WARNING - Restarting worker
2023-02-06 22:56:01,902 - distributed.nanny - WARNING - Restarting worker
[dgx13:73430:0:73430] Caught signal 11 (Segmentation fault: address not mapped to object at address 0x448)
==== backtrace (tid:  73430) ====
 0  /datasets/pentschev/miniconda3/envs/gdf/lib/libucs.so.0(ucs_handle_error+0x2d4) [0x7f2f398566b4]
 1  /datasets/pentschev/miniconda3/envs/gdf/lib/libucs.so.0(+0x2d88f) [0x7f2f3985688f]
 2  /datasets/pentschev/miniconda3/envs/gdf/lib/libucs.so.0(+0x2dbb4) [0x7f2f39856bb4]
 3  /lib/x86_64-linux-gnu/libpthread.so.0(+0x12980) [0x7f2fbcec0980]
 4  /datasets/pentschev/miniconda3/envs/gdf/lib/libucp.so.0(ucp_mem_type_unpack+0x17) [0x7f2f39ad21b7]
 5  /datasets/pentschev/miniconda3/envs/gdf/lib/libucp.so.0(ucp_rndv_data_handler+0x508) [0x7f2f39afb638]
 6  /datasets/pentschev/miniconda3/envs/gdf/lib/libuct.so.0(+0x1f0ff) [0x7f2f3960e0ff]
 7  /datasets/pentschev/miniconda3/envs/gdf/lib/libuct.so.0(+0x1f674) [0x7f2f3960e674]
 8  /datasets/pentschev/miniconda3/envs/gdf/lib/libuct.so.0(+0x21a78) [0x7f2f39610a78]
 9  /datasets/pentschev/miniconda3/envs/gdf/lib/libucs.so.0(ucs_event_set_wait+0xb9) [0x7f2f398608a9]
10  /datasets/pentschev/miniconda3/envs/gdf/lib/libuct.so.0(uct_tcp_iface_progress+0x7b) [0x7f2f39610b1b]
11  /datasets/pentschev/miniconda3/envs/gdf/lib/libucp.so.0(ucp_worker_progress+0x6a) [0x7f2f39acef5a]
12  /datasets/pentschev/miniconda3/envs/gdf/lib/python3.9/site-packages/ucp/_libs/ucx_api.cpython-39-x86_64-linux-gnu.so(+0x26c79) [0x7f2f39d7ac79]
13  /datasets/pentschev/miniconda3/envs/gdf/bin/python(+0x13eb08) [0x55ec55570b08]
14  /datasets/pentschev/miniconda3/envs/gdf/bin/python(_PyEval_EvalFrameDefault+0x5f82) [0x55ec55561112]
15  /datasets/pentschev/miniconda3/envs/gdf/bin/python(+0x12827a) [0x55ec5555a27a]
16  /datasets/pentschev/miniconda3/envs/gdf/bin/python(_PyFunction_Vectorcall+0xd5) [0x55ec5556bc05]
17  /datasets/pentschev/miniconda3/envs/gdf/bin/python(_PyEval_EvalFrameDefault+0x68b) [0x55ec5555b81b]
18  /datasets/pentschev/miniconda3/envs/gdf/bin/python(+0x139ef3) [0x55ec5556bef3]
19  /datasets/pentschev/miniconda3/envs/gdf/bin/python(+0x147a16) [0x55ec55579a16]
20  /datasets/pentschev/miniconda3/envs/gdf/bin/python(+0x2579b1) [0x55ec556899b1]
21  /datasets/pentschev/miniconda3/envs/gdf/bin/python(+0xe5817) [0x55ec55517817]
22  /datasets/pentschev/miniconda3/envs/gdf/bin/python(+0x130f83) [0x55ec55562f83]
23  /datasets/pentschev/miniconda3/envs/gdf/bin/python(_PyEval_EvalFrameDefault+0x5ba6) [0x55ec55560d36]
24  /datasets/pentschev/miniconda3/envs/gdf/bin/python(+0x139ef3) [0x55ec5556bef3]
25  /datasets/pentschev/miniconda3/envs/gdf/bin/python(_PyEval_EvalFrameDefault+0x68b) [0x55ec5555b81b]
26  /datasets/pentschev/miniconda3/envs/gdf/bin/python(+0x139ef3) [0x55ec5556bef3]
27  /datasets/pentschev/miniconda3/envs/gdf/bin/python(_PyEval_EvalFrameDefault+0x68b) [0x55ec5555b81b]
28  /datasets/pentschev/miniconda3/envs/gdf/bin/python(+0x139ef3) [0x55ec5556bef3]
29  /datasets/pentschev/miniconda3/envs/gdf/bin/python(_PyEval_EvalFrameDefault+0x68b) [0x55ec5555b81b]
30  /datasets/pentschev/miniconda3/envs/gdf/bin/python(+0x139ef3) [0x55ec5556bef3]
31  /datasets/pentschev/miniconda3/envs/gdf/bin/python(_PyEval_EvalFrameDefault+0x68b) [0x55ec5555b81b]
32  /datasets/pentschev/miniconda3/envs/gdf/bin/python(+0x12827a) [0x55ec5555a27a]
33  /datasets/pentschev/miniconda3/envs/gdf/bin/python(_PyFunction_Vectorcall+0xd5) [0x55ec5556bc05]
34  /datasets/pentschev/miniconda3/envs/gdf/bin/python(_PyEval_EvalFrameDefault+0x4e17) [0x55ec5555ffa7]
35  /datasets/pentschev/miniconda3/envs/gdf/bin/python(+0x12827a) [0x55ec5555a27a]
36  /datasets/pentschev/miniconda3/envs/gdf/bin/python(+0x147935) [0x55ec55579935]
37  /datasets/pentschev/miniconda3/envs/gdf/bin/python(PyObject_Call+0xb4) [0x55ec5557a104]
38  /datasets/pentschev/miniconda3/envs/gdf/bin/python(+0x20efc8) [0x55ec55640fc8]
39  /datasets/pentschev/miniconda3/envs/gdf/bin/python(_PyObject_MakeTpCall+0x2fc) [0x55ec555642bc]
40  /datasets/pentschev/miniconda3/envs/gdf/bin/python(_PyEval_EvalFrameDefault+0x402b) [0x55ec5555f1bb]
41  /datasets/pentschev/miniconda3/envs/gdf/bin/python(+0x139ef3) [0x55ec5556bef3]
42  /datasets/pentschev/miniconda3/envs/gdf/bin/python(+0x147c72) [0x55ec55579c72]
43  /datasets/pentschev/miniconda3/envs/gdf/bin/python(_PyEval_EvalFrameDefault+0x402b) [0x55ec5555f1bb]
44  /datasets/pentschev/miniconda3/envs/gdf/bin/python(+0x139ef3) [0x55ec5556bef3]
45  /datasets/pentschev/miniconda3/envs/gdf/bin/python(_PyEval_EvalFrameDefault+0x68b) [0x55ec5555b81b]
46  /datasets/pentschev/miniconda3/envs/gdf/bin/python(+0x12827a) [0x55ec5555a27a]
47  /datasets/pentschev/miniconda3/envs/gdf/bin/python(_PyFunction_Vectorcall+0xd5) [0x55ec5556bc05]
48  /datasets/pentschev/miniconda3/envs/gdf/bin/python(_PyEval_EvalFrameDefault+0x68b) [0x55ec5555b81b]
49  /datasets/pentschev/miniconda3/envs/gdf/bin/python(+0x139ef3) [0x55ec5556bef3]
50  /datasets/pentschev/miniconda3/envs/gdf/bin/python(_PyEval_EvalFrameDefault+0x3d8) [0x55ec5555b568]
51  /datasets/pentschev/miniconda3/envs/gdf/bin/python(+0x12827a) [0x55ec5555a27a]
52  /datasets/pentschev/miniconda3/envs/gdf/bin/python(_PyFunction_Vectorcall+0xd5) [0x55ec5556bc05]
53  /datasets/pentschev/miniconda3/envs/gdf/bin/python(_PyEval_EvalFrameDefault+0x123b) [0x55ec5555c3cb]
54  /datasets/pentschev/miniconda3/envs/gdf/bin/python(+0x12827a) [0x55ec5555a27a]
55  /datasets/pentschev/miniconda3/envs/gdf/bin/python(_PyEval_EvalCodeWithName+0x47) [0x55ec55559f07]
56  /datasets/pentschev/miniconda3/envs/gdf/bin/python(PyEval_EvalCodeEx+0x39) [0x55ec55559eb9]
57  /datasets/pentschev/miniconda3/envs/gdf/bin/python(PyEval_EvalCode+0x1b) [0x55ec5560a8bb]
58  /datasets/pentschev/miniconda3/envs/gdf/bin/python(+0x206adc) [0x55ec55638adc]
59  /datasets/pentschev/miniconda3/envs/gdf/bin/python(+0x202c24) [0x55ec55634c24]
60  /datasets/pentschev/miniconda3/envs/gdf/bin/python(PyRun_StringFlags+0x9d) [0x55ec5562c7ed]
61  /datasets/pentschev/miniconda3/envs/gdf/bin/python(PyRun_SimpleStringFlags+0x3d) [0x55ec5562c6bd]
=================================
2023-02-06 22:56:02,095 - distributed.worker - ERROR - failed during get data with ucx://127.0.0.1:44989 -> ucx://127.0.0.1:35121
Traceback (most recent call last):
  File "/datasets/pentschev/miniconda3/envs/gdf/lib/python3.9/site-packages/distributed/comm/ucx.py", line 333, in write
    await self.ep.send(each_frame)
  File "/datasets/pentschev/miniconda3/envs/gdf/lib/python3.9/site-packages/ucp/core.py", line 650, in send
    return await comm.tag_send(self._ep, buffer, nbytes, tag, name=log)
ucp._libs.exceptions.UCXError: <[Send #007] ep: 0x7f4e64092400, tag: 0x63320a9d9e334ac4, nbytes: 50000000, type: <class 'cupy.ndarray'>>: Endpoint timeout

During handling of the above exception, another exception occurred:

Traceback (most recent call last):
  File "/datasets/pentschev/miniconda3/envs/gdf/lib/python3.9/site-packages/distributed/worker.py", line 1766, in get_data
    compressed = await comm.write(msg, serializers=serializers)
  File "/datasets/pentschev/miniconda3/envs/gdf/lib/python3.9/site-packages/distributed/utils.py", line 741, in wrapper
    return await func(*args, **kwargs)
  File "/datasets/pentschev/miniconda3/envs/gdf/lib/python3.9/site-packages/distributed/comm/ucx.py", line 337, in write
    raise CommClosedError("While writing, the connection was closed")
distributed.comm.core.CommClosedError: While writing, the connection was closed
2023-02-06 22:56:02,095 - distributed.worker - ERROR - Worker stream died during communication: ucx://127.0.0.1:35121
Traceback (most recent call last):
  File "/datasets/pentschev/miniconda3/envs/gdf/lib/python3.9/site-packages/distributed/comm/ucx.py", line 349, in read
    await self.ep.recv(msg)
  File "/datasets/pentschev/miniconda3/envs/gdf/lib/python3.9/site-packages/ucp/core.py", line 725, in recv
    ret = await comm.tag_recv(self._ep, buffer, nbytes, tag, name=log)
ucp._libs.exceptions.UCXCanceled: <[Recv #010] ep: 0x7f4e64092300, tag: 0x76c7774bee4129ad, nbytes: 16, type: <class 'numpy.ndarray'>>: 

During handling of the above exception, another exception occurred:

Traceback (most recent call last):
  File "/datasets/pentschev/miniconda3/envs/gdf/lib/python3.9/site-packages/distributed/worker.py", line 2058, in gather_dep
    response = await get_data_from_worker(
  File "/datasets/pentschev/miniconda3/envs/gdf/lib/python3.9/site-packages/distributed/worker.py", line 2872, in get_data_from_worker
    return await retry_operation(_get_data, operation="get_data_from_worker")
  File "/datasets/pentschev/miniconda3/envs/gdf/lib/python3.9/site-packages/distributed/utils_comm.py", line 419, in retry_operation
    return await retry(
  File "/datasets/pentschev/miniconda3/envs/gdf/lib/python3.9/site-packages/distributed/utils_comm.py", line 404, in retry
    return await coro()
  File "/datasets/pentschev/miniconda3/envs/gdf/lib/python3.9/site-packages/distributed/worker.py", line 2852, in _get_data
    response = await send_recv(
  File "/datasets/pentschev/miniconda3/envs/gdf/lib/python3.9/site-packages/distributed/core.py", line 986, in send_recv
    response = await comm.read(deserializers=deserializers)
  File "/datasets/pentschev/miniconda3/envs/gdf/lib/python3.9/site-packages/distributed/utils.py", line 741, in wrapper
    return await func(*args, **kwargs)
  File "/datasets/pentschev/miniconda3/envs/gdf/lib/python3.9/site-packages/distributed/comm/ucx.py", line 367, in read
    raise CommClosedError(
distributed.comm.core.CommClosedError: Connection closed by writer.
Inner exception: UCXCanceled("<[Recv #010] ep: 0x7f4e64092300, tag: 0x76c7774bee4129ad, nbytes: 16, type: <class 'numpy.ndarray'>>: ")
Task exception was never retrieved
future: <Task finished name='Task-7077' coro=<_listener_handler_coroutine() done, defined at /datasets/pentschev/miniconda3/envs/gdf/lib/python3.9/site-packages/ucp/core.py:128> exception=UCXError('<stream_send>: Connection reset by remote peer')>
Traceback (most recent call last):
  File "/datasets/pentschev/miniconda3/envs/gdf/lib/python3.9/site-packages/ucp/core.py", line 143, in _listener_handler_coroutine
    peer_info = await exchange_peer_info(
  File "/datasets/pentschev/miniconda3/envs/gdf/lib/python3.9/site-packages/ucp/core.py", line 51, in exchange_peer_info
    await comm.stream_send(endpoint, my_info_arr, my_info_arr.nbytes)
ucp._libs.exceptions.UCXError: <stream_send>: Connection reset by remote peer
2023-02-06 22:56:02,140 - distributed.nanny - WARNING - Restarting worker
2023-02-06 22:56:03,993 - distributed.preloading - INFO - Creating preload: dask_cuda.initialize
2023-02-06 22:56:03,993 - distributed.preloading - INFO - Creating preload: dask_cuda.initialize
2023-02-06 22:56:03,993 - distributed.preloading - INFO - Import preload module: dask_cuda.initialize
2023-02-06 22:56:03,993 - distributed.preloading - INFO - Import preload module: dask_cuda.initialize
2023-02-06 22:56:03,994 - distributed.preloading - INFO - Creating preload: dask_cuda.initialize
2023-02-06 22:56:03,994 - distributed.preloading - INFO - Import preload module: dask_cuda.initialize
/datasets/pentschev/miniconda3/envs/gdf/lib/python3.9/multiprocessing/resource_tracker.py:216: UserWarning: resource_tracker: There appear to be 48 leaked semaphore objects to clean up at shutdown
  warnings.warn('resource_tracker: There appear to be %d '
