[dgx13:85305:0:85305] Caught signal 11 (Segmentation fault: address not mapped to object at address 0x448)
==== backtrace (tid:  85305) ====
 0  /opt/conda/envs/gdf/lib/libucs.so.0(ucs_handle_error+0x2fd) [0x7f174521c07d]
 1  /opt/conda/envs/gdf/lib/libucs.so.0(+0x2a274) [0x7f174521c274]
 2  /opt/conda/envs/gdf/lib/libucs.so.0(+0x2a43a) [0x7f174521c43a]
 3  /usr/lib/x86_64-linux-gnu/libpthread.so.0(+0x14420) [0x7f17ea378420]
 4  /opt/conda/envs/gdf/lib/libucp.so.0(ucp_mem_type_unpack+0x14) [0x7f174529b6b4]
 5  /opt/conda/envs/gdf/lib/libucp.so.0(ucp_rndv_data_handler+0x4e9) [0x7f17452c4839]
 6  /opt/conda/envs/gdf/lib/libuct.so.0(+0x203df) [0x7f17451d63df]
 7  /opt/conda/envs/gdf/lib/libuct.so.0(+0x23838) [0x7f17451d9838]
 8  /opt/conda/envs/gdf/lib/libucs.so.0(ucs_event_set_wait+0xb9) [0x7f17452254a9]
 9  /opt/conda/envs/gdf/lib/libuct.so.0(uct_tcp_iface_progress+0x7d) [0x7f17451d85dd]
10  /opt/conda/envs/gdf/lib/libucp.so.0(ucp_worker_progress+0x5a) [0x7f17452988da]
11  /opt/conda/envs/gdf/lib/python3.9/site-packages/ucp/_libs/ucx_api.cpython-39-x86_64-linux-gnu.so(+0x3206a) [0x7f174535106a]
12  /opt/conda/envs/gdf/bin/python(_PyEval_EvalFrameDefault+0x37cb) [0x55ae7daaa6fb]
13  /opt/conda/envs/gdf/bin/python(+0x12f094) [0x55ae7daa6094]
14  /opt/conda/envs/gdf/bin/python(_PyFunction_Vectorcall+0xd9) [0x55ae7dab7519]
15  /opt/conda/envs/gdf/bin/python(_PyEval_EvalFrameDefault+0x696) [0x55ae7daa75c6]
16  /opt/conda/envs/gdf/bin/python(+0x1407c2) [0x55ae7dab77c2]
17  /opt/conda/envs/gdf/bin/python(+0x14de83) [0x55ae7dac4e83]
18  /opt/conda/envs/gdf/bin/python(+0x258b2c) [0x55ae7dbcfb2c]
19  /opt/conda/envs/gdf/bin/python(+0xead05) [0x55ae7da61d05]
20  /opt/conda/envs/gdf/bin/python(+0x1377f3) [0x55ae7daae7f3]
21  /opt/conda/envs/gdf/bin/python(_PyEval_EvalFrameDefault+0x59f9) [0x55ae7daac929]
22  /opt/conda/envs/gdf/bin/python(+0x1407c2) [0x55ae7dab77c2]
23  /opt/conda/envs/gdf/bin/python(_PyEval_EvalFrameDefault+0x696) [0x55ae7daa75c6]
24  /opt/conda/envs/gdf/bin/python(+0x1407c2) [0x55ae7dab77c2]
25  /opt/conda/envs/gdf/bin/python(_PyEval_EvalFrameDefault+0x696) [0x55ae7daa75c6]
26  /opt/conda/envs/gdf/bin/python(+0x1407c2) [0x55ae7dab77c2]
27  /opt/conda/envs/gdf/bin/python(_PyEval_EvalFrameDefault+0x696) [0x55ae7daa75c6]
28  /opt/conda/envs/gdf/bin/python(+0x1407c2) [0x55ae7dab77c2]
29  /opt/conda/envs/gdf/bin/python(_PyEval_EvalFrameDefault+0x696) [0x55ae7daa75c6]
30  /opt/conda/envs/gdf/bin/python(+0x12f094) [0x55ae7daa6094]
31  /opt/conda/envs/gdf/bin/python(_PyFunction_Vectorcall+0xd9) [0x55ae7dab7519]
32  /opt/conda/envs/gdf/bin/python(_PyEval_EvalFrameDefault+0x11f8) [0x55ae7daa8128]
33  /opt/conda/envs/gdf/bin/python(+0x12f094) [0x55ae7daa6094]
34  /opt/conda/envs/gdf/bin/python(+0x14dccb) [0x55ae7dac4ccb]
35  /opt/conda/envs/gdf/bin/python(PyObject_Call+0xbc) [0x55ae7dac544c]
36  /opt/conda/envs/gdf/bin/python(+0x21110e) [0x55ae7db8810e]
37  /opt/conda/envs/gdf/bin/python(_PyObject_MakeTpCall+0x2ec) [0x55ae7daaf77c]
38  /opt/conda/envs/gdf/bin/python(_PyEval_EvalFrameDefault+0x37cb) [0x55ae7daaa6fb]
39  /opt/conda/envs/gdf/bin/python(+0x1407c2) [0x55ae7dab77c2]
40  /opt/conda/envs/gdf/bin/python(+0x14ddac) [0x55ae7dac4dac]
41  /opt/conda/envs/gdf/bin/python(_PyEval_EvalFrameDefault+0x37cb) [0x55ae7daaa6fb]
42  /opt/conda/envs/gdf/bin/python(+0x1407c2) [0x55ae7dab77c2]
43  /opt/conda/envs/gdf/bin/python(_PyEval_EvalFrameDefault+0x696) [0x55ae7daa75c6]
44  /opt/conda/envs/gdf/bin/python(+0x12f094) [0x55ae7daa6094]
45  /opt/conda/envs/gdf/bin/python(_PyFunction_Vectorcall+0xd9) [0x55ae7dab7519]
46  /opt/conda/envs/gdf/bin/python(_PyEval_EvalFrameDefault+0x696) [0x55ae7daa75c6]
47  /opt/conda/envs/gdf/bin/python(+0x1407c2) [0x55ae7dab77c2]
48  /opt/conda/envs/gdf/bin/python(_PyEval_EvalFrameDefault+0x3e2) [0x55ae7daa7312]
49  /opt/conda/envs/gdf/bin/python(+0x12f094) [0x55ae7daa6094]
50  /opt/conda/envs/gdf/bin/python(_PyFunction_Vectorcall+0xd9) [0x55ae7dab7519]
51  /opt/conda/envs/gdf/bin/python(_PyEval_EvalFrameDefault+0x11f8) [0x55ae7daa8128]
52  /opt/conda/envs/gdf/bin/python(+0x12f094) [0x55ae7daa6094]
53  /opt/conda/envs/gdf/bin/python(_PyEval_EvalCodeWithName+0x48) [0x55ae7daa5d68]
54  /opt/conda/envs/gdf/bin/python(PyEval_EvalCodeEx+0x39) [0x55ae7daa5d19]
55  /opt/conda/envs/gdf/bin/python(PyEval_EvalCode+0x1b) [0x55ae7db5307b]
56  /opt/conda/envs/gdf/bin/python(+0x208fca) [0x55ae7db7ffca]
57  /opt/conda/envs/gdf/bin/python(+0x205353) [0x55ae7db7c353]
58  /opt/conda/envs/gdf/bin/python(PyRun_StringFlags+0x9a) [0x55ae7db7416a]
59  /opt/conda/envs/gdf/bin/python(PyRun_SimpleStringFlags+0x3c) [0x55ae7db7405c]
60  /opt/conda/envs/gdf/bin/python(Py_RunMain+0x267) [0x55ae7db73297]
61  /opt/conda/envs/gdf/bin/python(Py_BytesMain+0x37) [0x55ae7db46f07]
=================================
[dgx13:85291:0:85291] Caught signal 11 (Segmentation fault: address not mapped to object at address 0x448)
==== backtrace (tid:  85291) ====
 0  /opt/conda/envs/gdf/lib/libucs.so.0(ucs_handle_error+0x2fd) [0x7f5b1897207d]
 1  /opt/conda/envs/gdf/lib/libucs.so.0(+0x2a274) [0x7f5b18972274]
 2  /opt/conda/envs/gdf/lib/libucs.so.0(+0x2a43a) [0x7f5b1897243a]
 3  /usr/lib/x86_64-linux-gnu/libpthread.so.0(+0x14420) [0x7f5bb9ac9420]
 4  /opt/conda/envs/gdf/lib/libucp.so.0(ucp_mem_type_unpack+0x14) [0x7f5b189f16b4]
 5  /opt/conda/envs/gdf/lib/libucp.so.0(ucp_rndv_data_handler+0x4e9) [0x7f5b18a1a839]
 6  /opt/conda/envs/gdf/lib/libuct.so.0(+0x203df) [0x7f5b1892c3df]
 7  /opt/conda/envs/gdf/lib/libuct.so.0(+0x23838) [0x7f5b1892f838]
 8  /opt/conda/envs/gdf/lib/libucs.so.0(ucs_event_set_wait+0xb9) [0x7f5b1897b4a9]
 9  /opt/conda/envs/gdf/lib/libuct.so.0(uct_tcp_iface_progress+0x7d) [0x7f5b1892e5dd]
10  /opt/conda/envs/gdf/lib/libucp.so.0(ucp_worker_progress+0x5a) [0x7f5b189ee8da]
11  /opt/conda/envs/gdf/lib/python3.9/site-packages/ucp/_libs/ucx_api.cpython-39-x86_64-linux-gnu.so(+0x3206a) [0x7f5b18aa706a]
12  /opt/conda/envs/gdf/bin/python(_PyEval_EvalFrameDefault+0x37cb) [0x560de671b6fb]
13  /opt/conda/envs/gdf/bin/python(+0x12f094) [0x560de6717094]
14  /opt/conda/envs/gdf/bin/python(_PyFunction_Vectorcall+0xd9) [0x560de6728519]
15  /opt/conda/envs/gdf/bin/python(_PyEval_EvalFrameDefault+0x696) [0x560de67185c6]
16  /opt/conda/envs/gdf/bin/python(+0x1e3162) [0x560de67cb162]
17  /opt/conda/envs/gdf/lib/python3.9/lib-dynload/_asyncio.cpython-39-x86_64-linux-gnu.so(+0x81e9) [0x7f5b39c4f1e9]
18  /opt/conda/envs/gdf/bin/python(_PyObject_MakeTpCall+0x2ec) [0x560de672077c]
19  /opt/conda/envs/gdf/bin/python(+0xead05) [0x560de66d2d05]
20  /opt/conda/envs/gdf/bin/python(+0x1377f3) [0x560de671f7f3]
21  /opt/conda/envs/gdf/bin/python(_PyEval_EvalFrameDefault+0x59f9) [0x560de671d929]
22  /opt/conda/envs/gdf/bin/python(+0x1407c2) [0x560de67287c2]
23  /opt/conda/envs/gdf/bin/python(_PyEval_EvalFrameDefault+0x696) [0x560de67185c6]
24  /opt/conda/envs/gdf/bin/python(+0x1407c2) [0x560de67287c2]
25  /opt/conda/envs/gdf/bin/python(_PyEval_EvalFrameDefault+0x696) [0x560de67185c6]
26  /opt/conda/envs/gdf/bin/python(+0x1407c2) [0x560de67287c2]
27  /opt/conda/envs/gdf/bin/python(_PyEval_EvalFrameDefault+0x696) [0x560de67185c6]
28  /opt/conda/envs/gdf/bin/python(+0x1407c2) [0x560de67287c2]
29  /opt/conda/envs/gdf/bin/python(_PyEval_EvalFrameDefault+0x696) [0x560de67185c6]
30  /opt/conda/envs/gdf/bin/python(+0x12f094) [0x560de6717094]
31  /opt/conda/envs/gdf/bin/python(_PyFunction_Vectorcall+0xd9) [0x560de6728519]
32  /opt/conda/envs/gdf/bin/python(_PyEval_EvalFrameDefault+0x11f8) [0x560de6719128]
33  /opt/conda/envs/gdf/bin/python(+0x12f094) [0x560de6717094]
34  /opt/conda/envs/gdf/bin/python(+0x14dccb) [0x560de6735ccb]
35  /opt/conda/envs/gdf/bin/python(PyObject_Call+0xbc) [0x560de673644c]
36  /opt/conda/envs/gdf/bin/python(+0x21110e) [0x560de67f910e]
37  /opt/conda/envs/gdf/bin/python(_PyObject_MakeTpCall+0x2ec) [0x560de672077c]
38  /opt/conda/envs/gdf/bin/python(_PyEval_EvalFrameDefault+0x37cb) [0x560de671b6fb]
39  /opt/conda/envs/gdf/bin/python(+0x1407c2) [0x560de67287c2]
40  /opt/conda/envs/gdf/bin/python(+0x14ddac) [0x560de6735dac]
41  /opt/conda/envs/gdf/bin/python(_PyEval_EvalFrameDefault+0x37cb) [0x560de671b6fb]
42  /opt/conda/envs/gdf/bin/python(+0x1407c2) [0x560de67287c2]
43  /opt/conda/envs/gdf/bin/python(_PyEval_EvalFrameDefault+0x696) [0x560de67185c6]
44  /opt/conda/envs/gdf/bin/python(+0x12f094) [0x560de6717094]
45  /opt/conda/envs/gdf/bin/python(_PyFunction_Vectorcall+0xd9) [0x560de6728519]
46  /opt/conda/envs/gdf/bin/python(_PyEval_EvalFrameDefault+0x696) [0x560de67185c6]
47  /opt/conda/envs/gdf/bin/python(+0x1407c2) [0x560de67287c2]
48  /opt/conda/envs/gdf/bin/python(_PyEval_EvalFrameDefault+0x3e2) [0x560de6718312]
49  /opt/conda/envs/gdf/bin/python(+0x12f094) [0x560de6717094]
50  /opt/conda/envs/gdf/bin/python(_PyFunction_Vectorcall+0xd9) [0x560de6728519]
51  /opt/conda/envs/gdf/bin/python(_PyEval_EvalFrameDefault+0x11f8) [0x560de6719128]
52  /opt/conda/envs/gdf/bin/python(+0x12f094) [0x560de6717094]
53  /opt/conda/envs/gdf/bin/python(_PyEval_EvalCodeWithName+0x48) [0x560de6716d68]
54  /opt/conda/envs/gdf/bin/python(PyEval_EvalCodeEx+0x39) [0x560de6716d19]
55  /opt/conda/envs/gdf/bin/python(PyEval_EvalCode+0x1b) [0x560de67c407b]
56  /opt/conda/envs/gdf/bin/python(+0x208fca) [0x560de67f0fca]
57  /opt/conda/envs/gdf/bin/python(+0x205353) [0x560de67ed353]
58  /opt/conda/envs/gdf/bin/python(PyRun_StringFlags+0x9a) [0x560de67e516a]
59  /opt/conda/envs/gdf/bin/python(PyRun_SimpleStringFlags+0x3c) [0x560de67e505c]
60  /opt/conda/envs/gdf/bin/python(Py_RunMain+0x267) [0x560de67e4297]
61  /opt/conda/envs/gdf/bin/python(Py_BytesMain+0x37) [0x560de67b7f07]
=================================
2023-11-07 06:14:49,231 - distributed.worker - ERROR - Worker stream died during communication: ucx://127.0.0.1:50103
Traceback (most recent call last):
  File "/opt/conda/envs/gdf/lib/python3.9/site-packages/distributed/comm/ucx.py", line 354, in read
    await self.ep.recv(msg)
  File "/opt/conda/envs/gdf/lib/python3.9/site-packages/ucp/core.py", line 725, in recv
    ret = await comm.tag_recv(self._ep, buffer, nbytes, tag, name=log)
ucp._libs.exceptions.UCXCanceled: <[Recv #003] ep: 0x7f55bd0c7100, tag: 0xc8054f3fd69f39e4, nbytes: 16, type: <class 'numpy.ndarray'>>: 

During handling of the above exception, another exception occurred:

Traceback (most recent call last):
  File "/opt/conda/envs/gdf/lib/python3.9/site-packages/distributed/worker.py", line 2059, in gather_dep
    response = await get_data_from_worker(
  File "/opt/conda/envs/gdf/lib/python3.9/site-packages/distributed/worker.py", line 2852, in get_data_from_worker
    response = await send_recv(
  File "/opt/conda/envs/gdf/lib/python3.9/site-packages/distributed/core.py", line 1106, in send_recv
    response = await comm.read(deserializers=deserializers)
  File "/opt/conda/envs/gdf/lib/python3.9/site-packages/distributed/utils.py", line 803, in wrapper
    return await func(*args, **kwargs)
  File "/opt/conda/envs/gdf/lib/python3.9/site-packages/distributed/comm/ucx.py", line 372, in read
    raise CommClosedError(
distributed.comm.core.CommClosedError: Connection closed by writer.
Inner exception: UCXCanceled("<[Recv #003] ep: 0x7f55bd0c7100, tag: 0xc8054f3fd69f39e4, nbytes: 16, type: <class 'numpy.ndarray'>>: ")
2023-11-07 06:14:49,231 - distributed.worker - ERROR - Worker stream died during communication: ucx://127.0.0.1:50103
Traceback (most recent call last):
  File "/opt/conda/envs/gdf/lib/python3.9/site-packages/distributed/comm/ucx.py", line 396, in read
    await self.ep.recv(each_frame)
  File "/opt/conda/envs/gdf/lib/python3.9/site-packages/ucp/core.py", line 725, in recv
    ret = await comm.tag_recv(self._ep, buffer, nbytes, tag, name=log)
ucp._libs.exceptions.UCXCanceled: <[Recv #008] ep: 0x7f0278003100, tag: 0x69ac81b92c59dfed, nbytes: 100000000, type: <class 'rmm._lib.device_buffer.DeviceBuffer'>>: 

During handling of the above exception, another exception occurred:

Traceback (most recent call last):
  File "/opt/conda/envs/gdf/lib/python3.9/site-packages/distributed/worker.py", line 2059, in gather_dep
    response = await get_data_from_worker(
  File "/opt/conda/envs/gdf/lib/python3.9/site-packages/distributed/worker.py", line 2852, in get_data_from_worker
    response = await send_recv(
  File "/opt/conda/envs/gdf/lib/python3.9/site-packages/distributed/core.py", line 1106, in send_recv
    response = await comm.read(deserializers=deserializers)
  File "/opt/conda/envs/gdf/lib/python3.9/site-packages/distributed/utils.py", line 803, in wrapper
    return await func(*args, **kwargs)
  File "/opt/conda/envs/gdf/lib/python3.9/site-packages/distributed/comm/ucx.py", line 402, in read
    raise CommClosedError(
distributed.comm.core.CommClosedError: Connection closed by writer.
Inner exception: UCXCanceled("<[Recv #008] ep: 0x7f0278003100, tag: 0x69ac81b92c59dfed, nbytes: 100000000, type: <class 'rmm._lib.device_buffer.DeviceBuffer'>>: ")
2023-11-07 06:14:49,232 - distributed.worker - ERROR - failed during get data with ucx://127.0.0.1:47613 -> ucx://127.0.0.1:50103
Traceback (most recent call last):
  File "/opt/conda/envs/gdf/lib/python3.9/site-packages/distributed/comm/ucx.py", line 338, in write
    await self.ep.send(each_frame)
  File "/opt/conda/envs/gdf/lib/python3.9/site-packages/ucp/core.py", line 650, in send
    return await comm.tag_send(self._ep, buffer, nbytes, tag, name=log)
ucp._libs.exceptions.UCXError: <[Send #007] ep: 0x7fc8644861c0, tag: 0x18f262cf34fc1f05, nbytes: 100000000, type: <class 'cudf.core.buffer.buffer.Buffer'>>: Connection reset by remote peer

During handling of the above exception, another exception occurred:

Traceback (most recent call last):
  File "/opt/conda/envs/gdf/lib/python3.9/site-packages/distributed/worker.py", line 1782, in get_data
    compressed = await comm.write(msg, serializers=serializers)
  File "/opt/conda/envs/gdf/lib/python3.9/site-packages/distributed/utils.py", line 803, in wrapper
    return await func(*args, **kwargs)
  File "/opt/conda/envs/gdf/lib/python3.9/site-packages/distributed/comm/ucx.py", line 342, in write
    raise CommClosedError("While writing, the connection was closed")
distributed.comm.core.CommClosedError: While writing, the connection was closed
2023-11-07 06:14:49,232 - distributed.worker - ERROR - Worker stream died during communication: ucx://127.0.0.1:50103
Traceback (most recent call last):
  File "/opt/conda/envs/gdf/lib/python3.9/site-packages/distributed/comm/ucx.py", line 354, in read
    await self.ep.recv(msg)
  File "/opt/conda/envs/gdf/lib/python3.9/site-packages/ucp/core.py", line 725, in recv
    ret = await comm.tag_recv(self._ep, buffer, nbytes, tag, name=log)
ucp._libs.exceptions.UCXCanceled: <[Recv #003] ep: 0x7f00c8076100, tag: 0x13de9adce3d1686b, nbytes: 16, type: <class 'numpy.ndarray'>>: 

During handling of the above exception, another exception occurred:

Traceback (most recent call last):
  File "/opt/conda/envs/gdf/lib/python3.9/site-packages/distributed/worker.py", line 2059, in gather_dep
    response = await get_data_from_worker(
  File "/opt/conda/envs/gdf/lib/python3.9/site-packages/distributed/worker.py", line 2852, in get_data_from_worker
    response = await send_recv(
  File "/opt/conda/envs/gdf/lib/python3.9/site-packages/distributed/core.py", line 1106, in send_recv
    response = await comm.read(deserializers=deserializers)
  File "/opt/conda/envs/gdf/lib/python3.9/site-packages/distributed/utils.py", line 803, in wrapper
    return await func(*args, **kwargs)
  File "/opt/conda/envs/gdf/lib/python3.9/site-packages/distributed/comm/ucx.py", line 372, in read
    raise CommClosedError(
distributed.comm.core.CommClosedError: Connection closed by writer.
Inner exception: UCXCanceled("<[Recv #003] ep: 0x7f00c8076100, tag: 0x13de9adce3d1686b, nbytes: 16, type: <class 'numpy.ndarray'>>: ")
2023-11-07 06:14:49,231 - distributed.worker - ERROR - Worker stream died during communication: ucx://127.0.0.1:50103
Traceback (most recent call last):
  File "/opt/conda/envs/gdf/lib/python3.9/site-packages/distributed/comm/ucx.py", line 396, in read
    await self.ep.recv(each_frame)
  File "/opt/conda/envs/gdf/lib/python3.9/site-packages/ucp/core.py", line 725, in recv
    ret = await comm.tag_recv(self._ep, buffer, nbytes, tag, name=log)
ucp._libs.exceptions.UCXError: <[Recv #007] ep: 0x7fba1935b100, tag: 0xfbde9344f3d1f317, nbytes: 100000000, type: <class 'rmm._lib.device_buffer.DeviceBuffer'>>: Connection reset by remote peer

During handling of the above exception, another exception occurred:

Traceback (most recent call last):
  File "/opt/conda/envs/gdf/lib/python3.9/site-packages/distributed/worker.py", line 2059, in gather_dep
    response = await get_data_from_worker(
  File "/opt/conda/envs/gdf/lib/python3.9/site-packages/distributed/worker.py", line 2852, in get_data_from_worker
    response = await send_recv(
  File "/opt/conda/envs/gdf/lib/python3.9/site-packages/distributed/core.py", line 1106, in send_recv
    response = await comm.read(deserializers=deserializers)
  File "/opt/conda/envs/gdf/lib/python3.9/site-packages/distributed/utils.py", line 803, in wrapper
    return await func(*args, **kwargs)
  File "/opt/conda/envs/gdf/lib/python3.9/site-packages/distributed/comm/ucx.py", line 402, in read
    raise CommClosedError(
distributed.comm.core.CommClosedError: Connection closed by writer.
Inner exception: UCXError("<[Recv #007] ep: 0x7fba1935b100, tag: 0xfbde9344f3d1f317, nbytes: 100000000, type: <class 'rmm._lib.device_buffer.DeviceBuffer'>>: Connection reset by remote peer")
2023-11-07 06:14:49,234 - distributed.worker - ERROR - Worker stream died during communication: ucx://127.0.0.1:50103
Traceback (most recent call last):
  File "/opt/conda/envs/gdf/lib/python3.9/site-packages/distributed/comm/ucx.py", line 354, in read
    await self.ep.recv(msg)
  File "/opt/conda/envs/gdf/lib/python3.9/site-packages/ucp/core.py", line 725, in recv
    ret = await comm.tag_recv(self._ep, buffer, nbytes, tag, name=log)
ucp._libs.exceptions.UCXCanceled: <[Recv #003] ep: 0x7fc864486240, tag: 0xd7d585fba8c39dc0, nbytes: 16, type: <class 'numpy.ndarray'>>: 

During handling of the above exception, another exception occurred:

Traceback (most recent call last):
  File "/opt/conda/envs/gdf/lib/python3.9/site-packages/distributed/worker.py", line 2059, in gather_dep
    response = await get_data_from_worker(
  File "/opt/conda/envs/gdf/lib/python3.9/site-packages/distributed/worker.py", line 2852, in get_data_from_worker
    response = await send_recv(
  File "/opt/conda/envs/gdf/lib/python3.9/site-packages/distributed/core.py", line 1106, in send_recv
    response = await comm.read(deserializers=deserializers)
  File "/opt/conda/envs/gdf/lib/python3.9/site-packages/distributed/utils.py", line 803, in wrapper
    return await func(*args, **kwargs)
  File "/opt/conda/envs/gdf/lib/python3.9/site-packages/distributed/comm/ucx.py", line 372, in read
    raise CommClosedError(
distributed.comm.core.CommClosedError: Connection closed by writer.
Inner exception: UCXCanceled("<[Recv #003] ep: 0x7fc864486240, tag: 0xd7d585fba8c39dc0, nbytes: 16, type: <class 'numpy.ndarray'>>: ")
2023-11-07 06:14:49,234 - distributed.worker - ERROR - failed during get data with ucx://127.0.0.1:48187 -> ucx://127.0.0.1:50103
Traceback (most recent call last):
  File "/opt/conda/envs/gdf/lib/python3.9/site-packages/distributed/comm/ucx.py", line 338, in write
    await self.ep.send(each_frame)
  File "/opt/conda/envs/gdf/lib/python3.9/site-packages/ucp/core.py", line 650, in send
    return await comm.tag_send(self._ep, buffer, nbytes, tag, name=log)
ucp._libs.exceptions.UCXError: <[Send #007] ep: 0x7fba1935b240, tag: 0x5b78853f989cdd68, nbytes: 100000000, type: <class 'cudf.core.buffer.buffer.Buffer'>>: Connection reset by remote peer

During handling of the above exception, another exception occurred:

Traceback (most recent call last):
  File "/opt/conda/envs/gdf/lib/python3.9/site-packages/distributed/worker.py", line 1782, in get_data
    compressed = await comm.write(msg, serializers=serializers)
  File "/opt/conda/envs/gdf/lib/python3.9/site-packages/distributed/utils.py", line 803, in wrapper
    return await func(*args, **kwargs)
  File "/opt/conda/envs/gdf/lib/python3.9/site-packages/distributed/comm/ucx.py", line 342, in write
    raise CommClosedError("While writing, the connection was closed")
distributed.comm.core.CommClosedError: While writing, the connection was closed
2023-11-07 06:14:50,030 - distributed.worker - ERROR - failed during get data with ucx://127.0.0.1:51145 -> ucx://127.0.0.1:50699
Traceback (most recent call last):
  File "/opt/conda/envs/gdf/lib/python3.9/site-packages/distributed/comm/ucx.py", line 338, in write
    await self.ep.send(each_frame)
  File "/opt/conda/envs/gdf/lib/python3.9/site-packages/ucp/core.py", line 650, in send
    return await comm.tag_send(self._ep, buffer, nbytes, tag, name=log)
ucp._libs.exceptions.UCXError: <[Send #007] ep: 0x7f0278003380, tag: 0x461ed1481c013c74, nbytes: 100000000, type: <class 'cudf.core.buffer.buffer.Buffer'>>: Connection reset by remote peer

During handling of the above exception, another exception occurred:

Traceback (most recent call last):
  File "/opt/conda/envs/gdf/lib/python3.9/site-packages/distributed/worker.py", line 1782, in get_data
    compressed = await comm.write(msg, serializers=serializers)
  File "/opt/conda/envs/gdf/lib/python3.9/site-packages/distributed/utils.py", line 803, in wrapper
    return await func(*args, **kwargs)
  File "/opt/conda/envs/gdf/lib/python3.9/site-packages/distributed/comm/ucx.py", line 342, in write
    raise CommClosedError("While writing, the connection was closed")
distributed.comm.core.CommClosedError: While writing, the connection was closed
2023-11-07 06:14:56,200 - distributed.nanny - WARNING - Restarting worker
2023-11-07 06:14:57,225 - distributed.nanny - WARNING - Restarting worker
/opt/conda/envs/gdf/lib/python3.9/multiprocessing/resource_tracker.py:216: UserWarning: resource_tracker: There appear to be 48 leaked semaphore objects to clean up at shutdown
  warnings.warn('resource_tracker: There appear to be %d '
