[1709278996.099439] [dgx13:79857:0]    ib_mlx5dv_md.c:468  UCX  ERROR mlx5_3: LRU push returned Unsupported operation
[dgx13:79857:0:79857]        rndv.c:166  Fatal: failed to pack rendezvous remote key: Unsupported operation
==== backtrace (tid:  79857) ====
 0  /opt/conda/envs/gdf/lib/libucs.so.0(ucs_handle_error+0x2fd) [0x7f2ac55f007d]
 1  /opt/conda/envs/gdf/lib/libucs.so.0(ucs_fatal_error_message+0x51) [0x7f2ac55edc21]
 2  /opt/conda/envs/gdf/lib/libucs.so.0(+0x27dbc) [0x7f2ac55eddbc]
 3  /opt/conda/envs/gdf/lib/libucp.so.0(+0x739f8) [0x7f2ac56989f8]
 4  /opt/conda/envs/gdf/lib/libucp.so.0(ucp_do_am_single+0xdf) [0x7f2ac566fd8f]
 5  /opt/conda/envs/gdf/lib/libucp.so.0(ucp_proto_progress_tag_rndv_rts+0x1d) [0x7f2ac56abafd]
 6  /opt/conda/envs/gdf/lib/libucp.so.0(ucp_tag_send_nbx+0x6da) [0x7f2ac56b09ea]
 7  /opt/conda/envs/gdf/lib/libucp.so.0(ucp_tag_send_nb+0x4f) [0x7f2ac56b172f]
 8  /opt/conda/envs/gdf/lib/python3.9/site-packages/ucp/_libs/ucx_api.cpython-39-x86_64-linux-gnu.so(+0x6c6f0) [0x7f2ac575f6f0]
 9  /opt/conda/envs/gdf/bin/python(PyObject_Call+0xbc) [0x55cb2db8104c]
10  /opt/conda/envs/gdf/bin/python(_PyEval_EvalFrameDefault+0x45a6) [0x55cb2db673f6]
11  /opt/conda/envs/gdf/bin/python(+0x12dfb4) [0x55cb2db61fb4]
12  /opt/conda/envs/gdf/bin/python(_PyFunction_Vectorcall+0xd9) [0x55cb2db73469]
13  /opt/conda/envs/gdf/bin/python(_PyEval_EvalFrameDefault+0x11f2) [0x55cb2db64042]
14  /opt/conda/envs/gdf/bin/python(+0x12dfb4) [0x55cb2db61fb4]
15  /opt/conda/envs/gdf/bin/python(_PyFunction_Vectorcall+0xd9) [0x55cb2db73469]
16  /opt/conda/envs/gdf/bin/python(_PyEval_EvalFrameDefault+0x11f2) [0x55cb2db64042]
17  /opt/conda/envs/gdf/bin/python(+0x1e26d2) [0x55cb2dc166d2]
18  /opt/conda/envs/gdf/bin/python(_PyEval_EvalFrameDefault+0x5dc0) [0x55cb2db68c10]
19  /opt/conda/envs/gdf/bin/python(+0x1e26d2) [0x55cb2dc166d2]
20  /opt/conda/envs/gdf/bin/python(_PyEval_EvalFrameDefault+0x5dc0) [0x55cb2db68c10]
21  /opt/conda/envs/gdf/bin/python(+0x1e26d2) [0x55cb2dc166d2]
22  /opt/conda/envs/gdf/bin/python(_PyEval_EvalFrameDefault+0x5dc0) [0x55cb2db68c10]
23  /opt/conda/envs/gdf/bin/python(+0x1e26d2) [0x55cb2dc166d2]
24  /opt/conda/envs/gdf/bin/python(_PyEval_EvalFrameDefault+0x5dc0) [0x55cb2db68c10]
25  /opt/conda/envs/gdf/bin/python(+0x1e26d2) [0x55cb2dc166d2]
26  /opt/conda/envs/gdf/bin/python(_PyEval_EvalFrameDefault+0x5dc0) [0x55cb2db68c10]
27  /opt/conda/envs/gdf/bin/python(+0x1e26d2) [0x55cb2dc166d2]
28  /opt/conda/envs/gdf/lib/python3.9/lib-dynload/_asyncio.cpython-39-x86_64-linux-gnu.so(+0x81e9) [0x7f2aec7711e9]
29  /opt/conda/envs/gdf/lib/python3.9/lib-dynload/_asyncio.cpython-39-x86_64-linux-gnu.so(+0x8aa6) [0x7f2aec771aa6]
30  /opt/conda/envs/gdf/bin/python(_PyObject_MakeTpCall+0x2ec) [0x55cb2db6b6ac]
31  /opt/conda/envs/gdf/bin/python(+0xf23ff) [0x55cb2db263ff]
32  /opt/conda/envs/gdf/bin/python(+0x136723) [0x55cb2db6a723]
33  /opt/conda/envs/gdf/bin/python(_PyEval_EvalFrameDefault+0x5ad9) [0x55cb2db68929]
34  /opt/conda/envs/gdf/bin/python(+0x13f712) [0x55cb2db73712]
35  /opt/conda/envs/gdf/bin/python(_PyEval_EvalFrameDefault+0x696) [0x55cb2db634e6]
36  /opt/conda/envs/gdf/bin/python(+0x13f712) [0x55cb2db73712]
37  /opt/conda/envs/gdf/bin/python(_PyEval_EvalFrameDefault+0x696) [0x55cb2db634e6]
38  /opt/conda/envs/gdf/bin/python(+0x13f712) [0x55cb2db73712]
39  /opt/conda/envs/gdf/bin/python(_PyEval_EvalFrameDefault+0x696) [0x55cb2db634e6]
40  /opt/conda/envs/gdf/bin/python(+0x13f712) [0x55cb2db73712]
41  /opt/conda/envs/gdf/bin/python(_PyEval_EvalFrameDefault+0x696) [0x55cb2db634e6]
42  /opt/conda/envs/gdf/bin/python(+0x12dfb4) [0x55cb2db61fb4]
43  /opt/conda/envs/gdf/bin/python(_PyFunction_Vectorcall+0xd9) [0x55cb2db73469]
44  /opt/conda/envs/gdf/bin/python(_PyEval_EvalFrameDefault+0x11f2) [0x55cb2db64042]
45  /opt/conda/envs/gdf/bin/python(+0x12dfb4) [0x55cb2db61fb4]
46  /opt/conda/envs/gdf/bin/python(+0x14c8cb) [0x55cb2db808cb]
47  /opt/conda/envs/gdf/bin/python(PyObject_Call+0xbc) [0x55cb2db8104c]
48  /opt/conda/envs/gdf/bin/python(+0x21080e) [0x55cb2dc4480e]
49  /opt/conda/envs/gdf/bin/python(_PyObject_MakeTpCall+0x2ec) [0x55cb2db6b6ac]
50  /opt/conda/envs/gdf/bin/python(_PyEval_EvalFrameDefault+0x45a6) [0x55cb2db673f6]
51  /opt/conda/envs/gdf/bin/python(+0x13f712) [0x55cb2db73712]
52  /opt/conda/envs/gdf/bin/python(+0x14c9ac) [0x55cb2db809ac]
53  /opt/conda/envs/gdf/bin/python(_PyEval_EvalFrameDefault+0x45a6) [0x55cb2db673f6]
54  /opt/conda/envs/gdf/bin/python(+0x13f712) [0x55cb2db73712]
55  /opt/conda/envs/gdf/bin/python(_PyEval_EvalFrameDefault+0x696) [0x55cb2db634e6]
56  /opt/conda/envs/gdf/bin/python(+0x12dfb4) [0x55cb2db61fb4]
57  /opt/conda/envs/gdf/bin/python(_PyFunction_Vectorcall+0xd9) [0x55cb2db73469]
58  /opt/conda/envs/gdf/bin/python(_PyEval_EvalFrameDefault+0x696) [0x55cb2db634e6]
59  /opt/conda/envs/gdf/bin/python(+0x13f712) [0x55cb2db73712]
60  /opt/conda/envs/gdf/bin/python(_PyEval_EvalFrameDefault+0x3e2) [0x55cb2db63232]
61  /opt/conda/envs/gdf/bin/python(+0x12dfb4) [0x55cb2db61fb4]
=================================
2024-03-01 07:43:17,859 - distributed.worker - ERROR - Worker stream died during communication: ucx://127.0.0.1:58150
Traceback (most recent call last):
  File "/opt/conda/envs/gdf/lib/python3.9/site-packages/distributed/comm/ucx.py", line 392, in read
    await self.ep.recv(each_frame)
  File "/opt/conda/envs/gdf/lib/python3.9/site-packages/ucp/core.py", line 737, in recv
    ret = await comm.tag_recv(self._ep, buffer, nbytes, tag, name=log)
ucp._libs.exceptions.UCXCanceled: <[Recv #007] ep: 0x7f138002a240, tag: 0x23827cff0a9afd29, nbytes: 100000000, type: <class 'rmm._lib.device_buffer.DeviceBuffer'>>: 

During handling of the above exception, another exception occurred:

Traceback (most recent call last):
  File "/opt/conda/envs/gdf/lib/python3.9/site-packages/distributed/worker.py", line 2056, in gather_dep
    response = await get_data_from_worker(
  File "/opt/conda/envs/gdf/lib/python3.9/site-packages/distributed/worker.py", line 2860, in get_data_from_worker
    response = await send_recv(
  File "/opt/conda/envs/gdf/lib/python3.9/site-packages/distributed/core.py", line 1154, in send_recv
    response = await comm.read(deserializers=deserializers)
  File "/opt/conda/envs/gdf/lib/python3.9/site-packages/distributed/utils.py", line 832, in wrapper
    return await func(*args, **kwargs)
  File "/opt/conda/envs/gdf/lib/python3.9/site-packages/distributed/comm/ucx.py", line 398, in read
    raise CommClosedError(
distributed.comm.core.CommClosedError: Connection closed by writer.
Inner exception: UCXCanceled("<[Recv #007] ep: 0x7f138002a240, tag: 0x23827cff0a9afd29, nbytes: 100000000, type: <class 'rmm._lib.device_buffer.DeviceBuffer'>>: ")
2024-03-01 07:43:17,859 - distributed.worker - ERROR - Worker stream died during communication: ucx://127.0.0.1:58150
Traceback (most recent call last):
  File "/opt/conda/envs/gdf/lib/python3.9/site-packages/distributed/comm/ucx.py", line 350, in read
    await self.ep.recv(msg)
  File "/opt/conda/envs/gdf/lib/python3.9/site-packages/ucp/core.py", line 737, in recv
    ret = await comm.tag_recv(self._ep, buffer, nbytes, tag, name=log)
ucp._libs.exceptions.UCXCanceled: <[Recv #003] ep: 0x7fda4ce66140, tag: 0xbe60ffd17b2eb1d2, nbytes: 16, type: <class 'numpy.ndarray'>>: 

During handling of the above exception, another exception occurred:

Traceback (most recent call last):
  File "/opt/conda/envs/gdf/lib/python3.9/site-packages/distributed/worker.py", line 2056, in gather_dep
    response = await get_data_from_worker(
  File "/opt/conda/envs/gdf/lib/python3.9/site-packages/distributed/worker.py", line 2860, in get_data_from_worker
    response = await send_recv(
  File "/opt/conda/envs/gdf/lib/python3.9/site-packages/distributed/core.py", line 1154, in send_recv
    response = await comm.read(deserializers=deserializers)
  File "/opt/conda/envs/gdf/lib/python3.9/site-packages/distributed/utils.py", line 832, in wrapper
    return await func(*args, **kwargs)
  File "/opt/conda/envs/gdf/lib/python3.9/site-packages/distributed/comm/ucx.py", line 368, in read
    raise CommClosedError(
distributed.comm.core.CommClosedError: Connection closed by writer.
Inner exception: UCXCanceled("<[Recv #003] ep: 0x7fda4ce66140, tag: 0xbe60ffd17b2eb1d2, nbytes: 16, type: <class 'numpy.ndarray'>>: ")
2024-03-01 07:43:17,859 - distributed.worker - ERROR - Worker stream died during communication: ucx://127.0.0.1:58150
Traceback (most recent call last):
  File "/opt/conda/envs/gdf/lib/python3.9/site-packages/distributed/comm/ucx.py", line 350, in read
    await self.ep.recv(msg)
  File "/opt/conda/envs/gdf/lib/python3.9/site-packages/ucp/core.py", line 737, in recv
    ret = await comm.tag_recv(self._ep, buffer, nbytes, tag, name=log)
ucp._libs.exceptions.UCXCanceled: <[Recv #000] ep: 0x7f98b07bf180, tag: 0x7a010b103af831fb, nbytes: 16, type: <class 'numpy.ndarray'>>: 

During handling of the above exception, another exception occurred:

Traceback (most recent call last):
  File "/opt/conda/envs/gdf/lib/python3.9/site-packages/distributed/worker.py", line 2056, in gather_dep
    response = await get_data_from_worker(
  File "/opt/conda/envs/gdf/lib/python3.9/site-packages/distributed/worker.py", line 2857, in get_data_from_worker
    comm = await rpc.connect(worker)
  File "/opt/conda/envs/gdf/lib/python3.9/site-packages/distributed/core.py", line 1674, in connect
    return connect_attempt.result()
  File "/opt/conda/envs/gdf/lib/python3.9/site-packages/distributed/core.py", line 1564, in _connect
    comm = await connect(
  File "/opt/conda/envs/gdf/lib/python3.9/site-packages/distributed/comm/core.py", line 377, in connect
    handshake = await comm.read()
  File "/opt/conda/envs/gdf/lib/python3.9/site-packages/distributed/utils.py", line 832, in wrapper
    return await func(*args, **kwargs)
  File "/opt/conda/envs/gdf/lib/python3.9/site-packages/distributed/comm/ucx.py", line 368, in read
    raise CommClosedError(
distributed.comm.core.CommClosedError: Connection closed by writer.
Inner exception: UCXCanceled("<[Recv #000] ep: 0x7f98b07bf180, tag: 0x7a010b103af831fb, nbytes: 16, type: <class 'numpy.ndarray'>>: ")
2024-03-01 07:43:17,860 - distributed.worker - ERROR - Worker stream died during communication: ucx://127.0.0.1:58150
Traceback (most recent call last):
  File "/opt/conda/envs/gdf/lib/python3.9/site-packages/distributed/comm/ucx.py", line 392, in read
    await self.ep.recv(each_frame)
  File "/opt/conda/envs/gdf/lib/python3.9/site-packages/ucp/core.py", line 737, in recv
    ret = await comm.tag_recv(self._ep, buffer, nbytes, tag, name=log)
ucp._libs.exceptions.UCXCanceled: <[Recv #007] ep: 0x7f80607be1c0, tag: 0x30182cfc9a6b9cc4, nbytes: 100000000, type: <class 'rmm._lib.device_buffer.DeviceBuffer'>>: 

During handling of the above exception, another exception occurred:

Traceback (most recent call last):
  File "/opt/conda/envs/gdf/lib/python3.9/site-packages/distributed/worker.py", line 2056, in gather_dep
    response = await get_data_from_worker(
  File "/opt/conda/envs/gdf/lib/python3.9/site-packages/distributed/worker.py", line 2860, in get_data_from_worker
    response = await send_recv(
  File "/opt/conda/envs/gdf/lib/python3.9/site-packages/distributed/core.py", line 1154, in send_recv
    response = await comm.read(deserializers=deserializers)
  File "/opt/conda/envs/gdf/lib/python3.9/site-packages/distributed/utils.py", line 832, in wrapper
    return await func(*args, **kwargs)
  File "/opt/conda/envs/gdf/lib/python3.9/site-packages/distributed/comm/ucx.py", line 398, in read
    raise CommClosedError(
distributed.comm.core.CommClosedError: Connection closed by writer.
Inner exception: UCXCanceled("<[Recv #007] ep: 0x7f80607be1c0, tag: 0x30182cfc9a6b9cc4, nbytes: 100000000, type: <class 'rmm._lib.device_buffer.DeviceBuffer'>>: ")
2024-03-01 07:43:17,860 - distributed.worker - ERROR - Worker stream died during communication: ucx://127.0.0.1:58150
Traceback (most recent call last):
  File "/opt/conda/envs/gdf/lib/python3.9/site-packages/distributed/comm/ucx.py", line 392, in read
    await self.ep.recv(each_frame)
  File "/opt/conda/envs/gdf/lib/python3.9/site-packages/ucp/core.py", line 737, in recv
    ret = await comm.tag_recv(self._ep, buffer, nbytes, tag, name=log)
ucp._libs.exceptions.UCXCanceled: <[Recv #007] ep: 0x7f517d389180, tag: 0xa864837ec83a50b8, nbytes: 100000000, type: <class 'rmm._lib.device_buffer.DeviceBuffer'>>: 

During handling of the above exception, another exception occurred:

Traceback (most recent call last):
  File "/opt/conda/envs/gdf/lib/python3.9/site-packages/distributed/worker.py", line 2056, in gather_dep
    response = await get_data_from_worker(
  File "/opt/conda/envs/gdf/lib/python3.9/site-packages/distributed/worker.py", line 2860, in get_data_from_worker
    response = await send_recv(
  File "/opt/conda/envs/gdf/lib/python3.9/site-packages/distributed/core.py", line 1154, in send_recv
    response = await comm.read(deserializers=deserializers)
  File "/opt/conda/envs/gdf/lib/python3.9/site-packages/distributed/utils.py", line 832, in wrapper
    return await func(*args, **kwargs)
  File "/opt/conda/envs/gdf/lib/python3.9/site-packages/distributed/comm/ucx.py", line 398, in read
    raise CommClosedError(
distributed.comm.core.CommClosedError: Connection closed by writer.
Inner exception: UCXCanceled("<[Recv #007] ep: 0x7f517d389180, tag: 0xa864837ec83a50b8, nbytes: 100000000, type: <class 'rmm._lib.device_buffer.DeviceBuffer'>>: ")
2024-03-01 07:43:17,861 - distributed.worker - ERROR - Worker stream died during communication: ucx://127.0.0.1:58150
Traceback (most recent call last):
  File "/opt/conda/envs/gdf/lib/python3.9/site-packages/distributed/comm/ucx.py", line 350, in read
    await self.ep.recv(msg)
  File "/opt/conda/envs/gdf/lib/python3.9/site-packages/ucp/core.py", line 737, in recv
    ret = await comm.tag_recv(self._ep, buffer, nbytes, tag, name=log)
ucp._libs.exceptions.UCXCanceled: <[Recv #003] ep: 0x7fedecd6f140, tag: 0x87987e716d090a9c, nbytes: 16, type: <class 'numpy.ndarray'>>: 

During handling of the above exception, another exception occurred:

Traceback (most recent call last):
  File "/opt/conda/envs/gdf/lib/python3.9/site-packages/distributed/worker.py", line 2056, in gather_dep
    response = await get_data_from_worker(
  File "/opt/conda/envs/gdf/lib/python3.9/site-packages/distributed/worker.py", line 2860, in get_data_from_worker
    response = await send_recv(
  File "/opt/conda/envs/gdf/lib/python3.9/site-packages/distributed/core.py", line 1154, in send_recv
    response = await comm.read(deserializers=deserializers)
  File "/opt/conda/envs/gdf/lib/python3.9/site-packages/distributed/utils.py", line 832, in wrapper
    return await func(*args, **kwargs)
  File "/opt/conda/envs/gdf/lib/python3.9/site-packages/distributed/comm/ucx.py", line 368, in read
    raise CommClosedError(
distributed.comm.core.CommClosedError: Connection closed by writer.
Inner exception: UCXCanceled("<[Recv #003] ep: 0x7fedecd6f140, tag: 0x87987e716d090a9c, nbytes: 16, type: <class 'numpy.ndarray'>>: ")
2024-03-01 07:43:17,862 - distributed.worker - ERROR - Worker stream died during communication: ucx://127.0.0.1:58150
Traceback (most recent call last):
  File "/opt/conda/envs/gdf/lib/python3.9/site-packages/distributed/comm/ucx.py", line 350, in read
    await self.ep.recv(msg)
  File "/opt/conda/envs/gdf/lib/python3.9/site-packages/ucp/core.py", line 737, in recv
    ret = await comm.tag_recv(self._ep, buffer, nbytes, tag, name=log)
ucp._libs.exceptions.UCXCanceled: <[Recv #000] ep: 0x7fdf00970240, tag: 0x1a6b08b32202384c, nbytes: 16, type: <class 'numpy.ndarray'>>: 

During handling of the above exception, another exception occurred:

Traceback (most recent call last):
  File "/opt/conda/envs/gdf/lib/python3.9/site-packages/distributed/worker.py", line 2056, in gather_dep
    response = await get_data_from_worker(
  File "/opt/conda/envs/gdf/lib/python3.9/site-packages/distributed/worker.py", line 2857, in get_data_from_worker
    comm = await rpc.connect(worker)
  File "/opt/conda/envs/gdf/lib/python3.9/site-packages/distributed/core.py", line 1674, in connect
    return connect_attempt.result()
  File "/opt/conda/envs/gdf/lib/python3.9/site-packages/distributed/core.py", line 1564, in _connect
    comm = await connect(
  File "/opt/conda/envs/gdf/lib/python3.9/site-packages/distributed/comm/core.py", line 377, in connect
    handshake = await comm.read()
  File "/opt/conda/envs/gdf/lib/python3.9/site-packages/distributed/utils.py", line 832, in wrapper
    return await func(*args, **kwargs)
  File "/opt/conda/envs/gdf/lib/python3.9/site-packages/distributed/comm/ucx.py", line 368, in read
    raise CommClosedError(
distributed.comm.core.CommClosedError: Connection closed by writer.
Inner exception: UCXCanceled("<[Recv #000] ep: 0x7fdf00970240, tag: 0x1a6b08b32202384c, nbytes: 16, type: <class 'numpy.ndarray'>>: ")
[1709279000.868959] [dgx13:79853:0]    ib_mlx5dv_md.c:468  UCX  ERROR mlx5_3: LRU push returned Unsupported operation
[dgx13:79853:0:79853]        rndv.c:166  Fatal: failed to pack rendezvous remote key: Unsupported operation
==== backtrace (tid:  79853) ====
 0  /opt/conda/envs/gdf/lib/libucs.so.0(ucs_handle_error+0x2fd) [0x7f138d3bc07d]
 1  /opt/conda/envs/gdf/lib/libucs.so.0(ucs_fatal_error_message+0x51) [0x7f138d3b9c21]
 2  /opt/conda/envs/gdf/lib/libucs.so.0(+0x27dbc) [0x7f138d3b9dbc]
 3  /opt/conda/envs/gdf/lib/libucp.so.0(+0x739f8) [0x7f138d4649f8]
 4  /opt/conda/envs/gdf/lib/libucp.so.0(ucp_do_am_single+0xdf) [0x7f138d43bd8f]
 5  /opt/conda/envs/gdf/lib/libucp.so.0(ucp_proto_progress_tag_rndv_rts+0x1d) [0x7f138d477afd]
 6  /opt/conda/envs/gdf/lib/libucp.so.0(ucp_tag_send_nbx+0x6da) [0x7f138d47c9ea]
 7  /opt/conda/envs/gdf/lib/libucp.so.0(ucp_tag_send_nb+0x4f) [0x7f138d47d72f]
 8  /opt/conda/envs/gdf/lib/python3.9/site-packages/ucp/_libs/ucx_api.cpython-39-x86_64-linux-gnu.so(+0x6c6f0) [0x7f138d52b6f0]
 9  /opt/conda/envs/gdf/bin/python(PyObject_Call+0xbc) [0x55e94f5ce04c]
10  /opt/conda/envs/gdf/bin/python(_PyEval_EvalFrameDefault+0x45a6) [0x55e94f5b43f6]
11  /opt/conda/envs/gdf/bin/python(+0x12dfb4) [0x55e94f5aefb4]
12  /opt/conda/envs/gdf/bin/python(_PyFunction_Vectorcall+0xd9) [0x55e94f5c0469]
13  /opt/conda/envs/gdf/bin/python(_PyEval_EvalFrameDefault+0x11f2) [0x55e94f5b1042]
14  /opt/conda/envs/gdf/bin/python(+0x12dfb4) [0x55e94f5aefb4]
15  /opt/conda/envs/gdf/bin/python(_PyFunction_Vectorcall+0xd9) [0x55e94f5c0469]
16  /opt/conda/envs/gdf/bin/python(_PyEval_EvalFrameDefault+0x11f2) [0x55e94f5b1042]
17  /opt/conda/envs/gdf/bin/python(+0x1e26d2) [0x55e94f6636d2]
18  /opt/conda/envs/gdf/bin/python(_PyEval_EvalFrameDefault+0x5dc0) [0x55e94f5b5c10]
19  /opt/conda/envs/gdf/bin/python(+0x1e26d2) [0x55e94f6636d2]
20  /opt/conda/envs/gdf/bin/python(_PyEval_EvalFrameDefault+0x5dc0) [0x55e94f5b5c10]
21  /opt/conda/envs/gdf/bin/python(+0x1e26d2) [0x55e94f6636d2]
22  /opt/conda/envs/gdf/bin/python(_PyEval_EvalFrameDefault+0x5dc0) [0x55e94f5b5c10]
23  /opt/conda/envs/gdf/bin/python(+0x1e26d2) [0x55e94f6636d2]
24  /opt/conda/envs/gdf/bin/python(_PyEval_EvalFrameDefault+0x5dc0) [0x55e94f5b5c10]
25  /opt/conda/envs/gdf/bin/python(+0x1e26d2) [0x55e94f6636d2]
26  /opt/conda/envs/gdf/bin/python(_PyEval_EvalFrameDefault+0x5dc0) [0x55e94f5b5c10]
27  /opt/conda/envs/gdf/bin/python(+0x1e26d2) [0x55e94f6636d2]
28  /opt/conda/envs/gdf/lib/python3.9/lib-dynload/_asyncio.cpython-39-x86_64-linux-gnu.so(+0x81e9) [0x7f13b45711e9]
29  /opt/conda/envs/gdf/lib/python3.9/lib-dynload/_asyncio.cpython-39-x86_64-linux-gnu.so(+0x8aa6) [0x7f13b4571aa6]
30  /opt/conda/envs/gdf/bin/python(_PyObject_MakeTpCall+0x2ec) [0x55e94f5b86ac]
31  /opt/conda/envs/gdf/bin/python(+0xf23ff) [0x55e94f5733ff]
32  /opt/conda/envs/gdf/bin/python(+0x136723) [0x55e94f5b7723]
33  /opt/conda/envs/gdf/bin/python(_PyEval_EvalFrameDefault+0x5ad9) [0x55e94f5b5929]
34  /opt/conda/envs/gdf/bin/python(+0x13f712) [0x55e94f5c0712]
35  /opt/conda/envs/gdf/bin/python(_PyEval_EvalFrameDefault+0x696) [0x55e94f5b04e6]
36  /opt/conda/envs/gdf/bin/python(+0x13f712) [0x55e94f5c0712]
37  /opt/conda/envs/gdf/bin/python(_PyEval_EvalFrameDefault+0x696) [0x55e94f5b04e6]
38  /opt/conda/envs/gdf/bin/python(+0x13f712) [0x55e94f5c0712]
39  /opt/conda/envs/gdf/bin/python(_PyEval_EvalFrameDefault+0x696) [0x55e94f5b04e6]
40  /opt/conda/envs/gdf/bin/python(+0x13f712) [0x55e94f5c0712]
41  /opt/conda/envs/gdf/bin/python(_PyEval_EvalFrameDefault+0x696) [0x55e94f5b04e6]
42  /opt/conda/envs/gdf/bin/python(+0x12dfb4) [0x55e94f5aefb4]
43  /opt/conda/envs/gdf/bin/python(_PyFunction_Vectorcall+0xd9) [0x55e94f5c0469]
44  /opt/conda/envs/gdf/bin/python(_PyEval_EvalFrameDefault+0x11f2) [0x55e94f5b1042]
45  /opt/conda/envs/gdf/bin/python(+0x12dfb4) [0x55e94f5aefb4]
46  /opt/conda/envs/gdf/bin/python(+0x14c8cb) [0x55e94f5cd8cb]
47  /opt/conda/envs/gdf/bin/python(PyObject_Call+0xbc) [0x55e94f5ce04c]
48  /opt/conda/envs/gdf/bin/python(+0x21080e) [0x55e94f69180e]
49  /opt/conda/envs/gdf/bin/python(_PyObject_MakeTpCall+0x2ec) [0x55e94f5b86ac]
50  /opt/conda/envs/gdf/bin/python(_PyEval_EvalFrameDefault+0x45a6) [0x55e94f5b43f6]
51  /opt/conda/envs/gdf/bin/python(+0x13f712) [0x55e94f5c0712]
52  /opt/conda/envs/gdf/bin/python(+0x14c9ac) [0x55e94f5cd9ac]
53  /opt/conda/envs/gdf/bin/python(_PyEval_EvalFrameDefault+0x45a6) [0x55e94f5b43f6]
54  /opt/conda/envs/gdf/bin/python(+0x13f712) [0x55e94f5c0712]
55  /opt/conda/envs/gdf/bin/python(_PyEval_EvalFrameDefault+0x696) [0x55e94f5b04e6]
56  /opt/conda/envs/gdf/bin/python(+0x12dfb4) [0x55e94f5aefb4]
57  /opt/conda/envs/gdf/bin/python(_PyFunction_Vectorcall+0xd9) [0x55e94f5c0469]
58  /opt/conda/envs/gdf/bin/python(_PyEval_EvalFrameDefault+0x696) [0x55e94f5b04e6]
59  /opt/conda/envs/gdf/bin/python(+0x13f712) [0x55e94f5c0712]
60  /opt/conda/envs/gdf/bin/python(_PyEval_EvalFrameDefault+0x3e2) [0x55e94f5b0232]
61  /opt/conda/envs/gdf/bin/python(+0x12dfb4) [0x55e94f5aefb4]
=================================
2024-03-01 07:43:22,671 - distributed.worker - ERROR - Worker stream died during communication: ucx://127.0.0.1:33798
Traceback (most recent call last):
  File "/opt/conda/envs/gdf/lib/python3.9/site-packages/distributed/comm/ucx.py", line 350, in read
    await self.ep.recv(msg)
  File "/opt/conda/envs/gdf/lib/python3.9/site-packages/ucp/core.py", line 737, in recv
    ret = await comm.tag_recv(self._ep, buffer, nbytes, tag, name=log)
ucp._libs.exceptions.UCXCanceled: <[Recv #035] ep: 0x7fda4ce66100, tag: 0x77a46ba817c9c79e, nbytes: 16, type: <class 'numpy.ndarray'>>: 

During handling of the above exception, another exception occurred:

Traceback (most recent call last):
  File "/opt/conda/envs/gdf/lib/python3.9/site-packages/distributed/worker.py", line 2056, in gather_dep
    response = await get_data_from_worker(
  File "/opt/conda/envs/gdf/lib/python3.9/site-packages/distributed/worker.py", line 2860, in get_data_from_worker
    response = await send_recv(
  File "/opt/conda/envs/gdf/lib/python3.9/site-packages/distributed/core.py", line 1154, in send_recv
    response = await comm.read(deserializers=deserializers)
  File "/opt/conda/envs/gdf/lib/python3.9/site-packages/distributed/utils.py", line 832, in wrapper
    return await func(*args, **kwargs)
  File "/opt/conda/envs/gdf/lib/python3.9/site-packages/distributed/comm/ucx.py", line 368, in read
    raise CommClosedError(
distributed.comm.core.CommClosedError: Connection closed by writer.
Inner exception: UCXCanceled("<[Recv #035] ep: 0x7fda4ce66100, tag: 0x77a46ba817c9c79e, nbytes: 16, type: <class 'numpy.ndarray'>>: ")
2024-03-01 07:43:22,671 - distributed.worker - ERROR - Worker stream died during communication: ucx://127.0.0.1:33798
Traceback (most recent call last):
  File "/opt/conda/envs/gdf/lib/python3.9/site-packages/distributed/comm/ucx.py", line 350, in read
    await self.ep.recv(msg)
  File "/opt/conda/envs/gdf/lib/python3.9/site-packages/ucp/core.py", line 737, in recv
    ret = await comm.tag_recv(self._ep, buffer, nbytes, tag, name=log)
ucp._libs.exceptions.UCXCanceled: <[Recv #051] ep: 0x7fedecd6f280, tag: 0xbd9f670b285d5926, nbytes: 16, type: <class 'numpy.ndarray'>>: 

During handling of the above exception, another exception occurred:

Traceback (most recent call last):
  File "/opt/conda/envs/gdf/lib/python3.9/site-packages/distributed/worker.py", line 2056, in gather_dep
    response = await get_data_from_worker(
  File "/opt/conda/envs/gdf/lib/python3.9/site-packages/distributed/worker.py", line 2860, in get_data_from_worker
    response = await send_recv(
  File "/opt/conda/envs/gdf/lib/python3.9/site-packages/distributed/core.py", line 1154, in send_recv
    response = await comm.read(deserializers=deserializers)
  File "/opt/conda/envs/gdf/lib/python3.9/site-packages/distributed/utils.py", line 832, in wrapper
    return await func(*args, **kwargs)
  File "/opt/conda/envs/gdf/lib/python3.9/site-packages/distributed/comm/ucx.py", line 368, in read
    raise CommClosedError(
distributed.comm.core.CommClosedError: Connection closed by writer.
Inner exception: UCXCanceled("<[Recv #051] ep: 0x7fedecd6f280, tag: 0xbd9f670b285d5926, nbytes: 16, type: <class 'numpy.ndarray'>>: ")
2024-03-01 07:43:22,671 - distributed.worker - ERROR - Worker stream died during communication: ucx://127.0.0.1:33798
Traceback (most recent call last):
  File "/opt/conda/envs/gdf/lib/python3.9/site-packages/distributed/comm/ucx.py", line 392, in read
    await self.ep.recv(each_frame)
  File "/opt/conda/envs/gdf/lib/python3.9/site-packages/ucp/core.py", line 737, in recv
    ret = await comm.tag_recv(self._ep, buffer, nbytes, tag, name=log)
ucp._libs.exceptions.UCXCanceled: <[Recv #060] ep: 0x7f80607be240, tag: 0x7a0452cd3d3522d5, nbytes: 100000000, type: <class 'rmm._lib.device_buffer.DeviceBuffer'>>: 

During handling of the above exception, another exception occurred:

Traceback (most recent call last):
  File "/opt/conda/envs/gdf/lib/python3.9/site-packages/distributed/worker.py", line 2056, in gather_dep
    response = await get_data_from_worker(
  File "/opt/conda/envs/gdf/lib/python3.9/site-packages/distributed/worker.py", line 2860, in get_data_from_worker
    response = await send_recv(
  File "/opt/conda/envs/gdf/lib/python3.9/site-packages/distributed/core.py", line 1154, in send_recv
    response = await comm.read(deserializers=deserializers)
  File "/opt/conda/envs/gdf/lib/python3.9/site-packages/distributed/utils.py", line 832, in wrapper
    return await func(*args, **kwargs)
  File "/opt/conda/envs/gdf/lib/python3.9/site-packages/distributed/comm/ucx.py", line 398, in read
    raise CommClosedError(
distributed.comm.core.CommClosedError: Connection closed by writer.
Inner exception: UCXCanceled("<[Recv #060] ep: 0x7f80607be240, tag: 0x7a0452cd3d3522d5, nbytes: 100000000, type: <class 'rmm._lib.device_buffer.DeviceBuffer'>>: ")
2024-03-01 07:43:22,672 - distributed.worker - ERROR - Worker stream died during communication: ucx://127.0.0.1:33798
Traceback (most recent call last):
  File "/opt/conda/envs/gdf/lib/python3.9/site-packages/distributed/comm/ucx.py", line 392, in read
    await self.ep.recv(each_frame)
  File "/opt/conda/envs/gdf/lib/python3.9/site-packages/ucp/core.py", line 737, in recv
    ret = await comm.tag_recv(self._ep, buffer, nbytes, tag, name=log)
ucp._libs.exceptions.UCXCanceled: <[Recv #039] ep: 0x7f517d389240, tag: 0xf7333ef64db46518, nbytes: 100000000, type: <class 'rmm._lib.device_buffer.DeviceBuffer'>>: 

During handling of the above exception, another exception occurred:

Traceback (most recent call last):
  File "/opt/conda/envs/gdf/lib/python3.9/site-packages/distributed/worker.py", line 2056, in gather_dep
    response = await get_data_from_worker(
  File "/opt/conda/envs/gdf/lib/python3.9/site-packages/distributed/worker.py", line 2860, in get_data_from_worker
    response = await send_recv(
  File "/opt/conda/envs/gdf/lib/python3.9/site-packages/distributed/core.py", line 1154, in send_recv
    response = await comm.read(deserializers=deserializers)
  File "/opt/conda/envs/gdf/lib/python3.9/site-packages/distributed/utils.py", line 832, in wrapper
    return await func(*args, **kwargs)
  File "/opt/conda/envs/gdf/lib/python3.9/site-packages/distributed/comm/ucx.py", line 398, in read
    raise CommClosedError(
distributed.comm.core.CommClosedError: Connection closed by writer.
Inner exception: UCXCanceled("<[Recv #039] ep: 0x7f517d389240, tag: 0xf7333ef64db46518, nbytes: 100000000, type: <class 'rmm._lib.device_buffer.DeviceBuffer'>>: ")
2024-03-01 07:43:22,672 - distributed.worker - ERROR - Worker stream died during communication: ucx://127.0.0.1:33798
Traceback (most recent call last):
  File "/opt/conda/envs/gdf/lib/python3.9/site-packages/distributed/comm/ucx.py", line 392, in read
    await self.ep.recv(each_frame)
  File "/opt/conda/envs/gdf/lib/python3.9/site-packages/ucp/core.py", line 737, in recv
    ret = await comm.tag_recv(self._ep, buffer, nbytes, tag, name=log)
ucp._libs.exceptions.UCXCanceled: <[Recv #039] ep: 0x7fdf009701c0, tag: 0xb75feaf5eb685f11, nbytes: 100000000, type: <class 'rmm._lib.device_buffer.DeviceBuffer'>>: 

During handling of the above exception, another exception occurred:

Traceback (most recent call last):
  File "/opt/conda/envs/gdf/lib/python3.9/site-packages/distributed/worker.py", line 2056, in gather_dep
    response = await get_data_from_worker(
  File "/opt/conda/envs/gdf/lib/python3.9/site-packages/distributed/worker.py", line 2860, in get_data_from_worker
    response = await send_recv(
  File "/opt/conda/envs/gdf/lib/python3.9/site-packages/distributed/core.py", line 1154, in send_recv
    response = await comm.read(deserializers=deserializers)
  File "/opt/conda/envs/gdf/lib/python3.9/site-packages/distributed/utils.py", line 832, in wrapper
    return await func(*args, **kwargs)
  File "/opt/conda/envs/gdf/lib/python3.9/site-packages/distributed/comm/ucx.py", line 398, in read
    raise CommClosedError(
distributed.comm.core.CommClosedError: Connection closed by writer.
Inner exception: UCXCanceled("<[Recv #039] ep: 0x7fdf009701c0, tag: 0xb75feaf5eb685f11, nbytes: 100000000, type: <class 'rmm._lib.device_buffer.DeviceBuffer'>>: ")
2024-03-01 07:43:22,721 - distributed.nanny - WARNING - Restarting worker
Task exception was never retrieved
future: <Task finished name='Task-1301' coro=<_listener_handler_coroutine() done, defined at /opt/conda/envs/gdf/lib/python3.9/site-packages/ucp/core.py:140> exception=TimeoutError()>
Traceback (most recent call last):
  File "/opt/conda/envs/gdf/lib/python3.9/asyncio/tasks.py", line 490, in wait_for
    return fut.result()
asyncio.exceptions.CancelledError

The above exception was the direct cause of the following exception:

Traceback (most recent call last):
  File "/opt/conda/envs/gdf/lib/python3.9/site-packages/ucp/core.py", line 155, in _listener_handler_coroutine
    peer_info = await exchange_peer_info(
  File "/opt/conda/envs/gdf/lib/python3.9/site-packages/ucp/core.py", line 55, in exchange_peer_info
    await asyncio.wait_for(
  File "/opt/conda/envs/gdf/lib/python3.9/asyncio/tasks.py", line 492, in wait_for
    raise exceptions.TimeoutError() from exc
asyncio.exceptions.TimeoutError
2024-03-01 07:43:24,194 - distributed.comm.ucx - ERROR - std::bad_alloc: out_of_memory: RMM failure at:/opt/conda/conda-bld/work/include/rmm/mr/device/pool_memory_resource.hpp:424: Maximum pool size exceeded
Traceback (most recent call last):
  File "/opt/conda/envs/gdf/lib/python3.9/site-packages/distributed/utils.py", line 832, in wrapper
    return await func(*args, **kwargs)
  File "/opt/conda/envs/gdf/lib/python3.9/site-packages/distributed/comm/ucx.py", line 373, in read
    frames = [
  File "/opt/conda/envs/gdf/lib/python3.9/site-packages/distributed/comm/ucx.py", line 374, in <listcomp>
    device_array(each_size) if is_cuda else host_array(each_size)
  File "/opt/conda/envs/gdf/lib/python3.9/site-packages/distributed/comm/ucx.py", line 167, in device_array
    return rmm.DeviceBuffer(size=n)
  File "device_buffer.pyx", line 85, in rmm._lib.device_buffer.DeviceBuffer.__cinit__
MemoryError: std::bad_alloc: out_of_memory: RMM failure at:/opt/conda/conda-bld/work/include/rmm/mr/device/pool_memory_resource.hpp:424: Maximum pool size exceeded
2024-03-01 07:43:24,194 - distributed.worker - ERROR - std::bad_alloc: out_of_memory: RMM failure at:/opt/conda/conda-bld/work/include/rmm/mr/device/pool_memory_resource.hpp:424: Maximum pool size exceeded
Traceback (most recent call last):
  File "/opt/conda/envs/gdf/lib/python3.9/site-packages/distributed/worker.py", line 2056, in gather_dep
    response = await get_data_from_worker(
  File "/opt/conda/envs/gdf/lib/python3.9/site-packages/distributed/worker.py", line 2860, in get_data_from_worker
    response = await send_recv(
  File "/opt/conda/envs/gdf/lib/python3.9/site-packages/distributed/core.py", line 1154, in send_recv
    response = await comm.read(deserializers=deserializers)
  File "/opt/conda/envs/gdf/lib/python3.9/site-packages/distributed/utils.py", line 832, in wrapper
    return await func(*args, **kwargs)
  File "/opt/conda/envs/gdf/lib/python3.9/site-packages/distributed/comm/ucx.py", line 373, in read
    frames = [
  File "/opt/conda/envs/gdf/lib/python3.9/site-packages/distributed/comm/ucx.py", line 374, in <listcomp>
    device_array(each_size) if is_cuda else host_array(each_size)
  File "/opt/conda/envs/gdf/lib/python3.9/site-packages/distributed/comm/ucx.py", line 167, in device_array
    return rmm.DeviceBuffer(size=n)
  File "device_buffer.pyx", line 85, in rmm._lib.device_buffer.DeviceBuffer.__cinit__
MemoryError: std::bad_alloc: out_of_memory: RMM failure at:/opt/conda/conda-bld/work/include/rmm/mr/device/pool_memory_resource.hpp:424: Maximum pool size exceeded
2024-03-01 07:43:24,497 - distributed.worker - WARNING - Compute Failed
Key:       ('simple-shuffle-03f7cb961bc271045f61fb8e929802fd', 1)
Function:  _concat
args:      ([                key   payload  _partitions
123585    409210847   2057353            1
31749     800691494  18667423            1
123586    846868859  10698301            1
107605    212338355  35340204            1
123587    817151826   9142312            1
...             ...       ...          ...
99980266  100171366  97977009            1
99980277  830743240  13694548            1
99980280  869363225  10249604            1
99980285  833830178   7214090            1
99980287  101253965  41243159            1

[12497240 rows x 3 columns],                 key   payload  _partitions
11377     713449034   8065694            1
11378     714077190  62801247            1
84134     963556698  59723009            1
11389     919411763  92925940            1
84139     721756184  49109318            1
...             ...       ...          ...
99970523  523021335  92115660            1
99970524  909379907  41658000            1
99970470  949444074  65160277            1
99970471  961471542  4
kwargs:    {}
Exception: "MemoryError('std::bad_alloc: out_of_memory: RMM failure at:/opt/conda/conda-bld/work/include/rmm/mr/device/pool_memory_resource.hpp:424: Maximum pool size exceeded')"

2024-03-01 07:43:26,937 - distributed.nanny - WARNING - Restarting worker
/opt/conda/envs/gdf/lib/python3.9/multiprocessing/resource_tracker.py:216: UserWarning: resource_tracker: There appear to be 48 leaked semaphore objects to clean up at shutdown
  warnings.warn('resource_tracker: There appear to be %d '
