2023-07-21 06:37:34,575 - distributed.preloading - INFO - Creating preload: dask_cuda.initialize
2023-07-21 06:37:34,575 - distributed.preloading - INFO - Import preload module: dask_cuda.initialize
2023-07-21 06:37:34,658 - distributed.preloading - INFO - Creating preload: dask_cuda.initialize
2023-07-21 06:37:34,658 - distributed.preloading - INFO - Import preload module: dask_cuda.initialize
2023-07-21 06:37:34,740 - distributed.preloading - INFO - Creating preload: dask_cuda.initialize
2023-07-21 06:37:34,740 - distributed.preloading - INFO - Import preload module: dask_cuda.initialize
2023-07-21 06:37:34,740 - distributed.preloading - INFO - Creating preload: dask_cuda.initialize
2023-07-21 06:37:34,740 - distributed.preloading - INFO - Import preload module: dask_cuda.initialize
2023-07-21 06:37:34,741 - distributed.preloading - INFO - Creating preload: dask_cuda.initialize
2023-07-21 06:37:34,741 - distributed.preloading - INFO - Import preload module: dask_cuda.initialize
2023-07-21 06:37:34,746 - distributed.preloading - INFO - Creating preload: dask_cuda.initialize
2023-07-21 06:37:34,746 - distributed.preloading - INFO - Import preload module: dask_cuda.initialize
2023-07-21 06:37:34,756 - distributed.preloading - INFO - Creating preload: dask_cuda.initialize
2023-07-21 06:37:34,757 - distributed.preloading - INFO - Import preload module: dask_cuda.initialize
2023-07-21 06:37:34,785 - distributed.preloading - INFO - Creating preload: dask_cuda.initialize
2023-07-21 06:37:34,785 - distributed.preloading - INFO - Import preload module: dask_cuda.initialize
[dgx13:76514:0:76514] Caught signal 11 (Segmentation fault: address not mapped to object at address 0x448)
==== backtrace (tid:  76514) ====
 0  /opt/conda/envs/gdf/lib/libucs.so.0(ucs_handle_error+0x2fd) [0x7f2cb4956f1d]
 1  /opt/conda/envs/gdf/lib/libucs.so.0(+0x29114) [0x7f2cb4957114]
 2  /opt/conda/envs/gdf/lib/libucs.so.0(+0x292da) [0x7f2cb49572da]
 3  /usr/lib/x86_64-linux-gnu/libpthread.so.0(+0x14420) [0x7f2d54092420]
 4  /opt/conda/envs/gdf/lib/libucp.so.0(ucp_mem_type_unpack+0x14) [0x7f2cb49d05d4]
 5  /opt/conda/envs/gdf/lib/libucp.so.0(ucp_rndv_data_handler+0x4e9) [0x7f2cb49f5859]
 6  /opt/conda/envs/gdf/lib/libuct.so.0(+0x2042f) [0x7f2cb491242f]
 7  /opt/conda/envs/gdf/lib/libuct.so.0(+0x23798) [0x7f2cb4915798]
 8  /opt/conda/envs/gdf/lib/libucs.so.0(ucs_event_set_wait+0xb9) [0x7f2cb495f989]
 9  /opt/conda/envs/gdf/lib/libuct.so.0(uct_tcp_iface_progress+0x7d) [0x7f2cb491462d]
10  /opt/conda/envs/gdf/lib/libucp.so.0(ucp_worker_progress+0x5a) [0x7f2cb49cdc4a]
11  /opt/conda/envs/gdf/lib/python3.9/site-packages/ucp/_libs/ucx_api.cpython-39-x86_64-linux-gnu.so(+0x2b17a) [0x7f2cb4a7817a]
12  /opt/conda/envs/gdf/bin/python(+0x13eb08) [0x55f5cf39db08]
13  /opt/conda/envs/gdf/bin/python(_PyEval_EvalFrameDefault+0x5f82) [0x55f5cf38e112]
14  /opt/conda/envs/gdf/bin/python(+0x12827a) [0x55f5cf38727a]
15  /opt/conda/envs/gdf/bin/python(_PyFunction_Vectorcall+0xd5) [0x55f5cf398c05]
16  /opt/conda/envs/gdf/bin/python(_PyEval_EvalFrameDefault+0x68b) [0x55f5cf38881b]
17  /opt/conda/envs/gdf/bin/python(+0x14e70e) [0x55f5cf3ad70e]
18  /opt/conda/envs/gdf/lib/python3.9/lib-dynload/_asyncio.cpython-39-x86_64-linux-gnu.so(+0x82fe) [0x7f2cd4d092fe]
19  /opt/conda/envs/gdf/bin/python(_PyObject_MakeTpCall+0x2fc) [0x55f5cf3912bc]
20  /opt/conda/envs/gdf/bin/python(+0xe5817) [0x55f5cf344817]
21  /opt/conda/envs/gdf/bin/python(+0x130f83) [0x55f5cf38ff83]
22  /opt/conda/envs/gdf/bin/python(_PyEval_EvalFrameDefault+0x5ba6) [0x55f5cf38dd36]
23  /opt/conda/envs/gdf/bin/python(+0x139ef3) [0x55f5cf398ef3]
24  /opt/conda/envs/gdf/bin/python(_PyEval_EvalFrameDefault+0x68b) [0x55f5cf38881b]
25  /opt/conda/envs/gdf/bin/python(+0x139ef3) [0x55f5cf398ef3]
26  /opt/conda/envs/gdf/bin/python(_PyEval_EvalFrameDefault+0x68b) [0x55f5cf38881b]
27  /opt/conda/envs/gdf/bin/python(+0x139ef3) [0x55f5cf398ef3]
28  /opt/conda/envs/gdf/bin/python(_PyEval_EvalFrameDefault+0x68b) [0x55f5cf38881b]
29  /opt/conda/envs/gdf/bin/python(+0x139ef3) [0x55f5cf398ef3]
30  /opt/conda/envs/gdf/bin/python(_PyEval_EvalFrameDefault+0x68b) [0x55f5cf38881b]
31  /opt/conda/envs/gdf/bin/python(+0x12827a) [0x55f5cf38727a]
32  /opt/conda/envs/gdf/bin/python(_PyFunction_Vectorcall+0xd5) [0x55f5cf398c05]
33  /opt/conda/envs/gdf/bin/python(_PyEval_EvalFrameDefault+0x4e17) [0x55f5cf38cfa7]
34  /opt/conda/envs/gdf/bin/python(+0x12827a) [0x55f5cf38727a]
35  /opt/conda/envs/gdf/bin/python(+0x147935) [0x55f5cf3a6935]
36  /opt/conda/envs/gdf/bin/python(PyObject_Call+0xb4) [0x55f5cf3a7104]
37  /opt/conda/envs/gdf/bin/python(+0x20efc8) [0x55f5cf46dfc8]
38  /opt/conda/envs/gdf/bin/python(_PyObject_MakeTpCall+0x2fc) [0x55f5cf3912bc]
39  /opt/conda/envs/gdf/bin/python(_PyEval_EvalFrameDefault+0x402b) [0x55f5cf38c1bb]
40  /opt/conda/envs/gdf/bin/python(+0x139ef3) [0x55f5cf398ef3]
41  /opt/conda/envs/gdf/bin/python(+0x147c72) [0x55f5cf3a6c72]
42  /opt/conda/envs/gdf/bin/python(_PyEval_EvalFrameDefault+0x402b) [0x55f5cf38c1bb]
43  /opt/conda/envs/gdf/bin/python(+0x139ef3) [0x55f5cf398ef3]
44  /opt/conda/envs/gdf/bin/python(_PyEval_EvalFrameDefault+0x68b) [0x55f5cf38881b]
45  /opt/conda/envs/gdf/bin/python(+0x12827a) [0x55f5cf38727a]
46  /opt/conda/envs/gdf/bin/python(_PyFunction_Vectorcall+0xd5) [0x55f5cf398c05]
47  /opt/conda/envs/gdf/bin/python(_PyEval_EvalFrameDefault+0x68b) [0x55f5cf38881b]
48  /opt/conda/envs/gdf/bin/python(+0x139ef3) [0x55f5cf398ef3]
49  /opt/conda/envs/gdf/bin/python(_PyEval_EvalFrameDefault+0x3d8) [0x55f5cf388568]
50  /opt/conda/envs/gdf/bin/python(+0x12827a) [0x55f5cf38727a]
51  /opt/conda/envs/gdf/bin/python(_PyFunction_Vectorcall+0xd5) [0x55f5cf398c05]
52  /opt/conda/envs/gdf/bin/python(_PyEval_EvalFrameDefault+0x123b) [0x55f5cf3893cb]
53  /opt/conda/envs/gdf/bin/python(+0x12827a) [0x55f5cf38727a]
54  /opt/conda/envs/gdf/bin/python(_PyEval_EvalCodeWithName+0x47) [0x55f5cf386f07]
55  /opt/conda/envs/gdf/bin/python(PyEval_EvalCodeEx+0x39) [0x55f5cf386eb9]
56  /opt/conda/envs/gdf/bin/python(PyEval_EvalCode+0x1b) [0x55f5cf4378bb]
57  /opt/conda/envs/gdf/bin/python(+0x206adc) [0x55f5cf465adc]
58  /opt/conda/envs/gdf/bin/python(+0x202c24) [0x55f5cf461c24]
59  /opt/conda/envs/gdf/bin/python(PyRun_StringFlags+0x9d) [0x55f5cf4597ed]
60  /opt/conda/envs/gdf/bin/python(PyRun_SimpleStringFlags+0x3d) [0x55f5cf4596bd]
61  /opt/conda/envs/gdf/bin/python(Py_RunMain+0x262) [0x55f5cf4588a2]
=================================
[dgx13:76530:0:76530] Caught signal 11 (Segmentation fault: address not mapped to object at address 0x448)
==== backtrace (tid:  76530) ====
 0  /opt/conda/envs/gdf/lib/libucs.so.0(ucs_handle_error+0x2fd) [0x7f4a94d4af1d]
 1  /opt/conda/envs/gdf/lib/libucs.so.0(+0x29114) [0x7f4a94d4b114]
 2  /opt/conda/envs/gdf/lib/libucs.so.0(+0x292da) [0x7f4a94d4b2da]
 3  /usr/lib/x86_64-linux-gnu/libpthread.so.0(+0x14420) [0x7f4b26476420]
 4  /opt/conda/envs/gdf/lib/libucp.so.0(ucp_mem_type_unpack+0x14) [0x7f4a94dc45d4]
 5  /opt/conda/envs/gdf/lib/libucp.so.0(ucp_rndv_data_handler+0x4e9) [0x7f4a94de9859]
 6  /opt/conda/envs/gdf/lib/libuct.so.0(+0x2042f) [0x7f4a94d0642f]
 7  /opt/conda/envs/gdf/lib/libuct.so.0(+0x23798) [0x7f4a94d09798]
 8  /opt/conda/envs/gdf/lib/libucs.so.0(ucs_event_set_wait+0xb9) [0x7f4a94d53989]
 9  /opt/conda/envs/gdf/lib/libuct.so.0(uct_tcp_iface_progress+0x7d) [0x7f4a94d0862d]
10  /opt/conda/envs/gdf/lib/libucp.so.0(ucp_worker_progress+0x5a) [0x7f4a94dc1c4a]
11  /opt/conda/envs/gdf/lib/python3.9/site-packages/ucp/_libs/ucx_api.cpython-39-x86_64-linux-gnu.so(+0x2b17a) [0x7f4a94e6c17a]
12  /opt/conda/envs/gdf/bin/python(+0x13eb08) [0x560e27aebb08]
13  /opt/conda/envs/gdf/bin/python(_PyEval_EvalFrameDefault+0x5f82) [0x560e27adc112]
14  /opt/conda/envs/gdf/bin/python(+0x12827a) [0x560e27ad527a]
15  /opt/conda/envs/gdf/bin/python(_PyFunction_Vectorcall+0xd5) [0x560e27ae6c05]
16  /opt/conda/envs/gdf/bin/python(_PyEval_EvalFrameDefault+0x68b) [0x560e27ad681b]
17  /opt/conda/envs/gdf/bin/python(+0x14e70e) [0x560e27afb70e]
18  /opt/conda/envs/gdf/lib/python3.9/lib-dynload/_asyncio.cpython-39-x86_64-linux-gnu.so(+0x82fe) [0x7f4aa70f02fe]
19  /opt/conda/envs/gdf/bin/python(_PyObject_MakeTpCall+0x2fc) [0x560e27adf2bc]
20  /opt/conda/envs/gdf/bin/python(+0xe5817) [0x560e27a92817]
21  /opt/conda/envs/gdf/bin/python(+0x130f83) [0x560e27addf83]
22  /opt/conda/envs/gdf/bin/python(_PyEval_EvalFrameDefault+0x5ba6) [0x560e27adbd36]
23  /opt/conda/envs/gdf/bin/python(+0x139ef3) [0x560e27ae6ef3]
24  /opt/conda/envs/gdf/bin/python(_PyEval_EvalFrameDefault+0x68b) [0x560e27ad681b]
25  /opt/conda/envs/gdf/bin/python(+0x139ef3) [0x560e27ae6ef3]
26  /opt/conda/envs/gdf/bin/python(_PyEval_EvalFrameDefault+0x68b) [0x560e27ad681b]
27  /opt/conda/envs/gdf/bin/python(+0x139ef3) [0x560e27ae6ef3]
28  /opt/conda/envs/gdf/bin/python(_PyEval_EvalFrameDefault+0x68b) [0x560e27ad681b]
29  /opt/conda/envs/gdf/bin/python(+0x139ef3) [0x560e27ae6ef3]
30  /opt/conda/envs/gdf/bin/python(_PyEval_EvalFrameDefault+0x68b) [0x560e27ad681b]
31  /opt/conda/envs/gdf/bin/python(+0x12827a) [0x560e27ad527a]
32  /opt/conda/envs/gdf/bin/python(_PyFunction_Vectorcall+0xd5) [0x560e27ae6c05]
33  /opt/conda/envs/gdf/bin/python(_PyEval_EvalFrameDefault+0x4e17) [0x560e27adafa7]
34  /opt/conda/envs/gdf/bin/python(+0x12827a) [0x560e27ad527a]
35  /opt/conda/envs/gdf/bin/python(+0x147935) [0x560e27af4935]
36  /opt/conda/envs/gdf/bin/python(PyObject_Call+0xb4) [0x560e27af5104]
37  /opt/conda/envs/gdf/bin/python(+0x20efc8) [0x560e27bbbfc8]
38  /opt/conda/envs/gdf/bin/python(_PyObject_MakeTpCall+0x2fc) [0x560e27adf2bc]
39  /opt/conda/envs/gdf/bin/python(_PyEval_EvalFrameDefault+0x402b) [0x560e27ada1bb]
40  /opt/conda/envs/gdf/bin/python(+0x139ef3) [0x560e27ae6ef3]
41  /opt/conda/envs/gdf/bin/python(+0x147c72) [0x560e27af4c72]
42  /opt/conda/envs/gdf/bin/python(_PyEval_EvalFrameDefault+0x402b) [0x560e27ada1bb]
43  /opt/conda/envs/gdf/bin/python(+0x139ef3) [0x560e27ae6ef3]
44  /opt/conda/envs/gdf/bin/python(_PyEval_EvalFrameDefault+0x68b) [0x560e27ad681b]
45  /opt/conda/envs/gdf/bin/python(+0x12827a) [0x560e27ad527a]
46  /opt/conda/envs/gdf/bin/python(_PyFunction_Vectorcall+0xd5) [0x560e27ae6c05]
47  /opt/conda/envs/gdf/bin/python(_PyEval_EvalFrameDefault+0x68b) [0x560e27ad681b]
48  /opt/conda/envs/gdf/bin/python(+0x139ef3) [0x560e27ae6ef3]
49  /opt/conda/envs/gdf/bin/python(_PyEval_EvalFrameDefault+0x3d8) [0x560e27ad6568]
50  /opt/conda/envs/gdf/bin/python(+0x12827a) [0x560e27ad527a]
51  /opt/conda/envs/gdf/bin/python(_PyFunction_Vectorcall+0xd5) [0x560e27ae6c05]
52  /opt/conda/envs/gdf/bin/python(_PyEval_EvalFrameDefault+0x123b) [0x560e27ad73cb]
53  /opt/conda/envs/gdf/bin/python(+0x12827a) [0x560e27ad527a]
54  /opt/conda/envs/gdf/bin/python(_PyEval_EvalCodeWithName+0x47) [0x560e27ad4f07]
55  /opt/conda/envs/gdf/bin/python(PyEval_EvalCodeEx+0x39) [0x560e27ad4eb9]
56  /opt/conda/envs/gdf/bin/python(PyEval_EvalCode+0x1b) [0x560e27b858bb]
57  /opt/conda/envs/gdf/bin/python(+0x206adc) [0x560e27bb3adc]
58  /opt/conda/envs/gdf/bin/python(+0x202c24) [0x560e27bafc24]
59  /opt/conda/envs/gdf/bin/python(PyRun_StringFlags+0x9d) [0x560e27ba77ed]
60  /opt/conda/envs/gdf/bin/python(PyRun_SimpleStringFlags+0x3d) [0x560e27ba76bd]
61  /opt/conda/envs/gdf/bin/python(Py_RunMain+0x262) [0x560e27ba68a2]
=================================
[dgx13:76527:0:76527] Caught signal 11 (Segmentation fault: address not mapped to object at address 0x448)
==== backtrace (tid:  76527) ====
 0  /opt/conda/envs/gdf/lib/libucs.so.0(ucs_handle_error+0x2fd) [0x7fe5ac09cf1d]
 1  /opt/conda/envs/gdf/lib/libucs.so.0(+0x29114) [0x7fe5ac09d114]
 2  /opt/conda/envs/gdf/lib/libucs.so.0(+0x292da) [0x7fe5ac09d2da]
 3  /usr/lib/x86_64-linux-gnu/libpthread.so.0(+0x14420) [0x7fe63d7c5420]
 4  /opt/conda/envs/gdf/lib/libucp.so.0(ucp_mem_type_unpack+0x14) [0x7fe5ac1165d4]
 5  /opt/conda/envs/gdf/lib/libucp.so.0(ucp_rndv_data_handler+0x4e9) [0x7fe5ac13b859]
 6  /opt/conda/envs/gdf/lib/libuct.so.0(+0x2042f) [0x7fe5ac05842f]
 7  /opt/conda/envs/gdf/lib/libuct.so.0(+0x23798) [0x7fe5ac05b798]
 8  /opt/conda/envs/gdf/lib/libucs.so.0(ucs_event_set_wait+0xb9) [0x7fe5ac0a5989]
 9  /opt/conda/envs/gdf/lib/libuct.so.0(uct_tcp_iface_progress+0x7d) [0x7fe5ac05a62d]
10  /opt/conda/envs/gdf/lib/libucp.so.0(ucp_worker_progress+0x5a) [0x7fe5ac113c4a]
11  /opt/conda/envs/gdf/lib/python3.9/site-packages/ucp/_libs/ucx_api.cpython-39-x86_64-linux-gnu.so(+0x2b17a) [0x7fe5ac1be17a]
12  /opt/conda/envs/gdf/bin/python(+0x13eb08) [0x556eaa6f7b08]
13  /opt/conda/envs/gdf/bin/python(_PyEval_EvalFrameDefault+0x5f82) [0x556eaa6e8112]
14  /opt/conda/envs/gdf/bin/python(+0x12827a) [0x556eaa6e127a]
15  /opt/conda/envs/gdf/bin/python(_PyFunction_Vectorcall+0xd5) [0x556eaa6f2c05]
16  /opt/conda/envs/gdf/bin/python(_PyEval_EvalFrameDefault+0x68b) [0x556eaa6e281b]
17  /opt/conda/envs/gdf/bin/python(+0x14e70e) [0x556eaa70770e]
18  /opt/conda/envs/gdf/lib/python3.9/lib-dynload/_asyncio.cpython-39-x86_64-linux-gnu.so(+0x82fe) [0x7fe5be43e2fe]
19  /opt/conda/envs/gdf/bin/python(_PyObject_MakeTpCall+0x2fc) [0x556eaa6eb2bc]
20  /opt/conda/envs/gdf/bin/python(+0xe5817) [0x556eaa69e817]
21  /opt/conda/envs/gdf/bin/python(+0x130f83) [0x556eaa6e9f83]
22  /opt/conda/envs/gdf/bin/python(_PyEval_EvalFrameDefault+0x5ba6) [0x556eaa6e7d36]
23  /opt/conda/envs/gdf/bin/python(+0x139ef3) [0x556eaa6f2ef3]
24  /opt/conda/envs/gdf/bin/python(_PyEval_EvalFrameDefault+0x68b) [0x556eaa6e281b]
25  /opt/conda/envs/gdf/bin/python(+0x139ef3) [0x556eaa6f2ef3]
26  /opt/conda/envs/gdf/bin/python(_PyEval_EvalFrameDefault+0x68b) [0x556eaa6e281b]
27  /opt/conda/envs/gdf/bin/python(+0x139ef3) [0x556eaa6f2ef3]
28  /opt/conda/envs/gdf/bin/python(_PyEval_EvalFrameDefault+0x68b) [0x556eaa6e281b]
29  /opt/conda/envs/gdf/bin/python(+0x139ef3) [0x556eaa6f2ef3]
30  /opt/conda/envs/gdf/bin/python(_PyEval_EvalFrameDefault+0x68b) [0x556eaa6e281b]
31  /opt/conda/envs/gdf/bin/python(+0x12827a) [0x556eaa6e127a]
32  /opt/conda/envs/gdf/bin/python(_PyFunction_Vectorcall+0xd5) [0x556eaa6f2c05]
33  /opt/conda/envs/gdf/bin/python(_PyEval_EvalFrameDefault+0x4e17) [0x556eaa6e6fa7]
34  /opt/conda/envs/gdf/bin/python(+0x12827a) [0x556eaa6e127a]
35  /opt/conda/envs/gdf/bin/python(+0x147935) [0x556eaa700935]
36  /opt/conda/envs/gdf/bin/python(PyObject_Call+0xb4) [0x556eaa701104]
37  /opt/conda/envs/gdf/bin/python(+0x20efc8) [0x556eaa7c7fc8]
38  /opt/conda/envs/gdf/bin/python(_PyObject_MakeTpCall+0x2fc) [0x556eaa6eb2bc]
39  /opt/conda/envs/gdf/bin/python(_PyEval_EvalFrameDefault+0x402b) [0x556eaa6e61bb]
40  /opt/conda/envs/gdf/bin/python(+0x139ef3) [0x556eaa6f2ef3]
41  /opt/conda/envs/gdf/bin/python(+0x147c72) [0x556eaa700c72]
42  /opt/conda/envs/gdf/bin/python(_PyEval_EvalFrameDefault+0x402b) [0x556eaa6e61bb]
43  /opt/conda/envs/gdf/bin/python(+0x139ef3) [0x556eaa6f2ef3]
44  /opt/conda/envs/gdf/bin/python(_PyEval_EvalFrameDefault+0x68b) [0x556eaa6e281b]
45  /opt/conda/envs/gdf/bin/python(+0x12827a) [0x556eaa6e127a]
46  /opt/conda/envs/gdf/bin/python(_PyFunction_Vectorcall+0xd5) [0x556eaa6f2c05]
47  /opt/conda/envs/gdf/bin/python(_PyEval_EvalFrameDefault+0x68b) [0x556eaa6e281b]
48  /opt/conda/envs/gdf/bin/python(+0x139ef3) [0x556eaa6f2ef3]
49  /opt/conda/envs/gdf/bin/python(_PyEval_EvalFrameDefault+0x3d8) [0x556eaa6e2568]
50  /opt/conda/envs/gdf/bin/python(+0x12827a) [0x556eaa6e127a]
51  /opt/conda/envs/gdf/bin/python(_PyFunction_Vectorcall+0xd5) [0x556eaa6f2c05]
52  /opt/conda/envs/gdf/bin/python(_PyEval_EvalFrameDefault+0x123b) [0x556eaa6e33cb]
53  /opt/conda/envs/gdf/bin/python(+0x12827a) [0x556eaa6e127a]
54  /opt/conda/envs/gdf/bin/python(_PyEval_EvalCodeWithName+0x47) [0x556eaa6e0f07]
55  /opt/conda/envs/gdf/bin/python(PyEval_EvalCodeEx+0x39) [0x556eaa6e0eb9]
56  /opt/conda/envs/gdf/bin/python(PyEval_EvalCode+0x1b) [0x556eaa7918bb]
57  /opt/conda/envs/gdf/bin/python(+0x206adc) [0x556eaa7bfadc]
58  /opt/conda/envs/gdf/bin/python(+0x202c24) [0x556eaa7bbc24]
59  /opt/conda/envs/gdf/bin/python(PyRun_StringFlags+0x9d) [0x556eaa7b37ed]
60  /opt/conda/envs/gdf/bin/python(PyRun_SimpleStringFlags+0x3d) [0x556eaa7b36bd]
61  /opt/conda/envs/gdf/bin/python(Py_RunMain+0x262) [0x556eaa7b28a2]
=================================
[dgx13:76506:0:76506] Caught signal 11 (Segmentation fault: address not mapped to object at address 0x448)
==== backtrace (tid:  76506) ====
 0  /opt/conda/envs/gdf/lib/libucs.so.0(ucs_handle_error+0x2fd) [0x7fe31cdbdf1d]
 1  /opt/conda/envs/gdf/lib/libucs.so.0(+0x29114) [0x7fe31cdbe114]
 2  /opt/conda/envs/gdf/lib/libucs.so.0(+0x292da) [0x7fe31cdbe2da]
 3  /usr/lib/x86_64-linux-gnu/libpthread.so.0(+0x14420) [0x7fe3ae35c420]
 4  /opt/conda/envs/gdf/lib/libucp.so.0(ucp_mem_type_unpack+0x14) [0x7fe31ce375d4]
 5  /opt/conda/envs/gdf/lib/libucp.so.0(ucp_rndv_data_handler+0x4e9) [0x7fe31ce5c859]
 6  /opt/conda/envs/gdf/lib/libuct.so.0(+0x2042f) [0x7fe31cd7942f]
 7  /opt/conda/envs/gdf/lib/libuct.so.0(+0x23798) [0x7fe31cd7c798]
 8  /opt/conda/envs/gdf/lib/libucs.so.0(ucs_event_set_wait+0xb9) [0x7fe31cdc6989]
 9  /opt/conda/envs/gdf/lib/libuct.so.0(uct_tcp_iface_progress+0x7d) [0x7fe31cd7b62d]
10  /opt/conda/envs/gdf/lib/libucp.so.0(ucp_worker_progress+0x5a) [0x7fe31ce34c4a]
11  /opt/conda/envs/gdf/lib/python3.9/site-packages/ucp/_libs/ucx_api.cpython-39-x86_64-linux-gnu.so(+0x2b17a) [0x7fe31cedf17a]
12  /opt/conda/envs/gdf/bin/python(+0x13eb08) [0x564438beab08]
13  /opt/conda/envs/gdf/bin/python(_PyEval_EvalFrameDefault+0x5f82) [0x564438bdb112]
14  /opt/conda/envs/gdf/bin/python(+0x12827a) [0x564438bd427a]
15  /opt/conda/envs/gdf/bin/python(_PyFunction_Vectorcall+0xd5) [0x564438be5c05]
16  /opt/conda/envs/gdf/bin/python(_PyEval_EvalFrameDefault+0x68b) [0x564438bd581b]
17  /opt/conda/envs/gdf/bin/python(+0x14e70e) [0x564438bfa70e]
18  /opt/conda/envs/gdf/lib/python3.9/lib-dynload/_asyncio.cpython-39-x86_64-linux-gnu.so(+0x82fe) [0x7fe32efd82fe]
19  /opt/conda/envs/gdf/bin/python(_PyObject_MakeTpCall+0x2fc) [0x564438bde2bc]
20  /opt/conda/envs/gdf/bin/python(+0xe5817) [0x564438b91817]
21  /opt/conda/envs/gdf/bin/python(+0x130f83) [0x564438bdcf83]
22  /opt/conda/envs/gdf/bin/python(_PyEval_EvalFrameDefault+0x5ba6) [0x564438bdad36]
23  /opt/conda/envs/gdf/bin/python(+0x139ef3) [0x564438be5ef3]
24  /opt/conda/envs/gdf/bin/python(_PyEval_EvalFrameDefault+0x68b) [0x564438bd581b]
25  /opt/conda/envs/gdf/bin/python(+0x139ef3) [0x564438be5ef3]
26  /opt/conda/envs/gdf/bin/python(_PyEval_EvalFrameDefault+0x68b) [0x564438bd581b]
27  /opt/conda/envs/gdf/bin/python(+0x139ef3) [0x564438be5ef3]
28  /opt/conda/envs/gdf/bin/python(_PyEval_EvalFrameDefault+0x68b) [0x564438bd581b]
29  /opt/conda/envs/gdf/bin/python(+0x139ef3) [0x564438be5ef3]
30  /opt/conda/envs/gdf/bin/python(_PyEval_EvalFrameDefault+0x68b) [0x564438bd581b]
31  /opt/conda/envs/gdf/bin/python(+0x12827a) [0x564438bd427a]
32  /opt/conda/envs/gdf/bin/python(_PyFunction_Vectorcall+0xd5) [0x564438be5c05]
33  /opt/conda/envs/gdf/bin/python(_PyEval_EvalFrameDefault+0x4e17) [0x564438bd9fa7]
34  /opt/conda/envs/gdf/bin/python(+0x12827a) [0x564438bd427a]
35  /opt/conda/envs/gdf/bin/python(+0x147935) [0x564438bf3935]
36  /opt/conda/envs/gdf/bin/python(PyObject_Call+0xb4) [0x564438bf4104]
37  /opt/conda/envs/gdf/bin/python(+0x20efc8) [0x564438cbafc8]
38  /opt/conda/envs/gdf/bin/python(_PyObject_MakeTpCall+0x2fc) [0x564438bde2bc]
39  /opt/conda/envs/gdf/bin/python(_PyEval_EvalFrameDefault+0x402b) [0x564438bd91bb]
40  /opt/conda/envs/gdf/bin/python(+0x139ef3) [0x564438be5ef3]
41  /opt/conda/envs/gdf/bin/python(+0x147c72) [0x564438bf3c72]
42  /opt/conda/envs/gdf/bin/python(_PyEval_EvalFrameDefault+0x402b) [0x564438bd91bb]
43  /opt/conda/envs/gdf/bin/python(+0x139ef3) [0x564438be5ef3]
44  /opt/conda/envs/gdf/bin/python(_PyEval_EvalFrameDefault+0x68b) [0x564438bd581b]
45  /opt/conda/envs/gdf/bin/python(+0x12827a) [0x564438bd427a]
46  /opt/conda/envs/gdf/bin/python(_PyFunction_Vectorcall+0xd5) [0x564438be5c05]
47  /opt/conda/envs/gdf/bin/python(_PyEval_EvalFrameDefault+0x68b) [0x564438bd581b]
48  /opt/conda/envs/gdf/bin/python(+0x139ef3) [0x564438be5ef3]
49  /opt/conda/envs/gdf/bin/python(_PyEval_EvalFrameDefault+0x3d8) [0x564438bd5568]
50  /opt/conda/envs/gdf/bin/python(+0x12827a) [0x564438bd427a]
51  /opt/conda/envs/gdf/bin/python(_PyFunction_Vectorcall+0xd5) [0x564438be5c05]
52  /opt/conda/envs/gdf/bin/python(_PyEval_EvalFrameDefault+0x123b) [0x564438bd63cb]
53  /opt/conda/envs/gdf/bin/python(+0x12827a) [0x564438bd427a]
54  /opt/conda/envs/gdf/bin/python(_PyEval_EvalCodeWithName+0x47) [0x564438bd3f07]
55  /opt/conda/envs/gdf/bin/python(PyEval_EvalCodeEx+0x39) [0x564438bd3eb9]
56  /opt/conda/envs/gdf/bin/python(PyEval_EvalCode+0x1b) [0x564438c848bb]
57  /opt/conda/envs/gdf/bin/python(+0x206adc) [0x564438cb2adc]
58  /opt/conda/envs/gdf/bin/python(+0x202c24) [0x564438caec24]
59  /opt/conda/envs/gdf/bin/python(PyRun_StringFlags+0x9d) [0x564438ca67ed]
60  /opt/conda/envs/gdf/bin/python(PyRun_SimpleStringFlags+0x3d) [0x564438ca66bd]
61  /opt/conda/envs/gdf/bin/python(Py_RunMain+0x262) [0x564438ca58a2]
=================================
[dgx13:76518:0:76518] Caught signal 11 (Segmentation fault: address not mapped to object at address 0x448)
==== backtrace (tid:  76518) ====
 0  /opt/conda/envs/gdf/lib/libucs.so.0(ucs_handle_error+0x2fd) [0x7f50a403cf1d]
 1  /opt/conda/envs/gdf/lib/libucs.so.0(+0x29114) [0x7f50a403d114]
 2  /opt/conda/envs/gdf/lib/libucs.so.0(+0x292da) [0x7f50a403d2da]
 3  /usr/lib/x86_64-linux-gnu/libpthread.so.0(+0x14420) [0x7f513576b420]
 4  /opt/conda/envs/gdf/lib/libucp.so.0(ucp_mem_type_unpack+0x14) [0x7f50a40b65d4]
 5  /opt/conda/envs/gdf/lib/libucp.so.0(ucp_rndv_data_handler+0x4e9) [0x7f50a40db859]
 6  /opt/conda/envs/gdf/lib/libuct.so.0(+0x2042f) [0x7f5091fe442f]
 7  /opt/conda/envs/gdf/lib/libuct.so.0(+0x23798) [0x7f5091fe7798]
 8  /opt/conda/envs/gdf/lib/libucs.so.0(ucs_event_set_wait+0xb9) [0x7f50a4045989]
 9  /opt/conda/envs/gdf/lib/libuct.so.0(uct_tcp_iface_progress+0x7d) [0x7f5091fe662d]
10  /opt/conda/envs/gdf/lib/libucp.so.0(ucp_worker_progress+0x5a) [0x7f50a40b3c4a]
11  /opt/conda/envs/gdf/lib/python3.9/site-packages/ucp/_libs/ucx_api.cpython-39-x86_64-linux-gnu.so(+0x2b17a) [0x7f50a415e17a]
12  /opt/conda/envs/gdf/bin/python(+0x13eb08) [0x55830432bb08]
13  /opt/conda/envs/gdf/bin/python(_PyEval_EvalFrameDefault+0x5f82) [0x55830431c112]
14  /opt/conda/envs/gdf/bin/python(+0x12827a) [0x55830431527a]
15  /opt/conda/envs/gdf/bin/python(_PyFunction_Vectorcall+0xd5) [0x558304326c05]
16  /opt/conda/envs/gdf/bin/python(_PyEval_EvalFrameDefault+0x68b) [0x55830431681b]
17  /opt/conda/envs/gdf/bin/python(+0x14e70e) [0x55830433b70e]
18  /opt/conda/envs/gdf/lib/python3.9/lib-dynload/_asyncio.cpython-39-x86_64-linux-gnu.so(+0x82fe) [0x7f50b63e12fe]
19  /opt/conda/envs/gdf/bin/python(_PyObject_MakeTpCall+0x2fc) [0x55830431f2bc]
20  /opt/conda/envs/gdf/bin/python(+0xe5817) [0x5583042d2817]
21  /opt/conda/envs/gdf/bin/python(+0x130f83) [0x55830431df83]
22  /opt/conda/envs/gdf/bin/python(_PyEval_EvalFrameDefault+0x5ba6) [0x55830431bd36]
23  /opt/conda/envs/gdf/bin/python(+0x139ef3) [0x558304326ef3]
24  /opt/conda/envs/gdf/bin/python(_PyEval_EvalFrameDefault+0x68b) [0x55830431681b]
25  /opt/conda/envs/gdf/bin/python(+0x139ef3) [0x558304326ef3]
26  /opt/conda/envs/gdf/bin/python(_PyEval_EvalFrameDefault+0x68b) [0x55830431681b]
27  /opt/conda/envs/gdf/bin/python(+0x139ef3) [0x558304326ef3]
28  /opt/conda/envs/gdf/bin/python(_PyEval_EvalFrameDefault+0x68b) [0x55830431681b]
29  /opt/conda/envs/gdf/bin/python(+0x139ef3) [0x558304326ef3]
30  /opt/conda/envs/gdf/bin/python(_PyEval_EvalFrameDefault+0x68b) [0x55830431681b]
31  /opt/conda/envs/gdf/bin/python(+0x12827a) [0x55830431527a]
32  /opt/conda/envs/gdf/bin/python(_PyFunction_Vectorcall+0xd5) [0x558304326c05]
33  /opt/conda/envs/gdf/bin/python(_PyEval_EvalFrameDefault+0x4e17) [0x55830431afa7]
34  /opt/conda/envs/gdf/bin/python(+0x12827a) [0x55830431527a]
35  /opt/conda/envs/gdf/bin/python(+0x147935) [0x558304334935]
36  /opt/conda/envs/gdf/bin/python(PyObject_Call+0xb4) [0x558304335104]
37  /opt/conda/envs/gdf/bin/python(+0x20efc8) [0x5583043fbfc8]
38  /opt/conda/envs/gdf/bin/python(_PyObject_MakeTpCall+0x2fc) [0x55830431f2bc]
39  /opt/conda/envs/gdf/bin/python(_PyEval_EvalFrameDefault+0x402b) [0x55830431a1bb]
40  /opt/conda/envs/gdf/bin/python(+0x139ef3) [0x558304326ef3]
41  /opt/conda/envs/gdf/bin/python(+0x147c72) [0x558304334c72]
42  /opt/conda/envs/gdf/bin/python(_PyEval_EvalFrameDefault+0x402b) [0x55830431a1bb]
43  /opt/conda/envs/gdf/bin/python(+0x139ef3) [0x558304326ef3]
44  /opt/conda/envs/gdf/bin/python(_PyEval_EvalFrameDefault+0x68b) [0x55830431681b]
45  /opt/conda/envs/gdf/bin/python(+0x12827a) [0x55830431527a]
46  /opt/conda/envs/gdf/bin/python(_PyFunction_Vectorcall+0xd5) [0x558304326c05]
47  /opt/conda/envs/gdf/bin/python(_PyEval_EvalFrameDefault+0x68b) [0x55830431681b]
48  /opt/conda/envs/gdf/bin/python(+0x139ef3) [0x558304326ef3]
49  /opt/conda/envs/gdf/bin/python(_PyEval_EvalFrameDefault+0x3d8) [0x558304316568]
50  /opt/conda/envs/gdf/bin/python(+0x12827a) [0x55830431527a]
51  /opt/conda/envs/gdf/bin/python(_PyFunction_Vectorcall+0xd5) [0x558304326c05]
52  /opt/conda/envs/gdf/bin/python(_PyEval_EvalFrameDefault+0x123b) [0x5583043173cb]
53  /opt/conda/envs/gdf/bin/python(+0x12827a) [0x55830431527a]
54  /opt/conda/envs/gdf/bin/python(_PyEval_EvalCodeWithName+0x47) [0x558304314f07]
55  /opt/conda/envs/gdf/bin/python(PyEval_EvalCodeEx+0x39) [0x558304314eb9]
56  /opt/conda/envs/gdf/bin/python(PyEval_EvalCode+0x1b) [0x5583043c58bb]
57  /opt/conda/envs/gdf/bin/python(+0x206adc) [0x5583043f3adc]
58  /opt/conda/envs/gdf/bin/python(+0x202c24) [0x5583043efc24]
59  /opt/conda/envs/gdf/bin/python(PyRun_StringFlags+0x9d) [0x5583043e77ed]
60  /opt/conda/envs/gdf/bin/python(PyRun_SimpleStringFlags+0x3d) [0x5583043e76bd]
61  /opt/conda/envs/gdf/bin/python(Py_RunMain+0x262) [0x5583043e68a2]
=================================
2023-07-21 06:37:38,695 - distributed.worker - ERROR - failed during get data with ucx://127.0.0.1:33957 -> ucx://127.0.0.1:56379
Traceback (most recent call last):
  File "/opt/conda/envs/gdf/lib/python3.9/site-packages/distributed/comm/ucx.py", line 333, in write
    await self.ep.send(each_frame)
  File "/opt/conda/envs/gdf/lib/python3.9/site-packages/ucp/core.py", line 650, in send
    return await comm.tag_send(self._ep, buffer, nbytes, tag, name=log)
ucp._libs.exceptions.UCXError: <[Send #007] ep: 0x7fddc8c8e240, tag: 0x2de58693ac38574d, nbytes: 50000000, type: <class 'cupy.ndarray'>>: Connection reset by remote peer

During handling of the above exception, another exception occurred:

Traceback (most recent call last):
  File "/opt/conda/envs/gdf/lib/python3.9/site-packages/distributed/worker.py", line 1792, in get_data
    compressed = await comm.write(msg, serializers=serializers)
  File "/opt/conda/envs/gdf/lib/python3.9/site-packages/distributed/utils.py", line 752, in wrapper
    return await func(*args, **kwargs)
  File "/opt/conda/envs/gdf/lib/python3.9/site-packages/distributed/comm/ucx.py", line 337, in write
    raise CommClosedError("While writing, the connection was closed")
distributed.comm.core.CommClosedError: While writing, the connection was closed
Task exception was never retrieved
future: <Task finished name='Task-304' coro=<_listener_handler_coroutine() done, defined at /opt/conda/envs/gdf/lib/python3.9/site-packages/ucp/core.py:128> exception=UCXError('<stream_send>: Connection reset by remote peer')>
Traceback (most recent call last):
  File "/opt/conda/envs/gdf/lib/python3.9/site-packages/ucp/core.py", line 143, in _listener_handler_coroutine
    peer_info = await exchange_peer_info(
  File "/opt/conda/envs/gdf/lib/python3.9/site-packages/ucp/core.py", line 51, in exchange_peer_info
    await comm.stream_send(endpoint, my_info_arr, my_info_arr.nbytes)
ucp._libs.exceptions.UCXError: <stream_send>: Connection reset by remote peer
2023-07-21 06:37:38,698 - distributed.worker - ERROR - Worker stream died during communication: ucx://127.0.0.1:56379
Traceback (most recent call last):
  File "/opt/conda/envs/gdf/lib/python3.9/site-packages/distributed/comm/ucx.py", line 349, in read
    await self.ep.recv(msg)
  File "/opt/conda/envs/gdf/lib/python3.9/site-packages/ucp/core.py", line 725, in recv
    ret = await comm.tag_recv(self._ep, buffer, nbytes, tag, name=log)
ucp._libs.exceptions.UCXCanceled: <[Recv #000] ep: 0x7f5d4dca9200, tag: 0x92dbe90701492259, nbytes: 16, type: <class 'numpy.ndarray'>>: 

During handling of the above exception, another exception occurred:

Traceback (most recent call last):
  File "/opt/conda/envs/gdf/lib/python3.9/site-packages/distributed/comm/core.py", line 329, in connect
    handshake = await wait_for(comm.read(), time_left())
  File "/opt/conda/envs/gdf/lib/python3.9/site-packages/distributed/utils.py", line 1849, in wait_for
    return await asyncio.wait_for(fut, timeout)
  File "/opt/conda/envs/gdf/lib/python3.9/asyncio/tasks.py", line 479, in wait_for
    return fut.result()
  File "/opt/conda/envs/gdf/lib/python3.9/site-packages/distributed/utils.py", line 752, in wrapper
    return await func(*args, **kwargs)
  File "/opt/conda/envs/gdf/lib/python3.9/site-packages/distributed/comm/ucx.py", line 367, in read
    raise CommClosedError(
distributed.comm.core.CommClosedError: Connection closed by writer.
Inner exception: UCXCanceled("<[Recv #000] ep: 0x7f5d4dca9200, tag: 0x92dbe90701492259, nbytes: 16, type: <class 'numpy.ndarray'>>: ")

The above exception was the direct cause of the following exception:

Traceback (most recent call last):
  File "/opt/conda/envs/gdf/lib/python3.9/site-packages/distributed/worker.py", line 2066, in gather_dep
    response = await get_data_from_worker(
  File "/opt/conda/envs/gdf/lib/python3.9/site-packages/distributed/worker.py", line 2889, in get_data_from_worker
    comm = await rpc.connect(worker)
  File "/opt/conda/envs/gdf/lib/python3.9/site-packages/distributed/core.py", line 1506, in connect
    return await connect_attempt
  File "/opt/conda/envs/gdf/lib/python3.9/site-packages/distributed/core.py", line 1427, in _connect
    comm = await connect(
  File "/opt/conda/envs/gdf/lib/python3.9/site-packages/distributed/comm/core.py", line 334, in connect
    raise OSError(
OSError: Timed out during handshake while connecting to ucx://127.0.0.1:56379 after 30 s
Task exception was never retrieved
future: <Task finished name='Task-302' coro=<_listener_handler_coroutine() done, defined at /opt/conda/envs/gdf/lib/python3.9/site-packages/ucp/core.py:128> exception=UCXError('<stream_send>: Connection reset by remote peer')>
Traceback (most recent call last):
  File "/opt/conda/envs/gdf/lib/python3.9/site-packages/ucp/core.py", line 143, in _listener_handler_coroutine
    peer_info = await exchange_peer_info(
  File "/opt/conda/envs/gdf/lib/python3.9/site-packages/ucp/core.py", line 51, in exchange_peer_info
    await comm.stream_send(endpoint, my_info_arr, my_info_arr.nbytes)
ucp._libs.exceptions.UCXError: <stream_send>: Connection reset by remote peer
2023-07-21 06:37:38,700 - distributed.worker - ERROR - Worker stream died during communication: ucx://127.0.0.1:56379
Traceback (most recent call last):
  File "/opt/conda/envs/gdf/lib/python3.9/site-packages/distributed/comm/ucx.py", line 349, in read
    await self.ep.recv(msg)
  File "/opt/conda/envs/gdf/lib/python3.9/site-packages/ucp/core.py", line 725, in recv
    ret = await comm.tag_recv(self._ep, buffer, nbytes, tag, name=log)
ucp._libs.exceptions.UCXCanceled: <[Recv #000] ep: 0x7fd2b0ce2180, tag: 0x73455d63f822d587, nbytes: 16, type: <class 'numpy.ndarray'>>: 

During handling of the above exception, another exception occurred:

Traceback (most recent call last):
  File "/opt/conda/envs/gdf/lib/python3.9/site-packages/distributed/comm/core.py", line 329, in connect
    handshake = await wait_for(comm.read(), time_left())
  File "/opt/conda/envs/gdf/lib/python3.9/site-packages/distributed/utils.py", line 1849, in wait_for
    return await asyncio.wait_for(fut, timeout)
  File "/opt/conda/envs/gdf/lib/python3.9/asyncio/tasks.py", line 479, in wait_for
    return fut.result()
  File "/opt/conda/envs/gdf/lib/python3.9/site-packages/distributed/utils.py", line 752, in wrapper
    return await func(*args, **kwargs)
  File "/opt/conda/envs/gdf/lib/python3.9/site-packages/distributed/comm/ucx.py", line 367, in read
    raise CommClosedError(
distributed.comm.core.CommClosedError: Connection closed by writer.
Inner exception: UCXCanceled("<[Recv #000] ep: 0x7fd2b0ce2180, tag: 0x73455d63f822d587, nbytes: 16, type: <class 'numpy.ndarray'>>: ")

The above exception was the direct cause of the following exception:

Traceback (most recent call last):
  File "/opt/conda/envs/gdf/lib/python3.9/site-packages/distributed/worker.py", line 2066, in gather_dep
    response = await get_data_from_worker(
  File "/opt/conda/envs/gdf/lib/python3.9/site-packages/distributed/worker.py", line 2889, in get_data_from_worker
    comm = await rpc.connect(worker)
  File "/opt/conda/envs/gdf/lib/python3.9/site-packages/distributed/core.py", line 1506, in connect
    return await connect_attempt
  File "/opt/conda/envs/gdf/lib/python3.9/site-packages/distributed/core.py", line 1427, in _connect
    comm = await connect(
  File "/opt/conda/envs/gdf/lib/python3.9/site-packages/distributed/comm/core.py", line 334, in connect
    raise OSError(
OSError: Timed out during handshake while connecting to ucx://127.0.0.1:56379 after 30 s
2023-07-21 06:37:38,707 - distributed.worker - ERROR - Worker stream died during communication: ucx://127.0.0.1:40375
Traceback (most recent call last):
  File "/opt/conda/envs/gdf/lib/python3.9/site-packages/distributed/comm/ucx.py", line 349, in read
    await self.ep.recv(msg)
  File "/opt/conda/envs/gdf/lib/python3.9/site-packages/ucp/core.py", line 725, in recv
    ret = await comm.tag_recv(self._ep, buffer, nbytes, tag, name=log)
ucp._libs.exceptions.UCXCanceled: <[Recv #003] ep: 0x7f5d4dca91c0, tag: 0x36b6ec692e60440e, nbytes: 16, type: <class 'numpy.ndarray'>>: 

During handling of the above exception, another exception occurred:

Traceback (most recent call last):
  File "/opt/conda/envs/gdf/lib/python3.9/site-packages/distributed/worker.py", line 2066, in gather_dep
    response = await get_data_from_worker(
  File "/opt/conda/envs/gdf/lib/python3.9/site-packages/distributed/worker.py", line 2892, in get_data_from_worker
    response = await send_recv(
  File "/opt/conda/envs/gdf/lib/python3.9/site-packages/distributed/core.py", line 1024, in send_recv
    response = await comm.read(deserializers=deserializers)
  File "/opt/conda/envs/gdf/lib/python3.9/site-packages/distributed/utils.py", line 752, in wrapper
    return await func(*args, **kwargs)
  File "/opt/conda/envs/gdf/lib/python3.9/site-packages/distributed/comm/ucx.py", line 367, in read
    raise CommClosedError(
distributed.comm.core.CommClosedError: Connection closed by writer.
Inner exception: UCXCanceled("<[Recv #003] ep: 0x7f5d4dca91c0, tag: 0x36b6ec692e60440e, nbytes: 16, type: <class 'numpy.ndarray'>>: ")
2023-07-21 06:37:38,707 - distributed.worker - ERROR - Worker stream died during communication: ucx://127.0.0.1:40375
Traceback (most recent call last):
  File "/opt/conda/envs/gdf/lib/python3.9/site-packages/distributed/comm/ucx.py", line 349, in read
    await self.ep.recv(msg)
  File "/opt/conda/envs/gdf/lib/python3.9/site-packages/ucp/core.py", line 725, in recv
    ret = await comm.tag_recv(self._ep, buffer, nbytes, tag, name=log)
ucp._libs.exceptions.UCXCanceled: <[Recv #000] ep: 0x7fddc8c8e1c0, tag: 0x1f0829424e707f57, nbytes: 16, type: <class 'numpy.ndarray'>>: 

During handling of the above exception, another exception occurred:

Traceback (most recent call last):
  File "/opt/conda/envs/gdf/lib/python3.9/site-packages/distributed/comm/core.py", line 329, in connect
    handshake = await wait_for(comm.read(), time_left())
  File "/opt/conda/envs/gdf/lib/python3.9/site-packages/distributed/utils.py", line 1849, in wait_for
    return await asyncio.wait_for(fut, timeout)
  File "/opt/conda/envs/gdf/lib/python3.9/asyncio/tasks.py", line 479, in wait_for
    return fut.result()
  File "/opt/conda/envs/gdf/lib/python3.9/site-packages/distributed/utils.py", line 752, in wrapper
    return await func(*args, **kwargs)
  File "/opt/conda/envs/gdf/lib/python3.9/site-packages/distributed/comm/ucx.py", line 367, in read
    raise CommClosedError(
distributed.comm.core.CommClosedError: Connection closed by writer.
Inner exception: UCXCanceled("<[Recv #000] ep: 0x7fddc8c8e1c0, tag: 0x1f0829424e707f57, nbytes: 16, type: <class 'numpy.ndarray'>>: ")

The above exception was the direct cause of the following exception:

Traceback (most recent call last):
  File "/opt/conda/envs/gdf/lib/python3.9/site-packages/distributed/worker.py", line 2066, in gather_dep
    response = await get_data_from_worker(
  File "/opt/conda/envs/gdf/lib/python3.9/site-packages/distributed/worker.py", line 2889, in get_data_from_worker
    comm = await rpc.connect(worker)
  File "/opt/conda/envs/gdf/lib/python3.9/site-packages/distributed/core.py", line 1506, in connect
    return await connect_attempt
  File "/opt/conda/envs/gdf/lib/python3.9/site-packages/distributed/core.py", line 1427, in _connect
    comm = await connect(
  File "/opt/conda/envs/gdf/lib/python3.9/site-packages/distributed/comm/core.py", line 334, in connect
    raise OSError(
OSError: Timed out during handshake while connecting to ucx://127.0.0.1:40375 after 30 s
2023-07-21 06:37:38,708 - distributed.worker - ERROR - failed during get data with ucx://127.0.0.1:49099 -> ucx://127.0.0.1:40375
Traceback (most recent call last):
  File "/opt/conda/envs/gdf/lib/python3.9/site-packages/distributed/comm/ucx.py", line 333, in write
    await self.ep.send(each_frame)
  File "/opt/conda/envs/gdf/lib/python3.9/site-packages/ucp/core.py", line 650, in send
    return await comm.tag_send(self._ep, buffer, nbytes, tag, name=log)
ucp._libs.exceptions.UCXError: <[Send #007] ep: 0x7f5d4dca9300, tag: 0xa5bb83eea96bcb97, nbytes: 50000000, type: <class 'cupy.ndarray'>>: Connection reset by remote peer

During handling of the above exception, another exception occurred:

Traceback (most recent call last):
  File "/opt/conda/envs/gdf/lib/python3.9/site-packages/distributed/worker.py", line 1792, in get_data
    compressed = await comm.write(msg, serializers=serializers)
  File "/opt/conda/envs/gdf/lib/python3.9/site-packages/distributed/utils.py", line 752, in wrapper
    return await func(*args, **kwargs)
  File "/opt/conda/envs/gdf/lib/python3.9/site-packages/distributed/comm/ucx.py", line 337, in write
    raise CommClosedError("While writing, the connection was closed")
distributed.comm.core.CommClosedError: While writing, the connection was closed
2023-07-21 06:37:38,707 - distributed.worker - ERROR - Worker stream died during communication: ucx://127.0.0.1:40375
Traceback (most recent call last):
  File "/opt/conda/envs/gdf/lib/python3.9/site-packages/distributed/comm/ucx.py", line 349, in read
    await self.ep.recv(msg)
  File "/opt/conda/envs/gdf/lib/python3.9/site-packages/ucp/core.py", line 725, in recv
    ret = await comm.tag_recv(self._ep, buffer, nbytes, tag, name=log)
ucp._libs.exceptions.UCXCanceled: <[Recv #003] ep: 0x7fd2b0ce2100, tag: 0x2b1b83e944fc7a1, nbytes: 16, type: <class 'numpy.ndarray'>>: 

During handling of the above exception, another exception occurred:

Traceback (most recent call last):
  File "/opt/conda/envs/gdf/lib/python3.9/site-packages/distributed/worker.py", line 2066, in gather_dep
    response = await get_data_from_worker(
  File "/opt/conda/envs/gdf/lib/python3.9/site-packages/distributed/worker.py", line 2892, in get_data_from_worker
    response = await send_recv(
  File "/opt/conda/envs/gdf/lib/python3.9/site-packages/distributed/core.py", line 1024, in send_recv
    response = await comm.read(deserializers=deserializers)
  File "/opt/conda/envs/gdf/lib/python3.9/site-packages/distributed/utils.py", line 752, in wrapper
    return await func(*args, **kwargs)
  File "/opt/conda/envs/gdf/lib/python3.9/site-packages/distributed/comm/ucx.py", line 367, in read
    raise CommClosedError(
distributed.comm.core.CommClosedError: Connection closed by writer.
Inner exception: UCXCanceled("<[Recv #003] ep: 0x7fd2b0ce2100, tag: 0x2b1b83e944fc7a1, nbytes: 16, type: <class 'numpy.ndarray'>>: ")
Task exception was never retrieved
future: <Task finished name='Task-303' coro=<_listener_handler_coroutine() done, defined at /opt/conda/envs/gdf/lib/python3.9/site-packages/ucp/core.py:128> exception=UCXError('<stream_recv>: Connection reset by remote peer')>
Traceback (most recent call last):
  File "/opt/conda/envs/gdf/lib/python3.9/site-packages/ucp/core.py", line 143, in _listener_handler_coroutine
    peer_info = await exchange_peer_info(
  File "/opt/conda/envs/gdf/lib/python3.9/site-packages/ucp/core.py", line 52, in exchange_peer_info
    await comm.stream_recv(endpoint, peer_info_arr, peer_info_arr.nbytes)
ucp._libs.exceptions.UCXError: <stream_recv>: Connection reset by remote peer
2023-07-21 06:37:38,708 - distributed.worker - ERROR - Worker stream died during communication: ucx://127.0.0.1:51371
Traceback (most recent call last):
  File "/opt/conda/envs/gdf/lib/python3.9/site-packages/distributed/comm/ucx.py", line 391, in read
    await self.ep.recv(each_frame)
  File "/opt/conda/envs/gdf/lib/python3.9/site-packages/ucp/core.py", line 725, in recv
    ret = await comm.tag_recv(self._ep, buffer, nbytes, tag, name=log)
ucp._libs.exceptions.UCXError: <[Recv #007] ep: 0x7f5d4dca9100, tag: 0x43295333ad914295, nbytes: 50000000, type: <class 'rmm._lib.device_buffer.DeviceBuffer'>>: Connection reset by remote peer

During handling of the above exception, another exception occurred:

Traceback (most recent call last):
  File "/opt/conda/envs/gdf/lib/python3.9/site-packages/distributed/worker.py", line 2066, in gather_dep
    response = await get_data_from_worker(
  File "/opt/conda/envs/gdf/lib/python3.9/site-packages/distributed/worker.py", line 2892, in get_data_from_worker
    response = await send_recv(
  File "/opt/conda/envs/gdf/lib/python3.9/site-packages/distributed/core.py", line 1024, in send_recv
    response = await comm.read(deserializers=deserializers)
  File "/opt/conda/envs/gdf/lib/python3.9/site-packages/distributed/utils.py", line 752, in wrapper
    return await func(*args, **kwargs)
  File "/opt/conda/envs/gdf/lib/python3.9/site-packages/distributed/comm/ucx.py", line 397, in read
    raise CommClosedError(
distributed.comm.core.CommClosedError: Connection closed by writer.
Inner exception: UCXError("<[Recv #007] ep: 0x7f5d4dca9100, tag: 0x43295333ad914295, nbytes: 50000000, type: <class 'rmm._lib.device_buffer.DeviceBuffer'>>: Connection reset by remote peer")
2023-07-21 06:37:38,709 - distributed.worker - ERROR - Worker stream died during communication: ucx://127.0.0.1:51371
Traceback (most recent call last):
  File "/opt/conda/envs/gdf/lib/python3.9/site-packages/distributed/comm/ucx.py", line 349, in read
    await self.ep.recv(msg)
  File "/opt/conda/envs/gdf/lib/python3.9/site-packages/ucp/core.py", line 725, in recv
    ret = await comm.tag_recv(self._ep, buffer, nbytes, tag, name=log)
ucp._libs.exceptions.UCXCanceled: <[Recv #008] ep: 0x7fddc8c8e140, tag: 0xcd9cfc422516d86f, nbytes: 16, type: <class 'numpy.ndarray'>>: 

During handling of the above exception, another exception occurred:

Traceback (most recent call last):
  File "/opt/conda/envs/gdf/lib/python3.9/site-packages/distributed/worker.py", line 2066, in gather_dep
    response = await get_data_from_worker(
  File "/opt/conda/envs/gdf/lib/python3.9/site-packages/distributed/worker.py", line 2892, in get_data_from_worker
    response = await send_recv(
  File "/opt/conda/envs/gdf/lib/python3.9/site-packages/distributed/core.py", line 1024, in send_recv
    response = await comm.read(deserializers=deserializers)
  File "/opt/conda/envs/gdf/lib/python3.9/site-packages/distributed/utils.py", line 752, in wrapper
    return await func(*args, **kwargs)
  File "/opt/conda/envs/gdf/lib/python3.9/site-packages/distributed/comm/ucx.py", line 367, in read
    raise CommClosedError(
distributed.comm.core.CommClosedError: Connection closed by writer.
Inner exception: UCXCanceled("<[Recv #008] ep: 0x7fddc8c8e140, tag: 0xcd9cfc422516d86f, nbytes: 16, type: <class 'numpy.ndarray'>>: ")
2023-07-21 06:37:38,709 - distributed.worker - ERROR - failed during get data with ucx://127.0.0.1:49099 -> ucx://127.0.0.1:51371
Traceback (most recent call last):
  File "/opt/conda/envs/gdf/lib/python3.9/site-packages/distributed/comm/ucx.py", line 333, in write
    await self.ep.send(each_frame)
  File "/opt/conda/envs/gdf/lib/python3.9/site-packages/ucp/core.py", line 650, in send
    return await comm.tag_send(self._ep, buffer, nbytes, tag, name=log)
ucp._libs.exceptions.UCXError: <[Send #007] ep: 0x7f5d4dca9280, tag: 0xf69cb7621a43af3b, nbytes: 50000000, type: <class 'cupy.ndarray'>>: Connection reset by remote peer

During handling of the above exception, another exception occurred:

Traceback (most recent call last):
  File "/opt/conda/envs/gdf/lib/python3.9/site-packages/distributed/worker.py", line 1792, in get_data
    compressed = await comm.write(msg, serializers=serializers)
  File "/opt/conda/envs/gdf/lib/python3.9/site-packages/distributed/utils.py", line 752, in wrapper
    return await func(*args, **kwargs)
  File "/opt/conda/envs/gdf/lib/python3.9/site-packages/distributed/comm/ucx.py", line 337, in write
    raise CommClosedError("While writing, the connection was closed")
distributed.comm.core.CommClosedError: While writing, the connection was closed
2023-07-21 06:37:38,709 - distributed.worker - ERROR - Worker stream died during communication: ucx://127.0.0.1:51371
Traceback (most recent call last):
  File "/opt/conda/envs/gdf/lib/python3.9/site-packages/distributed/comm/ucx.py", line 349, in read
    await self.ep.recv(msg)
  File "/opt/conda/envs/gdf/lib/python3.9/site-packages/ucp/core.py", line 725, in recv
    ret = await comm.tag_recv(self._ep, buffer, nbytes, tag, name=log)
ucp._libs.exceptions.UCXCanceled: <[Recv #008] ep: 0x7fd2b0ce2200, tag: 0xb7df0c7d1e851368, nbytes: 16, type: <class 'numpy.ndarray'>>: 

During handling of the above exception, another exception occurred:

Traceback (most recent call last):
  File "/opt/conda/envs/gdf/lib/python3.9/site-packages/distributed/worker.py", line 2066, in gather_dep
    response = await get_data_from_worker(
  File "/opt/conda/envs/gdf/lib/python3.9/site-packages/distributed/worker.py", line 2892, in get_data_from_worker
    response = await send_recv(
  File "/opt/conda/envs/gdf/lib/python3.9/site-packages/distributed/core.py", line 1024, in send_recv
    response = await comm.read(deserializers=deserializers)
  File "/opt/conda/envs/gdf/lib/python3.9/site-packages/distributed/utils.py", line 752, in wrapper
    return await func(*args, **kwargs)
  File "/opt/conda/envs/gdf/lib/python3.9/site-packages/distributed/comm/ucx.py", line 367, in read
    raise CommClosedError(
distributed.comm.core.CommClosedError: Connection closed by writer.
Inner exception: UCXCanceled("<[Recv #008] ep: 0x7fd2b0ce2200, tag: 0xb7df0c7d1e851368, nbytes: 16, type: <class 'numpy.ndarray'>>: ")
2023-07-21 06:37:38,737 - distributed.worker - ERROR - failed during get data with ucx://127.0.0.1:33957 -> ucx://127.0.0.1:57801
Traceback (most recent call last):
  File "/opt/conda/envs/gdf/lib/python3.9/site-packages/distributed/comm/ucx.py", line 333, in write
    await self.ep.send(each_frame)
  File "/opt/conda/envs/gdf/lib/python3.9/site-packages/ucp/core.py", line 650, in send
    return await comm.tag_send(self._ep, buffer, nbytes, tag, name=log)
ucp._libs.exceptions.UCXError: <[Send #007] ep: 0x7fddc8c8e340, tag: 0xa5e4a80e3932ef3d, nbytes: 50000000, type: <class 'cupy.ndarray'>>: Connection reset by remote peer

During handling of the above exception, another exception occurred:

Traceback (most recent call last):
  File "/opt/conda/envs/gdf/lib/python3.9/site-packages/distributed/worker.py", line 1792, in get_data
    compressed = await comm.write(msg, serializers=serializers)
  File "/opt/conda/envs/gdf/lib/python3.9/site-packages/distributed/utils.py", line 752, in wrapper
    return await func(*args, **kwargs)
  File "/opt/conda/envs/gdf/lib/python3.9/site-packages/distributed/comm/ucx.py", line 337, in write
    raise CommClosedError("While writing, the connection was closed")
distributed.comm.core.CommClosedError: While writing, the connection was closed
2023-07-21 06:37:38,737 - distributed.worker - ERROR - Worker stream died during communication: ucx://127.0.0.1:57801
Traceback (most recent call last):
  File "/opt/conda/envs/gdf/lib/python3.9/site-packages/distributed/comm/ucx.py", line 349, in read
    await self.ep.recv(msg)
  File "/opt/conda/envs/gdf/lib/python3.9/site-packages/ucp/core.py", line 725, in recv
    ret = await comm.tag_recv(self._ep, buffer, nbytes, tag, name=log)
ucp._libs.exceptions.UCXCanceled: <[Recv #003] ep: 0x7fddc8c8e180, tag: 0x6071c0016f4362ad, nbytes: 16, type: <class 'numpy.ndarray'>>: 

During handling of the above exception, another exception occurred:

Traceback (most recent call last):
  File "/opt/conda/envs/gdf/lib/python3.9/site-packages/distributed/worker.py", line 2066, in gather_dep
    response = await get_data_from_worker(
  File "/opt/conda/envs/gdf/lib/python3.9/site-packages/distributed/worker.py", line 2892, in get_data_from_worker
    response = await send_recv(
  File "/opt/conda/envs/gdf/lib/python3.9/site-packages/distributed/core.py", line 1024, in send_recv
    response = await comm.read(deserializers=deserializers)
  File "/opt/conda/envs/gdf/lib/python3.9/site-packages/distributed/utils.py", line 752, in wrapper
    return await func(*args, **kwargs)
  File "/opt/conda/envs/gdf/lib/python3.9/site-packages/distributed/comm/ucx.py", line 367, in read
    raise CommClosedError(
distributed.comm.core.CommClosedError: Connection closed by writer.
Inner exception: UCXCanceled("<[Recv #003] ep: 0x7fddc8c8e180, tag: 0x6071c0016f4362ad, nbytes: 16, type: <class 'numpy.ndarray'>>: ")
2023-07-21 06:37:38,754 - distributed.worker - ERROR - Worker stream died during communication: ucx://127.0.0.1:57801
Traceback (most recent call last):
  File "/opt/conda/envs/gdf/lib/python3.9/site-packages/distributed/comm/ucx.py", line 349, in read
    await self.ep.recv(msg)
  File "/opt/conda/envs/gdf/lib/python3.9/site-packages/ucp/core.py", line 725, in recv
    ret = await comm.tag_recv(self._ep, buffer, nbytes, tag, name=log)
ucp._libs.exceptions.UCXCanceled: <[Recv #008] ep: 0x7f5d4dca9140, tag: 0x70fe1409a1c82438, nbytes: 16, type: <class 'numpy.ndarray'>>: 

During handling of the above exception, another exception occurred:

Traceback (most recent call last):
  File "/opt/conda/envs/gdf/lib/python3.9/site-packages/distributed/worker.py", line 2066, in gather_dep
    response = await get_data_from_worker(
  File "/opt/conda/envs/gdf/lib/python3.9/site-packages/distributed/worker.py", line 2892, in get_data_from_worker
    response = await send_recv(
  File "/opt/conda/envs/gdf/lib/python3.9/site-packages/distributed/core.py", line 1024, in send_recv
    response = await comm.read(deserializers=deserializers)
  File "/opt/conda/envs/gdf/lib/python3.9/site-packages/distributed/utils.py", line 752, in wrapper
    return await func(*args, **kwargs)
  File "/opt/conda/envs/gdf/lib/python3.9/site-packages/distributed/comm/ucx.py", line 367, in read
    raise CommClosedError(
distributed.comm.core.CommClosedError: Connection closed by writer.
Inner exception: UCXCanceled("<[Recv #008] ep: 0x7f5d4dca9140, tag: 0x70fe1409a1c82438, nbytes: 16, type: <class 'numpy.ndarray'>>: ")
2023-07-21 06:37:38,763 - distributed.nanny - WARNING - Restarting worker
2023-07-21 06:37:38,834 - distributed.nanny - WARNING - Restarting worker
2023-07-21 06:37:38,864 - distributed.nanny - WARNING - Restarting worker
2023-07-21 06:37:38,871 - distributed.worker - ERROR - Worker stream died during communication: ucx://127.0.0.1:42519
Traceback (most recent call last):
  File "/opt/conda/envs/gdf/lib/python3.9/site-packages/distributed/comm/ucx.py", line 391, in read
    await self.ep.recv(each_frame)
  File "/opt/conda/envs/gdf/lib/python3.9/site-packages/ucp/core.py", line 725, in recv
    ret = await comm.tag_recv(self._ep, buffer, nbytes, tag, name=log)
ucp._libs.exceptions.UCXError: <[Recv #007] ep: 0x7fddc8c8e100, tag: 0x3b15f99293498802, nbytes: 50000000, type: <class 'rmm._lib.device_buffer.DeviceBuffer'>>: Connection reset by remote peer

During handling of the above exception, another exception occurred:

Traceback (most recent call last):
  File "/opt/conda/envs/gdf/lib/python3.9/site-packages/distributed/worker.py", line 2066, in gather_dep
    response = await get_data_from_worker(
  File "/opt/conda/envs/gdf/lib/python3.9/site-packages/distributed/worker.py", line 2892, in get_data_from_worker
    response = await send_recv(
  File "/opt/conda/envs/gdf/lib/python3.9/site-packages/distributed/core.py", line 1024, in send_recv
    response = await comm.read(deserializers=deserializers)
  File "/opt/conda/envs/gdf/lib/python3.9/site-packages/distributed/utils.py", line 752, in wrapper
    return await func(*args, **kwargs)
  File "/opt/conda/envs/gdf/lib/python3.9/site-packages/distributed/comm/ucx.py", line 397, in read
    raise CommClosedError(
distributed.comm.core.CommClosedError: Connection closed by writer.
Inner exception: UCXError("<[Recv #007] ep: 0x7fddc8c8e100, tag: 0x3b15f99293498802, nbytes: 50000000, type: <class 'rmm._lib.device_buffer.DeviceBuffer'>>: Connection reset by remote peer")
2023-07-21 06:37:38,892 - distributed.nanny - WARNING - Restarting worker
2023-07-21 06:37:38,892 - distributed.worker - ERROR - failed during get data with ucx://127.0.0.1:52921 -> ucx://127.0.0.1:42519
Traceback (most recent call last):
  File "/opt/conda/envs/gdf/lib/python3.9/site-packages/distributed/comm/ucx.py", line 333, in write
    await self.ep.send(each_frame)
  File "/opt/conda/envs/gdf/lib/python3.9/site-packages/ucp/core.py", line 650, in send
    return await comm.tag_send(self._ep, buffer, nbytes, tag, name=log)
ucp._libs.exceptions.UCXError: <[Send #007] ep: 0x7fd2b0ce2340, tag: 0x2a6e1cc5409c71f1, nbytes: 50000000, type: <class 'cupy.ndarray'>>: Connection reset by remote peer

During handling of the above exception, another exception occurred:

Traceback (most recent call last):
  File "/opt/conda/envs/gdf/lib/python3.9/site-packages/distributed/worker.py", line 1792, in get_data
    compressed = await comm.write(msg, serializers=serializers)
  File "/opt/conda/envs/gdf/lib/python3.9/site-packages/distributed/utils.py", line 752, in wrapper
    return await func(*args, **kwargs)
  File "/opt/conda/envs/gdf/lib/python3.9/site-packages/distributed/comm/ucx.py", line 337, in write
    raise CommClosedError("While writing, the connection was closed")
distributed.comm.core.CommClosedError: While writing, the connection was closed
2023-07-21 06:37:38,893 - distributed.worker - ERROR - failed during get data with ucx://127.0.0.1:49099 -> ucx://127.0.0.1:42519
Traceback (most recent call last):
  File "/opt/conda/envs/gdf/lib/python3.9/site-packages/distributed/comm/ucx.py", line 349, in read
    await self.ep.recv(msg)
  File "/opt/conda/envs/gdf/lib/python3.9/site-packages/ucp/core.py", line 725, in recv
    ret = await comm.tag_recv(self._ep, buffer, nbytes, tag, name=log)
ucp._libs.exceptions.UCXCanceled: <[Recv #006] ep: 0x7f5d4dca92c0, tag: 0x9fb7c0041a2f057, nbytes: 16, type: <class 'numpy.ndarray'>>: 

During handling of the above exception, another exception occurred:

Traceback (most recent call last):
  File "/opt/conda/envs/gdf/lib/python3.9/site-packages/distributed/worker.py", line 1793, in get_data
    response = await comm.read(deserializers=serializers)
  File "/opt/conda/envs/gdf/lib/python3.9/site-packages/distributed/utils.py", line 752, in wrapper
    return await func(*args, **kwargs)
  File "/opt/conda/envs/gdf/lib/python3.9/site-packages/distributed/comm/ucx.py", line 367, in read
    raise CommClosedError(
distributed.comm.core.CommClosedError: Connection closed by writer.
Inner exception: UCXCanceled("<[Recv #006] ep: 0x7f5d4dca92c0, tag: 0x9fb7c0041a2f057, nbytes: 16, type: <class 'numpy.ndarray'>>: ")
2023-07-21 06:37:38,893 - distributed.worker - ERROR - Worker stream died during communication: ucx://127.0.0.1:42519
Traceback (most recent call last):
  File "/opt/conda/envs/gdf/lib/python3.9/site-packages/distributed/comm/ucx.py", line 391, in read
    await self.ep.recv(each_frame)
  File "/opt/conda/envs/gdf/lib/python3.9/site-packages/ucp/core.py", line 725, in recv
    ret = await comm.tag_recv(self._ep, buffer, nbytes, tag, name=log)
ucp._libs.exceptions.UCXError: <[Recv #007] ep: 0x7fd2b0ce21c0, tag: 0x65b45968fe30968c, nbytes: 50000000, type: <class 'rmm._lib.device_buffer.DeviceBuffer'>>: Connection reset by remote peer

During handling of the above exception, another exception occurred:

Traceback (most recent call last):
  File "/opt/conda/envs/gdf/lib/python3.9/site-packages/distributed/worker.py", line 2066, in gather_dep
    response = await get_data_from_worker(
  File "/opt/conda/envs/gdf/lib/python3.9/site-packages/distributed/worker.py", line 2892, in get_data_from_worker
    response = await send_recv(
  File "/opt/conda/envs/gdf/lib/python3.9/site-packages/distributed/core.py", line 1024, in send_recv
    response = await comm.read(deserializers=deserializers)
  File "/opt/conda/envs/gdf/lib/python3.9/site-packages/distributed/utils.py", line 752, in wrapper
    return await func(*args, **kwargs)
  File "/opt/conda/envs/gdf/lib/python3.9/site-packages/distributed/comm/ucx.py", line 397, in read
    raise CommClosedError(
distributed.comm.core.CommClosedError: Connection closed by writer.
Inner exception: UCXError("<[Recv #007] ep: 0x7fd2b0ce21c0, tag: 0x65b45968fe30968c, nbytes: 50000000, type: <class 'rmm._lib.device_buffer.DeviceBuffer'>>: Connection reset by remote peer")
2023-07-21 06:37:38,943 - distributed.nanny - WARNING - Restarting worker
2023-07-21 06:37:40,324 - distributed.preloading - INFO - Creating preload: dask_cuda.initialize
2023-07-21 06:37:40,324 - distributed.preloading - INFO - Import preload module: dask_cuda.initialize
2023-07-21 06:37:40,390 - distributed.preloading - INFO - Creating preload: dask_cuda.initialize
2023-07-21 06:37:40,390 - distributed.preloading - INFO - Import preload module: dask_cuda.initialize
2023-07-21 06:37:40,391 - distributed.preloading - INFO - Creating preload: dask_cuda.initialize
2023-07-21 06:37:40,391 - distributed.preloading - INFO - Import preload module: dask_cuda.initialize
2023-07-21 06:37:40,410 - distributed.preloading - INFO - Creating preload: dask_cuda.initialize
2023-07-21 06:37:40,410 - distributed.preloading - INFO - Import preload module: dask_cuda.initialize
2023-07-21 06:37:40,417 - distributed.preloading - INFO - Creating preload: dask_cuda.initialize
2023-07-21 06:37:40,418 - distributed.preloading - INFO - Import preload module: dask_cuda.initialize
/opt/conda/envs/gdf/lib/python3.9/multiprocessing/resource_tracker.py:216: UserWarning: resource_tracker: There appear to be 48 leaked semaphore objects to clean up at shutdown
  warnings.warn('resource_tracker: There appear to be %d '
