============================= test session starts ==============================
platform linux -- Python 3.8.13, pytest-7.1.3, pluggy-1.0.0 -- /datasets/pentschev/miniconda3/envs/gdf/bin/python
cachedir: .pytest_cache
rootdir: /datasets/pentschev/simple-ci/src/ucx-py, configfile: setup.cfg
plugins: asyncio-0.12.0
collecting ... collected 326 items

tests/test_benchmark_cluster.py::test_benchmark_cluster PASSED
tests/test_config.py::test_get_config PASSED
tests/test_config.py::test_set_env PASSED
tests/test_config.py::test_init_options PASSED
tests/test_config.py::test_init_options_and_env PASSED
tests/test_config.py::test_init_unknown_option SKIPPED (Beginning wi...)
tests/test_config.py::test_init_invalid_option [1666242892.499975] [dgx13:81012:0]          parser.c:1906 UCX  WARN  unused env variable: UCX_RNDV_FRAG_MEM_TYPE (set UCX_WARN_UNUSED_ENV_VARS=n to suppress this warning)
[1666242892.677976] [dgx13:81012:0]          parser.c:1059 UCX  ERROR Invalid value for SEG_SIZE: 'invalid-size'. Expected: memory units: <number>[b|kb|mb|gb], "inf", or "auto"
PASSED
tests/test_config.py::test_logging PASSED
tests/test_custom_send_recv.py::test_send_recv_cudf[<lambda>0] PASSED
tests/test_custom_send_recv.py::test_send_recv_cudf[<lambda>1] PASSED
tests/test_custom_send_recv.py::test_send_recv_cudf[<lambda>2] PASSED
tests/test_custom_send_recv.py::test_send_recv_cudf[<lambda>3] PASSED
tests/test_custom_send_recv.py::test_send_recv_cudf[<lambda>4] PASSED
tests/test_custom_send_recv.py::test_send_recv_cudf[<lambda>5] PASSED
tests/test_custom_send_recv.py::test_send_recv_cudf[<lambda>6] PASSED
tests/test_custom_send_recv.py::test_send_recv_cudf[<lambda>7] PASSED
tests/test_custom_send_recv.py::test_send_recv_cudf[<lambda>8] PASSED
tests/test_custom_send_recv.py::test_send_recv_cudf[<lambda>9] PASSED
tests/test_custom_send_recv.py::test_send_recv_cudf[<lambda>10] PASSED
tests/test_custom_send_recv.py::test_send_recv_cudf[<lambda>11] PASSED
tests/test_custom_send_recv.py::test_send_recv_cudf[<lambda>12] PASSED
tests/test_disconnect.py::test_shutdown_unexpected_closed_peer[True] [1666242933.956855] [dgx13:81786:0]          parser.c:1906 UCX  WARN  unused env variable: UCX_RNDV_FRAG_MEM_TYPE (set UCX_WARN_UNUSED_ENV_VARS=n to suppress this warning)
[1666242933.541153] [dgx13:81785:0]          parser.c:1906 UCX  WARN  unused env variable: UCX_RNDV_FRAG_MEM_TYPE (set UCX_WARN_UNUSED_ENV_VARS=n to suppress this warning)
PASSED
tests/test_disconnect.py::test_shutdown_unexpected_closed_peer[False] [1666242935.234328] [dgx13:573  :0]          parser.c:1906 UCX  WARN  unused env variable: UCX_RNDV_FRAG_MEM_TYPE (set UCX_WARN_UNUSED_ENV_VARS=n to suppress this warning)
[1666242935.109856] [dgx13:572  :0]          parser.c:1906 UCX  WARN  unused env variable: UCX_RNDV_FRAG_MEM_TYPE (set UCX_WARN_UNUSED_ENV_VARS=n to suppress this warning)
[1666242935.504693] [dgx13:572  :0]           flush.c:26   UCX  ERROR req 0x55841f9bfd00: error during flush: Endpoint timeout, flush comp 0x55841f9bfda0 count reduced to 2
[1666242935.504704] [dgx13:572  :0]           flush.c:26   UCX  ERROR req 0x55841f9bfd00: error during flush: Endpoint timeout, flush comp 0x55841f9bfda0 count reduced to 1
[1666242935.504706] [dgx13:572  :0]           flush.c:26   UCX  ERROR req 0x55841f9bfd00: error during flush: Endpoint timeout, flush comp 0x55841f9bfda0 count reduced to 0
PASSED
tests/test_endpoint.py::test_close_callback[True] PASSED
tests/test_endpoint.py::test_close_callback[False] PASSED
tests/test_endpoint.py::test_cancel[am] PASSED
tests/test_endpoint.py::test_cancel[tag] PASSED
tests/test_from_worker_address.py::test_from_worker_address [1666242936.846755] [dgx13:792  :0]          parser.c:1906 UCX  WARN  unused env variable: UCX_RNDV_FRAG_MEM_TYPE (set UCX_WARN_UNUSED_ENV_VARS=n to suppress this warning)
[1666242937.145267] [dgx13:796  :0]          parser.c:1906 UCX  WARN  unused env variable: UCX_RNDV_FRAG_MEM_TYPE (set UCX_WARN_UNUSED_ENV_VARS=n to suppress this warning)
PASSED
tests/test_from_worker_address.py::test_from_worker_address_multinode[1] [1666242938.256031] [dgx13:1035 :0]          parser.c:1906 UCX  WARN  unused env variable: UCX_RNDV_FRAG_MEM_TYPE (set UCX_WARN_UNUSED_ENV_VARS=n to suppress this warning)
[1666242937.971128] [dgx13:1034 :0]          parser.c:1906 UCX  WARN  unused env variable: UCX_RNDV_FRAG_MEM_TYPE (set UCX_WARN_UNUSED_ENV_VARS=n to suppress this warning)
PASSED
tests/test_from_worker_address.py::test_from_worker_address_multinode[2] [1666242939.478521] [dgx13:1232 :0]          parser.c:1906 UCX  WARN  unused env variable: UCX_RNDV_FRAG_MEM_TYPE (set UCX_WARN_UNUSED_ENV_VARS=n to suppress this warning)
[1666242939.200711] [dgx13:1231 :0]          parser.c:1906 UCX  WARN  unused env variable: UCX_RNDV_FRAG_MEM_TYPE (set UCX_WARN_UNUSED_ENV_VARS=n to suppress this warning)
[1666242939.198180] [dgx13:1230 :0]          parser.c:1906 UCX  WARN  unused env variable: UCX_RNDV_FRAG_MEM_TYPE (set UCX_WARN_UNUSED_ENV_VARS=n to suppress this warning)
PASSED
tests/test_from_worker_address.py::test_from_worker_address_multinode[4] [1666242940.854663] [dgx13:1540 :0]          parser.c:1906 UCX  WARN  unused env variable: UCX_RNDV_FRAG_MEM_TYPE (set UCX_WARN_UNUSED_ENV_VARS=n to suppress this warning)
[1666242940.845776] [dgx13:1539 :0]          parser.c:1906 UCX  WARN  unused env variable: UCX_RNDV_FRAG_MEM_TYPE (set UCX_WARN_UNUSED_ENV_VARS=n to suppress this warning)
[1666242940.871909] [dgx13:1542 :0]          parser.c:1906 UCX  WARN  unused env variable: UCX_RNDV_FRAG_MEM_TYPE (set UCX_WARN_UNUSED_ENV_VARS=n to suppress this warning)
[1666242940.844815] [dgx13:1538 :0]          parser.c:1906 UCX  WARN  unused env variable: UCX_RNDV_FRAG_MEM_TYPE (set UCX_WARN_UNUSED_ENV_VARS=n to suppress this warning)
[1666242940.849646] [dgx13:1537 :0]          parser.c:1906 UCX  WARN  unused env variable: UCX_RNDV_FRAG_MEM_TYPE (set UCX_WARN_UNUSED_ENV_VARS=n to suppress this warning)
PASSED
tests/test_from_worker_address.py::test_from_worker_address_multinode[8] [1666242942.329810] [dgx13:1989 :0]          parser.c:1906 UCX  WARN  unused env variable: UCX_RNDV_FRAG_MEM_TYPE (set UCX_WARN_UNUSED_ENV_VARS=n to suppress this warning)
[1666242942.823362] [dgx13:1997 :0]          parser.c:1906 UCX  WARN  unused env variable: UCX_RNDV_FRAG_MEM_TYPE (set UCX_WARN_UNUSED_ENV_VARS=n to suppress this warning)
[1666242942.824110] [dgx13:1996 :0]          parser.c:1906 UCX  WARN  unused env variable: UCX_RNDV_FRAG_MEM_TYPE (set UCX_WARN_UNUSED_ENV_VARS=n to suppress this warning)
[1666242942.824160] [dgx13:2005 :0]          parser.c:1906 UCX  WARN  unused env variable: UCX_RNDV_FRAG_MEM_TYPE (set UCX_WARN_UNUSED_ENV_VARS=n to suppress this warning)
[1666242942.819703] [dgx13:2003 :0]          parser.c:1906 UCX  WARN  unused env variable: UCX_RNDV_FRAG_MEM_TYPE (set UCX_WARN_UNUSED_ENV_VARS=n to suppress this warning)
[1666242942.478394] [dgx13:1995 :0]          parser.c:1906 UCX  WARN  unused env variable: UCX_RNDV_FRAG_MEM_TYPE (set UCX_WARN_UNUSED_ENV_VARS=n to suppress this warning)
[1666242942.365630] [dgx13:1990 :0]          parser.c:1906 UCX  WARN  unused env variable: UCX_RNDV_FRAG_MEM_TYPE (set UCX_WARN_UNUSED_ENV_VARS=n to suppress this warning)
[1666242942.444310] [dgx13:1991 :0]          parser.c:1906 UCX  WARN  unused env variable: UCX_RNDV_FRAG_MEM_TYPE (set UCX_WARN_UNUSED_ENV_VARS=n to suppress this warning)
[1666242942.268892] [dgx13:1988 :0]          parser.c:1906 UCX  WARN  unused env variable: UCX_RNDV_FRAG_MEM_TYPE (set UCX_WARN_UNUSED_ENV_VARS=n to suppress this warning)
PASSED
tests/test_from_worker_address_error.py::test_from_worker_address_error[unreachable] [1666242944.192398] [dgx13:2861 :0]            sock.c:325  UCX  ERROR   connect(fd=41, dest_addr=10.33.225.193:42193) failed: Connection refused
PASSED
tests/test_from_worker_address_error.py::test_from_worker_address_error[timeout_am_send] [1666242945.672403] [dgx13:3174 :0]            sock.c:325  UCX  ERROR connect(fd=41, dest_addr=10.33.225.193:48483) failed: Connection refused
[1666242945.672568] [dgx13:3174 :0]          tcp_ep.c:1144 UCX  ERROR try to increase "net.core.somaxconn", "net.core.netdev_max_backlog", "net.ipv4.tcp_max_syn_backlog" to the maximum value on the remote node or increase UCX_TCP_MAX_CONN_RETRIES (=25)
PASSED
tests/test_from_worker_address_error.py::test_from_worker_address_error[timeout_am_recv] [1666242946.915988] [dgx13:3382 :0]            sock.c:325  UCX  ERROR connect(fd=41, dest_addr=10.33.225.193:52331) failed: Connection refused
[1666242946.916150] [dgx13:3382 :0]          tcp_ep.c:1144 UCX  ERROR try to increase "net.core.somaxconn", "net.core.netdev_max_backlog", "net.ipv4.tcp_max_syn_backlog" to the maximum value on the remote node or increase UCX_TCP_MAX_CONN_RETRIES (=25)
PASSED
tests/test_from_worker_address_error.py::test_from_worker_address_error[timeout_send] [1666242948.107833] [dgx13:3596 :0]            sock.c:325  UCX  ERROR connect(fd=41, dest_addr=10.33.225.193:50375) failed: Connection refused
[1666242948.107932] [dgx13:3596 :0]          tcp_ep.c:1144 UCX  ERROR try to increase "net.core.somaxconn", "net.core.netdev_max_backlog", "net.ipv4.tcp_max_syn_backlog" to the maximum value on the remote node or increase UCX_TCP_MAX_CONN_RETRIES (=25)
PASSED
tests/test_from_worker_address_error.py::test_from_worker_address_error[timeout_recv] [1666242949.528153] [dgx13:3814 :0]            sock.c:325  UCX  ERROR connect(fd=41, dest_addr=10.33.225.193:57181) failed: Connection refused
[1666242949.528194] [dgx13:3814 :0]          tcp_ep.c:1144 UCX  ERROR try to increase "net.core.somaxconn", "net.core.netdev_max_backlog", "net.ipv4.tcp_max_syn_backlog" to the maximum value on the remote node or increase UCX_TCP_MAX_CONN_RETRIES (=25)
PASSED
tests/test_info.py::test_context_info PASSED
tests/test_info.py::test_worker_info PASSED
tests/test_info.py::test_check_transport[posix] PASSED
tests/test_info.py::test_check_transport[tcp] PASSED
tests/test_info.py::test_check_transport[posix,tcp] PASSED
tests/test_multiple_nodes.py::test_many_servers_many_clients[10-1] PASSED
tests/test_multiple_nodes.py::test_many_servers_many_clients[10-2] PASSED
tests/test_multiple_nodes.py::test_many_servers_many_clients[10-4] PASSED
tests/test_multiple_nodes.py::test_many_servers_many_clients[50-1] PASSED
tests/test_multiple_nodes.py::test_many_servers_many_clients[50-2] PASSED
tests/test_multiple_nodes.py::test_many_servers_many_clients[50-4] [1666243081.535330] [dgx13:81012:0]            sock.c:325  UCX  ERROR   connect(fd=748, dest_addr=10.33.225.193:32945) failed: Connection timed out
[1666243212.607250] [dgx13:81012:0]            sock.c:325  UCX  ERROR   connect(fd=749, dest_addr=10.33.225.193:32945) failed: Connection timed out
[1666243343.679240] [dgx13:81012:0]            sock.c:325  UCX  ERROR   connect(fd=750, dest_addr=10.33.225.193:32945) failed: Connection timed out
[1666243474.751272] [dgx13:81012:0]            sock.c:325  UCX  ERROR   connect(fd=1151, dest_addr=10.33.225.193:32945) failed: Connection timed out
