[1699690781.527961] [dgx13:85885:0]    ib_mlx5dv_md.c:468  UCX  ERROR mlx5_3: LRU push returned Unsupported operation
[dgx13:85885:0:85885]        rndv.c:166  Fatal: failed to pack rendezvous remote key: Unsupported operation
==== backtrace (tid:  85885) ====
 0  /opt/conda/envs/gdf/lib/libucs.so.0(ucs_handle_error+0x2fd) [0x7fc24c04507d]
 1  /opt/conda/envs/gdf/lib/libucs.so.0(ucs_fatal_error_message+0x51) [0x7fc24c042c21]
 2  /opt/conda/envs/gdf/lib/libucs.so.0(+0x27dbc) [0x7fc24c042dbc]
 3  /opt/conda/envs/gdf/lib/libucp.so.0(+0x739f8) [0x7fc24792b9f8]
 4  /opt/conda/envs/gdf/lib/libucp.so.0(ucp_do_am_single+0xdf) [0x7fc247902d8f]
 5  /opt/conda/envs/gdf/lib/libucp.so.0(ucp_proto_progress_tag_rndv_rts+0x1d) [0x7fc24793eafd]
 6  /opt/conda/envs/gdf/lib/libucp.so.0(ucp_tag_send_nbx+0x6da) [0x7fc2479439ea]
 7  /opt/conda/envs/gdf/lib/libucp.so.0(ucp_tag_send_nb+0x4f) [0x7fc24794472f]
 8  /opt/conda/envs/gdf/lib/python3.9/site-packages/ucp/_libs/ucx_api.cpython-39-x86_64-linux-gnu.so(+0x6c6f0) [0x7fc2479f26f0]
 9  /opt/conda/envs/gdf/bin/python(PyObject_Call+0xbc) [0x558e491ee44c]
10  /opt/conda/envs/gdf/bin/python(_PyEval_EvalFrameDefault+0x37cb) [0x558e491d36fb]
11  /opt/conda/envs/gdf/bin/python(+0x12f094) [0x558e491cf094]
12  /opt/conda/envs/gdf/bin/python(_PyFunction_Vectorcall+0xd9) [0x558e491e0519]
13  /opt/conda/envs/gdf/bin/python(_PyEval_EvalFrameDefault+0x11f8) [0x558e491d1128]
14  /opt/conda/envs/gdf/bin/python(+0x12f094) [0x558e491cf094]
15  /opt/conda/envs/gdf/bin/python(_PyFunction_Vectorcall+0xd9) [0x558e491e0519]
16  /opt/conda/envs/gdf/bin/python(_PyEval_EvalFrameDefault+0x11f8) [0x558e491d1128]
17  /opt/conda/envs/gdf/bin/python(+0x1e3162) [0x558e49283162]
18  /opt/conda/envs/gdf/bin/python(_PyEval_EvalFrameDefault+0x5f34) [0x558e491d5e64]
19  /opt/conda/envs/gdf/bin/python(+0x1e3162) [0x558e49283162]
20  /opt/conda/envs/gdf/bin/python(_PyEval_EvalFrameDefault+0x5f34) [0x558e491d5e64]
21  /opt/conda/envs/gdf/bin/python(+0x1e3162) [0x558e49283162]
22  /opt/conda/envs/gdf/bin/python(_PyEval_EvalFrameDefault+0x5f34) [0x558e491d5e64]
23  /opt/conda/envs/gdf/bin/python(+0x1e3162) [0x558e49283162]
24  /opt/conda/envs/gdf/bin/python(_PyEval_EvalFrameDefault+0x5f34) [0x558e491d5e64]
25  /opt/conda/envs/gdf/bin/python(+0x1e3162) [0x558e49283162]
26  /opt/conda/envs/gdf/bin/python(_PyEval_EvalFrameDefault+0x5f34) [0x558e491d5e64]
27  /opt/conda/envs/gdf/bin/python(+0x1e3162) [0x558e49283162]
28  /opt/conda/envs/gdf/lib/python3.9/lib-dynload/_asyncio.cpython-39-x86_64-linux-gnu.so(+0x81e9) [0x7fc2e2c5f1e9]
29  /opt/conda/envs/gdf/lib/python3.9/lib-dynload/_asyncio.cpython-39-x86_64-linux-gnu.so(+0x8aa6) [0x7fc2e2c5faa6]
30  /opt/conda/envs/gdf/bin/python(_PyObject_MakeTpCall+0x2ec) [0x558e491d877c]
31  /opt/conda/envs/gdf/bin/python(+0xead05) [0x558e4918ad05]
32  /opt/conda/envs/gdf/bin/python(+0x1377f3) [0x558e491d77f3]
33  /opt/conda/envs/gdf/bin/python(_PyEval_EvalFrameDefault+0x59f9) [0x558e491d5929]
34  /opt/conda/envs/gdf/bin/python(+0x1407c2) [0x558e491e07c2]
35  /opt/conda/envs/gdf/bin/python(_PyEval_EvalFrameDefault+0x696) [0x558e491d05c6]
36  /opt/conda/envs/gdf/bin/python(+0x1407c2) [0x558e491e07c2]
37  /opt/conda/envs/gdf/bin/python(_PyEval_EvalFrameDefault+0x696) [0x558e491d05c6]
38  /opt/conda/envs/gdf/bin/python(+0x1407c2) [0x558e491e07c2]
39  /opt/conda/envs/gdf/bin/python(_PyEval_EvalFrameDefault+0x696) [0x558e491d05c6]
40  /opt/conda/envs/gdf/bin/python(+0x1407c2) [0x558e491e07c2]
41  /opt/conda/envs/gdf/bin/python(_PyEval_EvalFrameDefault+0x696) [0x558e491d05c6]
42  /opt/conda/envs/gdf/bin/python(+0x12f094) [0x558e491cf094]
43  /opt/conda/envs/gdf/bin/python(_PyFunction_Vectorcall+0xd9) [0x558e491e0519]
44  /opt/conda/envs/gdf/bin/python(_PyEval_EvalFrameDefault+0x11f8) [0x558e491d1128]
45  /opt/conda/envs/gdf/bin/python(+0x12f094) [0x558e491cf094]
46  /opt/conda/envs/gdf/bin/python(+0x14dccb) [0x558e491edccb]
47  /opt/conda/envs/gdf/bin/python(PyObject_Call+0xbc) [0x558e491ee44c]
48  /opt/conda/envs/gdf/bin/python(+0x21110e) [0x558e492b110e]
49  /opt/conda/envs/gdf/bin/python(_PyObject_MakeTpCall+0x2ec) [0x558e491d877c]
50  /opt/conda/envs/gdf/bin/python(_PyEval_EvalFrameDefault+0x37cb) [0x558e491d36fb]
51  /opt/conda/envs/gdf/bin/python(+0x1407c2) [0x558e491e07c2]
52  /opt/conda/envs/gdf/bin/python(+0x14ddac) [0x558e491eddac]
53  /opt/conda/envs/gdf/bin/python(_PyEval_EvalFrameDefault+0x37cb) [0x558e491d36fb]
54  /opt/conda/envs/gdf/bin/python(+0x1407c2) [0x558e491e07c2]
55  /opt/conda/envs/gdf/bin/python(_PyEval_EvalFrameDefault+0x696) [0x558e491d05c6]
56  /opt/conda/envs/gdf/bin/python(+0x12f094) [0x558e491cf094]
57  /opt/conda/envs/gdf/bin/python(_PyFunction_Vectorcall+0xd9) [0x558e491e0519]
58  /opt/conda/envs/gdf/bin/python(_PyEval_EvalFrameDefault+0x696) [0x558e491d05c6]
59  /opt/conda/envs/gdf/bin/python(+0x1407c2) [0x558e491e07c2]
60  /opt/conda/envs/gdf/bin/python(_PyEval_EvalFrameDefault+0x3e2) [0x558e491d0312]
61  /opt/conda/envs/gdf/bin/python(+0x12f094) [0x558e491cf094]
=================================
2023-11-11 08:19:43,892 - distributed.worker - ERROR - Worker stream died during communication: ucx://127.0.0.1:40608
Traceback (most recent call last):
  File "/opt/conda/envs/gdf/lib/python3.9/site-packages/distributed/comm/ucx.py", line 396, in read
    await self.ep.recv(each_frame)
  File "/opt/conda/envs/gdf/lib/python3.9/site-packages/ucp/core.py", line 725, in recv
    ret = await comm.tag_recv(self._ep, buffer, nbytes, tag, name=log)
ucp._libs.exceptions.UCXCanceled: <[Recv #007] ep: 0x7fda3d134180, tag: 0x94f295dcea45dcef, nbytes: 800000000, type: <class 'rmm._lib.device_buffer.DeviceBuffer'>>: 

During handling of the above exception, another exception occurred:

Traceback (most recent call last):
  File "/opt/conda/envs/gdf/lib/python3.9/site-packages/distributed/worker.py", line 2059, in gather_dep
    response = await get_data_from_worker(
  File "/opt/conda/envs/gdf/lib/python3.9/site-packages/distributed/worker.py", line 2852, in get_data_from_worker
    response = await send_recv(
  File "/opt/conda/envs/gdf/lib/python3.9/site-packages/distributed/core.py", line 1106, in send_recv
    response = await comm.read(deserializers=deserializers)
  File "/opt/conda/envs/gdf/lib/python3.9/site-packages/distributed/utils.py", line 803, in wrapper
    return await func(*args, **kwargs)
  File "/opt/conda/envs/gdf/lib/python3.9/site-packages/distributed/comm/ucx.py", line 402, in read
    raise CommClosedError(
distributed.comm.core.CommClosedError: Connection closed by writer.
Inner exception: UCXCanceled("<[Recv #007] ep: 0x7fda3d134180, tag: 0x94f295dcea45dcef, nbytes: 800000000, type: <class 'rmm._lib.device_buffer.DeviceBuffer'>>: ")
2023-11-11 08:19:47,376 - distributed.nanny - WARNING - Restarting worker
/opt/conda/envs/gdf/lib/python3.9/multiprocessing/resource_tracker.py:216: UserWarning: resource_tracker: There appear to be 48 leaked semaphore objects to clean up at shutdown
  warnings.warn('resource_tracker: There appear to be %d '
