[dgx13:58980:0:58980] Caught signal 11 (Segmentation fault: address not mapped to object at address 0x448)
==== backtrace (tid:  58980) ====
 0  /opt/conda/envs/gdf/lib/libucs.so.0(ucs_handle_error+0x2fd) [0x7f2aa30dd06d]
 1  /opt/conda/envs/gdf/lib/libucs.so.0(+0x2a264) [0x7f2aa30dd264]
 2  /opt/conda/envs/gdf/lib/libucs.so.0(+0x2a42a) [0x7f2aa30dd42a]
 3  /usr/lib/x86_64-linux-gnu/libpthread.so.0(+0x14420) [0x7f2adfdca420]
 4  /opt/conda/envs/gdf/lib/libucp.so.0(ucp_mem_type_unpack+0x14) [0x7f2aa315b6a4]
 5  /opt/conda/envs/gdf/lib/libucp.so.0(ucp_rndv_data_handler+0x4e9) [0x7f2aa3184829]
 6  /opt/conda/envs/gdf/lib/./libuct.so.0(+0x2146f) [0x7f2aa309746f]
 7  /opt/conda/envs/gdf/lib/./libuct.so.0(+0x248c8) [0x7f2aa309a8c8]
 8  /opt/conda/envs/gdf/lib/libucs.so.0(ucs_event_set_wait+0xb9) [0x7f2aa30e6499]
 9  /opt/conda/envs/gdf/lib/./libuct.so.0(uct_tcp_iface_progress+0x7d) [0x7f2aa309966d]
10  /opt/conda/envs/gdf/lib/libucp.so.0(ucp_worker_progress+0x5a) [0x7f2aa31588ca]
11  /opt/conda/envs/gdf/lib/python3.9/site-packages/ucp/_libs/ucx_api.cpython-39-x86_64-linux-gnu.so(+0x3206a) [0x7f2aa321106a]
12  /opt/conda/envs/gdf/bin/python(_PyEval_EvalFrameDefault+0x45a6) [0x55f753c073f6]
13  /opt/conda/envs/gdf/bin/python(+0x12dfb4) [0x55f753c01fb4]
14  /opt/conda/envs/gdf/bin/python(_PyFunction_Vectorcall+0xd9) [0x55f753c13469]
15  /opt/conda/envs/gdf/bin/python(_PyEval_EvalFrameDefault+0x696) [0x55f753c034e6]
16  /opt/conda/envs/gdf/bin/python(+0x13f712) [0x55f753c13712]
17  /opt/conda/envs/gdf/bin/python(+0x14ca83) [0x55f753c20a83]
18  /opt/conda/envs/gdf/bin/python(+0x25819c) [0x55f753d2c19c]
19  /opt/conda/envs/gdf/bin/python(+0xf23ff) [0x55f753bc63ff]
20  /opt/conda/envs/gdf/bin/python(+0x136723) [0x55f753c0a723]
21  /opt/conda/envs/gdf/bin/python(_PyEval_EvalFrameDefault+0x5ad9) [0x55f753c08929]
22  /opt/conda/envs/gdf/bin/python(+0x13f712) [0x55f753c13712]
23  /opt/conda/envs/gdf/bin/python(_PyEval_EvalFrameDefault+0x696) [0x55f753c034e6]
24  /opt/conda/envs/gdf/bin/python(+0x13f712) [0x55f753c13712]
25  /opt/conda/envs/gdf/bin/python(_PyEval_EvalFrameDefault+0x696) [0x55f753c034e6]
26  /opt/conda/envs/gdf/bin/python(+0x13f712) [0x55f753c13712]
27  /opt/conda/envs/gdf/bin/python(_PyEval_EvalFrameDefault+0x696) [0x55f753c034e6]
28  /opt/conda/envs/gdf/bin/python(+0x13f712) [0x55f753c13712]
29  /opt/conda/envs/gdf/bin/python(_PyEval_EvalFrameDefault+0x696) [0x55f753c034e6]
30  /opt/conda/envs/gdf/bin/python(+0x12dfb4) [0x55f753c01fb4]
31  /opt/conda/envs/gdf/bin/python(_PyFunction_Vectorcall+0xd9) [0x55f753c13469]
32  /opt/conda/envs/gdf/bin/python(_PyEval_EvalFrameDefault+0x11f2) [0x55f753c04042]
33  /opt/conda/envs/gdf/bin/python(+0x12dfb4) [0x55f753c01fb4]
34  /opt/conda/envs/gdf/bin/python(+0x14c8cb) [0x55f753c208cb]
35  /opt/conda/envs/gdf/bin/python(PyObject_Call+0xbc) [0x55f753c2104c]
36  /opt/conda/envs/gdf/bin/python(+0x21080e) [0x55f753ce480e]
37  /opt/conda/envs/gdf/bin/python(_PyObject_MakeTpCall+0x2ec) [0x55f753c0b6ac]
38  /opt/conda/envs/gdf/bin/python(_PyEval_EvalFrameDefault+0x45a6) [0x55f753c073f6]
39  /opt/conda/envs/gdf/bin/python(+0x13f712) [0x55f753c13712]
40  /opt/conda/envs/gdf/bin/python(+0x14c9ac) [0x55f753c209ac]
41  /opt/conda/envs/gdf/bin/python(_PyEval_EvalFrameDefault+0x45a6) [0x55f753c073f6]
42  /opt/conda/envs/gdf/bin/python(+0x13f712) [0x55f753c13712]
43  /opt/conda/envs/gdf/bin/python(_PyEval_EvalFrameDefault+0x696) [0x55f753c034e6]
44  /opt/conda/envs/gdf/bin/python(+0x12dfb4) [0x55f753c01fb4]
45  /opt/conda/envs/gdf/bin/python(_PyFunction_Vectorcall+0xd9) [0x55f753c13469]
46  /opt/conda/envs/gdf/bin/python(_PyEval_EvalFrameDefault+0x696) [0x55f753c034e6]
47  /opt/conda/envs/gdf/bin/python(+0x13f712) [0x55f753c13712]
48  /opt/conda/envs/gdf/bin/python(_PyEval_EvalFrameDefault+0x3e2) [0x55f753c03232]
49  /opt/conda/envs/gdf/bin/python(+0x12dfb4) [0x55f753c01fb4]
50  /opt/conda/envs/gdf/bin/python(_PyFunction_Vectorcall+0xd9) [0x55f753c13469]
51  /opt/conda/envs/gdf/bin/python(_PyEval_EvalFrameDefault+0x11f2) [0x55f753c04042]
52  /opt/conda/envs/gdf/bin/python(+0x12dfb4) [0x55f753c01fb4]
53  /opt/conda/envs/gdf/bin/python(_PyEval_EvalCodeWithName+0x48) [0x55f753c01c88]
54  /opt/conda/envs/gdf/bin/python(PyEval_EvalCodeEx+0x39) [0x55f753c01c39]
55  /opt/conda/envs/gdf/bin/python(PyEval_EvalCode+0x1b) [0x55f753caf2cb]
56  /opt/conda/envs/gdf/bin/python(+0x2086ca) [0x55f753cdc6ca]
57  /opt/conda/envs/gdf/bin/python(+0x204a63) [0x55f753cd8a63]
58  /opt/conda/envs/gdf/bin/python(PyRun_StringFlags+0x9a) [0x55f753cd087a]
59  /opt/conda/envs/gdf/bin/python(PyRun_SimpleStringFlags+0x3c) [0x55f753cd076c]
60  /opt/conda/envs/gdf/bin/python(Py_RunMain+0x267) [0x55f753ccf9a7]
61  /opt/conda/envs/gdf/bin/python(Py_BytesMain+0x37) [0x55f753ca3107]
=================================
[dgx13:58963:0:58963] Caught signal 11 (Segmentation fault: address not mapped to object at address 0x448)
==== backtrace (tid:  58963) ====
 0  /opt/conda/envs/gdf/lib/libucs.so.0(ucs_handle_error+0x2fd) [0x7f5ce1e1e06d]
 1  /opt/conda/envs/gdf/lib/libucs.so.0(+0x2a264) [0x7f5ce1e1e264]
 2  /opt/conda/envs/gdf/lib/libucs.so.0(+0x2a42a) [0x7f5ce1e1e42a]
 3  /usr/lib/x86_64-linux-gnu/libpthread.so.0(+0x14420) [0x7f5d1cafa420]
 4  /opt/conda/envs/gdf/lib/libucp.so.0(ucp_mem_type_unpack+0x14) [0x7f5ce1e9c6a4]
 5  /opt/conda/envs/gdf/lib/libucp.so.0(ucp_rndv_data_handler+0x4e9) [0x7f5ce1ec5829]
 6  /opt/conda/envs/gdf/lib/./libuct.so.0(+0x2146f) [0x7f5ce1dd846f]
 7  /opt/conda/envs/gdf/lib/./libuct.so.0(+0x248c8) [0x7f5ce1ddb8c8]
 8  /opt/conda/envs/gdf/lib/libucs.so.0(ucs_event_set_wait+0xb9) [0x7f5ce1e27499]
 9  /opt/conda/envs/gdf/lib/./libuct.so.0(uct_tcp_iface_progress+0x7d) [0x7f5ce1dda66d]
10  /opt/conda/envs/gdf/lib/libucp.so.0(ucp_worker_progress+0x5a) [0x7f5ce1e998ca]
11  /opt/conda/envs/gdf/lib/python3.9/site-packages/ucp/_libs/ucx_api.cpython-39-x86_64-linux-gnu.so(+0x3206a) [0x7f5ce1f5206a]
12  /opt/conda/envs/gdf/bin/python(_PyEval_EvalFrameDefault+0x45a6) [0x55cc4bc273f6]
13  /opt/conda/envs/gdf/bin/python(+0x12dfb4) [0x55cc4bc21fb4]
14  /opt/conda/envs/gdf/bin/python(_PyFunction_Vectorcall+0xd9) [0x55cc4bc33469]
15  /opt/conda/envs/gdf/bin/python(_PyEval_EvalFrameDefault+0x696) [0x55cc4bc234e6]
16  /opt/conda/envs/gdf/bin/python(+0x13f712) [0x55cc4bc33712]
17  /opt/conda/envs/gdf/bin/python(+0x14ca83) [0x55cc4bc40a83]
18  /opt/conda/envs/gdf/bin/python(+0x25819c) [0x55cc4bd4c19c]
19  /opt/conda/envs/gdf/bin/python(+0xf23ff) [0x55cc4bbe63ff]
20  /opt/conda/envs/gdf/bin/python(+0x136723) [0x55cc4bc2a723]
21  /opt/conda/envs/gdf/bin/python(_PyEval_EvalFrameDefault+0x5ad9) [0x55cc4bc28929]
22  /opt/conda/envs/gdf/bin/python(+0x13f712) [0x55cc4bc33712]
23  /opt/conda/envs/gdf/bin/python(_PyEval_EvalFrameDefault+0x696) [0x55cc4bc234e6]
24  /opt/conda/envs/gdf/bin/python(+0x13f712) [0x55cc4bc33712]
25  /opt/conda/envs/gdf/bin/python(_PyEval_EvalFrameDefault+0x696) [0x55cc4bc234e6]
26  /opt/conda/envs/gdf/bin/python(+0x13f712) [0x55cc4bc33712]
27  /opt/conda/envs/gdf/bin/python(_PyEval_EvalFrameDefault+0x696) [0x55cc4bc234e6]
28  /opt/conda/envs/gdf/bin/python(+0x13f712) [0x55cc4bc33712]
29  /opt/conda/envs/gdf/bin/python(_PyEval_EvalFrameDefault+0x696) [0x55cc4bc234e6]
30  /opt/conda/envs/gdf/bin/python(+0x12dfb4) [0x55cc4bc21fb4]
31  /opt/conda/envs/gdf/bin/python(_PyFunction_Vectorcall+0xd9) [0x55cc4bc33469]
32  /opt/conda/envs/gdf/bin/python(_PyEval_EvalFrameDefault+0x11f2) [0x55cc4bc24042]
33  /opt/conda/envs/gdf/bin/python(+0x12dfb4) [0x55cc4bc21fb4]
34  /opt/conda/envs/gdf/bin/python(+0x14c8cb) [0x55cc4bc408cb]
35  /opt/conda/envs/gdf/bin/python(PyObject_Call+0xbc) [0x55cc4bc4104c]
36  /opt/conda/envs/gdf/bin/python(+0x21080e) [0x55cc4bd0480e]
37  /opt/conda/envs/gdf/bin/python(_PyObject_MakeTpCall+0x2ec) [0x55cc4bc2b6ac]
38  /opt/conda/envs/gdf/bin/python(_PyEval_EvalFrameDefault+0x45a6) [0x55cc4bc273f6]
39  /opt/conda/envs/gdf/bin/python(+0x13f712) [0x55cc4bc33712]
40  /opt/conda/envs/gdf/bin/python(+0x14c9ac) [0x55cc4bc409ac]
41  /opt/conda/envs/gdf/bin/python(_PyEval_EvalFrameDefault+0x45a6) [0x55cc4bc273f6]
42  /opt/conda/envs/gdf/bin/python(+0x13f712) [0x55cc4bc33712]
43  /opt/conda/envs/gdf/bin/python(_PyEval_EvalFrameDefault+0x696) [0x55cc4bc234e6]
44  /opt/conda/envs/gdf/bin/python(+0x12dfb4) [0x55cc4bc21fb4]
45  /opt/conda/envs/gdf/bin/python(_PyFunction_Vectorcall+0xd9) [0x55cc4bc33469]
46  /opt/conda/envs/gdf/bin/python(_PyEval_EvalFrameDefault+0x696) [0x55cc4bc234e6]
47  /opt/conda/envs/gdf/bin/python(+0x13f712) [0x55cc4bc33712]
48  /opt/conda/envs/gdf/bin/python(_PyEval_EvalFrameDefault+0x3e2) [0x55cc4bc23232]
49  /opt/conda/envs/gdf/bin/python(+0x12dfb4) [0x55cc4bc21fb4]
50  /opt/conda/envs/gdf/bin/python(_PyFunction_Vectorcall+0xd9) [0x55cc4bc33469]
51  /opt/conda/envs/gdf/bin/python(_PyEval_EvalFrameDefault+0x11f2) [0x55cc4bc24042]
52  /opt/conda/envs/gdf/bin/python(+0x12dfb4) [0x55cc4bc21fb4]
53  /opt/conda/envs/gdf/bin/python(_PyEval_EvalCodeWithName+0x48) [0x55cc4bc21c88]
54  /opt/conda/envs/gdf/bin/python(PyEval_EvalCodeEx+0x39) [0x55cc4bc21c39]
55  /opt/conda/envs/gdf/bin/python(PyEval_EvalCode+0x1b) [0x55cc4bccf2cb]
56  /opt/conda/envs/gdf/bin/python(+0x2086ca) [0x55cc4bcfc6ca]
57  /opt/conda/envs/gdf/bin/python(+0x204a63) [0x55cc4bcf8a63]
58  /opt/conda/envs/gdf/bin/python(PyRun_StringFlags+0x9a) [0x55cc4bcf087a]
59  /opt/conda/envs/gdf/bin/python(PyRun_SimpleStringFlags+0x3c) [0x55cc4bcf076c]
60  /opt/conda/envs/gdf/bin/python(Py_RunMain+0x267) [0x55cc4bcef9a7]
61  /opt/conda/envs/gdf/bin/python(Py_BytesMain+0x37) [0x55cc4bcc3107]
=================================
[dgx13:58984:0:58984] Caught signal 11 (Segmentation fault: address not mapped to object at address 0x448)
==== backtrace (tid:  58984) ====
 0  /opt/conda/envs/gdf/lib/libucs.so.0(ucs_handle_error+0x2fd) [0x7fb9fd45006d]
 1  /opt/conda/envs/gdf/lib/libucs.so.0(+0x2a264) [0x7fb9fd450264]
 2  /opt/conda/envs/gdf/lib/libucs.so.0(+0x2a42a) [0x7fb9fd45042a]
 3  /usr/lib/x86_64-linux-gnu/libpthread.so.0(+0x14420) [0x7fba3a147420]
 4  /opt/conda/envs/gdf/lib/libucp.so.0(ucp_mem_type_unpack+0x14) [0x7fb9fd4ce6a4]
 5  /opt/conda/envs/gdf/lib/libucp.so.0(ucp_rndv_data_handler+0x4e9) [0x7fb9fd4f7829]
 6  /opt/conda/envs/gdf/lib/./libuct.so.0(+0x2146f) [0x7fb9fd40a46f]
 7  /opt/conda/envs/gdf/lib/./libuct.so.0(+0x248c8) [0x7fb9fd40d8c8]
 8  /opt/conda/envs/gdf/lib/libucs.so.0(ucs_event_set_wait+0xb9) [0x7fb9fd459499]
 9  /opt/conda/envs/gdf/lib/./libuct.so.0(uct_tcp_iface_progress+0x7d) [0x7fb9fd40c66d]
10  /opt/conda/envs/gdf/lib/libucp.so.0(ucp_worker_progress+0x5a) [0x7fb9fd4cb8ca]
11  /opt/conda/envs/gdf/lib/python3.9/site-packages/ucp/_libs/ucx_api.cpython-39-x86_64-linux-gnu.so(+0x3206a) [0x7fb9fd58406a]
12  /opt/conda/envs/gdf/bin/python(_PyEval_EvalFrameDefault+0x45a6) [0x5596a41103f6]
13  /opt/conda/envs/gdf/bin/python(+0x12dfb4) [0x5596a410afb4]
14  /opt/conda/envs/gdf/bin/python(_PyFunction_Vectorcall+0xd9) [0x5596a411c469]
15  /opt/conda/envs/gdf/bin/python(_PyEval_EvalFrameDefault+0x696) [0x5596a410c4e6]
16  /opt/conda/envs/gdf/bin/python(+0x13f712) [0x5596a411c712]
17  /opt/conda/envs/gdf/bin/python(+0x14ca83) [0x5596a4129a83]
18  /opt/conda/envs/gdf/bin/python(+0x25819c) [0x5596a423519c]
19  /opt/conda/envs/gdf/bin/python(+0xf23ff) [0x5596a40cf3ff]
20  /opt/conda/envs/gdf/bin/python(+0x136723) [0x5596a4113723]
21  /opt/conda/envs/gdf/bin/python(_PyEval_EvalFrameDefault+0x5ad9) [0x5596a4111929]
22  /opt/conda/envs/gdf/bin/python(+0x13f712) [0x5596a411c712]
23  /opt/conda/envs/gdf/bin/python(_PyEval_EvalFrameDefault+0x696) [0x5596a410c4e6]
24  /opt/conda/envs/gdf/bin/python(+0x13f712) [0x5596a411c712]
25  /opt/conda/envs/gdf/bin/python(_PyEval_EvalFrameDefault+0x696) [0x5596a410c4e6]
26  /opt/conda/envs/gdf/bin/python(+0x13f712) [0x5596a411c712]
27  /opt/conda/envs/gdf/bin/python(_PyEval_EvalFrameDefault+0x696) [0x5596a410c4e6]
28  /opt/conda/envs/gdf/bin/python(+0x13f712) [0x5596a411c712]
29  /opt/conda/envs/gdf/bin/python(_PyEval_EvalFrameDefault+0x696) [0x5596a410c4e6]
30  /opt/conda/envs/gdf/bin/python(+0x12dfb4) [0x5596a410afb4]
31  /opt/conda/envs/gdf/bin/python(_PyFunction_Vectorcall+0xd9) [0x5596a411c469]
32  /opt/conda/envs/gdf/bin/python(_PyEval_EvalFrameDefault+0x11f2) [0x5596a410d042]
33  /opt/conda/envs/gdf/bin/python(+0x12dfb4) [0x5596a410afb4]
34  /opt/conda/envs/gdf/bin/python(+0x14c8cb) [0x5596a41298cb]
35  /opt/conda/envs/gdf/bin/python(PyObject_Call+0xbc) [0x5596a412a04c]
36  /opt/conda/envs/gdf/bin/python(+0x21080e) [0x5596a41ed80e]
37  /opt/conda/envs/gdf/bin/python(_PyObject_MakeTpCall+0x2ec) [0x5596a41146ac]
38  /opt/conda/envs/gdf/bin/python(_PyEval_EvalFrameDefault+0x45a6) [0x5596a41103f6]
39  /opt/conda/envs/gdf/bin/python(+0x13f712) [0x5596a411c712]
40  /opt/conda/envs/gdf/bin/python(+0x14c9ac) [0x5596a41299ac]
41  /opt/conda/envs/gdf/bin/python(_PyEval_EvalFrameDefault+0x45a6) [0x5596a41103f6]
42  /opt/conda/envs/gdf/bin/python(+0x13f712) [0x5596a411c712]
43  /opt/conda/envs/gdf/bin/python(_PyEval_EvalFrameDefault+0x696) [0x5596a410c4e6]
44  /opt/conda/envs/gdf/bin/python(+0x12dfb4) [0x5596a410afb4]
45  /opt/conda/envs/gdf/bin/python(_PyFunction_Vectorcall+0xd9) [0x5596a411c469]
46  /opt/conda/envs/gdf/bin/python(_PyEval_EvalFrameDefault+0x696) [0x5596a410c4e6]
47  /opt/conda/envs/gdf/bin/python(+0x13f712) [0x5596a411c712]
48  /opt/conda/envs/gdf/bin/python(_PyEval_EvalFrameDefault+0x3e2) [0x5596a410c232]
49  /opt/conda/envs/gdf/bin/python(+0x12dfb4) [0x5596a410afb4]
50  /opt/conda/envs/gdf/bin/python(_PyFunction_Vectorcall+0xd9) [0x5596a411c469]
51  /opt/conda/envs/gdf/bin/python(_PyEval_EvalFrameDefault+0x11f2) [0x5596a410d042]
52  /opt/conda/envs/gdf/bin/python(+0x12dfb4) [0x5596a410afb4]
53  /opt/conda/envs/gdf/bin/python(_PyEval_EvalCodeWithName+0x48) [0x5596a410ac88]
54  /opt/conda/envs/gdf/bin/python(PyEval_EvalCodeEx+0x39) [0x5596a410ac39]
55  /opt/conda/envs/gdf/bin/python(PyEval_EvalCode+0x1b) [0x5596a41b82cb]
56  /opt/conda/envs/gdf/bin/python(+0x2086ca) [0x5596a41e56ca]
57  /opt/conda/envs/gdf/bin/python(+0x204a63) [0x5596a41e1a63]
58  /opt/conda/envs/gdf/bin/python(PyRun_StringFlags+0x9a) [0x5596a41d987a]
59  /opt/conda/envs/gdf/bin/python(PyRun_SimpleStringFlags+0x3c) [0x5596a41d976c]
60  /opt/conda/envs/gdf/bin/python(Py_RunMain+0x267) [0x5596a41d89a7]
61  /opt/conda/envs/gdf/bin/python(Py_BytesMain+0x37) [0x5596a41ac107]
=================================
[dgx13:58976:0:58976] Caught signal 11 (Segmentation fault: address not mapped to object at address 0x448)
==== backtrace (tid:  58976) ====
 0  /opt/conda/envs/gdf/lib/libucs.so.0(ucs_handle_error+0x2fd) [0x7fcc274e406d]
 1  /opt/conda/envs/gdf/lib/libucs.so.0(+0x2a264) [0x7fcc274e4264]
 2  /opt/conda/envs/gdf/lib/libucs.so.0(+0x2a42a) [0x7fcc274e442a]
 3  /usr/lib/x86_64-linux-gnu/libpthread.so.0(+0x14420) [0x7fcc64204420]
 4  /opt/conda/envs/gdf/lib/libucp.so.0(ucp_mem_type_unpack+0x14) [0x7fcc275626a4]
 5  /opt/conda/envs/gdf/lib/libucp.so.0(ucp_rndv_data_handler+0x4e9) [0x7fcc2758b829]
 6  /opt/conda/envs/gdf/lib/./libuct.so.0(+0x2146f) [0x7fcc2c02a46f]
 7  /opt/conda/envs/gdf/lib/./libuct.so.0(+0x248c8) [0x7fcc2c02d8c8]
 8  /opt/conda/envs/gdf/lib/libucs.so.0(ucs_event_set_wait+0xb9) [0x7fcc274ed499]
 9  /opt/conda/envs/gdf/lib/./libuct.so.0(uct_tcp_iface_progress+0x7d) [0x7fcc2c02c66d]
10  /opt/conda/envs/gdf/lib/libucp.so.0(ucp_worker_progress+0x5a) [0x7fcc2755f8ca]
11  /opt/conda/envs/gdf/lib/python3.9/site-packages/ucp/_libs/ucx_api.cpython-39-x86_64-linux-gnu.so(+0x3206a) [0x7fcc2761806a]
12  /opt/conda/envs/gdf/bin/python(_PyEval_EvalFrameDefault+0x45a6) [0x55e172ca83f6]
13  /opt/conda/envs/gdf/bin/python(+0x12dfb4) [0x55e172ca2fb4]
14  /opt/conda/envs/gdf/bin/python(_PyFunction_Vectorcall+0xd9) [0x55e172cb4469]
15  /opt/conda/envs/gdf/bin/python(_PyEval_EvalFrameDefault+0x696) [0x55e172ca44e6]
16  /opt/conda/envs/gdf/bin/python(+0x13f712) [0x55e172cb4712]
17  /opt/conda/envs/gdf/bin/python(+0x14ca83) [0x55e172cc1a83]
18  /opt/conda/envs/gdf/bin/python(+0x25819c) [0x55e172dcd19c]
19  /opt/conda/envs/gdf/bin/python(+0xf23ff) [0x55e172c673ff]
20  /opt/conda/envs/gdf/bin/python(+0x136723) [0x55e172cab723]
21  /opt/conda/envs/gdf/bin/python(_PyEval_EvalFrameDefault+0x5ad9) [0x55e172ca9929]
22  /opt/conda/envs/gdf/bin/python(+0x13f712) [0x55e172cb4712]
23  /opt/conda/envs/gdf/bin/python(_PyEval_EvalFrameDefault+0x696) [0x55e172ca44e6]
24  /opt/conda/envs/gdf/bin/python(+0x13f712) [0x55e172cb4712]
25  /opt/conda/envs/gdf/bin/python(_PyEval_EvalFrameDefault+0x696) [0x55e172ca44e6]
26  /opt/conda/envs/gdf/bin/python(+0x13f712) [0x55e172cb4712]
27  /opt/conda/envs/gdf/bin/python(_PyEval_EvalFrameDefault+0x696) [0x55e172ca44e6]
28  /opt/conda/envs/gdf/bin/python(+0x13f712) [0x55e172cb4712]
29  /opt/conda/envs/gdf/bin/python(_PyEval_EvalFrameDefault+0x696) [0x55e172ca44e6]
30  /opt/conda/envs/gdf/bin/python(+0x12dfb4) [0x55e172ca2fb4]
31  /opt/conda/envs/gdf/bin/python(_PyFunction_Vectorcall+0xd9) [0x55e172cb4469]
32  /opt/conda/envs/gdf/bin/python(_PyEval_EvalFrameDefault+0x11f2) [0x55e172ca5042]
33  /opt/conda/envs/gdf/bin/python(+0x12dfb4) [0x55e172ca2fb4]
34  /opt/conda/envs/gdf/bin/python(+0x14c8cb) [0x55e172cc18cb]
35  /opt/conda/envs/gdf/bin/python(PyObject_Call+0xbc) [0x55e172cc204c]
36  /opt/conda/envs/gdf/bin/python(+0x21080e) [0x55e172d8580e]
37  /opt/conda/envs/gdf/bin/python(_PyObject_MakeTpCall+0x2ec) [0x55e172cac6ac]
38  /opt/conda/envs/gdf/bin/python(_PyEval_EvalFrameDefault+0x45a6) [0x55e172ca83f6]
39  /opt/conda/envs/gdf/bin/python(+0x13f712) [0x55e172cb4712]
40  /opt/conda/envs/gdf/bin/python(+0x14c9ac) [0x55e172cc19ac]
41  /opt/conda/envs/gdf/bin/python(_PyEval_EvalFrameDefault+0x45a6) [0x55e172ca83f6]
42  /opt/conda/envs/gdf/bin/python(+0x13f712) [0x55e172cb4712]
43  /opt/conda/envs/gdf/bin/python(_PyEval_EvalFrameDefault+0x696) [0x55e172ca44e6]
44  /opt/conda/envs/gdf/bin/python(+0x12dfb4) [0x55e172ca2fb4]
45  /opt/conda/envs/gdf/bin/python(_PyFunction_Vectorcall+0xd9) [0x55e172cb4469]
46  /opt/conda/envs/gdf/bin/python(_PyEval_EvalFrameDefault+0x696) [0x55e172ca44e6]
47  /opt/conda/envs/gdf/bin/python(+0x13f712) [0x55e172cb4712]
48  /opt/conda/envs/gdf/bin/python(_PyEval_EvalFrameDefault+0x3e2) [0x55e172ca4232]
49  /opt/conda/envs/gdf/bin/python(+0x12dfb4) [0x55e172ca2fb4]
50  /opt/conda/envs/gdf/bin/python(_PyFunction_Vectorcall+0xd9) [0x55e172cb4469]
51  /opt/conda/envs/gdf/bin/python(_PyEval_EvalFrameDefault+0x11f2) [0x55e172ca5042]
52  /opt/conda/envs/gdf/bin/python(+0x12dfb4) [0x55e172ca2fb4]
53  /opt/conda/envs/gdf/bin/python(_PyEval_EvalCodeWithName+0x48) [0x55e172ca2c88]
54  /opt/conda/envs/gdf/bin/python(PyEval_EvalCodeEx+0x39) [0x55e172ca2c39]
55  /opt/conda/envs/gdf/bin/python(PyEval_EvalCode+0x1b) [0x55e172d502cb]
56  /opt/conda/envs/gdf/bin/python(+0x2086ca) [0x55e172d7d6ca]
57  /opt/conda/envs/gdf/bin/python(+0x204a63) [0x55e172d79a63]
58  /opt/conda/envs/gdf/bin/python(PyRun_StringFlags+0x9a) [0x55e172d7187a]
59  /opt/conda/envs/gdf/bin/python(PyRun_SimpleStringFlags+0x3c) [0x55e172d7176c]
60  /opt/conda/envs/gdf/bin/python(Py_RunMain+0x267) [0x55e172d709a7]
61  /opt/conda/envs/gdf/bin/python(Py_BytesMain+0x37) [0x55e172d44107]
=================================
2024-02-12 08:08:56,644 - distributed.worker - ERROR - Worker stream died during communication: ucx://127.0.0.1:51299
Traceback (most recent call last):
  File "/opt/conda/envs/gdf/lib/python3.9/site-packages/distributed/comm/ucx.py", line 350, in read
    await self.ep.recv(msg)
  File "/opt/conda/envs/gdf/lib/python3.9/site-packages/ucp/core.py", line 737, in recv
    ret = await comm.tag_recv(self._ep, buffer, nbytes, tag, name=log)
ucp._libs.exceptions.UCXCanceled: <[Recv #013] ep: 0x7f2b58c4d100, tag: 0xca7e278c2a21ee5c, nbytes: 16, type: <class 'numpy.ndarray'>>: 

During handling of the above exception, another exception occurred:

Traceback (most recent call last):
  File "/opt/conda/envs/gdf/lib/python3.9/site-packages/distributed/worker.py", line 2056, in gather_dep
    response = await get_data_from_worker(
  File "/opt/conda/envs/gdf/lib/python3.9/site-packages/distributed/worker.py", line 2860, in get_data_from_worker
    response = await send_recv(
  File "/opt/conda/envs/gdf/lib/python3.9/site-packages/distributed/core.py", line 1154, in send_recv
    response = await comm.read(deserializers=deserializers)
  File "/opt/conda/envs/gdf/lib/python3.9/site-packages/distributed/utils.py", line 832, in wrapper
    return await func(*args, **kwargs)
  File "/opt/conda/envs/gdf/lib/python3.9/site-packages/distributed/comm/ucx.py", line 368, in read
    raise CommClosedError(
distributed.comm.core.CommClosedError: Connection closed by writer.
Inner exception: UCXCanceled("<[Recv #013] ep: 0x7f2b58c4d100, tag: 0xca7e278c2a21ee5c, nbytes: 16, type: <class 'numpy.ndarray'>>: ")
2024-02-12 08:08:56,644 - distributed.worker - ERROR - Worker stream died during communication: ucx://127.0.0.1:51299
Traceback (most recent call last):
  File "/opt/conda/envs/gdf/lib/python3.9/site-packages/distributed/comm/ucx.py", line 350, in read
    await self.ep.recv(msg)
  File "/opt/conda/envs/gdf/lib/python3.9/site-packages/ucp/core.py", line 737, in recv
    ret = await comm.tag_recv(self._ep, buffer, nbytes, tag, name=log)
ucp._libs.exceptions.UCXCanceled: <[Recv #008] ep: 0x7f8506a46100, tag: 0x5f4d9b5100372c0c, nbytes: 16, type: <class 'numpy.ndarray'>>: 

During handling of the above exception, another exception occurred:

Traceback (most recent call last):
  File "/opt/conda/envs/gdf/lib/python3.9/site-packages/distributed/worker.py", line 2056, in gather_dep
    response = await get_data_from_worker(
  File "/opt/conda/envs/gdf/lib/python3.9/site-packages/distributed/worker.py", line 2860, in get_data_from_worker
    response = await send_recv(
  File "/opt/conda/envs/gdf/lib/python3.9/site-packages/distributed/core.py", line 1154, in send_recv
    response = await comm.read(deserializers=deserializers)
  File "/opt/conda/envs/gdf/lib/python3.9/site-packages/distributed/utils.py", line 832, in wrapper
    return await func(*args, **kwargs)
  File "/opt/conda/envs/gdf/lib/python3.9/site-packages/distributed/comm/ucx.py", line 368, in read
    raise CommClosedError(
distributed.comm.core.CommClosedError: Connection closed by writer.
Inner exception: UCXCanceled("<[Recv #008] ep: 0x7f8506a46100, tag: 0x5f4d9b5100372c0c, nbytes: 16, type: <class 'numpy.ndarray'>>: ")
2024-02-12 08:08:56,644 - distributed.worker - ERROR - Worker stream died during communication: ucx://127.0.0.1:51299
Traceback (most recent call last):
  File "/opt/conda/envs/gdf/lib/python3.9/site-packages/distributed/comm/ucx.py", line 350, in read
    await self.ep.recv(msg)
  File "/opt/conda/envs/gdf/lib/python3.9/site-packages/ucp/core.py", line 737, in recv
    ret = await comm.tag_recv(self._ep, buffer, nbytes, tag, name=log)
ucp._libs.exceptions.UCXCanceled: <[Recv #008] ep: 0x7f7eb94251c0, tag: 0x9e421c94800c5609, nbytes: 16, type: <class 'numpy.ndarray'>>: 

During handling of the above exception, another exception occurred:

Traceback (most recent call last):
  File "/opt/conda/envs/gdf/lib/python3.9/site-packages/distributed/worker.py", line 2056, in gather_dep
    response = await get_data_from_worker(
  File "/opt/conda/envs/gdf/lib/python3.9/site-packages/distributed/worker.py", line 2860, in get_data_from_worker
    response = await send_recv(
  File "/opt/conda/envs/gdf/lib/python3.9/site-packages/distributed/core.py", line 1154, in send_recv
    response = await comm.read(deserializers=deserializers)
  File "/opt/conda/envs/gdf/lib/python3.9/site-packages/distributed/utils.py", line 832, in wrapper
    return await func(*args, **kwargs)
  File "/opt/conda/envs/gdf/lib/python3.9/site-packages/distributed/comm/ucx.py", line 368, in read
    raise CommClosedError(
distributed.comm.core.CommClosedError: Connection closed by writer.
Inner exception: UCXCanceled("<[Recv #008] ep: 0x7f7eb94251c0, tag: 0x9e421c94800c5609, nbytes: 16, type: <class 'numpy.ndarray'>>: ")
2024-02-12 08:08:56,644 - distributed.worker - ERROR - Worker stream died during communication: ucx://127.0.0.1:51299
Traceback (most recent call last):
  File "/opt/conda/envs/gdf/lib/python3.9/site-packages/distributed/comm/ucx.py", line 392, in read
    await self.ep.recv(each_frame)
  File "/opt/conda/envs/gdf/lib/python3.9/site-packages/ucp/core.py", line 737, in recv
    ret = await comm.tag_recv(self._ep, buffer, nbytes, tag, name=log)
ucp._libs.exceptions.UCXError: <[Recv #007] ep: 0x7f08f6887100, tag: 0x64797939a0d0ff4f, nbytes: 50000000, type: <class 'rmm._lib.device_buffer.DeviceBuffer'>>: Connection reset by remote peer

During handling of the above exception, another exception occurred:

Traceback (most recent call last):
  File "/opt/conda/envs/gdf/lib/python3.9/site-packages/distributed/worker.py", line 2056, in gather_dep
    response = await get_data_from_worker(
  File "/opt/conda/envs/gdf/lib/python3.9/site-packages/distributed/worker.py", line 2860, in get_data_from_worker
    response = await send_recv(
  File "/opt/conda/envs/gdf/lib/python3.9/site-packages/distributed/core.py", line 1154, in send_recv
    response = await comm.read(deserializers=deserializers)
  File "/opt/conda/envs/gdf/lib/python3.9/site-packages/distributed/utils.py", line 832, in wrapper
    return await func(*args, **kwargs)
  File "/opt/conda/envs/gdf/lib/python3.9/site-packages/distributed/comm/ucx.py", line 398, in read
    raise CommClosedError(
distributed.comm.core.CommClosedError: Connection closed by writer.
Inner exception: UCXError("<[Recv #007] ep: 0x7f08f6887100, tag: 0x64797939a0d0ff4f, nbytes: 50000000, type: <class 'rmm._lib.device_buffer.DeviceBuffer'>>: Connection reset by remote peer")
2024-02-12 08:08:56,690 - distributed.worker - ERROR - failed during get data with ucx://127.0.0.1:54123 -> ucx://127.0.0.1:60909
Traceback (most recent call last):
  File "/opt/conda/envs/gdf/lib/python3.9/site-packages/distributed/comm/ucx.py", line 334, in write
    await self.ep.send(each_frame)
  File "/opt/conda/envs/gdf/lib/python3.9/site-packages/ucp/core.py", line 662, in send
    return await comm.tag_send(self._ep, buffer, nbytes, tag, name=log)
ucp._libs.exceptions.UCXError: <[Send #007] ep: 0x7f2b58c4d280, tag: 0x8fd4f44bedfa04eb, nbytes: 50000000, type: <class 'cupy.ndarray'>>: Connection reset by remote peer

During handling of the above exception, another exception occurred:

Traceback (most recent call last):
  File "/opt/conda/envs/gdf/lib/python3.9/site-packages/distributed/worker.py", line 1779, in get_data
    compressed = await comm.write(msg, serializers=serializers)
  File "/opt/conda/envs/gdf/lib/python3.9/site-packages/distributed/utils.py", line 832, in wrapper
    return await func(*args, **kwargs)
  File "/opt/conda/envs/gdf/lib/python3.9/site-packages/distributed/comm/ucx.py", line 338, in write
    raise CommClosedError("While writing, the connection was closed")
distributed.comm.core.CommClosedError: While writing, the connection was closed
Task exception was never retrieved
future: <Task finished name='Task-446' coro=<_listener_handler_coroutine() done, defined at /opt/conda/envs/gdf/lib/python3.9/site-packages/ucp/core.py:140> exception=UCXError('<stream_send>: Endpoint timeout')>
Traceback (most recent call last):
  File "/opt/conda/envs/gdf/lib/python3.9/site-packages/ucp/core.py", line 155, in _listener_handler_coroutine
    peer_info = await exchange_peer_info(
  File "/opt/conda/envs/gdf/lib/python3.9/site-packages/ucp/core.py", line 51, in exchange_peer_info
    await asyncio.wait_for(
  File "/opt/conda/envs/gdf/lib/python3.9/asyncio/tasks.py", line 479, in wait_for
    return fut.result()
ucp._libs.exceptions.UCXError: <stream_send>: Endpoint timeout
2024-02-12 08:08:56,692 - distributed.worker - ERROR - Worker stream died during communication: ucx://127.0.0.1:60909
Traceback (most recent call last):
  File "/opt/conda/envs/gdf/lib/python3.9/site-packages/distributed/comm/ucx.py", line 350, in read
    await self.ep.recv(msg)
  File "/opt/conda/envs/gdf/lib/python3.9/site-packages/ucp/core.py", line 737, in recv
    ret = await comm.tag_recv(self._ep, buffer, nbytes, tag, name=log)
ucp._libs.exceptions.UCXCanceled: <[Recv #000] ep: 0x7f7eb9425100, tag: 0x38c94d477aedc1ba, nbytes: 16, type: <class 'numpy.ndarray'>>: 

During handling of the above exception, another exception occurred:

Traceback (most recent call last):
  File "/opt/conda/envs/gdf/lib/python3.9/site-packages/distributed/worker.py", line 2056, in gather_dep
    response = await get_data_from_worker(
  File "/opt/conda/envs/gdf/lib/python3.9/site-packages/distributed/worker.py", line 2857, in get_data_from_worker
    comm = await rpc.connect(worker)
  File "/opt/conda/envs/gdf/lib/python3.9/site-packages/distributed/core.py", line 1674, in connect
    return connect_attempt.result()
  File "/opt/conda/envs/gdf/lib/python3.9/site-packages/distributed/core.py", line 1564, in _connect
    comm = await connect(
  File "/opt/conda/envs/gdf/lib/python3.9/site-packages/distributed/comm/core.py", line 377, in connect
    handshake = await comm.read()
  File "/opt/conda/envs/gdf/lib/python3.9/site-packages/distributed/utils.py", line 832, in wrapper
    return await func(*args, **kwargs)
  File "/opt/conda/envs/gdf/lib/python3.9/site-packages/distributed/comm/ucx.py", line 368, in read
    raise CommClosedError(
distributed.comm.core.CommClosedError: Connection closed by writer.
Inner exception: UCXCanceled("<[Recv #000] ep: 0x7f7eb9425100, tag: 0x38c94d477aedc1ba, nbytes: 16, type: <class 'numpy.ndarray'>>: ")
2024-02-12 08:08:56,694 - distributed.worker - ERROR - Worker stream died during communication: ucx://127.0.0.1:60909
Traceback (most recent call last):
  File "/opt/conda/envs/gdf/lib/python3.9/site-packages/distributed/comm/ucx.py", line 467, in connect
    ep = await ucp.create_endpoint(ip, port)
  File "/opt/conda/envs/gdf/lib/python3.9/site-packages/ucp/core.py", line 1016, in create_endpoint
    return await _get_ctx().create_endpoint(
  File "/opt/conda/envs/gdf/lib/python3.9/site-packages/ucp/core.py", line 328, in create_endpoint
    peer_info = await exchange_peer_info(
  File "/opt/conda/envs/gdf/lib/python3.9/site-packages/ucp/core.py", line 60, in exchange_peer_info
    await asyncio.wait_for(
  File "/opt/conda/envs/gdf/lib/python3.9/asyncio/tasks.py", line 479, in wait_for
    return fut.result()
ucp._libs.exceptions.UCXError: <stream_recv>: Connection reset by remote peer

During handling of the above exception, another exception occurred:

Traceback (most recent call last):
  File "/opt/conda/envs/gdf/lib/python3.9/site-packages/distributed/comm/core.py", line 342, in connect
    comm = await wait_for(
  File "/opt/conda/envs/gdf/lib/python3.9/site-packages/distributed/utils.py", line 1940, in wait_for
    return await asyncio.wait_for(fut, timeout)
  File "/opt/conda/envs/gdf/lib/python3.9/asyncio/tasks.py", line 479, in wait_for
    return fut.result()
  File "/opt/conda/envs/gdf/lib/python3.9/site-packages/distributed/comm/ucx.py", line 469, in connect
    raise CommClosedError("Connection closed before handshake completed")
distributed.comm.core.CommClosedError: Connection closed before handshake completed

During handling of the above exception, another exception occurred:

Traceback (most recent call last):
  File "/opt/conda/envs/gdf/lib/python3.9/site-packages/distributed/core.py", line 1564, in _connect
    comm = await connect(
  File "/opt/conda/envs/gdf/lib/python3.9/site-packages/distributed/comm/core.py", line 366, in connect
    await asyncio.sleep(backoff)
  File "/opt/conda/envs/gdf/lib/python3.9/asyncio/tasks.py", line 652, in sleep
    return await future
asyncio.exceptions.CancelledError

During handling of the above exception, another exception occurred:

Traceback (most recent call last):
  File "/opt/conda/envs/gdf/lib/python3.9/site-packages/distributed/core.py", line 1674, in connect
    return connect_attempt.result()
asyncio.exceptions.CancelledError

During handling of the above exception, another exception occurred:

Traceback (most recent call last):
  File "/opt/conda/envs/gdf/lib/python3.9/site-packages/distributed/worker.py", line 2056, in gather_dep
    response = await get_data_from_worker(
  File "/opt/conda/envs/gdf/lib/python3.9/site-packages/distributed/worker.py", line 2857, in get_data_from_worker
    comm = await rpc.connect(worker)
  File "/opt/conda/envs/gdf/lib/python3.9/site-packages/distributed/core.py", line 1676, in connect
    raise CommClosedError(reason)
distributed.comm.core.CommClosedError: Address removed.
2024-02-12 08:08:56,729 - distributed.worker - ERROR - failed during get data with ucx://127.0.0.1:54123 -> ucx://127.0.0.1:58845
Traceback (most recent call last):
  File "/opt/conda/envs/gdf/lib/python3.9/site-packages/distributed/comm/ucx.py", line 334, in write
    await self.ep.send(each_frame)
  File "/opt/conda/envs/gdf/lib/python3.9/site-packages/ucp/core.py", line 662, in send
    return await comm.tag_send(self._ep, buffer, nbytes, tag, name=log)
ucp._libs.exceptions.UCXError: <[Send #007] ep: 0x7f2b58c4d200, tag: 0xecf4a7c1c6e9e9c9, nbytes: 50000000, type: <class 'cupy.ndarray'>>: Connection reset by remote peer

During handling of the above exception, another exception occurred:

Traceback (most recent call last):
  File "/opt/conda/envs/gdf/lib/python3.9/site-packages/distributed/worker.py", line 1779, in get_data
    compressed = await comm.write(msg, serializers=serializers)
  File "/opt/conda/envs/gdf/lib/python3.9/site-packages/distributed/utils.py", line 832, in wrapper
    return await func(*args, **kwargs)
  File "/opt/conda/envs/gdf/lib/python3.9/site-packages/distributed/comm/ucx.py", line 338, in write
    raise CommClosedError("While writing, the connection was closed")
distributed.comm.core.CommClosedError: While writing, the connection was closed
2024-02-12 08:08:56,729 - distributed.worker - ERROR - Worker stream died during communication: ucx://127.0.0.1:58845
Traceback (most recent call last):
  File "/opt/conda/envs/gdf/lib/python3.9/site-packages/distributed/comm/ucx.py", line 350, in read
    await self.ep.recv(msg)
  File "/opt/conda/envs/gdf/lib/python3.9/site-packages/ucp/core.py", line 737, in recv
    ret = await comm.tag_recv(self._ep, buffer, nbytes, tag, name=log)
ucp._libs.exceptions.UCXCanceled: <[Recv #003] ep: 0x7f08f68871c0, tag: 0x3e3f5489c3977582, nbytes: 16, type: <class 'numpy.ndarray'>>: 

During handling of the above exception, another exception occurred:

Traceback (most recent call last):
  File "/opt/conda/envs/gdf/lib/python3.9/site-packages/distributed/worker.py", line 2056, in gather_dep
    response = await get_data_from_worker(
  File "/opt/conda/envs/gdf/lib/python3.9/site-packages/distributed/worker.py", line 2860, in get_data_from_worker
    response = await send_recv(
  File "/opt/conda/envs/gdf/lib/python3.9/site-packages/distributed/core.py", line 1154, in send_recv
    response = await comm.read(deserializers=deserializers)
  File "/opt/conda/envs/gdf/lib/python3.9/site-packages/distributed/utils.py", line 832, in wrapper
    return await func(*args, **kwargs)
  File "/opt/conda/envs/gdf/lib/python3.9/site-packages/distributed/comm/ucx.py", line 368, in read
    raise CommClosedError(
distributed.comm.core.CommClosedError: Connection closed by writer.
Inner exception: UCXCanceled("<[Recv #003] ep: 0x7f08f68871c0, tag: 0x3e3f5489c3977582, nbytes: 16, type: <class 'numpy.ndarray'>>: ")
2024-02-12 08:08:56,731 - distributed.worker - ERROR - Worker stream died during communication: ucx://127.0.0.1:58845
Traceback (most recent call last):
  File "/opt/conda/envs/gdf/lib/python3.9/site-packages/distributed/comm/ucx.py", line 392, in read
    await self.ep.recv(each_frame)
  File "/opt/conda/envs/gdf/lib/python3.9/site-packages/ucp/core.py", line 737, in recv
    ret = await comm.tag_recv(self._ep, buffer, nbytes, tag, name=log)
ucp._libs.exceptions.UCXError: <[Recv #007] ep: 0x7f2b58c4d140, tag: 0xa938faf2550e195a, nbytes: 50000000, type: <class 'rmm._lib.device_buffer.DeviceBuffer'>>: Connection reset by remote peer

During handling of the above exception, another exception occurred:

Traceback (most recent call last):
  File "/opt/conda/envs/gdf/lib/python3.9/site-packages/distributed/worker.py", line 2056, in gather_dep
    response = await get_data_from_worker(
  File "/opt/conda/envs/gdf/lib/python3.9/site-packages/distributed/worker.py", line 2860, in get_data_from_worker
    response = await send_recv(
  File "/opt/conda/envs/gdf/lib/python3.9/site-packages/distributed/core.py", line 1154, in send_recv
    response = await comm.read(deserializers=deserializers)
  File "/opt/conda/envs/gdf/lib/python3.9/site-packages/distributed/utils.py", line 832, in wrapper
    return await func(*args, **kwargs)
  File "/opt/conda/envs/gdf/lib/python3.9/site-packages/distributed/comm/ucx.py", line 398, in read
    raise CommClosedError(
distributed.comm.core.CommClosedError: Connection closed by writer.
Inner exception: UCXError("<[Recv #007] ep: 0x7f2b58c4d140, tag: 0xa938faf2550e195a, nbytes: 50000000, type: <class 'rmm._lib.device_buffer.DeviceBuffer'>>: Connection reset by remote peer")
2024-02-12 08:08:56,736 - distributed.worker - ERROR - Worker stream died during communication: ucx://127.0.0.1:59501
Traceback (most recent call last):
  File "/opt/conda/envs/gdf/lib/python3.9/site-packages/distributed/comm/ucx.py", line 350, in read
    await self.ep.recv(msg)
  File "/opt/conda/envs/gdf/lib/python3.9/site-packages/ucp/core.py", line 737, in recv
    ret = await comm.tag_recv(self._ep, buffer, nbytes, tag, name=log)
ucp._libs.exceptions.UCXCanceled: <[Recv #008] ep: 0x7f08f6887140, tag: 0x1eef27d4f2ea8a1e, nbytes: 16, type: <class 'numpy.ndarray'>>: 

During handling of the above exception, another exception occurred:

Traceback (most recent call last):
  File "/opt/conda/envs/gdf/lib/python3.9/site-packages/distributed/worker.py", line 2056, in gather_dep
    response = await get_data_from_worker(
  File "/opt/conda/envs/gdf/lib/python3.9/site-packages/distributed/worker.py", line 2860, in get_data_from_worker
    response = await send_recv(
  File "/opt/conda/envs/gdf/lib/python3.9/site-packages/distributed/core.py", line 1154, in send_recv
    response = await comm.read(deserializers=deserializers)
  File "/opt/conda/envs/gdf/lib/python3.9/site-packages/distributed/utils.py", line 832, in wrapper
    return await func(*args, **kwargs)
  File "/opt/conda/envs/gdf/lib/python3.9/site-packages/distributed/comm/ucx.py", line 368, in read
    raise CommClosedError(
distributed.comm.core.CommClosedError: Connection closed by writer.
Inner exception: UCXCanceled("<[Recv #008] ep: 0x7f08f6887140, tag: 0x1eef27d4f2ea8a1e, nbytes: 16, type: <class 'numpy.ndarray'>>: ")
2024-02-12 08:08:56,738 - distributed.worker - ERROR - failed during get data with ucx://127.0.0.1:39187 -> ucx://127.0.0.1:59501
Traceback (most recent call last):
  File "/opt/conda/envs/gdf/lib/python3.9/site-packages/distributed/comm/ucx.py", line 334, in write
    await self.ep.send(each_frame)
  File "/opt/conda/envs/gdf/lib/python3.9/site-packages/ucp/core.py", line 662, in send
    return await comm.tag_send(self._ep, buffer, nbytes, tag, name=log)
ucp._libs.exceptions.UCXError: <[Send #007] ep: 0x7f7eb94252c0, tag: 0xf41fbbe486c1764c, nbytes: 50000000, type: <class 'cupy.ndarray'>>: Connection reset by remote peer

During handling of the above exception, another exception occurred:

Traceback (most recent call last):
  File "/opt/conda/envs/gdf/lib/python3.9/site-packages/distributed/worker.py", line 1779, in get_data
    compressed = await comm.write(msg, serializers=serializers)
  File "/opt/conda/envs/gdf/lib/python3.9/site-packages/distributed/utils.py", line 832, in wrapper
    return await func(*args, **kwargs)
  File "/opt/conda/envs/gdf/lib/python3.9/site-packages/distributed/comm/ucx.py", line 338, in write
    raise CommClosedError("While writing, the connection was closed")
distributed.comm.core.CommClosedError: While writing, the connection was closed
[dgx13:58968:0:58968] Caught signal 11 (Segmentation fault: address not mapped to object at address 0x448)
==== backtrace (tid:  58968) ====
 0  /opt/conda/envs/gdf/lib/libucs.so.0(ucs_handle_error+0x2fd) [0x7f2b59a5106d]
 1  /opt/conda/envs/gdf/lib/libucs.so.0(+0x2a264) [0x7f2b59a51264]
 2  /opt/conda/envs/gdf/lib/libucs.so.0(+0x2a42a) [0x7f2b59a5142a]
 3  /usr/lib/x86_64-linux-gnu/libpthread.so.0(+0x14420) [0x7f2b9672e420]
 4  /opt/conda/envs/gdf/lib/libucp.so.0(ucp_mem_type_unpack+0x14) [0x7f2b59acf6a4]
 5  /opt/conda/envs/gdf/lib/libucp.so.0(ucp_rndv_data_handler+0x4e9) [0x7f2b59af8829]
 6  /opt/conda/envs/gdf/lib/./libuct.so.0(+0x2146f) [0x7f2b59a0b46f]
 7  /opt/conda/envs/gdf/lib/./libuct.so.0(+0x248c8) [0x7f2b59a0e8c8]
 8  /opt/conda/envs/gdf/lib/libucs.so.0(ucs_event_set_wait+0xb9) [0x7f2b59a5a499]
 9  /opt/conda/envs/gdf/lib/./libuct.so.0(uct_tcp_iface_progress+0x7d) [0x7f2b59a0d66d]
10  /opt/conda/envs/gdf/lib/libucp.so.0(ucp_worker_progress+0x5a) [0x7f2b59acc8ca]
11  /opt/conda/envs/gdf/lib/python3.9/site-packages/ucp/_libs/ucx_api.cpython-39-x86_64-linux-gnu.so(+0x3206a) [0x7f2b59b8506a]
12  /opt/conda/envs/gdf/bin/python(_PyEval_EvalFrameDefault+0x45a6) [0x55a335d423f6]
13  /opt/conda/envs/gdf/bin/python(+0x12dfb4) [0x55a335d3cfb4]
14  /opt/conda/envs/gdf/bin/python(_PyFunction_Vectorcall+0xd9) [0x55a335d4e469]
15  /opt/conda/envs/gdf/bin/python(_PyEval_EvalFrameDefault+0x696) [0x55a335d3e4e6]
16  /opt/conda/envs/gdf/bin/python(+0x1e26d2) [0x55a335df16d2]
17  /opt/conda/envs/gdf/lib/python3.9/lib-dynload/_asyncio.cpython-39-x86_64-linux-gnu.so(+0x81e9) [0x7f2b80ccd1e9]
18  /opt/conda/envs/gdf/bin/python(_PyObject_MakeTpCall+0x2ec) [0x55a335d466ac]
19  /opt/conda/envs/gdf/bin/python(+0xf23ff) [0x55a335d013ff]
20  /opt/conda/envs/gdf/bin/python(+0x136723) [0x55a335d45723]
21  /opt/conda/envs/gdf/bin/python(_PyEval_EvalFrameDefault+0x5ad9) [0x55a335d43929]
22  /opt/conda/envs/gdf/bin/python(+0x13f712) [0x55a335d4e712]
23  /opt/conda/envs/gdf/bin/python(_PyEval_EvalFrameDefault+0x696) [0x55a335d3e4e6]
24  /opt/conda/envs/gdf/bin/python(+0x13f712) [0x55a335d4e712]
25  /opt/conda/envs/gdf/bin/python(_PyEval_EvalFrameDefault+0x696) [0x55a335d3e4e6]
26  /opt/conda/envs/gdf/bin/python(+0x13f712) [0x55a335d4e712]
27  /opt/conda/envs/gdf/bin/python(_PyEval_EvalFrameDefault+0x696) [0x55a335d3e4e6]
28  /opt/conda/envs/gdf/bin/python(+0x13f712) [0x55a335d4e712]
29  /opt/conda/envs/gdf/bin/python(_PyEval_EvalFrameDefault+0x696) [0x55a335d3e4e6]
30  /opt/conda/envs/gdf/bin/python(+0x12dfb4) [0x55a335d3cfb4]
31  /opt/conda/envs/gdf/bin/python(_PyFunction_Vectorcall+0xd9) [0x55a335d4e469]
32  /opt/conda/envs/gdf/bin/python(_PyEval_EvalFrameDefault+0x11f2) [0x55a335d3f042]
33  /opt/conda/envs/gdf/bin/python(+0x12dfb4) [0x55a335d3cfb4]
34  /opt/conda/envs/gdf/bin/python(+0x14c8cb) [0x55a335d5b8cb]
35  /opt/conda/envs/gdf/bin/python(PyObject_Call+0xbc) [0x55a335d5c04c]
36  /opt/conda/envs/gdf/bin/python(+0x21080e) [0x55a335e1f80e]
37  /opt/conda/envs/gdf/bin/python(_PyObject_MakeTpCall+0x2ec) [0x55a335d466ac]
38  /opt/conda/envs/gdf/bin/python(_PyEval_EvalFrameDefault+0x45a6) [0x55a335d423f6]
39  /opt/conda/envs/gdf/bin/python(+0x13f712) [0x55a335d4e712]
40  /opt/conda/envs/gdf/bin/python(+0x14c9ac) [0x55a335d5b9ac]
41  /opt/conda/envs/gdf/bin/python(_PyEval_EvalFrameDefault+0x45a6) [0x55a335d423f6]
42  /opt/conda/envs/gdf/bin/python(+0x13f712) [0x55a335d4e712]
43  /opt/conda/envs/gdf/bin/python(_PyEval_EvalFrameDefault+0x696) [0x55a335d3e4e6]
44  /opt/conda/envs/gdf/bin/python(+0x12dfb4) [0x55a335d3cfb4]
45  /opt/conda/envs/gdf/bin/python(_PyFunction_Vectorcall+0xd9) [0x55a335d4e469]
46  /opt/conda/envs/gdf/bin/python(_PyEval_EvalFrameDefault+0x696) [0x55a335d3e4e6]
47  /opt/conda/envs/gdf/bin/python(+0x13f712) [0x55a335d4e712]
48  /opt/conda/envs/gdf/bin/python(_PyEval_EvalFrameDefault+0x3e2) [0x55a335d3e232]
49  /opt/conda/envs/gdf/bin/python(+0x12dfb4) [0x55a335d3cfb4]
50  /opt/conda/envs/gdf/bin/python(_PyFunction_Vectorcall+0xd9) [0x55a335d4e469]
51  /opt/conda/envs/gdf/bin/python(_PyEval_EvalFrameDefault+0x11f2) [0x55a335d3f042]
52  /opt/conda/envs/gdf/bin/python(+0x12dfb4) [0x55a335d3cfb4]
53  /opt/conda/envs/gdf/bin/python(_PyEval_EvalCodeWithName+0x48) [0x55a335d3cc88]
54  /opt/conda/envs/gdf/bin/python(PyEval_EvalCodeEx+0x39) [0x55a335d3cc39]
55  /opt/conda/envs/gdf/bin/python(PyEval_EvalCode+0x1b) [0x55a335dea2cb]
56  /opt/conda/envs/gdf/bin/python(+0x2086ca) [0x55a335e176ca]
57  /opt/conda/envs/gdf/bin/python(+0x204a63) [0x55a335e13a63]
58  /opt/conda/envs/gdf/bin/python(PyRun_StringFlags+0x9a) [0x55a335e0b87a]
59  /opt/conda/envs/gdf/bin/python(PyRun_SimpleStringFlags+0x3c) [0x55a335e0b76c]
60  /opt/conda/envs/gdf/bin/python(Py_RunMain+0x267) [0x55a335e0a9a7]
61  /opt/conda/envs/gdf/bin/python(Py_BytesMain+0x37) [0x55a335dde107]
=================================
2024-02-12 08:08:57,140 - distributed.worker - ERROR - failed during get data with ucx://127.0.0.1:34829 -> ucx://127.0.0.1:54123
Traceback (most recent call last):
  File "/opt/conda/envs/gdf/lib/python3.9/site-packages/distributed/comm/ucx.py", line 334, in write
    await self.ep.send(each_frame)
  File "/opt/conda/envs/gdf/lib/python3.9/site-packages/ucp/core.py", line 662, in send
    return await comm.tag_send(self._ep, buffer, nbytes, tag, name=log)
ucp._libs.exceptions.UCXError: <[Send #007] ep: 0x7f08f6887140, tag: 0xae6e22727d82a82f, nbytes: 50000000, type: <class 'cupy.ndarray'>>: Connection reset by remote peer

During handling of the above exception, another exception occurred:

Traceback (most recent call last):
  File "/opt/conda/envs/gdf/lib/python3.9/site-packages/distributed/worker.py", line 1779, in get_data
    compressed = await comm.write(msg, serializers=serializers)
  File "/opt/conda/envs/gdf/lib/python3.9/site-packages/distributed/utils.py", line 832, in wrapper
    return await func(*args, **kwargs)
  File "/opt/conda/envs/gdf/lib/python3.9/site-packages/distributed/comm/ucx.py", line 338, in write
    raise CommClosedError("While writing, the connection was closed")
distributed.comm.core.CommClosedError: While writing, the connection was closed
2024-02-12 08:08:57,140 - distributed.worker - ERROR - Worker stream died during communication: ucx://127.0.0.1:54123
Traceback (most recent call last):
  File "/opt/conda/envs/gdf/lib/python3.9/site-packages/distributed/comm/ucx.py", line 350, in read
    await self.ep.recv(msg)
  File "/opt/conda/envs/gdf/lib/python3.9/site-packages/ucp/core.py", line 737, in recv
    ret = await comm.tag_recv(self._ep, buffer, nbytes, tag, name=log)
ucp._libs.exceptions.UCXCanceled: <[Recv #048] ep: 0x7f7eb9425140, tag: 0xea4d0db463937f52, nbytes: 16, type: <class 'numpy.ndarray'>>: 

During handling of the above exception, another exception occurred:

Traceback (most recent call last):
  File "/opt/conda/envs/gdf/lib/python3.9/site-packages/distributed/worker.py", line 2056, in gather_dep
    response = await get_data_from_worker(
  File "/opt/conda/envs/gdf/lib/python3.9/site-packages/distributed/worker.py", line 2860, in get_data_from_worker
    response = await send_recv(
  File "/opt/conda/envs/gdf/lib/python3.9/site-packages/distributed/core.py", line 1154, in send_recv
    response = await comm.read(deserializers=deserializers)
  File "/opt/conda/envs/gdf/lib/python3.9/site-packages/distributed/utils.py", line 832, in wrapper
    return await func(*args, **kwargs)
  File "/opt/conda/envs/gdf/lib/python3.9/site-packages/distributed/comm/ucx.py", line 368, in read
    raise CommClosedError(
distributed.comm.core.CommClosedError: Connection closed by writer.
Inner exception: UCXCanceled("<[Recv #048] ep: 0x7f7eb9425140, tag: 0xea4d0db463937f52, nbytes: 16, type: <class 'numpy.ndarray'>>: ")
2024-02-12 08:08:57,147 - distributed.worker - ERROR - Worker stream died during communication: ucx://127.0.0.1:54123
Traceback (most recent call last):
  File "/opt/conda/envs/gdf/lib/python3.9/site-packages/distributed/comm/ucx.py", line 467, in connect
    ep = await ucp.create_endpoint(ip, port)
  File "/opt/conda/envs/gdf/lib/python3.9/site-packages/ucp/core.py", line 1016, in create_endpoint
    return await _get_ctx().create_endpoint(
  File "/opt/conda/envs/gdf/lib/python3.9/site-packages/ucp/core.py", line 328, in create_endpoint
    peer_info = await exchange_peer_info(
  File "/opt/conda/envs/gdf/lib/python3.9/site-packages/ucp/core.py", line 60, in exchange_peer_info
    await asyncio.wait_for(
  File "/opt/conda/envs/gdf/lib/python3.9/asyncio/tasks.py", line 479, in wait_for
    return fut.result()
ucp._libs.exceptions.UCXError: <stream_recv>: Connection reset by remote peer

During handling of the above exception, another exception occurred:

Traceback (most recent call last):
  File "/opt/conda/envs/gdf/lib/python3.9/site-packages/distributed/comm/core.py", line 342, in connect
    comm = await wait_for(
  File "/opt/conda/envs/gdf/lib/python3.9/site-packages/distributed/utils.py", line 1940, in wait_for
    return await asyncio.wait_for(fut, timeout)
  File "/opt/conda/envs/gdf/lib/python3.9/asyncio/tasks.py", line 479, in wait_for
    return fut.result()
  File "/opt/conda/envs/gdf/lib/python3.9/site-packages/distributed/comm/ucx.py", line 469, in connect
    raise CommClosedError("Connection closed before handshake completed")
distributed.comm.core.CommClosedError: Connection closed before handshake completed

During handling of the above exception, another exception occurred:

Traceback (most recent call last):
  File "/opt/conda/envs/gdf/lib/python3.9/site-packages/distributed/core.py", line 1564, in _connect
    comm = await connect(
  File "/opt/conda/envs/gdf/lib/python3.9/site-packages/distributed/comm/core.py", line 366, in connect
    await asyncio.sleep(backoff)
  File "/opt/conda/envs/gdf/lib/python3.9/asyncio/tasks.py", line 652, in sleep
    return await future
asyncio.exceptions.CancelledError

During handling of the above exception, another exception occurred:

Traceback (most recent call last):
  File "/opt/conda/envs/gdf/lib/python3.9/site-packages/distributed/core.py", line 1674, in connect
    return connect_attempt.result()
asyncio.exceptions.CancelledError

During handling of the above exception, another exception occurred:

Traceback (most recent call last):
  File "/opt/conda/envs/gdf/lib/python3.9/site-packages/distributed/worker.py", line 2056, in gather_dep
    response = await get_data_from_worker(
  File "/opt/conda/envs/gdf/lib/python3.9/site-packages/distributed/worker.py", line 2857, in get_data_from_worker
    comm = await rpc.connect(worker)
  File "/opt/conda/envs/gdf/lib/python3.9/site-packages/distributed/core.py", line 1676, in connect
    raise CommClosedError(reason)
distributed.comm.core.CommClosedError: Address removed.
2024-02-12 08:08:58,913 - distributed.nanny - WARNING - Restarting worker
2024-02-12 08:08:59,183 - distributed.nanny - WARNING - Restarting worker
2024-02-12 08:08:59,229 - distributed.nanny - WARNING - Restarting worker
2024-02-12 08:08:59,258 - distributed.nanny - WARNING - Restarting worker
2024-02-12 08:08:59,297 - distributed.nanny - WARNING - Restarting worker
/opt/conda/envs/gdf/lib/python3.9/multiprocessing/resource_tracker.py:216: UserWarning: resource_tracker: There appear to be 48 leaked semaphore objects to clean up at shutdown
  warnings.warn('resource_tracker: There appear to be %d '
