2022-11-14 23:59:58,752 - distributed.preloading - INFO - Creating preload: dask_cuda.initialize
2022-11-14 23:59:58,752 - distributed.preloading - INFO - Import preload module: dask_cuda.initialize
2022-11-14 23:59:58,907 - distributed.preloading - INFO - Creating preload: dask_cuda.initialize
2022-11-14 23:59:58,907 - distributed.preloading - INFO - Creating preload: dask_cuda.initialize
2022-11-14 23:59:58,908 - distributed.preloading - INFO - Import preload module: dask_cuda.initialize
2022-11-14 23:59:58,908 - distributed.preloading - INFO - Import preload module: dask_cuda.initialize
2022-11-14 23:59:58,908 - distributed.preloading - INFO - Creating preload: dask_cuda.initialize
2022-11-14 23:59:58,908 - distributed.preloading - INFO - Import preload module: dask_cuda.initialize
2022-11-14 23:59:58,918 - distributed.preloading - INFO - Creating preload: dask_cuda.initialize
2022-11-14 23:59:58,919 - distributed.preloading - INFO - Import preload module: dask_cuda.initialize
2022-11-14 23:59:58,925 - distributed.preloading - INFO - Creating preload: dask_cuda.initialize
2022-11-14 23:59:58,925 - distributed.preloading - INFO - Import preload module: dask_cuda.initialize
2022-11-14 23:59:58,932 - distributed.preloading - INFO - Creating preload: dask_cuda.initialize
2022-11-14 23:59:58,932 - distributed.preloading - INFO - Import preload module: dask_cuda.initialize
2022-11-14 23:59:58,968 - distributed.preloading - INFO - Creating preload: dask_cuda.initialize
2022-11-14 23:59:58,968 - distributed.preloading - INFO - Import preload module: dask_cuda.initialize
[dgx13:51958:0:51958] Caught signal 11 (Segmentation fault: address not mapped to object at address 0x448)
==== backtrace (tid:  51958) ====
 0  /datasets/pentschev/miniconda3/envs/gdf/lib/libucs.so.0(ucs_handle_error+0x2d4) [0x7fb16cd3d1e4]
 1  /datasets/pentschev/miniconda3/envs/gdf/lib/libucs.so.0(+0x2e3bf) [0x7fb16cd3d3bf]
 2  /datasets/pentschev/miniconda3/envs/gdf/lib/libucs.so.0(+0x2e6e4) [0x7fb16cd3d6e4]
 3  /lib/x86_64-linux-gnu/libpthread.so.0(+0x12980) [0x7fb1fdacd980]
 4  /datasets/pentschev/miniconda3/envs/gdf/lib/libucp.so.0(ucp_mem_type_unpack+0x14) [0x7fb16cfc0ab4]
 5  /datasets/pentschev/miniconda3/envs/gdf/lib/libucp.so.0(ucp_rndv_data_handler+0x508) [0x7fb16cff1658]
 6  /datasets/pentschev/miniconda3/envs/gdf/lib/libuct.so.0(+0x207bf) [0x7fb16caf27bf]
 7  /datasets/pentschev/miniconda3/envs/gdf/lib/libuct.so.0(+0x20d94) [0x7fb16caf2d94]
 8  /datasets/pentschev/miniconda3/envs/gdf/lib/libuct.so.0(+0x231e8) [0x7fb16caf51e8]
 9  /datasets/pentschev/miniconda3/envs/gdf/lib/libucs.so.0(ucs_event_set_wait+0xb9) [0x7fb16cd478b9]
10  /datasets/pentschev/miniconda3/envs/gdf/lib/libuct.so.0(uct_tcp_iface_progress+0x7b) [0x7fb16caf528b]
11  /datasets/pentschev/miniconda3/envs/gdf/lib/libucp.so.0(ucp_worker_progress+0x6a) [0x7fb16cfbd38a]
12  /datasets/pentschev/miniconda3/envs/gdf/lib/python3.8/site-packages/ucp/_libs/ucx_api.cpython-38-x86_64-linux-gnu.so(+0x27ef9) [0x7fb16d279ef9]
13  /datasets/pentschev/miniconda3/envs/gdf/bin/python(+0x131397) [0x557c93b28397]
14  /datasets/pentschev/miniconda3/envs/gdf/bin/python(PyObject_Call+0x2d2) [0x557c93b35172]
15  /datasets/pentschev/miniconda3/envs/gdf/bin/python(_PyEval_EvalFrameDefault+0x2150) [0x557c93b14870]
16  /datasets/pentschev/miniconda3/envs/gdf/bin/python(_PyEval_EvalCodeWithName+0x9f6) [0x557c93b11b76]
17  /datasets/pentschev/miniconda3/envs/gdf/bin/python(_PyFunction_Vectorcall+0x18c) [0x557c93b2333c]
18  /datasets/pentschev/miniconda3/envs/gdf/bin/python(_PyEval_EvalFrameDefault+0x67d) [0x557c93b12d9d]
19  /datasets/pentschev/miniconda3/envs/gdf/bin/python(_PyFunction_Vectorcall+0xf6) [0x557c93b232a6]
20  /datasets/pentschev/miniconda3/envs/gdf/bin/python(+0x13ba3b) [0x557c93b32a3b]
21  /datasets/pentschev/miniconda3/envs/gdf/bin/python(+0x244c6a) [0x557c93c3bc6a]
22  /datasets/pentschev/miniconda3/envs/gdf/bin/python(+0xda441) [0x557c93ad1441]
23  /datasets/pentschev/miniconda3/envs/gdf/bin/python(+0x1230c6) [0x557c93b1a0c6]
24  /datasets/pentschev/miniconda3/envs/gdf/bin/python(PyVectorcall_Call+0x6f) [0x557c93b330bf]
25  /datasets/pentschev/miniconda3/envs/gdf/bin/python(_PyEval_EvalFrameDefault+0x560e) [0x557c93b17d2e]
26  /datasets/pentschev/miniconda3/envs/gdf/bin/python(_PyFunction_Vectorcall+0xf6) [0x557c93b232a6]
27  /datasets/pentschev/miniconda3/envs/gdf/bin/python(_PyEval_EvalFrameDefault+0x67d) [0x557c93b12d9d]
28  /datasets/pentschev/miniconda3/envs/gdf/bin/python(_PyFunction_Vectorcall+0xf6) [0x557c93b232a6]
29  /datasets/pentschev/miniconda3/envs/gdf/bin/python(_PyEval_EvalFrameDefault+0x67d) [0x557c93b12d9d]
30  /datasets/pentschev/miniconda3/envs/gdf/bin/python(_PyFunction_Vectorcall+0xf6) [0x557c93b232a6]
31  /datasets/pentschev/miniconda3/envs/gdf/bin/python(_PyEval_EvalFrameDefault+0x67d) [0x557c93b12d9d]
32  /datasets/pentschev/miniconda3/envs/gdf/bin/python(_PyFunction_Vectorcall+0xf6) [0x557c93b232a6]
33  /datasets/pentschev/miniconda3/envs/gdf/bin/python(_PyEval_EvalFrameDefault+0x67d) [0x557c93b12d9d]
34  /datasets/pentschev/miniconda3/envs/gdf/bin/python(_PyEval_EvalCodeWithName+0x9f6) [0x557c93b11b76]
35  /datasets/pentschev/miniconda3/envs/gdf/bin/python(_PyFunction_Vectorcall+0x18c) [0x557c93b2333c]
36  /datasets/pentschev/miniconda3/envs/gdf/bin/python(_PyEval_EvalFrameDefault+0x48dc) [0x557c93b16ffc]
37  /datasets/pentschev/miniconda3/envs/gdf/bin/python(_PyEval_EvalCodeWithName+0x9f6) [0x557c93b11b76]
38  /datasets/pentschev/miniconda3/envs/gdf/bin/python(_PyFunction_Vectorcall+0x18c) [0x557c93b2333c]
39  /datasets/pentschev/miniconda3/envs/gdf/bin/python(+0x13bc72) [0x557c93b32c72]
40  /datasets/pentschev/miniconda3/envs/gdf/bin/python(_PyObject_FastCallDict+0x25a) [0x557c93b1ac3a]
41  /datasets/pentschev/miniconda3/envs/gdf/bin/python(+0x1fd1a9) [0x557c93bf41a9]
42  /datasets/pentschev/miniconda3/envs/gdf/bin/python(PyObject_Call+0x35b) [0x557c93b351fb]
43  /datasets/pentschev/miniconda3/envs/gdf/bin/python(_PyEval_EvalFrameDefault+0x2150) [0x557c93b14870]
44  /datasets/pentschev/miniconda3/envs/gdf/bin/python(_PyFunction_Vectorcall+0xf6) [0x557c93b232a6]
45  /datasets/pentschev/miniconda3/envs/gdf/bin/python(+0x13bc72) [0x557c93b32c72]
46  /datasets/pentschev/miniconda3/envs/gdf/bin/python(PyObject_Call+0x2d2) [0x557c93b35172]
47  /datasets/pentschev/miniconda3/envs/gdf/bin/python(_PyEval_EvalFrameDefault+0x2150) [0x557c93b14870]
48  /datasets/pentschev/miniconda3/envs/gdf/bin/python(_PyFunction_Vectorcall+0xf6) [0x557c93b232a6]
49  /datasets/pentschev/miniconda3/envs/gdf/bin/python(_PyEval_EvalFrameDefault+0x67d) [0x557c93b12d9d]
50  /datasets/pentschev/miniconda3/envs/gdf/bin/python(_PyEval_EvalCodeWithName+0x2e1) [0x557c93b11461]
51  /datasets/pentschev/miniconda3/envs/gdf/bin/python(_PyFunction_Vectorcall+0x18c) [0x557c93b2333c]
52  /datasets/pentschev/miniconda3/envs/gdf/bin/python(_PyEval_EvalFrameDefault+0x67d) [0x557c93b12d9d]
53  /datasets/pentschev/miniconda3/envs/gdf/bin/python(_PyFunction_Vectorcall+0xf6) [0x557c93b232a6]
54  /datasets/pentschev/miniconda3/envs/gdf/bin/python(_PyEval_EvalFrameDefault+0x38b) [0x557c93b12aab]
55  /datasets/pentschev/miniconda3/envs/gdf/bin/python(_PyEval_EvalCodeWithName+0x2e1) [0x557c93b11461]
56  /datasets/pentschev/miniconda3/envs/gdf/bin/python(_PyFunction_Vectorcall+0x18c) [0x557c93b2333c]
57  /datasets/pentschev/miniconda3/envs/gdf/bin/python(_PyEval_EvalFrameDefault+0x10e8) [0x557c93b13808]
58  /datasets/pentschev/miniconda3/envs/gdf/bin/python(_PyEval_EvalCodeWithName+0x2e1) [0x557c93b11461]
59  /datasets/pentschev/miniconda3/envs/gdf/bin/python(PyEval_EvalCodeEx+0x39) [0x557c93bd0de9]
60  /datasets/pentschev/miniconda3/envs/gdf/bin/python(PyEval_EvalCode+0x1b) [0x557c93bd0dab]
61  /datasets/pentschev/miniconda3/envs/gdf/bin/python(+0x1fa903) [0x557c93bf1903]
=================================
2022-11-15 00:00:02,086 - distributed.worker - ERROR - failed during get data with ucx://127.0.0.1:38955 -> ucx://127.0.0.1:43169
Traceback (most recent call last):
  File "/datasets/pentschev/miniconda3/envs/gdf/lib/python3.8/site-packages/distributed/comm/ucx.py", line 317, in write
    await self.ep.send(each_frame)
  File "/datasets/pentschev/miniconda3/envs/gdf/lib/python3.8/site-packages/ucp/core.py", line 650, in send
    return await comm.tag_send(self._ep, buffer, nbytes, tag, name=log)
ucp._libs.exceptions.UCXError: <[Send #007] ep: 0x7f0990000340, tag: 0x9c3d8b3dc03a7ee8, nbytes: 50000000, type: <class 'cupy.ndarray'>>: Connection reset by remote peer

During handling of the above exception, another exception occurred:

Traceback (most recent call last):
  File "/datasets/pentschev/miniconda3/envs/gdf/lib/python3.8/site-packages/distributed/worker.py", line 1757, in get_data
    compressed = await comm.write(msg, serializers=serializers)
  File "/datasets/pentschev/miniconda3/envs/gdf/lib/python3.8/site-packages/distributed/utils.py", line 742, in wrapper
    return await func(*args, **kwargs)
  File "/datasets/pentschev/miniconda3/envs/gdf/lib/python3.8/site-packages/distributed/comm/ucx.py", line 321, in write
    raise CommClosedError("While writing, the connection was closed")
distributed.comm.core.CommClosedError: While writing, the connection was closed
2022-11-15 00:00:02,086 - distributed.worker - ERROR - failed during get data with ucx://127.0.0.1:53013 -> ucx://127.0.0.1:43169
Traceback (most recent call last):
  File "/datasets/pentschev/miniconda3/envs/gdf/lib/python3.8/site-packages/distributed/comm/ucx.py", line 317, in write
    await self.ep.send(each_frame)
  File "/datasets/pentschev/miniconda3/envs/gdf/lib/python3.8/site-packages/ucp/core.py", line 650, in send
    return await comm.tag_send(self._ep, buffer, nbytes, tag, name=log)
ucp._libs.exceptions.UCXError: <[Send #007] ep: 0x7f05f296e280, tag: 0x161d3738adb557fe, nbytes: 50000000, type: <class 'cupy.ndarray'>>: Connection reset by remote peer

During handling of the above exception, another exception occurred:

Traceback (most recent call last):
  File "/datasets/pentschev/miniconda3/envs/gdf/lib/python3.8/site-packages/distributed/worker.py", line 1757, in get_data
    compressed = await comm.write(msg, serializers=serializers)
  File "/datasets/pentschev/miniconda3/envs/gdf/lib/python3.8/site-packages/distributed/utils.py", line 742, in wrapper
    return await func(*args, **kwargs)
  File "/datasets/pentschev/miniconda3/envs/gdf/lib/python3.8/site-packages/distributed/comm/ucx.py", line 321, in write
    raise CommClosedError("While writing, the connection was closed")
distributed.comm.core.CommClosedError: While writing, the connection was closed
2022-11-15 00:00:02,086 - distributed.worker - ERROR - Worker stream died during communication: ucx://127.0.0.1:43169
Traceback (most recent call last):
  File "/datasets/pentschev/miniconda3/envs/gdf/lib/python3.8/site-packages/distributed/comm/ucx.py", line 333, in read
    await self.ep.recv(msg)
  File "/datasets/pentschev/miniconda3/envs/gdf/lib/python3.8/site-packages/ucp/core.py", line 725, in recv
    ret = await comm.tag_recv(self._ep, buffer, nbytes, tag, name=log)
ucp._libs.exceptions.UCXCanceled: <[Recv #008] ep: 0x7f537c06f180, tag: 0x61cb669b7c2a8a32, nbytes: 16, type: <class 'numpy.ndarray'>>: 

During handling of the above exception, another exception occurred:

Traceback (most recent call last):
  File "/datasets/pentschev/miniconda3/envs/gdf/lib/python3.8/site-packages/distributed/worker.py", line 2051, in gather_dep
    response = await get_data_from_worker(
  File "/datasets/pentschev/miniconda3/envs/gdf/lib/python3.8/site-packages/distributed/worker.py", line 2840, in get_data_from_worker
    return await retry_operation(_get_data, operation="get_data_from_worker")
  File "/datasets/pentschev/miniconda3/envs/gdf/lib/python3.8/site-packages/distributed/utils_comm.py", line 386, in retry_operation
    return await retry(
  File "/datasets/pentschev/miniconda3/envs/gdf/lib/python3.8/site-packages/distributed/utils_comm.py", line 371, in retry
    return await coro()
  File "/datasets/pentschev/miniconda3/envs/gdf/lib/python3.8/site-packages/distributed/worker.py", line 2820, in _get_data
    response = await send_recv(
  File "/datasets/pentschev/miniconda3/envs/gdf/lib/python3.8/site-packages/distributed/core.py", line 928, in send_recv
    response = await comm.read(deserializers=deserializers)
  File "/datasets/pentschev/miniconda3/envs/gdf/lib/python3.8/site-packages/distributed/utils.py", line 742, in wrapper
    return await func(*args, **kwargs)
  File "/datasets/pentschev/miniconda3/envs/gdf/lib/python3.8/site-packages/distributed/comm/ucx.py", line 351, in read
    raise CommClosedError(
distributed.comm.core.CommClosedError: Connection closed by writer.
Inner exception: UCXCanceled("<[Recv #008] ep: 0x7f537c06f180, tag: 0x61cb669b7c2a8a32, nbytes: 16, type: <class 'numpy.ndarray'>>: ")
2022-11-15 00:00:02,089 - distributed.worker - ERROR - Worker stream died during communication: ucx://127.0.0.1:43169
Traceback (most recent call last):
  File "/datasets/pentschev/miniconda3/envs/gdf/lib/python3.8/site-packages/distributed/comm/ucx.py", line 333, in read
    await self.ep.recv(msg)
  File "/datasets/pentschev/miniconda3/envs/gdf/lib/python3.8/site-packages/ucp/core.py", line 725, in recv
    ret = await comm.tag_recv(self._ep, buffer, nbytes, tag, name=log)
ucp._libs.exceptions.UCXCanceled: <[Recv #003] ep: 0x7f05f296e180, tag: 0xf3fbbcdf9f296567, nbytes: 16, type: <class 'numpy.ndarray'>>: 

During handling of the above exception, another exception occurred:

Traceback (most recent call last):
  File "/datasets/pentschev/miniconda3/envs/gdf/lib/python3.8/site-packages/distributed/worker.py", line 2051, in gather_dep
    response = await get_data_from_worker(
  File "/datasets/pentschev/miniconda3/envs/gdf/lib/python3.8/site-packages/distributed/worker.py", line 2840, in get_data_from_worker
    return await retry_operation(_get_data, operation="get_data_from_worker")
  File "/datasets/pentschev/miniconda3/envs/gdf/lib/python3.8/site-packages/distributed/utils_comm.py", line 386, in retry_operation
    return await retry(
  File "/datasets/pentschev/miniconda3/envs/gdf/lib/python3.8/site-packages/distributed/utils_comm.py", line 371, in retry
    return await coro()
  File "/datasets/pentschev/miniconda3/envs/gdf/lib/python3.8/site-packages/distributed/worker.py", line 2820, in _get_data
    response = await send_recv(
  File "/datasets/pentschev/miniconda3/envs/gdf/lib/python3.8/site-packages/distributed/core.py", line 928, in send_recv
    response = await comm.read(deserializers=deserializers)
  File "/datasets/pentschev/miniconda3/envs/gdf/lib/python3.8/site-packages/distributed/utils.py", line 742, in wrapper
    return await func(*args, **kwargs)
  File "/datasets/pentschev/miniconda3/envs/gdf/lib/python3.8/site-packages/distributed/comm/ucx.py", line 351, in read
    raise CommClosedError(
distributed.comm.core.CommClosedError: Connection closed by writer.
Inner exception: UCXCanceled("<[Recv #003] ep: 0x7f05f296e180, tag: 0xf3fbbcdf9f296567, nbytes: 16, type: <class 'numpy.ndarray'>>: ")
2022-11-15 00:00:02,086 - distributed.worker - ERROR - Worker stream died during communication: ucx://127.0.0.1:43169
Traceback (most recent call last):
  File "/datasets/pentschev/miniconda3/envs/gdf/lib/python3.8/site-packages/distributed/comm/ucx.py", line 333, in read
    await self.ep.recv(msg)
  File "/datasets/pentschev/miniconda3/envs/gdf/lib/python3.8/site-packages/ucp/core.py", line 725, in recv
    ret = await comm.tag_recv(self._ep, buffer, nbytes, tag, name=log)
ucp._libs.exceptions.UCXCanceled: <[Recv #003] ep: 0x7f3e61c50240, tag: 0x97a5e827e770fc02, nbytes: 16, type: <class 'numpy.ndarray'>>: 

During handling of the above exception, another exception occurred:

Traceback (most recent call last):
  File "/datasets/pentschev/miniconda3/envs/gdf/lib/python3.8/site-packages/distributed/worker.py", line 2051, in gather_dep
    response = await get_data_from_worker(
  File "/datasets/pentschev/miniconda3/envs/gdf/lib/python3.8/site-packages/distributed/worker.py", line 2840, in get_data_from_worker
    return await retry_operation(_get_data, operation="get_data_from_worker")
  File "/datasets/pentschev/miniconda3/envs/gdf/lib/python3.8/site-packages/distributed/utils_comm.py", line 386, in retry_operation
    return await retry(
  File "/datasets/pentschev/miniconda3/envs/gdf/lib/python3.8/site-packages/distributed/utils_comm.py", line 371, in retry
    return await coro()
  File "/datasets/pentschev/miniconda3/envs/gdf/lib/python3.8/site-packages/distributed/worker.py", line 2820, in _get_data
    response = await send_recv(
  File "/datasets/pentschev/miniconda3/envs/gdf/lib/python3.8/site-packages/distributed/core.py", line 928, in send_recv
    response = await comm.read(deserializers=deserializers)
  File "/datasets/pentschev/miniconda3/envs/gdf/lib/python3.8/site-packages/distributed/utils.py", line 742, in wrapper
    return await func(*args, **kwargs)
  File "/datasets/pentschev/miniconda3/envs/gdf/lib/python3.8/site-packages/distributed/comm/ucx.py", line 351, in read
    raise CommClosedError(
distributed.comm.core.CommClosedError: Connection closed by writer.
Inner exception: UCXCanceled("<[Recv #003] ep: 0x7f3e61c50240, tag: 0x97a5e827e770fc02, nbytes: 16, type: <class 'numpy.ndarray'>>: ")
2022-11-15 00:00:02,129 - distributed.nanny - WARNING - Restarting worker
[dgx13:51961:0:51961] Caught signal 11 (Segmentation fault: address not mapped to object at address 0xff17287c5a)
==== backtrace (tid:  51961) ====
 0  /datasets/pentschev/miniconda3/envs/gdf/lib/libucs.so.0(ucs_handle_error+0x2d4) [0x7f09906061e4]
 1  /datasets/pentschev/miniconda3/envs/gdf/lib/libucs.so.0(+0x2e3bf) [0x7f09906063bf]
 2  /datasets/pentschev/miniconda3/envs/gdf/lib/libucs.so.0(+0x2e6e4) [0x7f09906066e4]
 3  /lib/x86_64-linux-gnu/libpthread.so.0(+0x12980) [0x7f0a2f35b980]
 4  /datasets/pentschev/miniconda3/envs/gdf/lib/libucp.so.0(ucp_mem_type_unpack+0x14) [0x7f0990889ab4]
 5  /datasets/pentschev/miniconda3/envs/gdf/lib/libucp.so.0(ucp_rndv_data_handler+0x508) [0x7f09908ba658]
 6  /datasets/pentschev/miniconda3/envs/gdf/lib/libuct.so.0(+0x207bf) [0x7f09903bb7bf]
 7  /datasets/pentschev/miniconda3/envs/gdf/lib/libuct.so.0(+0x20d94) [0x7f09903bbd94]
 8  /datasets/pentschev/miniconda3/envs/gdf/lib/libuct.so.0(+0x231e8) [0x7f09903be1e8]
 9  /datasets/pentschev/miniconda3/envs/gdf/lib/libucs.so.0(ucs_event_set_wait+0xb9) [0x7f09906108b9]
10  /datasets/pentschev/miniconda3/envs/gdf/lib/libuct.so.0(uct_tcp_iface_progress+0x7b) [0x7f09903be28b]
11  /datasets/pentschev/miniconda3/envs/gdf/lib/libucp.so.0(ucp_worker_progress+0x6a) [0x7f099088638a]
12  /datasets/pentschev/miniconda3/envs/gdf/lib/python3.8/site-packages/ucp/_libs/ucx_api.cpython-38-x86_64-linux-gnu.so(+0x27ef9) [0x7f0990b42ef9]
13  /datasets/pentschev/miniconda3/envs/gdf/bin/python(+0x131397) [0x55f214265397]
14  /datasets/pentschev/miniconda3/envs/gdf/bin/python(PyObject_Call+0x2d2) [0x55f214272172]
15  /datasets/pentschev/miniconda3/envs/gdf/bin/python(_PyEval_EvalFrameDefault+0x2150) [0x55f214251870]
16  /datasets/pentschev/miniconda3/envs/gdf/bin/python(_PyEval_EvalCodeWithName+0x9f6) [0x55f21424eb76]
17  /datasets/pentschev/miniconda3/envs/gdf/bin/python(_PyFunction_Vectorcall+0x18c) [0x55f21426033c]
18  /datasets/pentschev/miniconda3/envs/gdf/bin/python(_PyEval_EvalFrameDefault+0x67d) [0x55f21424fd9d]
19  /datasets/pentschev/miniconda3/envs/gdf/bin/python(_PyFunction_Vectorcall+0xf6) [0x55f2142602a6]
20  /datasets/pentschev/miniconda3/envs/gdf/bin/python(+0x13ba3b) [0x55f21426fa3b]
21  /datasets/pentschev/miniconda3/envs/gdf/bin/python(+0x244c6a) [0x55f214378c6a]
22  /datasets/pentschev/miniconda3/envs/gdf/bin/python(+0xda441) [0x55f21420e441]
23  /datasets/pentschev/miniconda3/envs/gdf/bin/python(+0x1230c6) [0x55f2142570c6]
24  /datasets/pentschev/miniconda3/envs/gdf/bin/python(PyVectorcall_Call+0x6f) [0x55f2142700bf]
25  /datasets/pentschev/miniconda3/envs/gdf/bin/python(_PyEval_EvalFrameDefault+0x560e) [0x55f214254d2e]
26  /datasets/pentschev/miniconda3/envs/gdf/bin/python(_PyFunction_Vectorcall+0xf6) [0x55f2142602a6]
27  /datasets/pentschev/miniconda3/envs/gdf/bin/python(_PyEval_EvalFrameDefault+0x67d) [0x55f21424fd9d]
28  /datasets/pentschev/miniconda3/envs/gdf/bin/python(_PyFunction_Vectorcall+0xf6) [0x55f2142602a6]
29  /datasets/pentschev/miniconda3/envs/gdf/bin/python(_PyEval_EvalFrameDefault+0x67d) [0x55f21424fd9d]
30  /datasets/pentschev/miniconda3/envs/gdf/bin/python(_PyFunction_Vectorcall+0xf6) [0x55f2142602a6]
31  /datasets/pentschev/miniconda3/envs/gdf/bin/python(_PyEval_EvalFrameDefault+0x67d) [0x55f21424fd9d]
32  /datasets/pentschev/miniconda3/envs/gdf/bin/python(_PyFunction_Vectorcall+0xf6) [0x55f2142602a6]
33  /datasets/pentschev/miniconda3/envs/gdf/bin/python(_PyEval_EvalFrameDefault+0x67d) [0x55f21424fd9d]
34  /datasets/pentschev/miniconda3/envs/gdf/bin/python(_PyEval_EvalCodeWithName+0x9f6) [0x55f21424eb76]
35  /datasets/pentschev/miniconda3/envs/gdf/bin/python(_PyFunction_Vectorcall+0x18c) [0x55f21426033c]
36  /datasets/pentschev/miniconda3/envs/gdf/bin/python(_PyEval_EvalFrameDefault+0x48dc) [0x55f214253ffc]
37  /datasets/pentschev/miniconda3/envs/gdf/bin/python(_PyEval_EvalCodeWithName+0x9f6) [0x55f21424eb76]
38  /datasets/pentschev/miniconda3/envs/gdf/bin/python(_PyFunction_Vectorcall+0x18c) [0x55f21426033c]
39  /datasets/pentschev/miniconda3/envs/gdf/bin/python(+0x13bc72) [0x55f21426fc72]
40  /datasets/pentschev/miniconda3/envs/gdf/bin/python(_PyObject_FastCallDict+0x25a) [0x55f214257c3a]
41  /datasets/pentschev/miniconda3/envs/gdf/bin/python(+0x1fd1a9) [0x55f2143311a9]
42  /datasets/pentschev/miniconda3/envs/gdf/bin/python(PyObject_Call+0x35b) [0x55f2142721fb]
43  /datasets/pentschev/miniconda3/envs/gdf/bin/python(_PyEval_EvalFrameDefault+0x2150) [0x55f214251870]
44  /datasets/pentschev/miniconda3/envs/gdf/bin/python(_PyFunction_Vectorcall+0xf6) [0x55f2142602a6]
45  /datasets/pentschev/miniconda3/envs/gdf/bin/python(+0x13bc72) [0x55f21426fc72]
46  /datasets/pentschev/miniconda3/envs/gdf/bin/python(PyObject_Call+0x2d2) [0x55f214272172]
47  /datasets/pentschev/miniconda3/envs/gdf/bin/python(_PyEval_EvalFrameDefault+0x2150) [0x55f214251870]
48  /datasets/pentschev/miniconda3/envs/gdf/bin/python(_PyFunction_Vectorcall+0xf6) [0x55f2142602a6]
49  /datasets/pentschev/miniconda3/envs/gdf/bin/python(_PyEval_EvalFrameDefault+0x67d) [0x55f21424fd9d]
50  /datasets/pentschev/miniconda3/envs/gdf/bin/python(_PyEval_EvalCodeWithName+0x2e1) [0x55f21424e461]
51  /datasets/pentschev/miniconda3/envs/gdf/bin/python(_PyFunction_Vectorcall+0x18c) [0x55f21426033c]
52  /datasets/pentschev/miniconda3/envs/gdf/bin/python(_PyEval_EvalFrameDefault+0x67d) [0x55f21424fd9d]
53  /datasets/pentschev/miniconda3/envs/gdf/bin/python(_PyFunction_Vectorcall+0xf6) [0x55f2142602a6]
54  /datasets/pentschev/miniconda3/envs/gdf/bin/python(_PyEval_EvalFrameDefault+0x38b) [0x55f21424faab]
55  /datasets/pentschev/miniconda3/envs/gdf/bin/python(_PyEval_EvalCodeWithName+0x2e1) [0x55f21424e461]
56  /datasets/pentschev/miniconda3/envs/gdf/bin/python(_PyFunction_Vectorcall+0x18c) [0x55f21426033c]
57  /datasets/pentschev/miniconda3/envs/gdf/bin/python(_PyEval_EvalFrameDefault+0x10e8) [0x55f214250808]
58  /datasets/pentschev/miniconda3/envs/gdf/bin/python(_PyEval_EvalCodeWithName+0x2e1) [0x55f21424e461]
59  /datasets/pentschev/miniconda3/envs/gdf/bin/python(PyEval_EvalCodeEx+0x39) [0x55f21430dde9]
60  /datasets/pentschev/miniconda3/envs/gdf/bin/python(PyEval_EvalCode+0x1b) [0x55f21430ddab]
61  /datasets/pentschev/miniconda3/envs/gdf/bin/python(+0x1fa903) [0x55f21432e903]
=================================
2022-11-15 00:00:02,283 - distributed.worker - ERROR - failed during get data with ucx://127.0.0.1:57793 -> ucx://127.0.0.1:38955
Traceback (most recent call last):
  File "/datasets/pentschev/miniconda3/envs/gdf/lib/python3.8/site-packages/distributed/comm/ucx.py", line 317, in write
    await self.ep.send(each_frame)
  File "/datasets/pentschev/miniconda3/envs/gdf/lib/python3.8/site-packages/ucp/core.py", line 650, in send
    return await comm.tag_send(self._ep, buffer, nbytes, tag, name=log)
ucp._libs.exceptions.UCXError: <[Send #007] ep: 0x7fca0807d300, tag: 0xb816172c7c1b2666, nbytes: 50000000, type: <class 'cupy.ndarray'>>: Connection reset by remote peer

During handling of the above exception, another exception occurred:

Traceback (most recent call last):
  File "/datasets/pentschev/miniconda3/envs/gdf/lib/python3.8/site-packages/distributed/worker.py", line 1757, in get_data
    compressed = await comm.write(msg, serializers=serializers)
  File "/datasets/pentschev/miniconda3/envs/gdf/lib/python3.8/site-packages/distributed/utils.py", line 742, in wrapper
    return await func(*args, **kwargs)
  File "/datasets/pentschev/miniconda3/envs/gdf/lib/python3.8/site-packages/distributed/comm/ucx.py", line 321, in write
    raise CommClosedError("While writing, the connection was closed")
distributed.comm.core.CommClosedError: While writing, the connection was closed
2022-11-15 00:00:02,285 - distributed.worker - ERROR - Worker stream died during communication: ucx://127.0.0.1:38955
Traceback (most recent call last):
  File "/datasets/pentschev/miniconda3/envs/gdf/lib/python3.8/site-packages/distributed/comm/ucx.py", line 375, in read
    await self.ep.recv(each_frame)
  File "/datasets/pentschev/miniconda3/envs/gdf/lib/python3.8/site-packages/ucp/core.py", line 725, in recv
    ret = await comm.tag_recv(self._ep, buffer, nbytes, tag, name=log)
ucp._libs.exceptions.UCXError: <[Recv #007] ep: 0x7fca0807d180, tag: 0xed0d7cac7d253476, nbytes: 50000000, type: <class 'rmm._lib.device_buffer.DeviceBuffer'>>: Connection reset by remote peer

During handling of the above exception, another exception occurred:

Traceback (most recent call last):
  File "/datasets/pentschev/miniconda3/envs/gdf/lib/python3.8/site-packages/distributed/worker.py", line 2051, in gather_dep
    response = await get_data_from_worker(
  File "/datasets/pentschev/miniconda3/envs/gdf/lib/python3.8/site-packages/distributed/worker.py", line 2840, in get_data_from_worker
    return await retry_operation(_get_data, operation="get_data_from_worker")
  File "/datasets/pentschev/miniconda3/envs/gdf/lib/python3.8/site-packages/distributed/utils_comm.py", line 386, in retry_operation
    return await retry(
  File "/datasets/pentschev/miniconda3/envs/gdf/lib/python3.8/site-packages/distributed/utils_comm.py", line 371, in retry
    return await coro()
  File "/datasets/pentschev/miniconda3/envs/gdf/lib/python3.8/site-packages/distributed/worker.py", line 2820, in _get_data
    response = await send_recv(
  File "/datasets/pentschev/miniconda3/envs/gdf/lib/python3.8/site-packages/distributed/core.py", line 928, in send_recv
    response = await comm.read(deserializers=deserializers)
  File "/datasets/pentschev/miniconda3/envs/gdf/lib/python3.8/site-packages/distributed/utils.py", line 742, in wrapper
    return await func(*args, **kwargs)
  File "/datasets/pentschev/miniconda3/envs/gdf/lib/python3.8/site-packages/distributed/comm/ucx.py", line 381, in read
    raise CommClosedError(
distributed.comm.core.CommClosedError: Connection closed by writer.
Inner exception: UCXError("<[Recv #007] ep: 0x7fca0807d180, tag: 0xed0d7cac7d253476, nbytes: 50000000, type: <class 'rmm._lib.device_buffer.DeviceBuffer'>>: Connection reset by remote peer")
2022-11-15 00:00:02,301 - distributed.worker - ERROR - Worker stream died during communication: ucx://127.0.0.1:38955
Traceback (most recent call last):
  File "/datasets/pentschev/miniconda3/envs/gdf/lib/python3.8/site-packages/distributed/comm/ucx.py", line 375, in read
    await self.ep.recv(each_frame)
  File "/datasets/pentschev/miniconda3/envs/gdf/lib/python3.8/site-packages/ucp/core.py", line 725, in recv
    ret = await comm.tag_recv(self._ep, buffer, nbytes, tag, name=log)
ucp._libs.exceptions.UCXError: <[Recv #007] ep: 0x7f46f22511c0, tag: 0x818706428af8bb8f, nbytes: 50000000, type: <class 'rmm._lib.device_buffer.DeviceBuffer'>>: Connection reset by remote peer

During handling of the above exception, another exception occurred:

Traceback (most recent call last):
  File "/datasets/pentschev/miniconda3/envs/gdf/lib/python3.8/site-packages/distributed/worker.py", line 2051, in gather_dep
    response = await get_data_from_worker(
  File "/datasets/pentschev/miniconda3/envs/gdf/lib/python3.8/site-packages/distributed/worker.py", line 2840, in get_data_from_worker
    return await retry_operation(_get_data, operation="get_data_from_worker")
  File "/datasets/pentschev/miniconda3/envs/gdf/lib/python3.8/site-packages/distributed/utils_comm.py", line 386, in retry_operation
    return await retry(
  File "/datasets/pentschev/miniconda3/envs/gdf/lib/python3.8/site-packages/distributed/utils_comm.py", line 371, in retry
    return await coro()
  File "/datasets/pentschev/miniconda3/envs/gdf/lib/python3.8/site-packages/distributed/worker.py", line 2820, in _get_data
    response = await send_recv(
  File "/datasets/pentschev/miniconda3/envs/gdf/lib/python3.8/site-packages/distributed/core.py", line 928, in send_recv
    response = await comm.read(deserializers=deserializers)
  File "/datasets/pentschev/miniconda3/envs/gdf/lib/python3.8/site-packages/distributed/utils.py", line 742, in wrapper
    return await func(*args, **kwargs)
  File "/datasets/pentschev/miniconda3/envs/gdf/lib/python3.8/site-packages/distributed/comm/ucx.py", line 381, in read
    raise CommClosedError(
distributed.comm.core.CommClosedError: Connection closed by writer.
Inner exception: UCXError("<[Recv #007] ep: 0x7f46f22511c0, tag: 0x818706428af8bb8f, nbytes: 50000000, type: <class 'rmm._lib.device_buffer.DeviceBuffer'>>: Connection reset by remote peer")
2022-11-15 00:00:02,346 - distributed.nanny - WARNING - Restarting worker
2022-11-15 00:00:04,021 - distributed.preloading - INFO - Creating preload: dask_cuda.initialize
2022-11-15 00:00:04,021 - distributed.preloading - INFO - Import preload module: dask_cuda.initialize
2022-11-15 00:00:04,091 - distributed.preloading - INFO - Creating preload: dask_cuda.initialize
2022-11-15 00:00:04,091 - distributed.preloading - INFO - Import preload module: dask_cuda.initialize
/datasets/pentschev/miniconda3/envs/gdf/lib/python3.8/multiprocessing/resource_tracker.py:216: UserWarning: resource_tracker: There appear to be 48 leaked semaphore objects to clean up at shutdown
  warnings.warn('resource_tracker: There appear to be %d '
