2022-11-05 00:53:58,495 - distributed.preloading - INFO - Creating preload: dask_cuda.initialize
2022-11-05 00:53:58,495 - distributed.preloading - INFO - Import preload module: dask_cuda.initialize
2022-11-05 00:53:58,501 - distributed.preloading - INFO - Creating preload: dask_cuda.initialize
2022-11-05 00:53:58,501 - distributed.preloading - INFO - Creating preload: dask_cuda.initialize
2022-11-05 00:53:58,501 - distributed.preloading - INFO - Import preload module: dask_cuda.initialize
2022-11-05 00:53:58,502 - distributed.preloading - INFO - Import preload module: dask_cuda.initialize
2022-11-05 00:53:58,502 - distributed.preloading - INFO - Creating preload: dask_cuda.initialize
2022-11-05 00:53:58,502 - distributed.preloading - INFO - Import preload module: dask_cuda.initialize
2022-11-05 00:53:58,502 - distributed.preloading - INFO - Creating preload: dask_cuda.initialize
2022-11-05 00:53:58,502 - distributed.preloading - INFO - Import preload module: dask_cuda.initialize
2022-11-05 00:53:58,504 - distributed.preloading - INFO - Creating preload: dask_cuda.initialize
2022-11-05 00:53:58,504 - distributed.preloading - INFO - Import preload module: dask_cuda.initialize
2022-11-05 00:53:58,505 - distributed.preloading - INFO - Creating preload: dask_cuda.initialize
2022-11-05 00:53:58,505 - distributed.preloading - INFO - Import preload module: dask_cuda.initialize
2022-11-05 00:53:58,520 - distributed.preloading - INFO - Creating preload: dask_cuda.initialize
2022-11-05 00:53:58,520 - distributed.preloading - INFO - Import preload module: dask_cuda.initialize
[dgx13:28229:0:28229] Caught signal 11 (Segmentation fault: address not mapped to object at address 0x448)
==== backtrace (tid:  28229) ====
 0  /datasets/pentschev/miniconda3/envs/gdf/lib/libucs.so.0(ucs_handle_error+0x2d4) [0x7fad016081e4]
 1  /datasets/pentschev/miniconda3/envs/gdf/lib/libucs.so.0(+0x2e3bf) [0x7fad016083bf]
 2  /datasets/pentschev/miniconda3/envs/gdf/lib/libucs.so.0(+0x2e6e4) [0x7fad016086e4]
 3  /lib/x86_64-linux-gnu/libpthread.so.0(+0x12980) [0x7fada04bc980]
 4  /datasets/pentschev/miniconda3/envs/gdf/lib/libucp.so.0(ucp_mem_type_unpack+0x14) [0x7fad0188b964]
 5  /datasets/pentschev/miniconda3/envs/gdf/lib/libucp.so.0(ucp_rndv_data_handler+0x508) [0x7fad018bc4f8]
 6  /datasets/pentschev/miniconda3/envs/gdf/lib/libuct.so.0(+0x207bf) [0x7fad013bd7bf]
 7  /datasets/pentschev/miniconda3/envs/gdf/lib/libuct.so.0(+0x20d94) [0x7fad013bdd94]
 8  /datasets/pentschev/miniconda3/envs/gdf/lib/libuct.so.0(+0x231e8) [0x7fad013c01e8]
 9  /datasets/pentschev/miniconda3/envs/gdf/lib/libucs.so.0(ucs_event_set_wait+0xb9) [0x7fad016128b9]
10  /datasets/pentschev/miniconda3/envs/gdf/lib/libuct.so.0(uct_tcp_iface_progress+0x7b) [0x7fad013c028b]
11  /datasets/pentschev/miniconda3/envs/gdf/lib/libucp.so.0(ucp_worker_progress+0x6a) [0x7fad0188824a]
12  /datasets/pentschev/miniconda3/envs/gdf/lib/python3.8/site-packages/ucp/_libs/ucx_api.cpython-38-x86_64-linux-gnu.so(+0x27ef9) [0x7fad01b44ef9]
13  /datasets/pentschev/miniconda3/envs/gdf/bin/python(+0x131397) [0x555831e13397]
14  /datasets/pentschev/miniconda3/envs/gdf/bin/python(PyObject_Call+0x2d2) [0x555831e20172]
15  /datasets/pentschev/miniconda3/envs/gdf/bin/python(_PyEval_EvalFrameDefault+0x2150) [0x555831dff870]
16  /datasets/pentschev/miniconda3/envs/gdf/bin/python(_PyEval_EvalCodeWithName+0x9f6) [0x555831dfcb76]
17  /datasets/pentschev/miniconda3/envs/gdf/bin/python(_PyFunction_Vectorcall+0x18c) [0x555831e0e33c]
18  /datasets/pentschev/miniconda3/envs/gdf/bin/python(_PyEval_EvalFrameDefault+0x67d) [0x555831dfdd9d]
19  /datasets/pentschev/miniconda3/envs/gdf/bin/python(_PyFunction_Vectorcall+0xf6) [0x555831e0e2a6]
20  /datasets/pentschev/miniconda3/envs/gdf/bin/python(+0x13ba3b) [0x555831e1da3b]
21  /datasets/pentschev/miniconda3/envs/gdf/bin/python(+0x244c6a) [0x555831f26c6a]
22  /datasets/pentschev/miniconda3/envs/gdf/bin/python(+0xda441) [0x555831dbc441]
23  /datasets/pentschev/miniconda3/envs/gdf/bin/python(+0x1230c6) [0x555831e050c6]
24  /datasets/pentschev/miniconda3/envs/gdf/bin/python(PyVectorcall_Call+0x6f) [0x555831e1e0bf]
25  /datasets/pentschev/miniconda3/envs/gdf/bin/python(_PyEval_EvalFrameDefault+0x560e) [0x555831e02d2e]
26  /datasets/pentschev/miniconda3/envs/gdf/bin/python(_PyFunction_Vectorcall+0xf6) [0x555831e0e2a6]
27  /datasets/pentschev/miniconda3/envs/gdf/bin/python(_PyEval_EvalFrameDefault+0x67d) [0x555831dfdd9d]
28  /datasets/pentschev/miniconda3/envs/gdf/bin/python(_PyFunction_Vectorcall+0xf6) [0x555831e0e2a6]
29  /datasets/pentschev/miniconda3/envs/gdf/bin/python(_PyEval_EvalFrameDefault+0x67d) [0x555831dfdd9d]
30  /datasets/pentschev/miniconda3/envs/gdf/bin/python(_PyFunction_Vectorcall+0xf6) [0x555831e0e2a6]
31  /datasets/pentschev/miniconda3/envs/gdf/bin/python(_PyEval_EvalFrameDefault+0x67d) [0x555831dfdd9d]
32  /datasets/pentschev/miniconda3/envs/gdf/bin/python(_PyFunction_Vectorcall+0xf6) [0x555831e0e2a6]
33  /datasets/pentschev/miniconda3/envs/gdf/bin/python(_PyEval_EvalFrameDefault+0x67d) [0x555831dfdd9d]
34  /datasets/pentschev/miniconda3/envs/gdf/bin/python(_PyEval_EvalCodeWithName+0x9f6) [0x555831dfcb76]
35  /datasets/pentschev/miniconda3/envs/gdf/bin/python(_PyFunction_Vectorcall+0x18c) [0x555831e0e33c]
36  /datasets/pentschev/miniconda3/envs/gdf/bin/python(_PyEval_EvalFrameDefault+0x67d) [0x555831dfdd9d]
37  /datasets/pentschev/miniconda3/envs/gdf/bin/python(_PyEval_EvalCodeWithName+0x9f6) [0x555831dfcb76]
38  /datasets/pentschev/miniconda3/envs/gdf/bin/python(_PyFunction_Vectorcall+0x18c) [0x555831e0e33c]
39  /datasets/pentschev/miniconda3/envs/gdf/bin/python(+0x13bc72) [0x555831e1dc72]
40  /datasets/pentschev/miniconda3/envs/gdf/bin/python(PyObject_Call+0x1fc) [0x555831e2009c]
41  /datasets/pentschev/miniconda3/envs/gdf/bin/python(_PyEval_EvalFrameDefault+0x2150) [0x555831dff870]
42  /datasets/pentschev/miniconda3/envs/gdf/bin/python(_PyFunction_Vectorcall+0xf6) [0x555831e0e2a6]
43  /datasets/pentschev/miniconda3/envs/gdf/bin/python(+0x13bc72) [0x555831e1dc72]
44  /datasets/pentschev/miniconda3/envs/gdf/bin/python(PyObject_Call+0x2d2) [0x555831e20172]
45  /datasets/pentschev/miniconda3/envs/gdf/bin/python(_PyEval_EvalFrameDefault+0x2150) [0x555831dff870]
46  /datasets/pentschev/miniconda3/envs/gdf/bin/python(_PyFunction_Vectorcall+0xf6) [0x555831e0e2a6]
47  /datasets/pentschev/miniconda3/envs/gdf/bin/python(_PyEval_EvalFrameDefault+0x67d) [0x555831dfdd9d]
48  /datasets/pentschev/miniconda3/envs/gdf/bin/python(_PyEval_EvalCodeWithName+0x2e1) [0x555831dfc461]
49  /datasets/pentschev/miniconda3/envs/gdf/bin/python(_PyFunction_Vectorcall+0x18c) [0x555831e0e33c]
50  /datasets/pentschev/miniconda3/envs/gdf/bin/python(_PyEval_EvalFrameDefault+0x67d) [0x555831dfdd9d]
51  /datasets/pentschev/miniconda3/envs/gdf/bin/python(_PyFunction_Vectorcall+0xf6) [0x555831e0e2a6]
52  /datasets/pentschev/miniconda3/envs/gdf/bin/python(_PyEval_EvalFrameDefault+0x38b) [0x555831dfdaab]
53  /datasets/pentschev/miniconda3/envs/gdf/bin/python(_PyEval_EvalCodeWithName+0x2e1) [0x555831dfc461]
54  /datasets/pentschev/miniconda3/envs/gdf/bin/python(_PyFunction_Vectorcall+0x18c) [0x555831e0e33c]
55  /datasets/pentschev/miniconda3/envs/gdf/bin/python(_PyEval_EvalFrameDefault+0x10e8) [0x555831dfe808]
56  /datasets/pentschev/miniconda3/envs/gdf/bin/python(_PyEval_EvalCodeWithName+0x2e1) [0x555831dfc461]
57  /datasets/pentschev/miniconda3/envs/gdf/bin/python(PyEval_EvalCodeEx+0x39) [0x555831ebbde9]
58  /datasets/pentschev/miniconda3/envs/gdf/bin/python(PyEval_EvalCode+0x1b) [0x555831ebbdab]
59  /datasets/pentschev/miniconda3/envs/gdf/bin/python(+0x1fa903) [0x555831edc903]
60  /datasets/pentschev/miniconda3/envs/gdf/bin/python(+0x1f98e3) [0x555831edb8e3]
61  /datasets/pentschev/miniconda3/envs/gdf/bin/python(PyRun_StringFlags+0x7d) [0x555831ed92ad]
=================================
2022-11-05 00:54:06,155 - distributed.worker - ERROR - failed during get data with ucx://127.0.0.1:43929 -> ucx://127.0.0.1:51523
Traceback (most recent call last):
  File "/datasets/pentschev/miniconda3/envs/gdf/lib/python3.8/site-packages/distributed/comm/ucx.py", line 317, in write
    await self.ep.send(each_frame)
  File "/datasets/pentschev/miniconda3/envs/gdf/lib/python3.8/site-packages/ucp/core.py", line 650, in send
    return await comm.tag_send(self._ep, buffer, nbytes, tag, name=log)
ucp._libs.exceptions.UCXError: <[Send #007] ep: 0x7fd88c3db100, tag: 0x1905d24571f5ba96, nbytes: 800000000, type: <class 'cudf.core.buffer.buffer.Buffer'>>: Connection reset by remote peer

During handling of the above exception, another exception occurred:

Traceback (most recent call last):
  File "/datasets/pentschev/miniconda3/envs/gdf/lib/python3.8/site-packages/distributed/worker.py", line 1757, in get_data
    compressed = await comm.write(msg, serializers=serializers)
  File "/datasets/pentschev/miniconda3/envs/gdf/lib/python3.8/site-packages/distributed/utils.py", line 742, in wrapper
    return await func(*args, **kwargs)
  File "/datasets/pentschev/miniconda3/envs/gdf/lib/python3.8/site-packages/distributed/comm/ucx.py", line 321, in write
    raise CommClosedError("While writing, the connection was closed")
distributed.comm.core.CommClosedError: While writing, the connection was closed
2022-11-05 00:54:06,155 - distributed.worker - ERROR - failed during get data with ucx://127.0.0.1:50759 -> ucx://127.0.0.1:51523
Traceback (most recent call last):
  File "/datasets/pentschev/miniconda3/envs/gdf/lib/python3.8/site-packages/distributed/comm/ucx.py", line 317, in write
    await self.ep.send(each_frame)
  File "/datasets/pentschev/miniconda3/envs/gdf/lib/python3.8/site-packages/ucp/core.py", line 650, in send
    return await comm.tag_send(self._ep, buffer, nbytes, tag, name=log)
ucp._libs.exceptions.UCXError: <[Send #007] ep: 0x7f5d8d181100, tag: 0xbecba10509831a8e, nbytes: 800000000, type: <class 'cudf.core.buffer.buffer.Buffer'>>: Connection reset by remote peer

During handling of the above exception, another exception occurred:

Traceback (most recent call last):
  File "/datasets/pentschev/miniconda3/envs/gdf/lib/python3.8/site-packages/distributed/worker.py", line 1757, in get_data
    compressed = await comm.write(msg, serializers=serializers)
  File "/datasets/pentschev/miniconda3/envs/gdf/lib/python3.8/site-packages/distributed/utils.py", line 742, in wrapper
    return await func(*args, **kwargs)
  File "/datasets/pentschev/miniconda3/envs/gdf/lib/python3.8/site-packages/distributed/comm/ucx.py", line 321, in write
    raise CommClosedError("While writing, the connection was closed")
distributed.comm.core.CommClosedError: While writing, the connection was closed
2022-11-05 00:54:06,155 - distributed.worker - ERROR - failed during get data with ucx://127.0.0.1:42773 -> ucx://127.0.0.1:51523
Traceback (most recent call last):
  File "/datasets/pentschev/miniconda3/envs/gdf/lib/python3.8/site-packages/distributed/comm/ucx.py", line 317, in write
    await self.ep.send(each_frame)
  File "/datasets/pentschev/miniconda3/envs/gdf/lib/python3.8/site-packages/ucp/core.py", line 650, in send
    return await comm.tag_send(self._ep, buffer, nbytes, tag, name=log)
ucp._libs.exceptions.UCXError: <[Send #007] ep: 0x7f910339b100, tag: 0x709be7c65055a1ba, nbytes: 800000000, type: <class 'cudf.core.buffer.buffer.Buffer'>>: Endpoint timeout

During handling of the above exception, another exception occurred:

Traceback (most recent call last):
  File "/datasets/pentschev/miniconda3/envs/gdf/lib/python3.8/site-packages/distributed/worker.py", line 1757, in get_data
    compressed = await comm.write(msg, serializers=serializers)
  File "/datasets/pentschev/miniconda3/envs/gdf/lib/python3.8/site-packages/distributed/utils.py", line 742, in wrapper
    return await func(*args, **kwargs)
  File "/datasets/pentschev/miniconda3/envs/gdf/lib/python3.8/site-packages/distributed/comm/ucx.py", line 321, in write
    raise CommClosedError("While writing, the connection was closed")
distributed.comm.core.CommClosedError: While writing, the connection was closed
2022-11-05 00:54:06,258 - distributed.nanny - WARNING - Restarting worker
[dgx13:28231:0:28231] Caught signal 11 (Segmentation fault: Sent by the kernel at address (nil))
==== backtrace (tid:  28231) ====
 0  /datasets/pentschev/miniconda3/envs/gdf/lib/libucs.so.0(ucs_handle_error+0x2d4) [0x7f2c351ef1e4]
 1  /datasets/pentschev/miniconda3/envs/gdf/lib/libucs.so.0(+0x2e3bf) [0x7f2c351ef3bf]
 2  /datasets/pentschev/miniconda3/envs/gdf/lib/libucs.so.0(+0x2e6e4) [0x7f2c351ef6e4]
 3  /lib/x86_64-linux-gnu/libpthread.so.0(+0x12980) [0x7f2cd3f45980]
 4  /datasets/pentschev/miniconda3/envs/gdf/lib/libucp.so.0(ucp_mem_type_unpack+0x14) [0x7f2c35472964]
 5  /datasets/pentschev/miniconda3/envs/gdf/lib/libucp.so.0(ucp_rndv_data_handler+0x508) [0x7f2c354a34f8]
 6  /datasets/pentschev/miniconda3/envs/gdf/lib/libuct.so.0(+0x207bf) [0x7f2c34fa47bf]
 7  /datasets/pentschev/miniconda3/envs/gdf/lib/libuct.so.0(+0x20d94) [0x7f2c34fa4d94]
 8  /datasets/pentschev/miniconda3/envs/gdf/lib/libuct.so.0(+0x231e8) [0x7f2c34fa71e8]
 9  /datasets/pentschev/miniconda3/envs/gdf/lib/libucs.so.0(ucs_event_set_wait+0xb9) [0x7f2c351f98b9]
10  /datasets/pentschev/miniconda3/envs/gdf/lib/libuct.so.0(uct_tcp_iface_progress+0x7b) [0x7f2c34fa728b]
11  /datasets/pentschev/miniconda3/envs/gdf/lib/libucp.so.0(ucp_worker_progress+0x6a) [0x7f2c3546f24a]
12  /datasets/pentschev/miniconda3/envs/gdf/lib/python3.8/site-packages/ucp/_libs/ucx_api.cpython-38-x86_64-linux-gnu.so(+0x27ef9) [0x7f2c3572bef9]
13  /datasets/pentschev/miniconda3/envs/gdf/bin/python(+0x131397) [0x55dfa8662397]
14  /datasets/pentschev/miniconda3/envs/gdf/bin/python(PyObject_Call+0x2d2) [0x55dfa866f172]
15  /datasets/pentschev/miniconda3/envs/gdf/bin/python(_PyEval_EvalFrameDefault+0x2150) [0x55dfa864e870]
16  /datasets/pentschev/miniconda3/envs/gdf/bin/python(_PyEval_EvalCodeWithName+0x9f6) [0x55dfa864bb76]
17  /datasets/pentschev/miniconda3/envs/gdf/bin/python(_PyFunction_Vectorcall+0x18c) [0x55dfa865d33c]
18  /datasets/pentschev/miniconda3/envs/gdf/bin/python(_PyEval_EvalFrameDefault+0x67d) [0x55dfa864cd9d]
19  /datasets/pentschev/miniconda3/envs/gdf/bin/python(_PyFunction_Vectorcall+0xf6) [0x55dfa865d2a6]
20  /datasets/pentschev/miniconda3/envs/gdf/bin/python(+0x13ba3b) [0x55dfa866ca3b]
21  /datasets/pentschev/miniconda3/envs/gdf/bin/python(+0x244c6a) [0x55dfa8775c6a]
22  /datasets/pentschev/miniconda3/envs/gdf/bin/python(+0xda441) [0x55dfa860b441]
23  /datasets/pentschev/miniconda3/envs/gdf/bin/python(+0x1230c6) [0x55dfa86540c6]
24  /datasets/pentschev/miniconda3/envs/gdf/bin/python(PyVectorcall_Call+0x6f) [0x55dfa866d0bf]
25  /datasets/pentschev/miniconda3/envs/gdf/bin/python(_PyEval_EvalFrameDefault+0x560e) [0x55dfa8651d2e]
26  /datasets/pentschev/miniconda3/envs/gdf/bin/python(_PyFunction_Vectorcall+0xf6) [0x55dfa865d2a6]
27  /datasets/pentschev/miniconda3/envs/gdf/bin/python(_PyEval_EvalFrameDefault+0x67d) [0x55dfa864cd9d]
28  /datasets/pentschev/miniconda3/envs/gdf/bin/python(_PyFunction_Vectorcall+0xf6) [0x55dfa865d2a6]
29  /datasets/pentschev/miniconda3/envs/gdf/bin/python(_PyEval_EvalFrameDefault+0x67d) [0x55dfa864cd9d]
30  /datasets/pentschev/miniconda3/envs/gdf/bin/python(_PyFunction_Vectorcall+0xf6) [0x55dfa865d2a6]
31  /datasets/pentschev/miniconda3/envs/gdf/bin/python(_PyEval_EvalFrameDefault+0x67d) [0x55dfa864cd9d]
32  /datasets/pentschev/miniconda3/envs/gdf/bin/python(_PyFunction_Vectorcall+0xf6) [0x55dfa865d2a6]
33  /datasets/pentschev/miniconda3/envs/gdf/bin/python(_PyEval_EvalFrameDefault+0x67d) [0x55dfa864cd9d]
34  /datasets/pentschev/miniconda3/envs/gdf/bin/python(_PyEval_EvalCodeWithName+0x9f6) [0x55dfa864bb76]
35  /datasets/pentschev/miniconda3/envs/gdf/bin/python(_PyFunction_Vectorcall+0x18c) [0x55dfa865d33c]
36  /datasets/pentschev/miniconda3/envs/gdf/bin/python(_PyEval_EvalFrameDefault+0x67d) [0x55dfa864cd9d]
37  /datasets/pentschev/miniconda3/envs/gdf/bin/python(_PyEval_EvalCodeWithName+0x9f6) [0x55dfa864bb76]
38  /datasets/pentschev/miniconda3/envs/gdf/bin/python(_PyFunction_Vectorcall+0x18c) [0x55dfa865d33c]
39  /datasets/pentschev/miniconda3/envs/gdf/bin/python(+0x13bc72) [0x55dfa866cc72]
40  /datasets/pentschev/miniconda3/envs/gdf/bin/python(PyObject_Call+0x1fc) [0x55dfa866f09c]
41  /datasets/pentschev/miniconda3/envs/gdf/bin/python(_PyEval_EvalFrameDefault+0x2150) [0x55dfa864e870]
42  /datasets/pentschev/miniconda3/envs/gdf/bin/python(_PyFunction_Vectorcall+0xf6) [0x55dfa865d2a6]
43  /datasets/pentschev/miniconda3/envs/gdf/bin/python(+0x13bc72) [0x55dfa866cc72]
44  /datasets/pentschev/miniconda3/envs/gdf/bin/python(PyObject_Call+0x2d2) [0x55dfa866f172]
45  /datasets/pentschev/miniconda3/envs/gdf/bin/python(_PyEval_EvalFrameDefault+0x2150) [0x55dfa864e870]
46  /datasets/pentschev/miniconda3/envs/gdf/bin/python(_PyFunction_Vectorcall+0xf6) [0x55dfa865d2a6]
47  /datasets/pentschev/miniconda3/envs/gdf/bin/python(_PyEval_EvalFrameDefault+0x67d) [0x55dfa864cd9d]
48  /datasets/pentschev/miniconda3/envs/gdf/bin/python(_PyEval_EvalCodeWithName+0x2e1) [0x55dfa864b461]
49  /datasets/pentschev/miniconda3/envs/gdf/bin/python(_PyFunction_Vectorcall+0x18c) [0x55dfa865d33c]
50  /datasets/pentschev/miniconda3/envs/gdf/bin/python(_PyEval_EvalFrameDefault+0x67d) [0x55dfa864cd9d]
51  /datasets/pentschev/miniconda3/envs/gdf/bin/python(_PyFunction_Vectorcall+0xf6) [0x55dfa865d2a6]
52  /datasets/pentschev/miniconda3/envs/gdf/bin/python(_PyEval_EvalFrameDefault+0x38b) [0x55dfa864caab]
53  /datasets/pentschev/miniconda3/envs/gdf/bin/python(_PyEval_EvalCodeWithName+0x2e1) [0x55dfa864b461]
54  /datasets/pentschev/miniconda3/envs/gdf/bin/python(_PyFunction_Vectorcall+0x18c) [0x55dfa865d33c]
55  /datasets/pentschev/miniconda3/envs/gdf/bin/python(_PyEval_EvalFrameDefault+0x10e8) [0x55dfa864d808]
56  /datasets/pentschev/miniconda3/envs/gdf/bin/python(_PyEval_EvalCodeWithName+0x2e1) [0x55dfa864b461]
57  /datasets/pentschev/miniconda3/envs/gdf/bin/python(PyEval_EvalCodeEx+0x39) [0x55dfa870ade9]
58  /datasets/pentschev/miniconda3/envs/gdf/bin/python(PyEval_EvalCode+0x1b) [0x55dfa870adab]
59  /datasets/pentschev/miniconda3/envs/gdf/bin/python(+0x1fa903) [0x55dfa872b903]
60  /datasets/pentschev/miniconda3/envs/gdf/bin/python(+0x1f98e3) [0x55dfa872a8e3]
61  /datasets/pentschev/miniconda3/envs/gdf/bin/python(PyRun_StringFlags+0x7d) [0x55dfa87282ad]
=================================
[dgx13:28219:0:28219] Caught signal 11 (Segmentation fault: Sent by the kernel at address (nil))
==== backtrace (tid:  28219) ====
 0  /datasets/pentschev/miniconda3/envs/gdf/lib/libucs.so.0(ucs_handle_error+0x2d4) [0x7fd7e816c1e4]
 1  /datasets/pentschev/miniconda3/envs/gdf/lib/libucs.so.0(+0x2e3bf) [0x7fd7e816c3bf]
 2  /datasets/pentschev/miniconda3/envs/gdf/lib/libucs.so.0(+0x2e6e4) [0x7fd7e816c6e4]
 3  /lib/x86_64-linux-gnu/libpthread.so.0(+0x12980) [0x7fd886eda980]
 4  /datasets/pentschev/miniconda3/envs/gdf/lib/libucp.so.0(ucp_mem_type_unpack+0x14) [0x7fd7e83ef964]
 5  /datasets/pentschev/miniconda3/envs/gdf/lib/libucp.so.0(ucp_rndv_data_handler+0x508) [0x7fd7e84204f8]
 6  /datasets/pentschev/miniconda3/envs/gdf/lib/libuct.so.0(+0x207bf) [0x7fd7e1de37bf]
 7  /datasets/pentschev/miniconda3/envs/gdf/lib/libuct.so.0(+0x20d94) [0x7fd7e1de3d94]
 8  /datasets/pentschev/miniconda3/envs/gdf/lib/libuct.so.0(+0x231e8) [0x7fd7e1de61e8]
 9  /datasets/pentschev/miniconda3/envs/gdf/lib/libucs.so.0(ucs_event_set_wait+0xb9) [0x7fd7e81768b9]
10  /datasets/pentschev/miniconda3/envs/gdf/lib/libuct.so.0(uct_tcp_iface_progress+0x7b) [0x7fd7e1de628b]
11  /datasets/pentschev/miniconda3/envs/gdf/lib/libucp.so.0(ucp_worker_progress+0x6a) [0x7fd7e83ec24a]
12  /datasets/pentschev/miniconda3/envs/gdf/lib/python3.8/site-packages/ucp/_libs/ucx_api.cpython-38-x86_64-linux-gnu.so(+0x27ef9) [0x7fd7e86a8ef9]
13  /datasets/pentschev/miniconda3/envs/gdf/bin/python(+0x131397) [0x556d734f7397]
14  /datasets/pentschev/miniconda3/envs/gdf/bin/python(PyObject_Call+0x2d2) [0x556d73504172]
15  /datasets/pentschev/miniconda3/envs/gdf/bin/python(_PyEval_EvalFrameDefault+0x2150) [0x556d734e3870]
16  /datasets/pentschev/miniconda3/envs/gdf/bin/python(_PyEval_EvalCodeWithName+0x9f6) [0x556d734e0b76]
17  /datasets/pentschev/miniconda3/envs/gdf/bin/python(_PyFunction_Vectorcall+0x18c) [0x556d734f233c]
18  /datasets/pentschev/miniconda3/envs/gdf/bin/python(_PyEval_EvalFrameDefault+0x67d) [0x556d734e1d9d]
19  /datasets/pentschev/miniconda3/envs/gdf/bin/python(+0x143ad0) [0x556d73509ad0]
20  /datasets/pentschev/miniconda3/envs/gdf/lib/python3.8/lib-dynload/_asyncio.cpython-38-x86_64-linux-gnu.so(+0x700d) [0x7fd876e0100d]
21  /datasets/pentschev/miniconda3/envs/gdf/bin/python(_PyObject_MakeTpCall+0x501) [0x556d734ea631]
22  /datasets/pentschev/miniconda3/envs/gdf/bin/python(+0xda441) [0x556d734a0441]
23  /datasets/pentschev/miniconda3/envs/gdf/bin/python(+0x1230c6) [0x556d734e90c6]
24  /datasets/pentschev/miniconda3/envs/gdf/bin/python(PyVectorcall_Call+0x6f) [0x556d735020bf]
25  /datasets/pentschev/miniconda3/envs/gdf/bin/python(_PyEval_EvalFrameDefault+0x560e) [0x556d734e6d2e]
26  /datasets/pentschev/miniconda3/envs/gdf/bin/python(_PyFunction_Vectorcall+0xf6) [0x556d734f22a6]
27  /datasets/pentschev/miniconda3/envs/gdf/bin/python(_PyEval_EvalFrameDefault+0x67d) [0x556d734e1d9d]
28  /datasets/pentschev/miniconda3/envs/gdf/bin/python(_PyFunction_Vectorcall+0xf6) [0x556d734f22a6]
29  /datasets/pentschev/miniconda3/envs/gdf/bin/python(_PyEval_EvalFrameDefault+0x67d) [0x556d734e1d9d]
30  /datasets/pentschev/miniconda3/envs/gdf/bin/python(_PyFunction_Vectorcall+0xf6) [0x556d734f22a6]
31  /datasets/pentschev/miniconda3/envs/gdf/bin/python(_PyEval_EvalFrameDefault+0x67d) [0x556d734e1d9d]
32  /datasets/pentschev/miniconda3/envs/gdf/bin/python(_PyFunction_Vectorcall+0xf6) [0x556d734f22a6]
33  /datasets/pentschev/miniconda3/envs/gdf/bin/python(_PyEval_EvalFrameDefault+0x67d) [0x556d734e1d9d]
34  /datasets/pentschev/miniconda3/envs/gdf/bin/python(_PyEval_EvalCodeWithName+0x9f6) [0x556d734e0b76]
35  /datasets/pentschev/miniconda3/envs/gdf/bin/python(_PyFunction_Vectorcall+0x18c) [0x556d734f233c]
36  /datasets/pentschev/miniconda3/envs/gdf/bin/python(_PyEval_EvalFrameDefault+0x67d) [0x556d734e1d9d]
37  /datasets/pentschev/miniconda3/envs/gdf/bin/python(_PyEval_EvalCodeWithName+0x9f6) [0x556d734e0b76]
38  /datasets/pentschev/miniconda3/envs/gdf/bin/python(_PyFunction_Vectorcall+0x18c) [0x556d734f233c]
39  /datasets/pentschev/miniconda3/envs/gdf/bin/python(+0x13bc72) [0x556d73501c72]
40  /datasets/pentschev/miniconda3/envs/gdf/bin/python(PyObject_Call+0x1fc) [0x556d7350409c]
41  /datasets/pentschev/miniconda3/envs/gdf/bin/python(_PyEval_EvalFrameDefault+0x2150) [0x556d734e3870]
42  /datasets/pentschev/miniconda3/envs/gdf/bin/python(_PyFunction_Vectorcall+0xf6) [0x556d734f22a6]
43  /datasets/pentschev/miniconda3/envs/gdf/bin/python(+0x13bc72) [0x556d73501c72]
44  /datasets/pentschev/miniconda3/envs/gdf/bin/python(PyObject_Call+0x2d2) [0x556d73504172]
45  /datasets/pentschev/miniconda3/envs/gdf/bin/python(_PyEval_EvalFrameDefault+0x2150) [0x556d734e3870]
46  /datasets/pentschev/miniconda3/envs/gdf/bin/python(_PyFunction_Vectorcall+0xf6) [0x556d734f22a6]
47  /datasets/pentschev/miniconda3/envs/gdf/bin/python(_PyEval_EvalFrameDefault+0x67d) [0x556d734e1d9d]
48  /datasets/pentschev/miniconda3/envs/gdf/bin/python(_PyEval_EvalCodeWithName+0x2e1) [0x556d734e0461]
49  /datasets/pentschev/miniconda3/envs/gdf/bin/python(_PyFunction_Vectorcall+0x18c) [0x556d734f233c]
50  /datasets/pentschev/miniconda3/envs/gdf/bin/python(_PyEval_EvalFrameDefault+0x67d) [0x556d734e1d9d]
51  /datasets/pentschev/miniconda3/envs/gdf/bin/python(_PyFunction_Vectorcall+0xf6) [0x556d734f22a6]
52  /datasets/pentschev/miniconda3/envs/gdf/bin/python(_PyEval_EvalFrameDefault+0x38b) [0x556d734e1aab]
53  /datasets/pentschev/miniconda3/envs/gdf/bin/python(_PyEval_EvalCodeWithName+0x2e1) [0x556d734e0461]
54  /datasets/pentschev/miniconda3/envs/gdf/bin/python(_PyFunction_Vectorcall+0x18c) [0x556d734f233c]
55  /datasets/pentschev/miniconda3/envs/gdf/bin/python(_PyEval_EvalFrameDefault+0x10e8) [0x556d734e2808]
56  /datasets/pentschev/miniconda3/envs/gdf/bin/python(_PyEval_EvalCodeWithName+0x2e1) [0x556d734e0461]
57  /datasets/pentschev/miniconda3/envs/gdf/bin/python(PyEval_EvalCodeEx+0x39) [0x556d7359fde9]
58  /datasets/pentschev/miniconda3/envs/gdf/bin/python(PyEval_EvalCode+0x1b) [0x556d7359fdab]
59  /datasets/pentschev/miniconda3/envs/gdf/bin/python(+0x1fa903) [0x556d735c0903]
60  /datasets/pentschev/miniconda3/envs/gdf/bin/python(+0x1f98e3) [0x556d735bf8e3]
61  /datasets/pentschev/miniconda3/envs/gdf/bin/python(PyRun_StringFlags+0x7d) [0x556d735bd2ad]
=================================
2022-11-05 00:54:06,501 - distributed.worker - ERROR - failed during get data with ucx://127.0.0.1:50759 -> ucx://127.0.0.1:50849
Traceback (most recent call last):
  File "/datasets/pentschev/miniconda3/envs/gdf/lib/python3.8/site-packages/distributed/comm/ucx.py", line 317, in write
    await self.ep.send(each_frame)
  File "/datasets/pentschev/miniconda3/envs/gdf/lib/python3.8/site-packages/ucp/core.py", line 650, in send
    return await comm.tag_send(self._ep, buffer, nbytes, tag, name=log)
ucp._libs.exceptions.UCXError: <[Send #007] ep: 0x7f5d8d181100, tag: 0xf0c3d5dfd3bf69c1, nbytes: 800000000, type: <class 'cudf.core.buffer.buffer.Buffer'>>: Connection reset by remote peer

During handling of the above exception, another exception occurred:

Traceback (most recent call last):
  File "/datasets/pentschev/miniconda3/envs/gdf/lib/python3.8/site-packages/distributed/worker.py", line 1757, in get_data
    compressed = await comm.write(msg, serializers=serializers)
  File "/datasets/pentschev/miniconda3/envs/gdf/lib/python3.8/site-packages/distributed/utils.py", line 742, in wrapper
    return await func(*args, **kwargs)
  File "/datasets/pentschev/miniconda3/envs/gdf/lib/python3.8/site-packages/distributed/comm/ucx.py", line 321, in write
    raise CommClosedError("While writing, the connection was closed")
distributed.comm.core.CommClosedError: While writing, the connection was closed
2022-11-05 00:54:06,540 - distributed.worker - ERROR - failed during get data with ucx://127.0.0.1:47195 -> ucx://127.0.0.1:40367
Traceback (most recent call last):
  File "/datasets/pentschev/miniconda3/envs/gdf/lib/python3.8/site-packages/distributed/comm/ucx.py", line 317, in write
    await self.ep.send(each_frame)
  File "/datasets/pentschev/miniconda3/envs/gdf/lib/python3.8/site-packages/ucp/core.py", line 650, in send
    return await comm.tag_send(self._ep, buffer, nbytes, tag, name=log)
ucp._libs.exceptions.UCXError: <[Send #007] ep: 0x7fca5009e140, tag: 0x26c8b5799e0c89c0, nbytes: 800000000, type: <class 'cudf.core.buffer.buffer.Buffer'>>: Connection reset by remote peer

During handling of the above exception, another exception occurred:

Traceback (most recent call last):
  File "/datasets/pentschev/miniconda3/envs/gdf/lib/python3.8/site-packages/distributed/worker.py", line 1757, in get_data
    compressed = await comm.write(msg, serializers=serializers)
  File "/datasets/pentschev/miniconda3/envs/gdf/lib/python3.8/site-packages/distributed/utils.py", line 742, in wrapper
    return await func(*args, **kwargs)
  File "/datasets/pentschev/miniconda3/envs/gdf/lib/python3.8/site-packages/distributed/comm/ucx.py", line 321, in write
    raise CommClosedError("While writing, the connection was closed")
distributed.comm.core.CommClosedError: While writing, the connection was closed
2022-11-05 00:54:06,571 - distributed.nanny - WARNING - Restarting worker
2022-11-05 00:54:06,642 - distributed.nanny - WARNING - Restarting worker
2022-11-05 00:54:08,223 - distributed.preloading - INFO - Creating preload: dask_cuda.initialize
2022-11-05 00:54:08,224 - distributed.preloading - INFO - Import preload module: dask_cuda.initialize
2022-11-05 00:54:08,367 - distributed.preloading - INFO - Creating preload: dask_cuda.initialize
2022-11-05 00:54:08,367 - distributed.preloading - INFO - Import preload module: dask_cuda.initialize
2022-11-05 00:54:08,462 - distributed.preloading - INFO - Creating preload: dask_cuda.initialize
2022-11-05 00:54:08,462 - distributed.preloading - INFO - Import preload module: dask_cuda.initialize
/datasets/pentschev/miniconda3/envs/gdf/lib/python3.8/multiprocessing/resource_tracker.py:216: UserWarning: resource_tracker: There appear to be 48 leaked semaphore objects to clean up at shutdown
  warnings.warn('resource_tracker: There appear to be %d '
