[dgx13:84401:0:84401] Caught signal 11 (Segmentation fault: address not mapped to object at address 0x448)
==== backtrace (tid:  84401) ====
 0  /opt/conda/envs/gdf/lib/libucs.so.0(ucs_handle_error+0x2fd) [0x7f6304037f1d]
 1  /opt/conda/envs/gdf/lib/libucs.so.0(+0x29114) [0x7f6304038114]
 2  /opt/conda/envs/gdf/lib/libucs.so.0(+0x292da) [0x7f63040382da]
 3  /usr/lib/x86_64-linux-gnu/libpthread.so.0(+0x14420) [0x7f6396994420]
 4  /opt/conda/envs/gdf/lib/libucp.so.0(ucp_mem_type_unpack+0x14) [0x7f62f13695d4]
 5  /opt/conda/envs/gdf/lib/libucp.so.0(ucp_rndv_data_handler+0x4e9) [0x7f62f138e859]
 6  /opt/conda/envs/gdf/lib/libuct.so.0(+0x2042f) [0x7f62f130742f]
 7  /opt/conda/envs/gdf/lib/libuct.so.0(+0x23798) [0x7f62f130a798]
 8  /opt/conda/envs/gdf/lib/libucs.so.0(ucs_event_set_wait+0xb9) [0x7f6304040989]
 9  /opt/conda/envs/gdf/lib/libuct.so.0(uct_tcp_iface_progress+0x7d) [0x7f62f130962d]
10  /opt/conda/envs/gdf/lib/libucp.so.0(ucp_worker_progress+0x5a) [0x7f62f1366c4a]
11  /opt/conda/envs/gdf/lib/python3.9/site-packages/ucp/_libs/ucx_api.cpython-39-x86_64-linux-gnu.so(+0x3206a) [0x7f62f141806a]
12  /opt/conda/envs/gdf/bin/python(_PyEval_EvalFrameDefault+0x37cb) [0x564ca7f776fb]
13  /opt/conda/envs/gdf/bin/python(+0x12f094) [0x564ca7f73094]
14  /opt/conda/envs/gdf/bin/python(_PyFunction_Vectorcall+0xd9) [0x564ca7f84519]
15  /opt/conda/envs/gdf/bin/python(_PyEval_EvalFrameDefault+0x696) [0x564ca7f745c6]
16  /opt/conda/envs/gdf/bin/python(+0x1407c2) [0x564ca7f847c2]
17  /opt/conda/envs/gdf/bin/python(+0x14de83) [0x564ca7f91e83]
18  /opt/conda/envs/gdf/bin/python(+0x258b2c) [0x564ca809cb2c]
19  /opt/conda/envs/gdf/bin/python(+0xead05) [0x564ca7f2ed05]
20  /opt/conda/envs/gdf/bin/python(+0x1377f3) [0x564ca7f7b7f3]
21  /opt/conda/envs/gdf/bin/python(_PyEval_EvalFrameDefault+0x59f9) [0x564ca7f79929]
22  /opt/conda/envs/gdf/bin/python(+0x1407c2) [0x564ca7f847c2]
23  /opt/conda/envs/gdf/bin/python(_PyEval_EvalFrameDefault+0x696) [0x564ca7f745c6]
24  /opt/conda/envs/gdf/bin/python(+0x1407c2) [0x564ca7f847c2]
25  /opt/conda/envs/gdf/bin/python(_PyEval_EvalFrameDefault+0x696) [0x564ca7f745c6]
26  /opt/conda/envs/gdf/bin/python(+0x1407c2) [0x564ca7f847c2]
27  /opt/conda/envs/gdf/bin/python(_PyEval_EvalFrameDefault+0x696) [0x564ca7f745c6]
28  /opt/conda/envs/gdf/bin/python(+0x1407c2) [0x564ca7f847c2]
29  /opt/conda/envs/gdf/bin/python(_PyEval_EvalFrameDefault+0x696) [0x564ca7f745c6]
30  /opt/conda/envs/gdf/bin/python(+0x12f094) [0x564ca7f73094]
31  /opt/conda/envs/gdf/bin/python(_PyFunction_Vectorcall+0xd9) [0x564ca7f84519]
32  /opt/conda/envs/gdf/bin/python(_PyEval_EvalFrameDefault+0x11f8) [0x564ca7f75128]
33  /opt/conda/envs/gdf/bin/python(+0x12f094) [0x564ca7f73094]
34  /opt/conda/envs/gdf/bin/python(+0x14dccb) [0x564ca7f91ccb]
35  /opt/conda/envs/gdf/bin/python(PyObject_Call+0xbc) [0x564ca7f9244c]
36  /opt/conda/envs/gdf/bin/python(+0x21110e) [0x564ca805510e]
37  /opt/conda/envs/gdf/bin/python(_PyObject_MakeTpCall+0x2ec) [0x564ca7f7c77c]
38  /opt/conda/envs/gdf/bin/python(_PyEval_EvalFrameDefault+0x37cb) [0x564ca7f776fb]
39  /opt/conda/envs/gdf/bin/python(+0x1407c2) [0x564ca7f847c2]
40  /opt/conda/envs/gdf/bin/python(+0x14ddac) [0x564ca7f91dac]
41  /opt/conda/envs/gdf/bin/python(_PyEval_EvalFrameDefault+0x37cb) [0x564ca7f776fb]
42  /opt/conda/envs/gdf/bin/python(+0x1407c2) [0x564ca7f847c2]
43  /opt/conda/envs/gdf/bin/python(_PyEval_EvalFrameDefault+0x696) [0x564ca7f745c6]
44  /opt/conda/envs/gdf/bin/python(+0x12f094) [0x564ca7f73094]
45  /opt/conda/envs/gdf/bin/python(_PyFunction_Vectorcall+0xd9) [0x564ca7f84519]
46  /opt/conda/envs/gdf/bin/python(_PyEval_EvalFrameDefault+0x696) [0x564ca7f745c6]
47  /opt/conda/envs/gdf/bin/python(+0x1407c2) [0x564ca7f847c2]
48  /opt/conda/envs/gdf/bin/python(_PyEval_EvalFrameDefault+0x3e2) [0x564ca7f74312]
49  /opt/conda/envs/gdf/bin/python(+0x12f094) [0x564ca7f73094]
50  /opt/conda/envs/gdf/bin/python(_PyFunction_Vectorcall+0xd9) [0x564ca7f84519]
51  /opt/conda/envs/gdf/bin/python(_PyEval_EvalFrameDefault+0x11f8) [0x564ca7f75128]
52  /opt/conda/envs/gdf/bin/python(+0x12f094) [0x564ca7f73094]
53  /opt/conda/envs/gdf/bin/python(_PyEval_EvalCodeWithName+0x48) [0x564ca7f72d68]
54  /opt/conda/envs/gdf/bin/python(PyEval_EvalCodeEx+0x39) [0x564ca7f72d19]
55  /opt/conda/envs/gdf/bin/python(PyEval_EvalCode+0x1b) [0x564ca802007b]
56  /opt/conda/envs/gdf/bin/python(+0x208fca) [0x564ca804cfca]
57  /opt/conda/envs/gdf/bin/python(+0x205353) [0x564ca8049353]
58  /opt/conda/envs/gdf/bin/python(PyRun_StringFlags+0x9a) [0x564ca804116a]
59  /opt/conda/envs/gdf/bin/python(PyRun_SimpleStringFlags+0x3c) [0x564ca804105c]
60  /opt/conda/envs/gdf/bin/python(Py_RunMain+0x267) [0x564ca8040297]
61  /opt/conda/envs/gdf/bin/python(Py_BytesMain+0x37) [0x564ca8013f07]
=================================
2023-12-15 07:26:02,495 - distributed.worker - ERROR - failed during get data with ucx://127.0.0.1:38613 -> ucx://127.0.0.1:43107
Traceback (most recent call last):
  File "/opt/conda/envs/gdf/lib/python3.9/site-packages/distributed/comm/ucx.py", line 338, in write
    await self.ep.send(each_frame)
  File "/opt/conda/envs/gdf/lib/python3.9/site-packages/ucp/core.py", line 650, in send
    return await comm.tag_send(self._ep, buffer, nbytes, tag, name=log)
ucp._libs.exceptions.UCXError: <[Send #007] ep: 0x7f7bc41d0100, tag: 0xb039ed113b2ba735, nbytes: 800000000, type: <class 'cudf.core.buffer.buffer.Buffer'>>: Connection reset by remote peer

During handling of the above exception, another exception occurred:

Traceback (most recent call last):
  File "/opt/conda/envs/gdf/lib/python3.9/site-packages/distributed/worker.py", line 1782, in get_data
    compressed = await comm.write(msg, serializers=serializers)
  File "/opt/conda/envs/gdf/lib/python3.9/site-packages/distributed/utils.py", line 803, in wrapper
    return await func(*args, **kwargs)
  File "/opt/conda/envs/gdf/lib/python3.9/site-packages/distributed/comm/ucx.py", line 342, in write
    raise CommClosedError("While writing, the connection was closed")
distributed.comm.core.CommClosedError: While writing, the connection was closed
Task exception was never retrieved
future: <Task finished name='Task-789' coro=<_listener_handler_coroutine() done, defined at /opt/conda/envs/gdf/lib/python3.9/site-packages/ucp/core.py:128> exception=UCXError('<stream_send>: Connection reset by remote peer')>
Traceback (most recent call last):
  File "/opt/conda/envs/gdf/lib/python3.9/site-packages/ucp/core.py", line 143, in _listener_handler_coroutine
    peer_info = await exchange_peer_info(
  File "/opt/conda/envs/gdf/lib/python3.9/site-packages/ucp/core.py", line 51, in exchange_peer_info
    await comm.stream_send(endpoint, my_info_arr, my_info_arr.nbytes)
ucp._libs.exceptions.UCXError: <stream_send>: Connection reset by remote peer
Task exception was never retrieved
future: <Task finished name='Task-793' coro=<_listener_handler_coroutine() done, defined at /opt/conda/envs/gdf/lib/python3.9/site-packages/ucp/core.py:128> exception=UCXError('<stream_send>: Connection reset by remote peer')>
Traceback (most recent call last):
  File "/opt/conda/envs/gdf/lib/python3.9/site-packages/ucp/core.py", line 143, in _listener_handler_coroutine
    peer_info = await exchange_peer_info(
  File "/opt/conda/envs/gdf/lib/python3.9/site-packages/ucp/core.py", line 51, in exchange_peer_info
    await comm.stream_send(endpoint, my_info_arr, my_info_arr.nbytes)
ucp._libs.exceptions.UCXError: <stream_send>: Connection reset by remote peer
2023-12-15 07:26:04,487 - distributed.nanny - WARNING - Restarting worker
/opt/conda/envs/gdf/lib/python3.9/multiprocessing/resource_tracker.py:216: UserWarning: resource_tracker: There appear to be 48 leaked semaphore objects to clean up at shutdown
  warnings.warn('resource_tracker: There appear to be %d '
